-- The C compiler identification is GNU 13.3.0
-- The CXX compiler identification is GNU 13.3.0
-- Detecting C compiler ABI info
-- Detecting C compiler ABI info - done
-- Check for working C compiler: /usr/bin/cc - skipped
-- Detecting C compile features
-- Detecting C compile features - done
-- Detecting CXX compiler ABI info
-- Detecting CXX compiler ABI info - done
-- Check for working CXX compiler: /usr/bin/c++ - skipped
-- Detecting CXX compile features
-- Detecting CXX compile features - done
-- Found ament_cmake: 2.5.6 (/opt/ros/jazzy/share/ament_cmake/cmake)
-- Found Python3: /usr/bin/python3 (found version "3.12.3") found components: Interpreter 
-- Found rclcpp: 28.1.18 (/opt/ros/jazzy/share/rclcpp/cmake)
-- Found rosidl_generator_c: 4.6.7 (/opt/ros/jazzy/share/rosidl_generator_c/cmake)
-- Found rosidl_generator_cpp: 4.6.7 (/opt/ros/jazzy/share/rosidl_generator_cpp/cmake)
-- Using all available rosidl_typesupport_c: rosidl_typesupport_fastrtps_c;rosidl_typesupport_introspection_c
-- Using all available rosidl_typesupport_cpp: rosidl_typesupport_fastrtps_cpp;rosidl_typesupport_introspection_cpp
-- Found rmw_implementation_cmake: 7.3.3 (/opt/ros/jazzy/share/rmw_implementation_cmake/cmake)
-- Found rmw_zenoh_cpp: 0.2.9 (/opt/ros/jazzy/share/rmw_zenoh_cpp/cmake)
-- Using RMW implementation 'rmw_zenoh_cpp' as default
-- Found std_msgs: 5.3.7 (/opt/ros/jazzy/share/std_msgs/cmake)
-- Found hardware_interface: 4.44.0 (/opt/ros/jazzy/share/hardware_interface/cmake)
-- Found TinyXML2 via Config file: /usr/lib/aarch64-linux-gnu/cmake/tinyxml2
-- Found PkgConfig: /usr/bin/pkg-config (found version "1.8.1") 
-- Checking for module 'libserial'
--   Found libserial, version 1.0.0
-- Configuring done (4.8s)
-- Generating done (0.1s)
-- Build files have been written to: /home/terra/newtest/rmit_ros2_ws/build/rmitbot_firmware
[ 50%] [32mBuilding CXX object CMakeFiles/rmitbot_firmware.dir/src/rmitbot_interface.cpp.o[0m
[01m[K/home/terra/newtest/rmit_ros2_ws/src/rmitbot_firmware/src/rmitbot_interface.cpp:[m[K In member function ‘[01m[Kvirtual rmitbot_firmware::CallbackReturn rmitbot_firmware::RmitbotInterface::[01;32m[Kon_init[m[K(const hardware_interface::HardwareInfo&)[m[K’:
[01m[K/home/terra/newtest/rmit_ros2_ws/src/rmitbot_firmware/src/rmitbot_interface.cpp:21:71:[m[K [01;35m[Kwarning: [m[K‘[01m[Kvirtual rclcpp_lifecycle::node_interfaces::LifecycleNodeInterface::CallbackReturn hardware_interface::HardwareComponentInterface::[01;32m[Kon_init[m[K(const hardware_interface::HardwareInfo&)[m[K’ is deprecated: Use on_init(const HardwareComponentInterfaceParams & params) instead. [[01;35m[K]8;;https://gcc.gnu.org/onlinedocs/gcc/Warning-Options.html#index-Wdeprecated-declarations-Wdeprecated-declarations]8;;[m[K]
   21 |   CallbackReturn result = [01;35m[Khardware_interface::SystemInterface::on_init(hardware_info)[m[K;
      |                           [01;35m[K~~~~~~~~~~~~~~~~~~~~~~~~~~~~~~~~~~~~~~~~~~~~^~~~~~~~~~~~~~~[m[K
In file included from [01m[K/opt/ros/jazzy/include/hardware_interface/hardware_interface/system_interface.hpp:18[m[K,
                 from [01m[K/home/terra/newtest/rmit_ros2_ws/src/rmitbot_firmware/include/rmitbot_firmware/rmitbot_interface.hpp:7[m[K,
                 from [01m[K/home/terra/newtest/rmit_ros2_ws/src/rmitbot_firmware/src/rmitbot_interface.cpp:1[m[K:
[01m[K/opt/ros/jazzy/include/hardware_interface/hardware_interface/hardware_component_interface.hpp:140:26:[m[K [01;36m[Knote: [m[Kdeclared here
  140 |   virtual CallbackReturn [01;36m[Kon_init[m[K(const HardwareInfo & hardware_info);
      |                          [01;36m[K^~~~~~~[m[K
[100%] [32m[1mLinking CXX shared library librmitbot_firmware.so[0m
[100%] Built target rmitbot_firmware
-- Install configuration: ""
-- Installing: /home/terra/newtest/rmit_ros2_ws/install/rmitbot_firmware/share/rmitbot_firmware/rmitbot_interface.xml
-- Installing: /home/terra/newtest/rmit_ros2_ws/install/rmitbot_firmware/lib/librmitbot_firmware.so
-- Set non-toolchain portion of runtime path of "/home/terra/newtest/rmit_ros2_ws/install/rmitbot_firmware/lib/librmitbot_firmware.so" to ""
-- Installing: /home/terra/newtest/rmit_ros2_ws/install/rmitbot_firmware/include
-- Installing: /home/terra/newtest/rmit_ros2_ws/install/rmitbot_firmware/include/rmitbot_firmware
-- Installing: /home/terra/newtest/rmit_ros2_ws/install/rmitbot_firmware/include/rmitbot_firmware/rmitbot_interface.hpp
-- Installing: /home/terra/newtest/rmit_ros2_ws/install/rmitbot_firmware/share/rmitbot_firmware/environment/library_path.sh
-- Installing: /home/terra/newtest/rmit_ros2_ws/install/rmitbot_firmware/share/rmitbot_firmware/environment/library_path.dsv
-- Installing: /home/terra/newtest/rmit_ros2_ws/install/rmitbot_firmware/share/ament_index/resource_index/package_run_dependencies/rmitbot_firmware
-- Installing: /home/terra/newtest/rmit_ros2_ws/install/rmitbot_firmware/share/ament_index/resource_index/parent_prefix_path/rmitbot_firmware
-- Installing: /home/terra/newtest/rmit_ros2_ws/install/rmitbot_firmware/share/rmitbot_firmware/environment/ament_prefix_path.sh
-- Installing: /home/terra/newtest/rmit_ros2_ws/install/rmitbot_firmware/share/rmitbot_firmware/environment/ament_prefix_path.dsv
-- Installing: /home/terra/newtest/rmit_ros2_ws/install/rmitbot_firmware/share/rmitbot_firmware/environment/path.sh
-- Installing: /home/terra/newtest/rmit_ros2_ws/install/rmitbot_firmware/share/rmitbot_firmware/environment/path.dsv
-- Installing: /home/terra/newtest/rmit_ros2_ws/install/rmitbot_firmware/share/rmitbot_firmware/local_setup.bash
-- Installing: /home/terra/newtest/rmit_ros2_ws/install/rmitbot_firmware/share/rmitbot_firmware/local_setup.sh
-- Installing: /home/terra/newtest/rmit_ros2_ws/install/rmitbot_firmware/share/rmitbot_firmware/local_setup.zsh
-- Installing: /home/terra/newtest/rmit_ros2_ws/install/rmitbot_firmware/share/rmitbot_firmware/local_setup.dsv
-- Installing: /home/terra/newtest/rmit_ros2_ws/install/rmitbot_firmware/share/rmitbot_firmware/package.dsv
-- Installing: /home/terra/newtest/rmit_ros2_ws/install/rmitbot_firmware/share/ament_index/resource_index/packages/rmitbot_firmware
-- Installing: /home/terra/newtest/rmit_ros2_ws/install/rmitbot_firmware/share/ament_index/resource_index/hardware_interface__pluginlib__plugin/rmitbot_firmware
-- Installing: /home/terra/newtest/rmit_ros2_ws/install/rmitbot_firmware/share/rmitbot_firmware/cmake/ament_cmake_export_include_directories-extras.cmake
-- Installing: /home/terra/newtest/rmit_ros2_ws/install/rmitbot_firmware/share/rmitbot_firmware/cmake/ament_cmake_export_libraries-extras.cmake
-- Installing: /home/terra/newtest/rmit_ros2_ws/install/rmitbot_firmware/share/rmitbot_firmware/cmake/ament_cmake_export_dependencies-extras.cmake
-- Installing: /home/terra/newtest/rmit_ros2_ws/install/rmitbot_firmware/share/rmitbot_firmware/cmake/rmitbot_firmwareConfig.cmake
-- Installing: /home/terra/newtest/rmit_ros2_ws/install/rmitbot_firmware/share/rmitbot_firmware/cmake/rmitbot_firmwareConfig-version.cmake
-- Installing: /home/terra/newtest/rmit_ros2_ws/install/rmitbot_firmware/share/rmitbot_firmware/package.xml
