[0.060s] Invoking command in '/home/v120506/rmit_ros2_ws/build/rmitbot_controller': CMAKE_PREFIX_PATH=${CMAKE_PREFIX_PATH}:/opt/ros/jazzy DEBUGINFOD_URLS=https://debuginfod.ubuntu.com /usr/bin/cmake --build /home/v120506/rmit_ros2_ws/build/rmitbot_controller -- -j8 -l8
[0.159s] Invoked command in '/home/v120506/rmit_ros2_ws/build/rmitbot_controller' returned '0': CMAKE_PREFIX_PATH=${CMAKE_PREFIX_PATH}:/opt/ros/jazzy DEBUGINFOD_URLS=https://debuginfod.ubuntu.com /usr/bin/cmake --build /home/v120506/rmit_ros2_ws/build/rmitbot_controller -- -j8 -l8
[0.163s] Invoking command in '/home/v120506/rmit_ros2_ws/build/rmitbot_controller': CMAKE_PREFIX_PATH=${CMAKE_PREFIX_PATH}:/opt/ros/jazzy DEBUGINFOD_URLS=https://debuginfod.ubuntu.com /usr/bin/cmake --install /home/v120506/rmit_ros2_ws/build/rmitbot_controller
[0.202s] -- Install configuration: ""
[0.202s] -- Up-to-date: /home/v120506/rmit_ros2_ws/install/rmitbot_controller/share/rmitbot_controller/launch
[0.203s] -- Up-to-date: /home/v120506/rmit_ros2_ws/install/rmitbot_controller/share/rmitbot_controller/launch/controller.launch.py
[0.203s] -- Up-to-date: /home/v120506/rmit_ros2_ws/install/rmitbot_controller/share/rmitbot_controller/launch/teleopkeyboard.launch.py
[0.203s] -- Up-to-date: /home/v120506/rmit_ros2_ws/install/rmitbot_controller/share/rmitbot_controller/config
[0.203s] -- Up-to-date: /home/v120506/rmit_ros2_ws/install/rmitbot_controller/share/rmitbot_controller/config/rmitbot_controller.yaml
[0.203s] -- Up-to-date: /home/v120506/rmit_ros2_ws/install/rmitbot_controller/share/ament_index/resource_index/package_run_dependencies/rmitbot_controller
[0.203s] -- Up-to-date: /home/v120506/rmit_ros2_ws/install/rmitbot_controller/share/ament_index/resource_index/parent_prefix_path/rmitbot_controller
[0.203s] -- Up-to-date: /home/v120506/rmit_ros2_ws/install/rmitbot_controller/share/rmitbot_controller/environment/ament_prefix_path.sh
[0.204s] -- Up-to-date: /home/v120506/rmit_ros2_ws/install/rmitbot_controller/share/rmitbot_controller/environment/ament_prefix_path.dsv
[0.204s] -- Up-to-date: /home/v120506/rmit_ros2_ws/install/rmitbot_controller/share/rmitbot_controller/environment/path.sh
[0.204s] -- Up-to-date: /home/v120506/rmit_ros2_ws/install/rmitbot_controller/share/rmitbot_controller/environment/path.dsv
[0.204s] -- Up-to-date: /home/v120506/rmit_ros2_ws/install/rmitbot_controller/share/rmitbot_controller/local_setup.bash
[0.204s] -- Up-to-date: /home/v120506/rmit_ros2_ws/install/rmitbot_controller/share/rmitbot_controller/local_setup.sh
[0.204s] -- Up-to-date: /home/v120506/rmit_ros2_ws/install/rmitbot_controller/share/rmitbot_controller/local_setup.zsh
[0.204s] -- Up-to-date: /home/v120506/rmit_ros2_ws/install/rmitbot_controller/share/rmitbot_controller/local_setup.dsv
[0.204s] -- Installing: /home/v120506/rmit_ros2_ws/install/rmitbot_controller/share/rmitbot_controller/package.dsv
[0.204s] -- Up-to-date: /home/v120506/rmit_ros2_ws/install/rmitbot_controller/share/ament_index/resource_index/packages/rmitbot_controller
[0.204s] -- Up-to-date: /home/v120506/rmit_ros2_ws/install/rmitbot_controller/share/rmitbot_controller/cmake/rmitbot_controllerConfig.cmake
[0.205s] -- Up-to-date: /home/v120506/rmit_ros2_ws/install/rmitbot_controller/share/rmitbot_controller/cmake/rmitbot_controllerConfig-version.cmake
[0.205s] -- Up-to-date: /home/v120506/rmit_ros2_ws/install/rmitbot_controller/share/rmitbot_controller/package.xml
[0.261s] Invoked command in '/home/v120506/rmit_ros2_ws/build/rmitbot_controller' returned '0': CMAKE_PREFIX_PATH=${CMAKE_PREFIX_PATH}:/opt/ros/jazzy DEBUGINFOD_URLS=https://debuginfod.ubuntu.com /usr/bin/cmake --install /home/v120506/rmit_ros2_ws/build/rmitbot_controller
