[0.050s] Invoking command in '/home/v120506/rmit_ros2_ws/build/rmitbot_controller': CMAKE_PREFIX_PATH=${CMAKE_PREFIX_PATH}:/opt/ros/jazzy DEBUGINFOD_URLS=https://debuginfod.ubuntu.com /usr/bin/cmake /home/v120506/rmit_ros2_ws/src/rmitbot_controller -DCMAKE_INSTALL_PREFIX=/home/v120506/rmit_ros2_ws/install/rmitbot_controller
[0.163s] -- The C compiler identification is GNU 13.3.0
[0.264s] -- The CXX compiler identification is GNU 13.3.0
[0.297s] -- Detecting C compiler ABI info
[0.456s] -- Detecting C compiler ABI info - done
[0.475s] -- Check for working C compiler: /usr/bin/cc - skipped
[0.475s] -- Detecting C compile features
[0.475s] -- Detecting C compile features - done
[0.490s] -- Detecting CXX compiler ABI info
[0.716s] -- Detecting CXX compiler ABI info - done
[0.737s] -- Check for working CXX compiler: /usr/bin/c++ - skipped
[0.738s] -- Detecting CXX compile features
[0.738s] -- Detecting CXX compile features - done
[0.744s] -- Found ament_cmake: 2.5.5 (/opt/ros/jazzy/share/ament_cmake/cmake)
[1.044s] -- Found Python3: /usr/bin/python3 (found version "3.12.3") found components: Interpreter 
[1.458s] -- Configuring done (1.4s)
[1.463s] -- Generating done (0.0s)
[1.468s] -- Build files have been written to: /home/v120506/rmit_ros2_ws/build/rmitbot_controller
[1.483s] Invoked command in '/home/v120506/rmit_ros2_ws/build/rmitbot_controller' returned '0': CMAKE_PREFIX_PATH=${CMAKE_PREFIX_PATH}:/opt/ros/jazzy DEBUGINFOD_URLS=https://debuginfod.ubuntu.com /usr/bin/cmake /home/v120506/rmit_ros2_ws/src/rmitbot_controller -DCMAKE_INSTALL_PREFIX=/home/v120506/rmit_ros2_ws/install/rmitbot_controller
[1.483s] Invoking command in '/home/v120506/rmit_ros2_ws/build/rmitbot_controller': CMAKE_PREFIX_PATH=${CMAKE_PREFIX_PATH}:/opt/ros/jazzy DEBUGINFOD_URLS=https://debuginfod.ubuntu.com /usr/bin/cmake --build /home/v120506/rmit_ros2_ws/build/rmitbot_controller -- -j8 -l8
[1.553s] Invoked command in '/home/v120506/rmit_ros2_ws/build/rmitbot_controller' returned '0': CMAKE_PREFIX_PATH=${CMAKE_PREFIX_PATH}:/opt/ros/jazzy DEBUGINFOD_URLS=https://debuginfod.ubuntu.com /usr/bin/cmake --build /home/v120506/rmit_ros2_ws/build/rmitbot_controller -- -j8 -l8
[1.553s] Invoking command in '/home/v120506/rmit_ros2_ws/build/rmitbot_controller': CMAKE_PREFIX_PATH=${CMAKE_PREFIX_PATH}:/opt/ros/jazzy DEBUGINFOD_URLS=https://debuginfod.ubuntu.com /usr/bin/cmake --install /home/v120506/rmit_ros2_ws/build/rmitbot_controller
[1.577s] -- Install configuration: ""
[1.577s] -- Installing: /home/v120506/rmit_ros2_ws/install/rmitbot_controller/share/rmitbot_controller/launch
[1.578s] -- Installing: /home/v120506/rmit_ros2_ws/install/rmitbot_controller/share/rmitbot_controller/launch/controller.launch.py
[1.578s] -- Installing: /home/v120506/rmit_ros2_ws/install/rmitbot_controller/share/rmitbot_controller/launch/teleopkeyboard.launch.py
[1.578s] -- Installing: /home/v120506/rmit_ros2_ws/install/rmitbot_controller/share/rmitbot_controller/config
[1.578s] -- Installing: /home/v120506/rmit_ros2_ws/install/rmitbot_controller/share/rmitbot_controller/config/rmitbot_controller.yaml
[1.578s] -- Installing: /home/v120506/rmit_ros2_ws/install/rmitbot_controller/share/ament_index/resource_index/package_run_dependencies/rmitbot_controller
[1.578s] -- Installing: /home/v120506/rmit_ros2_ws/install/rmitbot_controller/share/ament_index/resource_index/parent_prefix_path/rmitbot_controller
[1.578s] -- Installing: /home/v120506/rmit_ros2_ws/install/rmitbot_controller/share/rmitbot_controller/environment/ament_prefix_path.sh
[1.578s] -- Installing: /home/v120506/rmit_ros2_ws/install/rmitbot_controller/share/rmitbot_controller/environment/ament_prefix_path.dsv
[1.578s] -- Installing: /home/v120506/rmit_ros2_ws/install/rmitbot_controller/share/rmitbot_controller/environment/path.sh
[1.579s] -- Installing: /home/v120506/rmit_ros2_ws/install/rmitbot_controller/share/rmitbot_controller/environment/path.dsv
[1.579s] -- Installing: /home/v120506/rmit_ros2_ws/install/rmitbot_controller/share/rmitbot_controller/local_setup.bash
[1.579s] -- Installing: /home/v120506/rmit_ros2_ws/install/rmitbot_controller/share/rmitbot_controller/local_setup.sh
[1.579s] -- Installing: /home/v120506/rmit_ros2_ws/install/rmitbot_controller/share/rmitbot_controller/local_setup.zsh
[1.579s] -- Installing: /home/v120506/rmit_ros2_ws/install/rmitbot_controller/share/rmitbot_controller/local_setup.dsv
[1.579s] -- Installing: /home/v120506/rmit_ros2_ws/install/rmitbot_controller/share/rmitbot_controller/package.dsv
[1.579s] -- Installing: /home/v120506/rmit_ros2_ws/install/rmitbot_controller/share/ament_index/resource_index/packages/rmitbot_controller
[1.579s] -- Installing: /home/v120506/rmit_ros2_ws/install/rmitbot_controller/share/rmitbot_controller/cmake/rmitbot_controllerConfig.cmake
[1.580s] -- Installing: /home/v120506/rmit_ros2_ws/install/rmitbot_controller/share/rmitbot_controller/cmake/rmitbot_controllerConfig-version.cmake
[1.580s] -- Installing: /home/v120506/rmit_ros2_ws/install/rmitbot_controller/share/rmitbot_controller/package.xml
[1.600s] Invoked command in '/home/v120506/rmit_ros2_ws/build/rmitbot_controller' returned '0': CMAKE_PREFIX_PATH=${CMAKE_PREFIX_PATH}:/opt/ros/jazzy DEBUGINFOD_URLS=https://debuginfod.ubuntu.com /usr/bin/cmake --install /home/v120506/rmit_ros2_ws/build/rmitbot_controller
