-- Install configuration: ""
-- Up-to-date: /home/v120506/rmit_ros2_ws/install/rmitbot_vision/share/rmitbot_vision/launch
-- Installing: /home/v120506/rmit_ros2_ws/install/rmitbot_vision/share/rmitbot_vision/launch/vision.launch.py
-- Up-to-date: /home/v120506/rmit_ros2_ws/install/rmitbot_vision/share/rmitbot_vision/launch/apriltag.launch.py
-- Up-to-date: /home/v120506/rmit_ros2_ws/install/rmitbot_vision/share/rmitbot_vision/config
-- Installing: /home/v120506/rmit_ros2_ws/install/rmitbot_vision/share/rmitbot_vision/config/camera_param.yaml
-- Up-to-date: /home/v120506/rmit_ros2_ws/install/rmitbot_vision/share/rmitbot_vision/config/apriltag_params.yaml
-- Up-to-date: /home/v120506/rmit_ros2_ws/install/rmitbot_vision/share/rmitbot_vision/config/calibrationdata.tar.gz
-- Up-to-date: /home/v120506/rmit_ros2_ws/install/rmitbot_vision/share/rmitbot_vision/config/ost.yaml
-- Installing: /home/v120506/rmit_ros2_ws/install/rmitbot_vision/share/rmitbot_vision/config/calibrationdatawebcam
-- Installing: /home/v120506/rmit_ros2_ws/install/rmitbot_vision/share/rmitbot_vision/config/calibrationdatawebcam/left-0026.png
-- Installing: /home/v120506/rmit_ros2_ws/install/rmitbot_vision/share/rmitbot_vision/config/calibrationdatawebcam/left-0029.png
-- Installing: /home/v120506/rmit_ros2_ws/install/rmitbot_vision/share/rmitbot_vision/config/calibrationdatawebcam/left-0014.png
-- Installing: /home/v120506/rmit_ros2_ws/install/rmitbot_vision/share/rmitbot_vision/config/calibrationdatawebcam/left-0031.png
-- Installing: /home/v120506/rmit_ros2_ws/install/rmitbot_vision/share/rmitbot_vision/config/calibrationdatawebcam/left-0016.png
-- Installing: /home/v120506/rmit_ros2_ws/install/rmitbot_vision/share/rmitbot_vision/config/calibrationdatawebcam/left-0021.png
-- Installing: /home/v120506/rmit_ros2_ws/install/rmitbot_vision/share/rmitbot_vision/config/calibrationdatawebcam/left-0034.png
-- Installing: /home/v120506/rmit_ros2_ws/install/rmitbot_vision/share/rmitbot_vision/config/calibrationdatawebcam/left-0040.png
-- Installing: /home/v120506/rmit_ros2_ws/install/rmitbot_vision/share/rmitbot_vision/config/calibrationdatawebcam/left-0035.png
-- Installing: /home/v120506/rmit_ros2_ws/install/rmitbot_vision/share/rmitbot_vision/config/calibrationdatawebcam/left-0013.png
-- Installing: /home/v120506/rmit_ros2_ws/install/rmitbot_vision/share/rmitbot_vision/config/calibrationdatawebcam/left-0009.png
-- Installing: /home/v120506/rmit_ros2_ws/install/rmitbot_vision/share/rmitbot_vision/config/calibrationdatawebcam/left-0036.png
-- Installing: /home/v120506/rmit_ros2_ws/install/rmitbot_vision/share/rmitbot_vision/config/calibrationdatawebcam/left-0004.png
-- Installing: /home/v120506/rmit_ros2_ws/install/rmitbot_vision/share/rmitbot_vision/config/calibrationdatawebcam/left-0020.png
-- Installing: /home/v120506/rmit_ros2_ws/install/rmitbot_vision/share/rmitbot_vision/config/calibrationdatawebcam/left-0042.png
-- Installing: /home/v120506/rmit_ros2_ws/install/rmitbot_vision/share/rmitbot_vision/config/calibrationdatawebcam/left-0010.png
-- Installing: /home/v120506/rmit_ros2_ws/install/rmitbot_vision/share/rmitbot_vision/config/calibrationdatawebcam/left-0007.png
-- Installing: /home/v120506/rmit_ros2_ws/install/rmitbot_vision/share/rmitbot_vision/config/calibrationdatawebcam/left-0041.png
-- Installing: /home/v120506/rmit_ros2_ws/install/rmitbot_vision/share/rmitbot_vision/config/calibrationdatawebcam/left-0002.png
-- Installing: /home/v120506/rmit_ros2_ws/install/rmitbot_vision/share/rmitbot_vision/config/calibrationdatawebcam/left-0044.png
-- Installing: /home/v120506/rmit_ros2_ws/install/rmitbot_vision/share/rmitbot_vision/config/calibrationdatawebcam/left-0022.png
-- Installing: /home/v120506/rmit_ros2_ws/install/rmitbot_vision/share/rmitbot_vision/config/calibrationdatawebcam/left-0043.png
-- Installing: /home/v120506/rmit_ros2_ws/install/rmitbot_vision/share/rmitbot_vision/config/calibrationdatawebcam/left-0027.png
-- Installing: /home/v120506/rmit_ros2_ws/install/rmitbot_vision/share/rmitbot_vision/config/calibrationdatawebcam/left-0000.png
-- Installing: /home/v120506/rmit_ros2_ws/install/rmitbot_vision/share/rmitbot_vision/config/calibrationdatawebcam/left-0024.png
-- Installing: /home/v120506/rmit_ros2_ws/install/rmitbot_vision/share/rmitbot_vision/config/calibrationdatawebcam/left-0015.png
-- Installing: /home/v120506/rmit_ros2_ws/install/rmitbot_vision/share/rmitbot_vision/config/calibrationdatawebcam/left-0001.png
-- Installing: /home/v120506/rmit_ros2_ws/install/rmitbot_vision/share/rmitbot_vision/config/calibrationdatawebcam/left-0019.png
-- Installing: /home/v120506/rmit_ros2_ws/install/rmitbot_vision/share/rmitbot_vision/config/calibrationdatawebcam/left-0017.png
-- Installing: /home/v120506/rmit_ros2_ws/install/rmitbot_vision/share/rmitbot_vision/config/calibrationdatawebcam/left-0037.png
-- Installing: /home/v120506/rmit_ros2_ws/install/rmitbot_vision/share/rmitbot_vision/config/calibrationdatawebcam/left-0018.png
-- Installing: /home/v120506/rmit_ros2_ws/install/rmitbot_vision/share/rmitbot_vision/config/calibrationdatawebcam/left-0032.png
-- Installing: /home/v120506/rmit_ros2_ws/install/rmitbot_vision/share/rmitbot_vision/config/calibrationdatawebcam/left-0008.png
-- Installing: /home/v120506/rmit_ros2_ws/install/rmitbot_vision/share/rmitbot_vision/config/calibrationdatawebcam/left-0003.png
-- Installing: /home/v120506/rmit_ros2_ws/install/rmitbot_vision/share/rmitbot_vision/config/calibrationdatawebcam/left-0025.png
-- Installing: /home/v120506/rmit_ros2_ws/install/rmitbot_vision/share/rmitbot_vision/config/calibrationdatawebcam/left-0028.png
-- Installing: /home/v120506/rmit_ros2_ws/install/rmitbot_vision/share/rmitbot_vision/config/calibrationdatawebcam/left-0033.png
-- Installing: /home/v120506/rmit_ros2_ws/install/rmitbot_vision/share/rmitbot_vision/config/calibrationdatawebcam/left-0039.png
-- Installing: /home/v120506/rmit_ros2_ws/install/rmitbot_vision/share/rmitbot_vision/config/calibrationdatawebcam/left-0045.png
-- Installing: /home/v120506/rmit_ros2_ws/install/rmitbot_vision/share/rmitbot_vision/config/calibrationdatawebcam/left-0011.png
-- Installing: /home/v120506/rmit_ros2_ws/install/rmitbot_vision/share/rmitbot_vision/config/calibrationdatawebcam/left-0030.png
-- Installing: /home/v120506/rmit_ros2_ws/install/rmitbot_vision/share/rmitbot_vision/config/calibrationdatawebcam/left-0012.png
-- Installing: /home/v120506/rmit_ros2_ws/install/rmitbot_vision/share/rmitbot_vision/config/calibrationdatawebcam/left-0006.png
-- Installing: /home/v120506/rmit_ros2_ws/install/rmitbot_vision/share/rmitbot_vision/config/calibrationdatawebcam/left-0005.png
-- Installing: /home/v120506/rmit_ros2_ws/install/rmitbot_vision/share/rmitbot_vision/config/calibrationdatawebcam/left-0038.png
-- Installing: /home/v120506/rmit_ros2_ws/install/rmitbot_vision/share/rmitbot_vision/config/calibrationdatawebcam/ost.txt
-- Installing: /home/v120506/rmit_ros2_ws/install/rmitbot_vision/share/rmitbot_vision/config/calibrationdatawebcam/left-0023.png
-- Installing: /home/v120506/rmit_ros2_ws/install/rmitbot_vision/share/rmitbot_vision/config/calibrationdatawebcam/ostwebcam.yaml
-- Installing: /home/v120506/rmit_ros2_ws/install/rmitbot_vision/share/rmitbot_vision/config/calibrationdatawebcam.tar.gz
-- Installing: /home/v120506/rmit_ros2_ws/install/rmitbot_vision/share/rmitbot_vision/config/ostwebcam.yaml
-- Up-to-date: /home/v120506/rmit_ros2_ws/install/rmitbot_vision/share/ament_index/resource_index/package_run_dependencies/rmitbot_vision
-- Up-to-date: /home/v120506/rmit_ros2_ws/install/rmitbot_vision/share/ament_index/resource_index/parent_prefix_path/rmitbot_vision
-- Up-to-date: /home/v120506/rmit_ros2_ws/install/rmitbot_vision/share/rmitbot_vision/environment/ament_prefix_path.sh
-- Up-to-date: /home/v120506/rmit_ros2_ws/install/rmitbot_vision/share/rmitbot_vision/environment/ament_prefix_path.dsv
-- Up-to-date: /home/v120506/rmit_ros2_ws/install/rmitbot_vision/share/rmitbot_vision/environment/path.sh
-- Up-to-date: /home/v120506/rmit_ros2_ws/install/rmitbot_vision/share/rmitbot_vision/environment/path.dsv
-- Up-to-date: /home/v120506/rmit_ros2_ws/install/rmitbot_vision/share/rmitbot_vision/local_setup.bash
-- Up-to-date: /home/v120506/rmit_ros2_ws/install/rmitbot_vision/share/rmitbot_vision/local_setup.sh
-- Up-to-date: /home/v120506/rmit_ros2_ws/install/rmitbot_vision/share/rmitbot_vision/local_setup.zsh
-- Up-to-date: /home/v120506/rmit_ros2_ws/install/rmitbot_vision/share/rmitbot_vision/local_setup.dsv
-- Installing: /home/v120506/rmit_ros2_ws/install/rmitbot_vision/share/rmitbot_vision/package.dsv
-- Up-to-date: /home/v120506/rmit_ros2_ws/install/rmitbot_vision/share/ament_index/resource_index/packages/rmitbot_vision
-- Up-to-date: /home/v120506/rmit_ros2_ws/install/rmitbot_vision/share/rmitbot_vision/cmake/rmitbot_visionConfig.cmake
-- Up-to-date: /home/v120506/rmit_ros2_ws/install/rmitbot_vision/share/rmitbot_vision/cmake/rmitbot_visionConfig-version.cmake
-- Up-to-date: /home/v120506/rmit_ros2_ws/install/rmitbot_vision/share/rmitbot_vision/package.xml
