[0.060s] Invoking command in '/home/v120506/rmit_ros2_ws/build/rmitbot_vision': CMAKE_PREFIX_PATH=${CMAKE_PREFIX_PATH}:/opt/ros/jazzy DEBUGINFOD_URLS=https://debuginfod.ubuntu.com /usr/bin/cmake --build /home/v120506/rmit_ros2_ws/build/rmitbot_vision -- -j8 -l8
[0.225s] Invoked command in '/home/v120506/rmit_ros2_ws/build/rmitbot_vision' returned '0': CMAKE_PREFIX_PATH=${CMAKE_PREFIX_PATH}:/opt/ros/jazzy DEBUGINFOD_URLS=https://debuginfod.ubuntu.com /usr/bin/cmake --build /home/v120506/rmit_ros2_ws/build/rmitbot_vision -- -j8 -l8
[0.225s] Invoking command in '/home/v120506/rmit_ros2_ws/build/rmitbot_vision': CMAKE_PREFIX_PATH=${CMAKE_PREFIX_PATH}:/opt/ros/jazzy DEBUGINFOD_URLS=https://debuginfod.ubuntu.com /usr/bin/cmake --install /home/v120506/rmit_ros2_ws/build/rmitbot_vision
[0.279s] -- Install configuration: ""
[0.279s] -- Up-to-date: /home/v120506/rmit_ros2_ws/install/rmitbot_vision/share/rmitbot_vision/launch
[0.279s] -- Installing: /home/v120506/rmit_ros2_ws/install/rmitbot_vision/share/rmitbot_vision/launch/vision.launch.py
[0.279s] -- Up-to-date: /home/v120506/rmit_ros2_ws/install/rmitbot_vision/share/rmitbot_vision/launch/apriltag.launch.py
[0.279s] -- Up-to-date: /home/v120506/rmit_ros2_ws/install/rmitbot_vision/share/rmitbot_vision/config
[0.279s] -- Installing: /home/v120506/rmit_ros2_ws/install/rmitbot_vision/share/rmitbot_vision/config/camera_param.yaml
[0.280s] -- Up-to-date: /home/v120506/rmit_ros2_ws/install/rmitbot_vision/share/rmitbot_vision/config/apriltag_params.yaml
[0.280s] -- Up-to-date: /home/v120506/rmit_ros2_ws/install/rmitbot_vision/share/rmitbot_vision/config/calibrationdata.tar.gz
[0.280s] -- Up-to-date: /home/v120506/rmit_ros2_ws/install/rmitbot_vision/share/rmitbot_vision/config/ost.yaml
[0.280s] -- Installing: /home/v120506/rmit_ros2_ws/install/rmitbot_vision/share/rmitbot_vision/config/calibrationdatawebcam
[0.280s] -- Installing: /home/v120506/rmit_ros2_ws/install/rmitbot_vision/share/rmitbot_vision/config/calibrationdatawebcam/left-0026.png
[0.280s] -- Installing: /home/v120506/rmit_ros2_ws/install/rmitbot_vision/share/rmitbot_vision/config/calibrationdatawebcam/left-0029.png
[0.280s] -- Installing: /home/v120506/rmit_ros2_ws/install/rmitbot_vision/share/rmitbot_vision/config/calibrationdatawebcam/left-0014.png
[0.280s] -- Installing: /home/v120506/rmit_ros2_ws/install/rmitbot_vision/share/rmitbot_vision/config/calibrationdatawebcam/left-0031.png
[0.281s] -- Installing: /home/v120506/rmit_ros2_ws/install/rmitbot_vision/share/rmitbot_vision/config/calibrationdatawebcam/left-0016.png
[0.281s] -- Installing: /home/v120506/rmit_ros2_ws/install/rmitbot_vision/share/rmitbot_vision/config/calibrationdatawebcam/left-0021.png
[0.281s] -- Installing: /home/v120506/rmit_ros2_ws/install/rmitbot_vision/share/rmitbot_vision/config/calibrationdatawebcam/left-0034.png
[0.281s] -- Installing: /home/v120506/rmit_ros2_ws/install/rmitbot_vision/share/rmitbot_vision/config/calibrationdatawebcam/left-0040.png
[0.281s] -- Installing: /home/v120506/rmit_ros2_ws/install/rmitbot_vision/share/rmitbot_vision/config/calibrationdatawebcam/left-0035.png
[0.281s] -- Installing: /home/v120506/rmit_ros2_ws/install/rmitbot_vision/share/rmitbot_vision/config/calibrationdatawebcam/left-0013.png
[0.281s] -- Installing: /home/v120506/rmit_ros2_ws/install/rmitbot_vision/share/rmitbot_vision/config/calibrationdatawebcam/left-0009.png
[0.281s] -- Installing: /home/v120506/rmit_ros2_ws/install/rmitbot_vision/share/rmitbot_vision/config/calibrationdatawebcam/left-0036.png
[0.282s] -- Installing: /home/v120506/rmit_ros2_ws/install/rmitbot_vision/share/rmitbot_vision/config/calibrationdatawebcam/left-0004.png
[0.282s] -- Installing: /home/v120506/rmit_ros2_ws/install/rmitbot_vision/share/rmitbot_vision/config/calibrationdatawebcam/left-0020.png
[0.282s] -- Installing: /home/v120506/rmit_ros2_ws/install/rmitbot_vision/share/rmitbot_vision/config/calibrationdatawebcam/left-0042.png
[0.286s] -- Installing: /home/v120506/rmit_ros2_ws/install/rmitbot_vision/share/rmitbot_vision/config/calibrationdatawebcam/left-0010.png
[0.286s] -- Installing: /home/v120506/rmit_ros2_ws/install/rmitbot_vision/share/rmitbot_vision/config/calibrationdatawebcam/left-0007.png
[0.286s] -- Installing: /home/v120506/rmit_ros2_ws/install/rmitbot_vision/share/rmitbot_vision/config/calibrationdatawebcam/left-0041.png
[0.286s] -- Installing: /home/v120506/rmit_ros2_ws/install/rmitbot_vision/share/rmitbot_vision/config/calibrationdatawebcam/left-0002.png
[0.287s] -- Installing: /home/v120506/rmit_ros2_ws/install/rmitbot_vision/share/rmitbot_vision/config/calibrationdatawebcam/left-0044.png
[0.287s] -- Installing: /home/v120506/rmit_ros2_ws/install/rmitbot_vision/share/rmitbot_vision/config/calibrationdatawebcam/left-0022.png
[0.287s] -- Installing: /home/v120506/rmit_ros2_ws/install/rmitbot_vision/share/rmitbot_vision/config/calibrationdatawebcam/left-0043.png
[0.287s] -- Installing: /home/v120506/rmit_ros2_ws/install/rmitbot_vision/share/rmitbot_vision/config/calibrationdatawebcam/left-0027.png
[0.287s] -- Installing: /home/v120506/rmit_ros2_ws/install/rmitbot_vision/share/rmitbot_vision/config/calibrationdatawebcam/left-0000.png
[0.287s] -- Installing: /home/v120506/rmit_ros2_ws/install/rmitbot_vision/share/rmitbot_vision/config/calibrationdatawebcam/left-0024.png
[0.287s] -- Installing: /home/v120506/rmit_ros2_ws/install/rmitbot_vision/share/rmitbot_vision/config/calibrationdatawebcam/left-0015.png
[0.287s] -- Installing: /home/v120506/rmit_ros2_ws/install/rmitbot_vision/share/rmitbot_vision/config/calibrationdatawebcam/left-0001.png
[0.287s] -- Installing: /home/v120506/rmit_ros2_ws/install/rmitbot_vision/share/rmitbot_vision/config/calibrationdatawebcam/left-0019.png
[0.288s] -- Installing: /home/v120506/rmit_ros2_ws/install/rmitbot_vision/share/rmitbot_vision/config/calibrationdatawebcam/left-0017.png
[0.288s] -- Installing: /home/v120506/rmit_ros2_ws/install/rmitbot_vision/share/rmitbot_vision/config/calibrationdatawebcam/left-0037.png
[0.288s] -- Installing: /home/v120506/rmit_ros2_ws/install/rmitbot_vision/share/rmitbot_vision/config/calibrationdatawebcam/left-0018.png
[0.291s] -- Installing: /home/v120506/rmit_ros2_ws/install/rmitbot_vision/share/rmitbot_vision/config/calibrationdatawebcam/left-0032.png
[0.291s] -- Installing: /home/v120506/rmit_ros2_ws/install/rmitbot_vision/share/rmitbot_vision/config/calibrationdatawebcam/left-0008.png
[0.291s] -- Installing: /home/v120506/rmit_ros2_ws/install/rmitbot_vision/share/rmitbot_vision/config/calibrationdatawebcam/left-0003.png
[0.291s] -- Installing: /home/v120506/rmit_ros2_ws/install/rmitbot_vision/share/rmitbot_vision/config/calibrationdatawebcam/left-0025.png
[0.292s] -- Installing: /home/v120506/rmit_ros2_ws/install/rmitbot_vision/share/rmitbot_vision/config/calibrationdatawebcam/left-0028.png
[0.292s] -- Installing: /home/v120506/rmit_ros2_ws/install/rmitbot_vision/share/rmitbot_vision/config/calibrationdatawebcam/left-0033.png
[0.292s] -- Installing: /home/v120506/rmit_ros2_ws/install/rmitbot_vision/share/rmitbot_vision/config/calibrationdatawebcam/left-0039.png
[0.293s] -- Installing: /home/v120506/rmit_ros2_ws/install/rmitbot_vision/share/rmitbot_vision/config/calibrationdatawebcam/left-0045.png
[0.293s] -- Installing: /home/v120506/rmit_ros2_ws/install/rmitbot_vision/share/rmitbot_vision/config/calibrationdatawebcam/left-0011.png
[0.293s] -- Installing: /home/v120506/rmit_ros2_ws/install/rmitbot_vision/share/rmitbot_vision/config/calibrationdatawebcam/left-0030.png
[0.293s] -- Installing: /home/v120506/rmit_ros2_ws/install/rmitbot_vision/share/rmitbot_vision/config/calibrationdatawebcam/left-0012.png
[0.293s] -- Installing: /home/v120506/rmit_ros2_ws/install/rmitbot_vision/share/rmitbot_vision/config/calibrationdatawebcam/left-0006.png
[0.293s] -- Installing: /home/v120506/rmit_ros2_ws/install/rmitbot_vision/share/rmitbot_vision/config/calibrationdatawebcam/left-0005.png
[0.293s] -- Installing: /home/v120506/rmit_ros2_ws/install/rmitbot_vision/share/rmitbot_vision/config/calibrationdatawebcam/left-0038.png
[0.293s] -- Installing: /home/v120506/rmit_ros2_ws/install/rmitbot_vision/share/rmitbot_vision/config/calibrationdatawebcam/ost.txt
[0.294s] -- Installing: /home/v120506/rmit_ros2_ws/install/rmitbot_vision/share/rmitbot_vision/config/calibrationdatawebcam/left-0023.png
[0.294s] -- Installing: /home/v120506/rmit_ros2_ws/install/rmitbot_vision/share/rmitbot_vision/config/calibrationdatawebcam/ostwebcam.yaml
[0.294s] -- Installing: /home/v120506/rmit_ros2_ws/install/rmitbot_vision/share/rmitbot_vision/config/calibrationdatawebcam.tar.gz
[0.294s] -- Installing: /home/v120506/rmit_ros2_ws/install/rmitbot_vision/share/rmitbot_vision/config/ostwebcam.yaml
[0.294s] -- Up-to-date: /home/v120506/rmit_ros2_ws/install/rmitbot_vision/share/ament_index/resource_index/package_run_dependencies/rmitbot_vision
[0.294s] -- Up-to-date: /home/v120506/rmit_ros2_ws/install/rmitbot_vision/share/ament_index/resource_index/parent_prefix_path/rmitbot_vision
[0.294s] -- Up-to-date: /home/v120506/rmit_ros2_ws/install/rmitbot_vision/share/rmitbot_vision/environment/ament_prefix_path.sh
[0.294s] -- Up-to-date: /home/v120506/rmit_ros2_ws/install/rmitbot_vision/share/rmitbot_vision/environment/ament_prefix_path.dsv
[0.295s] -- Up-to-date: /home/v120506/rmit_ros2_ws/install/rmitbot_vision/share/rmitbot_vision/environment/path.sh
[0.295s] -- Up-to-date: /home/v120506/rmit_ros2_ws/install/rmitbot_vision/share/rmitbot_vision/environment/path.dsv
[0.295s] -- Up-to-date: /home/v120506/rmit_ros2_ws/install/rmitbot_vision/share/rmitbot_vision/local_setup.bash
[0.295s] -- Up-to-date: /home/v120506/rmit_ros2_ws/install/rmitbot_vision/share/rmitbot_vision/local_setup.sh
[0.295s] -- Up-to-date: /home/v120506/rmit_ros2_ws/install/rmitbot_vision/share/rmitbot_vision/local_setup.zsh
[0.295s] -- Up-to-date: /home/v120506/rmit_ros2_ws/install/rmitbot_vision/share/rmitbot_vision/local_setup.dsv
[0.295s] -- Installing: /home/v120506/rmit_ros2_ws/install/rmitbot_vision/share/rmitbot_vision/package.dsv
[0.295s] -- Up-to-date: /home/v120506/rmit_ros2_ws/install/rmitbot_vision/share/ament_index/resource_index/packages/rmitbot_vision
[0.296s] -- Up-to-date: /home/v120506/rmit_ros2_ws/install/rmitbot_vision/share/rmitbot_vision/cmake/rmitbot_visionConfig.cmake
[0.296s] -- Up-to-date: /home/v120506/rmit_ros2_ws/install/rmitbot_vision/share/rmitbot_vision/cmake/rmitbot_visionConfig-version.cmake
[0.296s] -- Up-to-date: /home/v120506/rmit_ros2_ws/install/rmitbot_vision/share/rmitbot_vision/package.xml
[0.296s] Invoked command in '/home/v120506/rmit_ros2_ws/build/rmitbot_vision' returned '0': CMAKE_PREFIX_PATH=${CMAKE_PREFIX_PATH}:/opt/ros/jazzy DEBUGINFOD_URLS=https://debuginfod.ubuntu.com /usr/bin/cmake --install /home/v120506/rmit_ros2_ws/build/rmitbot_vision
