[0.029s] Invoking command in '/home/terra/newtest/rmit_ros2_ws/build/rmitbot_vision': CMAKE_PREFIX_PATH=${CMAKE_PREFIX_PATH}:/opt/ros/jazzy /usr/bin/cmake --build /home/terra/newtest/rmit_ros2_ws/build/rmitbot_vision -- -j4 -l4
[0.123s] Invoked command in '/home/terra/newtest/rmit_ros2_ws/build/rmitbot_vision' returned '0': CMAKE_PREFIX_PATH=${CMAKE_PREFIX_PATH}:/opt/ros/jazzy /usr/bin/cmake --build /home/terra/newtest/rmit_ros2_ws/build/rmitbot_vision -- -j4 -l4
[0.129s] Invoking command in '/home/terra/newtest/rmit_ros2_ws/build/rmitbot_vision': CMAKE_PREFIX_PATH=${CMAKE_PREFIX_PATH}:/opt/ros/jazzy /usr/bin/cmake --install /home/terra/newtest/rmit_ros2_ws/build/rmitbot_vision
[0.148s] -- Install configuration: ""
[0.149s] -- Up-to-date: /home/terra/newtest/rmit_ros2_ws/install/rmitbot_vision/share/rmitbot_vision/launch
[0.152s] -- Up-to-date: /home/terra/newtest/rmit_ros2_ws/install/rmitbot_vision/share/rmitbot_vision/launch/vision.launch.py
[0.152s] -- Up-to-date: /home/terra/newtest/rmit_ros2_ws/install/rmitbot_vision/share/rmitbot_vision/launch/apriltag.launch.py
[0.152s] -- Up-to-date: /home/terra/newtest/rmit_ros2_ws/install/rmitbot_vision/share/rmitbot_vision/config
[0.152s] -- Up-to-date: /home/terra/newtest/rmit_ros2_ws/install/rmitbot_vision/share/rmitbot_vision/config/camera_param.yaml
[0.153s] -- Up-to-date: /home/terra/newtest/rmit_ros2_ws/install/rmitbot_vision/share/rmitbot_vision/config/calibrationdatawebcam.tar.gz
[0.153s] -- Up-to-date: /home/terra/newtest/rmit_ros2_ws/install/rmitbot_vision/share/rmitbot_vision/config/calibrationdatawebcam
[0.153s] -- Up-to-date: /home/terra/newtest/rmit_ros2_ws/install/rmitbot_vision/share/rmitbot_vision/config/calibrationdatawebcam/left-0006.png
[0.153s] -- Up-to-date: /home/terra/newtest/rmit_ros2_ws/install/rmitbot_vision/share/rmitbot_vision/config/calibrationdatawebcam/left-0013.png
[0.153s] -- Up-to-date: /home/terra/newtest/rmit_ros2_ws/install/rmitbot_vision/share/rmitbot_vision/config/calibrationdatawebcam/left-0033.png
[0.154s] -- Up-to-date: /home/terra/newtest/rmit_ros2_ws/install/rmitbot_vision/share/rmitbot_vision/config/calibrationdatawebcam/ost.txt
[0.154s] -- Up-to-date: /home/terra/newtest/rmit_ros2_ws/install/rmitbot_vision/share/rmitbot_vision/config/calibrationdatawebcam/left-0042.png
[0.154s] -- Up-to-date: /home/terra/newtest/rmit_ros2_ws/install/rmitbot_vision/share/rmitbot_vision/config/calibrationdatawebcam/left-0039.png
[0.154s] -- Up-to-date: /home/terra/newtest/rmit_ros2_ws/install/rmitbot_vision/share/rmitbot_vision/config/calibrationdatawebcam/left-0044.png
[0.154s] -- Up-to-date: /home/terra/newtest/rmit_ros2_ws/install/rmitbot_vision/share/rmitbot_vision/config/calibrationdatawebcam/left-0029.png
[0.154s] -- Up-to-date: /home/terra/newtest/rmit_ros2_ws/install/rmitbot_vision/share/rmitbot_vision/config/calibrationdatawebcam/left-0040.png
[0.154s] -- Up-to-date: /home/terra/newtest/rmit_ros2_ws/install/rmitbot_vision/share/rmitbot_vision/config/calibrationdatawebcam/left-0010.png
[0.155s] -- Up-to-date: /home/terra/newtest/rmit_ros2_ws/install/rmitbot_vision/share/rmitbot_vision/config/calibrationdatawebcam/left-0032.png
[0.155s] -- Up-to-date: /home/terra/newtest/rmit_ros2_ws/install/rmitbot_vision/share/rmitbot_vision/config/calibrationdatawebcam/left-0001.png
[0.155s] -- Up-to-date: /home/terra/newtest/rmit_ros2_ws/install/rmitbot_vision/share/rmitbot_vision/config/calibrationdatawebcam/left-0007.png
[0.155s] -- Up-to-date: /home/terra/newtest/rmit_ros2_ws/install/rmitbot_vision/share/rmitbot_vision/config/calibrationdatawebcam/left-0023.png
[0.155s] -- Up-to-date: /home/terra/newtest/rmit_ros2_ws/install/rmitbot_vision/share/rmitbot_vision/config/calibrationdatawebcam/ostwebcam.yaml
[0.155s] -- Up-to-date: /home/terra/newtest/rmit_ros2_ws/install/rmitbot_vision/share/rmitbot_vision/config/calibrationdatawebcam/left-0000.png
[0.155s] -- Up-to-date: /home/terra/newtest/rmit_ros2_ws/install/rmitbot_vision/share/rmitbot_vision/config/calibrationdatawebcam/left-0012.png
[0.155s] -- Up-to-date: /home/terra/newtest/rmit_ros2_ws/install/rmitbot_vision/share/rmitbot_vision/config/calibrationdatawebcam/left-0037.png
[0.156s] -- Up-to-date: /home/terra/newtest/rmit_ros2_ws/install/rmitbot_vision/share/rmitbot_vision/config/calibrationdatawebcam/left-0018.png
[0.156s] -- Up-to-date: /home/terra/newtest/rmit_ros2_ws/install/rmitbot_vision/share/rmitbot_vision/config/calibrationdatawebcam/left-0036.png
[0.156s] -- Up-to-date: /home/terra/newtest/rmit_ros2_ws/install/rmitbot_vision/share/rmitbot_vision/config/calibrationdatawebcam/left-0008.png
[0.156s] -- Up-to-date: /home/terra/newtest/rmit_ros2_ws/install/rmitbot_vision/share/rmitbot_vision/config/calibrationdatawebcam/left-0019.png
[0.156s] -- Up-to-date: /home/terra/newtest/rmit_ros2_ws/install/rmitbot_vision/share/rmitbot_vision/config/calibrationdatawebcam/left-0027.png
[0.156s] -- Up-to-date: /home/terra/newtest/rmit_ros2_ws/install/rmitbot_vision/share/rmitbot_vision/config/calibrationdatawebcam/left-0015.png
[0.156s] -- Up-to-date: /home/terra/newtest/rmit_ros2_ws/install/rmitbot_vision/share/rmitbot_vision/config/calibrationdatawebcam/left-0035.png
[0.156s] -- Up-to-date: /home/terra/newtest/rmit_ros2_ws/install/rmitbot_vision/share/rmitbot_vision/config/calibrationdatawebcam/left-0031.png
[0.156s] -- Up-to-date: /home/terra/newtest/rmit_ros2_ws/install/rmitbot_vision/share/rmitbot_vision/config/calibrationdatawebcam/left-0024.png
[0.156s] -- Up-to-date: /home/terra/newtest/rmit_ros2_ws/install/rmitbot_vision/share/rmitbot_vision/config/calibrationdatawebcam/left-0009.png
[0.157s] -- Up-to-date: /home/terra/newtest/rmit_ros2_ws/install/rmitbot_vision/share/rmitbot_vision/config/calibrationdatawebcam/left-0003.png
[0.157s] -- Up-to-date: /home/terra/newtest/rmit_ros2_ws/install/rmitbot_vision/share/rmitbot_vision/config/calibrationdatawebcam/left-0043.png
[0.157s] -- Up-to-date: /home/terra/newtest/rmit_ros2_ws/install/rmitbot_vision/share/rmitbot_vision/config/calibrationdatawebcam/left-0038.png
[0.157s] -- Up-to-date: /home/terra/newtest/rmit_ros2_ws/install/rmitbot_vision/share/rmitbot_vision/config/calibrationdatawebcam/left-0021.png
[0.157s] -- Up-to-date: /home/terra/newtest/rmit_ros2_ws/install/rmitbot_vision/share/rmitbot_vision/config/calibrationdatawebcam/left-0034.png
[0.157s] -- Up-to-date: /home/terra/newtest/rmit_ros2_ws/install/rmitbot_vision/share/rmitbot_vision/config/calibrationdatawebcam/left-0004.png
[0.157s] -- Up-to-date: /home/terra/newtest/rmit_ros2_ws/install/rmitbot_vision/share/rmitbot_vision/config/calibrationdatawebcam/left-0020.png
[0.157s] -- Up-to-date: /home/terra/newtest/rmit_ros2_ws/install/rmitbot_vision/share/rmitbot_vision/config/calibrationdatawebcam/left-0028.png
[0.157s] -- Up-to-date: /home/terra/newtest/rmit_ros2_ws/install/rmitbot_vision/share/rmitbot_vision/config/calibrationdatawebcam/left-0030.png
[0.157s] -- Up-to-date: /home/terra/newtest/rmit_ros2_ws/install/rmitbot_vision/share/rmitbot_vision/config/calibrationdatawebcam/left-0026.png
[0.157s] -- Up-to-date: /home/terra/newtest/rmit_ros2_ws/install/rmitbot_vision/share/rmitbot_vision/config/calibrationdatawebcam/left-0045.png
[0.158s] -- Up-to-date: /home/terra/newtest/rmit_ros2_ws/install/rmitbot_vision/share/rmitbot_vision/config/calibrationdatawebcam/left-0002.png
[0.158s] -- Up-to-date: /home/terra/newtest/rmit_ros2_ws/install/rmitbot_vision/share/rmitbot_vision/config/calibrationdatawebcam/left-0016.png
[0.158s] -- Up-to-date: /home/terra/newtest/rmit_ros2_ws/install/rmitbot_vision/share/rmitbot_vision/config/calibrationdatawebcam/left-0005.png
[0.158s] -- Up-to-date: /home/terra/newtest/rmit_ros2_ws/install/rmitbot_vision/share/rmitbot_vision/config/calibrationdatawebcam/left-0011.png
[0.158s] -- Up-to-date: /home/terra/newtest/rmit_ros2_ws/install/rmitbot_vision/share/rmitbot_vision/config/calibrationdatawebcam/left-0025.png
[0.158s] -- Up-to-date: /home/terra/newtest/rmit_ros2_ws/install/rmitbot_vision/share/rmitbot_vision/config/calibrationdatawebcam/left-0014.png
[0.158s] -- Up-to-date: /home/terra/newtest/rmit_ros2_ws/install/rmitbot_vision/share/rmitbot_vision/config/calibrationdatawebcam/left-0022.png
[0.158s] -- Up-to-date: /home/terra/newtest/rmit_ros2_ws/install/rmitbot_vision/share/rmitbot_vision/config/calibrationdatawebcam/left-0041.png
[0.158s] -- Up-to-date: /home/terra/newtest/rmit_ros2_ws/install/rmitbot_vision/share/rmitbot_vision/config/calibrationdatawebcam/left-0017.png
[0.158s] -- Up-to-date: /home/terra/newtest/rmit_ros2_ws/install/rmitbot_vision/share/rmitbot_vision/config/calibrationdata.tar.gz
[0.158s] -- Up-to-date: /home/terra/newtest/rmit_ros2_ws/install/rmitbot_vision/share/rmitbot_vision/config/ost.yaml
[0.159s] -- Up-to-date: /home/terra/newtest/rmit_ros2_ws/install/rmitbot_vision/share/rmitbot_vision/config/ostwebcam.yaml
[0.159s] -- Up-to-date: /home/terra/newtest/rmit_ros2_ws/install/rmitbot_vision/share/rmitbot_vision/config/apriltag_params.yaml
[0.159s] -- Up-to-date: /home/terra/newtest/rmit_ros2_ws/install/rmitbot_vision/share/ament_index/resource_index/package_run_dependencies/rmitbot_vision
[0.159s] -- Up-to-date: /home/terra/newtest/rmit_ros2_ws/install/rmitbot_vision/share/ament_index/resource_index/parent_prefix_path/rmitbot_vision
[0.159s] -- Up-to-date: /home/terra/newtest/rmit_ros2_ws/install/rmitbot_vision/share/rmitbot_vision/environment/ament_prefix_path.sh
[0.159s] -- Up-to-date: /home/terra/newtest/rmit_ros2_ws/install/rmitbot_vision/share/rmitbot_vision/environment/ament_prefix_path.dsv
[0.159s] -- Up-to-date: /home/terra/newtest/rmit_ros2_ws/install/rmitbot_vision/share/rmitbot_vision/environment/path.sh
[0.159s] -- Up-to-date: /home/terra/newtest/rmit_ros2_ws/install/rmitbot_vision/share/rmitbot_vision/environment/path.dsv
[0.160s] -- Up-to-date: /home/terra/newtest/rmit_ros2_ws/install/rmitbot_vision/share/rmitbot_vision/local_setup.bash
[0.160s] -- Up-to-date: /home/terra/newtest/rmit_ros2_ws/install/rmitbot_vision/share/rmitbot_vision/local_setup.sh
[0.160s] -- Up-to-date: /home/terra/newtest/rmit_ros2_ws/install/rmitbot_vision/share/rmitbot_vision/local_setup.zsh
[0.160s] -- Up-to-date: /home/terra/newtest/rmit_ros2_ws/install/rmitbot_vision/share/rmitbot_vision/local_setup.dsv
[0.160s] -- Up-to-date: /home/terra/newtest/rmit_ros2_ws/install/rmitbot_vision/share/rmitbot_vision/package.dsv
[0.160s] -- Up-to-date: /home/terra/newtest/rmit_ros2_ws/install/rmitbot_vision/share/ament_index/resource_index/packages/rmitbot_vision
[0.160s] -- Up-to-date: /home/terra/newtest/rmit_ros2_ws/install/rmitbot_vision/share/rmitbot_vision/cmake/rmitbot_visionConfig.cmake
[0.160s] -- Up-to-date: /home/terra/newtest/rmit_ros2_ws/install/rmitbot_vision/share/rmitbot_vision/cmake/rmitbot_visionConfig-version.cmake
[0.160s] -- Up-to-date: /home/terra/newtest/rmit_ros2_ws/install/rmitbot_vision/share/rmitbot_vision/package.xml
[0.164s] Invoked command in '/home/terra/newtest/rmit_ros2_ws/build/rmitbot_vision' returned '0': CMAKE_PREFIX_PATH=${CMAKE_PREFIX_PATH}:/opt/ros/jazzy /usr/bin/cmake --install /home/terra/newtest/rmit_ros2_ws/build/rmitbot_vision
