[0.056s] Invoking command in '/home/v120506/rmit_ros2_ws/build/rmitbot_vision': CMAKE_PREFIX_PATH=${CMAKE_PREFIX_PATH}:/opt/ros/jazzy DEBUGINFOD_URLS=https://debuginfod.ubuntu.com /usr/bin/cmake /home/v120506/rmit_ros2_ws/src/rmitbot_vision -DCMAKE_INSTALL_PREFIX=/home/v120506/rmit_ros2_ws/install/rmitbot_vision
[0.108s] -- Found ament_cmake: 2.5.5 (/opt/ros/jazzy/share/ament_cmake/cmake)
[0.451s] -- Configuring done (0.4s)
[0.453s] -- Generating done (0.0s)
[0.455s] -- Build files have been written to: /home/v120506/rmit_ros2_ws/build/rmitbot_vision
[0.458s] Invoked command in '/home/v120506/rmit_ros2_ws/build/rmitbot_vision' returned '0': CMAKE_PREFIX_PATH=${CMAKE_PREFIX_PATH}:/opt/ros/jazzy DEBUGINFOD_URLS=https://debuginfod.ubuntu.com /usr/bin/cmake /home/v120506/rmit_ros2_ws/src/rmitbot_vision -DCMAKE_INSTALL_PREFIX=/home/v120506/rmit_ros2_ws/install/rmitbot_vision
[0.459s] Invoking command in '/home/v120506/rmit_ros2_ws/build/rmitbot_vision': CMAKE_PREFIX_PATH=${CMAKE_PREFIX_PATH}:/opt/ros/jazzy DEBUGINFOD_URLS=https://debuginfod.ubuntu.com /usr/bin/cmake --build /home/v120506/rmit_ros2_ws/build/rmitbot_vision -- -j8 -l8
[0.498s] Invoked command in '/home/v120506/rmit_ros2_ws/build/rmitbot_vision' returned '0': CMAKE_PREFIX_PATH=${CMAKE_PREFIX_PATH}:/opt/ros/jazzy DEBUGINFOD_URLS=https://debuginfod.ubuntu.com /usr/bin/cmake --build /home/v120506/rmit_ros2_ws/build/rmitbot_vision -- -j8 -l8
[0.499s] Invoking command in '/home/v120506/rmit_ros2_ws/build/rmitbot_vision': CMAKE_PREFIX_PATH=${CMAKE_PREFIX_PATH}:/opt/ros/jazzy DEBUGINFOD_URLS=https://debuginfod.ubuntu.com /usr/bin/cmake --install /home/v120506/rmit_ros2_ws/build/rmitbot_vision
[0.505s] -- Install configuration: ""
[0.505s] -- Installing: /home/v120506/rmit_ros2_ws/install/rmitbot_vision/share/rmitbot_vision/launch
[0.505s] -- Installing: /home/v120506/rmit_ros2_ws/install/rmitbot_vision/share/rmitbot_vision/launch/vision.launch.py
[0.505s] -- Installing: /home/v120506/rmit_ros2_ws/install/rmitbot_vision/share/rmitbot_vision/config
[0.505s] -- Installing: /home/v120506/rmit_ros2_ws/install/rmitbot_vision/share/rmitbot_vision/config/calibrationdata.tar.gz
[0.507s] -- Installing: /home/v120506/rmit_ros2_ws/install/rmitbot_vision/share/rmitbot_vision/config/ost.yaml
[0.507s] -- Installing: /home/v120506/rmit_ros2_ws/install/rmitbot_vision/share/ament_index/resource_index/package_run_dependencies/rmitbot_vision
[0.507s] -- Installing: /home/v120506/rmit_ros2_ws/install/rmitbot_vision/share/ament_index/resource_index/parent_prefix_path/rmitbot_vision
[0.507s] -- Installing: /home/v120506/rmit_ros2_ws/install/rmitbot_vision/share/rmitbot_vision/environment/ament_prefix_path.sh
[0.507s] -- Installing: /home/v120506/rmit_ros2_ws/install/rmitbot_vision/share/rmitbot_vision/environment/ament_prefix_path.dsv
[0.507s] -- Installing: /home/v120506/rmit_ros2_ws/install/rmitbot_vision/share/rmitbot_vision/environment/path.sh
[0.507s] -- Installing: /home/v120506/rmit_ros2_ws/install/rmitbot_vision/share/rmitbot_vision/environment/path.dsv
[0.508s] -- Installing: /home/v120506/rmit_ros2_ws/install/rmitbot_vision/share/rmitbot_vision/local_setup.bash
[0.508s] -- Installing: /home/v120506/rmit_ros2_ws/install/rmitbot_vision/share/rmitbot_vision/local_setup.sh
[0.508s] -- Installing: /home/v120506/rmit_ros2_ws/install/rmitbot_vision/share/rmitbot_vision/local_setup.zsh
[0.508s] -- Installing: /home/v120506/rmit_ros2_ws/install/rmitbot_vision/share/rmitbot_vision/local_setup.dsv
[0.508s] -- Installing: /home/v120506/rmit_ros2_ws/install/rmitbot_vision/share/rmitbot_vision/package.dsv
[0.508s] -- Installing: /home/v120506/rmit_ros2_ws/install/rmitbot_vision/share/ament_index/resource_index/packages/rmitbot_vision
[0.508s] -- Installing: /home/v120506/rmit_ros2_ws/install/rmitbot_vision/share/rmitbot_vision/cmake/rmitbot_visionConfig.cmake
[0.508s] -- Installing: /home/v120506/rmit_ros2_ws/install/rmitbot_vision/share/rmitbot_vision/cmake/rmitbot_visionConfig-version.cmake
[0.508s] -- Installing: /home/v120506/rmit_ros2_ws/install/rmitbot_vision/share/rmitbot_vision/package.xml
[0.510s] Invoked command in '/home/v120506/rmit_ros2_ws/build/rmitbot_vision' returned '0': CMAKE_PREFIX_PATH=${CMAKE_PREFIX_PATH}:/opt/ros/jazzy DEBUGINFOD_URLS=https://debuginfod.ubuntu.com /usr/bin/cmake --install /home/v120506/rmit_ros2_ws/build/rmitbot_vision
