[0.034s] Invoking command in '/home/terra/newtest/rmit_ros2_ws/build/rmitbot_navigation': CMAKE_PREFIX_PATH=${CMAKE_PREFIX_PATH}:/opt/ros/jazzy /usr/bin/cmake --build /home/terra/newtest/rmit_ros2_ws/build/rmitbot_navigation -- -j4 -l4
[0.160s] Invoked command in '/home/terra/newtest/rmit_ros2_ws/build/rmitbot_navigation' returned '0': CMAKE_PREFIX_PATH=${CMAKE_PREFIX_PATH}:/opt/ros/jazzy /usr/bin/cmake --build /home/terra/newtest/rmit_ros2_ws/build/rmitbot_navigation -- -j4 -l4
[0.175s] Invoking command in '/home/terra/newtest/rmit_ros2_ws/build/rmitbot_navigation': CMAKE_PREFIX_PATH=${CMAKE_PREFIX_PATH}:/opt/ros/jazzy /usr/bin/cmake --install /home/terra/newtest/rmit_ros2_ws/build/rmitbot_navigation
[0.197s] -- Install configuration: ""
[0.197s] -- Up-to-date: /home/terra/newtest/rmit_ros2_ws/install/rmitbot_navigation/share/rmitbot_navigation/launch
[0.203s] -- Up-to-date: /home/terra/newtest/rmit_ros2_ws/install/rmitbot_navigation/share/rmitbot_navigation/launch/twistmux.launch.py
[0.203s] -- Up-to-date: /home/terra/newtest/rmit_ros2_ws/install/rmitbot_navigation/share/rmitbot_navigation/launch/nav.launch.py
[0.203s] -- Up-to-date: /home/terra/newtest/rmit_ros2_ws/install/rmitbot_navigation/share/rmitbot_navigation/config
[0.207s] -- Up-to-date: /home/terra/newtest/rmit_ros2_ws/install/rmitbot_navigation/share/rmitbot_navigation/config/nav2_params.yaml
[0.207s] -- Up-to-date: /home/terra/newtest/rmit_ros2_ws/install/rmitbot_navigation/share/rmitbot_navigation/config/twistmux.yaml
[0.208s] -- Up-to-date: /home/terra/newtest/rmit_ros2_ws/install/rmitbot_navigation/share/ament_index/resource_index/package_run_dependencies/rmitbot_navigation
[0.210s] -- Up-to-date: /home/terra/newtest/rmit_ros2_ws/install/rmitbot_navigation/share/ament_index/resource_index/parent_prefix_path/rmitbot_navigation
[0.212s] -- Up-to-date: /home/terra/newtest/rmit_ros2_ws/install/rmitbot_navigation/share/rmitbot_navigation/environment/ament_prefix_path.sh
[0.212s] -- Up-to-date: /home/terra/newtest/rmit_ros2_ws/install/rmitbot_navigation/share/rmitbot_navigation/environment/ament_prefix_path.dsv
[0.212s] -- Up-to-date: /home/terra/newtest/rmit_ros2_ws/install/rmitbot_navigation/share/rmitbot_navigation/environment/path.sh
[0.212s] -- Up-to-date: /home/terra/newtest/rmit_ros2_ws/install/rmitbot_navigation/share/rmitbot_navigation/environment/path.dsv
[0.212s] -- Up-to-date: /home/terra/newtest/rmit_ros2_ws/install/rmitbot_navigation/share/rmitbot_navigation/local_setup.bash
[0.212s] -- Up-to-date: /home/terra/newtest/rmit_ros2_ws/install/rmitbot_navigation/share/rmitbot_navigation/local_setup.sh
[0.212s] -- Up-to-date: /home/terra/newtest/rmit_ros2_ws/install/rmitbot_navigation/share/rmitbot_navigation/local_setup.zsh
[0.213s] -- Up-to-date: /home/terra/newtest/rmit_ros2_ws/install/rmitbot_navigation/share/rmitbot_navigation/local_setup.dsv
[0.213s] -- Installing: /home/terra/newtest/rmit_ros2_ws/install/rmitbot_navigation/share/rmitbot_navigation/package.dsv
[0.213s] -- Up-to-date: /home/terra/newtest/rmit_ros2_ws/install/rmitbot_navigation/share/ament_index/resource_index/packages/rmitbot_navigation
[0.213s] -- Up-to-date: /home/terra/newtest/rmit_ros2_ws/install/rmitbot_navigation/share/rmitbot_navigation/cmake/rmitbot_navigationConfig.cmake
[0.213s] -- Up-to-date: /home/terra/newtest/rmit_ros2_ws/install/rmitbot_navigation/share/rmitbot_navigation/cmake/rmitbot_navigationConfig-version.cmake
[0.213s] -- Up-to-date: /home/terra/newtest/rmit_ros2_ws/install/rmitbot_navigation/share/rmitbot_navigation/package.xml
[0.247s] Invoked command in '/home/terra/newtest/rmit_ros2_ws/build/rmitbot_navigation' returned '0': CMAKE_PREFIX_PATH=${CMAKE_PREFIX_PATH}:/opt/ros/jazzy /usr/bin/cmake --install /home/terra/newtest/rmit_ros2_ws/build/rmitbot_navigation
