[0.083s] [34mcolcon[0m [1;30mDEBUG[0m [32mCommand line arguments: ['/usr/bin/colcon', 'build'][0m
[0.083s] [34mcolcon[0m [1;30mDEBUG[0m [32mParsed command line arguments: Namespace(log_base=None, log_level=None, verb_name='build', build_base='build', install_base='install', merge_install=False, symlink_install=False, test_result_base=None, continue_on_error=False, executor='parallel', parallel_workers=8, event_handlers=None, ignore_user_meta=False, metas=['./colcon.meta'], base_paths=['.'], packages_ignore=None, packages_ignore_regex=None, paths=None, packages_up_to=None, packages_up_to_regex=None, packages_above=None, packages_above_and_dependencies=None, packages_above_depth=None, packages_select_by_dep=None, packages_skip_by_dep=None, packages_skip_up_to=None, packages_select_build_failed=False, packages_skip_build_finished=False, packages_select_test_failures=False, packages_skip_test_passed=False, packages_select=None, packages_skip=None, packages_select_regex=None, packages_skip_regex=None, packages_start=None, packages_end=None, allow_overriding=[], cmake_args=None, cmake_target=None, cmake_target_skip_unavailable=False, cmake_clean_cache=False, cmake_clean_first=False, cmake_force_configure=False, ament_cmake_args=None, catkin_cmake_args=None, catkin_skip_building_tests=False, mixin_files=None, mixin=None, verb_parser=<colcon_mixin.mixin.mixin_argument.MixinArgumentDecorator object at 0x7f01cfe43ec0>, verb_extension=<colcon_core.verb.build.BuildVerb object at 0x7f01cff985c0>, main=<bound method BuildVerb.main of <colcon_core.verb.build.BuildVerb object at 0x7f01cff985c0>>, mixin_verb=('build',))[0m
[0.110s] [34mcolcon.colcon_core.package_discovery[0m [1;30mLevel 1[0m discover_packages(colcon_meta) check parameters
[0.110s] [34mcolcon.colcon_core.package_discovery[0m [1;30mLevel 1[0m discover_packages(recursive) check parameters
[0.110s] [34mcolcon.colcon_core.package_discovery[0m [1;30mLevel 1[0m discover_packages(ignore) check parameters
[0.110s] [34mcolcon.colcon_core.package_discovery[0m [1;30mLevel 1[0m discover_packages(path) check parameters
[0.111s] [34mcolcon.colcon_core.package_discovery[0m [1;30mLevel 1[0m discover_packages(colcon_meta) discover
[0.111s] [34mcolcon.colcon_core.package_discovery[0m [1;30mLevel 1[0m discover_packages(recursive) discover
[0.111s] [34mcolcon.colcon_core.package_discovery[0m [1;30mINFO[0m Crawling recursively for packages in '/home/v120506/rmit_ros2_ws'
[0.111s] [34mcolcon.colcon_core.package_identification[0m [1;30mLevel 1[0m _identify(.) by extensions ['ignore', 'ignore_ament_install']
[0.111s] [34mcolcon.colcon_core.package_identification[0m [1;30mLevel 1[0m _identify(.) by extension 'ignore'
[0.111s] [34mcolcon.colcon_core.package_identification[0m [1;30mLevel 1[0m _identify(.) by extension 'ignore_ament_install'
[0.111s] [34mcolcon.colcon_core.package_identification[0m [1;30mLevel 1[0m _identify(.) by extensions ['colcon_pkg']
[0.111s] [34mcolcon.colcon_core.package_identification[0m [1;30mLevel 1[0m _identify(.) by extension 'colcon_pkg'
[0.111s] [34mcolcon.colcon_core.package_identification[0m [1;30mLevel 1[0m _identify(.) by extensions ['colcon_meta']
[0.111s] [34mcolcon.colcon_core.package_identification[0m [1;30mLevel 1[0m _identify(.) by extension 'colcon_meta'
[0.111s] [34mcolcon.colcon_core.package_identification[0m [1;30mLevel 1[0m _identify(.) by extensions ['ros']
[0.111s] [34mcolcon.colcon_core.package_identification[0m [1;30mLevel 1[0m _identify(.) by extension 'ros'
[0.128s] [34mcolcon.colcon_core.package_identification[0m [1;30mLevel 1[0m _identify(.) by extensions ['cmake', 'python']
[0.128s] [34mcolcon.colcon_core.package_identification[0m [1;30mLevel 1[0m _identify(.) by extension 'cmake'
[0.128s] [34mcolcon.colcon_core.package_identification[0m [1;30mLevel 1[0m _identify(.) by extension 'python'
[0.128s] [34mcolcon.colcon_core.package_identification[0m [1;30mLevel 1[0m _identify(.) by extensions ['python_setup_py']
[0.128s] [34mcolcon.colcon_core.package_identification[0m [1;30mLevel 1[0m _identify(.) by extension 'python_setup_py'
[0.128s] [34mcolcon.colcon_core.package_identification[0m [1;30mLevel 1[0m _identify(build) by extensions ['ignore', 'ignore_ament_install']
[0.128s] [34mcolcon.colcon_core.package_identification[0m [1;30mLevel 1[0m _identify(build) by extension 'ignore'
[0.128s] [34mcolcon.colcon_core.package_identification[0m [1;30mLevel 1[0m _identify(build) ignored
[0.128s] [34mcolcon.colcon_core.package_identification[0m [1;30mLevel 1[0m _identify(install) by extensions ['ignore', 'ignore_ament_install']
[0.128s] [34mcolcon.colcon_core.package_identification[0m [1;30mLevel 1[0m _identify(install) by extension 'ignore'
[0.128s] [34mcolcon.colcon_core.package_identification[0m [1;30mLevel 1[0m _identify(install) ignored
[0.128s] [34mcolcon.colcon_core.package_identification[0m [1;30mLevel 1[0m _identify(log) by extensions ['ignore', 'ignore_ament_install']
[0.129s] [34mcolcon.colcon_core.package_identification[0m [1;30mLevel 1[0m _identify(log) by extension 'ignore'
[0.129s] [34mcolcon.colcon_core.package_identification[0m [1;30mLevel 1[0m _identify(log) ignored
[0.129s] [34mcolcon.colcon_core.package_identification[0m [1;30mLevel 1[0m _identify(src) by extensions ['ignore', 'ignore_ament_install']
[0.129s] [34mcolcon.colcon_core.package_identification[0m [1;30mLevel 1[0m _identify(src) by extension 'ignore'
[0.129s] [34mcolcon.colcon_core.package_identification[0m [1;30mLevel 1[0m _identify(src) by extension 'ignore_ament_install'
[0.129s] [34mcolcon.colcon_core.package_identification[0m [1;30mLevel 1[0m _identify(src) by extensions ['colcon_pkg']
[0.129s] [34mcolcon.colcon_core.package_identification[0m [1;30mLevel 1[0m _identify(src) by extension 'colcon_pkg'
[0.129s] [34mcolcon.colcon_core.package_identification[0m [1;30mLevel 1[0m _identify(src) by extensions ['colcon_meta']
[0.129s] [34mcolcon.colcon_core.package_identification[0m [1;30mLevel 1[0m _identify(src) by extension 'colcon_meta'
[0.129s] [34mcolcon.colcon_core.package_identification[0m [1;30mLevel 1[0m _identify(src) by extensions ['ros']
[0.129s] [34mcolcon.colcon_core.package_identification[0m [1;30mLevel 1[0m _identify(src) by extension 'ros'
[0.129s] [34mcolcon.colcon_core.package_identification[0m [1;30mLevel 1[0m _identify(src) by extensions ['cmake', 'python']
[0.129s] [34mcolcon.colcon_core.package_identification[0m [1;30mLevel 1[0m _identify(src) by extension 'cmake'
[0.129s] [34mcolcon.colcon_core.package_identification[0m [1;30mLevel 1[0m _identify(src) by extension 'python'
[0.129s] [34mcolcon.colcon_core.package_identification[0m [1;30mLevel 1[0m _identify(src) by extensions ['python_setup_py']
[0.129s] [34mcolcon.colcon_core.package_identification[0m [1;30mLevel 1[0m _identify(src) by extension 'python_setup_py'
[0.129s] [34mcolcon.colcon_core.package_identification[0m [1;30mLevel 1[0m _identify(src/rmitbot_bringup) by extensions ['ignore', 'ignore_ament_install']
[0.129s] [34mcolcon.colcon_core.package_identification[0m [1;30mLevel 1[0m _identify(src/rmitbot_bringup) by extension 'ignore'
[0.129s] [34mcolcon.colcon_core.package_identification[0m [1;30mLevel 1[0m _identify(src/rmitbot_bringup) by extension 'ignore_ament_install'
[0.129s] [34mcolcon.colcon_core.package_identification[0m [1;30mLevel 1[0m _identify(src/rmitbot_bringup) by extensions ['colcon_pkg']
[0.129s] [34mcolcon.colcon_core.package_identification[0m [1;30mLevel 1[0m _identify(src/rmitbot_bringup) by extension 'colcon_pkg'
[0.129s] [34mcolcon.colcon_core.package_identification[0m [1;30mLevel 1[0m _identify(src/rmitbot_bringup) by extensions ['colcon_meta']
[0.129s] [34mcolcon.colcon_core.package_identification[0m [1;30mLevel 1[0m _identify(src/rmitbot_bringup) by extension 'colcon_meta'
[0.129s] [34mcolcon.colcon_core.package_identification[0m [1;30mLevel 1[0m _identify(src/rmitbot_bringup) by extensions ['ros']
[0.129s] [34mcolcon.colcon_core.package_identification[0m [1;30mLevel 1[0m _identify(src/rmitbot_bringup) by extension 'ros'
[0.131s] [34mcolcon.colcon_core.package_identification[0m [1;30mDEBUG[0m [32mPackage 'src/rmitbot_bringup' with type 'ros.ament_cmake' and name 'rmitbot_bringup'[0m
[0.131s] [34mcolcon.colcon_core.package_identification[0m [1;30mLevel 1[0m _identify(src/rmitbot_controller) by extensions ['ignore', 'ignore_ament_install']
[0.131s] [34mcolcon.colcon_core.package_identification[0m [1;30mLevel 1[0m _identify(src/rmitbot_controller) by extension 'ignore'
[0.131s] [34mcolcon.colcon_core.package_identification[0m [1;30mLevel 1[0m _identify(src/rmitbot_controller) by extension 'ignore_ament_install'
[0.131s] [34mcolcon.colcon_core.package_identification[0m [1;30mLevel 1[0m _identify(src/rmitbot_controller) by extensions ['colcon_pkg']
[0.131s] [34mcolcon.colcon_core.package_identification[0m [1;30mLevel 1[0m _identify(src/rmitbot_controller) by extension 'colcon_pkg'
[0.131s] [34mcolcon.colcon_core.package_identification[0m [1;30mLevel 1[0m _identify(src/rmitbot_controller) by extensions ['colcon_meta']
[0.132s] [34mcolcon.colcon_core.package_identification[0m [1;30mLevel 1[0m _identify(src/rmitbot_controller) by extension 'colcon_meta'
[0.132s] [34mcolcon.colcon_core.package_identification[0m [1;30mLevel 1[0m _identify(src/rmitbot_controller) by extensions ['ros']
[0.132s] [34mcolcon.colcon_core.package_identification[0m [1;30mLevel 1[0m _identify(src/rmitbot_controller) by extension 'ros'
[0.132s] [34mcolcon.colcon_core.package_identification[0m [1;30mDEBUG[0m [32mPackage 'src/rmitbot_controller' with type 'ros.ament_cmake' and name 'rmitbot_controller'[0m
[0.132s] [34mcolcon.colcon_core.package_identification[0m [1;30mLevel 1[0m _identify(src/rmitbot_description) by extensions ['ignore', 'ignore_ament_install']
[0.132s] [34mcolcon.colcon_core.package_identification[0m [1;30mLevel 1[0m _identify(src/rmitbot_description) by extension 'ignore'
[0.132s] [34mcolcon.colcon_core.package_identification[0m [1;30mLevel 1[0m _identify(src/rmitbot_description) by extension 'ignore_ament_install'
[0.132s] [34mcolcon.colcon_core.package_identification[0m [1;30mLevel 1[0m _identify(src/rmitbot_description) by extensions ['colcon_pkg']
[0.132s] [34mcolcon.colcon_core.package_identification[0m [1;30mLevel 1[0m _identify(src/rmitbot_description) by extension 'colcon_pkg'
[0.132s] [34mcolcon.colcon_core.package_identification[0m [1;30mLevel 1[0m _identify(src/rmitbot_description) by extensions ['colcon_meta']
[0.132s] [34mcolcon.colcon_core.package_identification[0m [1;30mLevel 1[0m _identify(src/rmitbot_description) by extension 'colcon_meta'
[0.132s] [34mcolcon.colcon_core.package_identification[0m [1;30mLevel 1[0m _identify(src/rmitbot_description) by extensions ['ros']
[0.132s] [34mcolcon.colcon_core.package_identification[0m [1;30mLevel 1[0m _identify(src/rmitbot_description) by extension 'ros'
[0.133s] [34mcolcon.colcon_core.package_identification[0m [1;30mDEBUG[0m [32mPackage 'src/rmitbot_description' with type 'ros.ament_cmake' and name 'rmitbot_description'[0m
[0.133s] [34mcolcon.colcon_core.package_identification[0m [1;30mLevel 1[0m _identify(src/rmitbot_firmware) by extensions ['ignore', 'ignore_ament_install']
[0.133s] [34mcolcon.colcon_core.package_identification[0m [1;30mLevel 1[0m _identify(src/rmitbot_firmware) by extension 'ignore'
[0.133s] [34mcolcon.colcon_core.package_identification[0m [1;30mLevel 1[0m _identify(src/rmitbot_firmware) by extension 'ignore_ament_install'
[0.133s] [34mcolcon.colcon_core.package_identification[0m [1;30mLevel 1[0m _identify(src/rmitbot_firmware) by extensions ['colcon_pkg']
[0.133s] [34mcolcon.colcon_core.package_identification[0m [1;30mLevel 1[0m _identify(src/rmitbot_firmware) by extension 'colcon_pkg'
[0.133s] [34mcolcon.colcon_core.package_identification[0m [1;30mLevel 1[0m _identify(src/rmitbot_firmware) by extensions ['colcon_meta']
[0.133s] [34mcolcon.colcon_core.package_identification[0m [1;30mLevel 1[0m _identify(src/rmitbot_firmware) by extension 'colcon_meta'
[0.133s] [34mcolcon.colcon_core.package_identification[0m [1;30mLevel 1[0m _identify(src/rmitbot_firmware) by extensions ['ros']
[0.133s] [34mcolcon.colcon_core.package_identification[0m [1;30mLevel 1[0m _identify(src/rmitbot_firmware) by extension 'ros'
[0.134s] [34mcolcon.colcon_core.package_identification[0m [1;30mDEBUG[0m [32mPackage 'src/rmitbot_firmware' with type 'ros.ament_cmake' and name 'rmitbot_firmware'[0m
[0.134s] [34mcolcon.colcon_core.package_identification[0m [1;30mLevel 1[0m _identify(src/rmitbot_localization) by extensions ['ignore', 'ignore_ament_install']
[0.134s] [34mcolcon.colcon_core.package_identification[0m [1;30mLevel 1[0m _identify(src/rmitbot_localization) by extension 'ignore'
[0.134s] [34mcolcon.colcon_core.package_identification[0m [1;30mLevel 1[0m _identify(src/rmitbot_localization) by extension 'ignore_ament_install'
[0.134s] [34mcolcon.colcon_core.package_identification[0m [1;30mLevel 1[0m _identify(src/rmitbot_localization) by extensions ['colcon_pkg']
[0.134s] [34mcolcon.colcon_core.package_identification[0m [1;30mLevel 1[0m _identify(src/rmitbot_localization) by extension 'colcon_pkg'
[0.134s] [34mcolcon.colcon_core.package_identification[0m [1;30mLevel 1[0m _identify(src/rmitbot_localization) by extensions ['colcon_meta']
[0.134s] [34mcolcon.colcon_core.package_identification[0m [1;30mLevel 1[0m _identify(src/rmitbot_localization) by extension 'colcon_meta'
[0.134s] [34mcolcon.colcon_core.package_identification[0m [1;30mLevel 1[0m _identify(src/rmitbot_localization) by extensions ['ros']
[0.134s] [34mcolcon.colcon_core.package_identification[0m [1;30mLevel 1[0m _identify(src/rmitbot_localization) by extension 'ros'
[0.134s] [34mcolcon.colcon_core.package_identification[0m [1;30mDEBUG[0m [32mPackage 'src/rmitbot_localization' with type 'ros.ament_cmake' and name 'rmitbot_localization'[0m
[0.134s] [34mcolcon.colcon_core.package_identification[0m [1;30mLevel 1[0m _identify(src/rmitbot_mapping) by extensions ['ignore', 'ignore_ament_install']
[0.134s] [34mcolcon.colcon_core.package_identification[0m [1;30mLevel 1[0m _identify(src/rmitbot_mapping) by extension 'ignore'
[0.135s] [34mcolcon.colcon_core.package_identification[0m [1;30mLevel 1[0m _identify(src/rmitbot_mapping) by extension 'ignore_ament_install'
[0.135s] [34mcolcon.colcon_core.package_identification[0m [1;30mLevel 1[0m _identify(src/rmitbot_mapping) by extensions ['colcon_pkg']
[0.135s] [34mcolcon.colcon_core.package_identification[0m [1;30mLevel 1[0m _identify(src/rmitbot_mapping) by extension 'colcon_pkg'
[0.135s] [34mcolcon.colcon_core.package_identification[0m [1;30mLevel 1[0m _identify(src/rmitbot_mapping) by extensions ['colcon_meta']
[0.135s] [34mcolcon.colcon_core.package_identification[0m [1;30mLevel 1[0m _identify(src/rmitbot_mapping) by extension 'colcon_meta'
[0.135s] [34mcolcon.colcon_core.package_identification[0m [1;30mLevel 1[0m _identify(src/rmitbot_mapping) by extensions ['ros']
[0.135s] [34mcolcon.colcon_core.package_identification[0m [1;30mLevel 1[0m _identify(src/rmitbot_mapping) by extension 'ros'
[0.135s] [34mcolcon.colcon_core.package_identification[0m [1;30mDEBUG[0m [32mPackage 'src/rmitbot_mapping' with type 'ros.ament_cmake' and name 'rmitbot_mapping'[0m
[0.135s] [34mcolcon.colcon_core.package_identification[0m [1;30mLevel 1[0m _identify(src/rmitbot_navigation) by extensions ['ignore', 'ignore_ament_install']
[0.135s] [34mcolcon.colcon_core.package_identification[0m [1;30mLevel 1[0m _identify(src/rmitbot_navigation) by extension 'ignore'
[0.135s] [34mcolcon.colcon_core.package_identification[0m [1;30mLevel 1[0m _identify(src/rmitbot_navigation) by extension 'ignore_ament_install'
[0.135s] [34mcolcon.colcon_core.package_identification[0m [1;30mLevel 1[0m _identify(src/rmitbot_navigation) by extensions ['colcon_pkg']
[0.135s] [34mcolcon.colcon_core.package_identification[0m [1;30mLevel 1[0m _identify(src/rmitbot_navigation) by extension 'colcon_pkg'
[0.135s] [34mcolcon.colcon_core.package_identification[0m [1;30mLevel 1[0m _identify(src/rmitbot_navigation) by extensions ['colcon_meta']
[0.135s] [34mcolcon.colcon_core.package_identification[0m [1;30mLevel 1[0m _identify(src/rmitbot_navigation) by extension 'colcon_meta'
[0.135s] [34mcolcon.colcon_core.package_identification[0m [1;30mLevel 1[0m _identify(src/rmitbot_navigation) by extensions ['ros']
[0.135s] [34mcolcon.colcon_core.package_identification[0m [1;30mLevel 1[0m _identify(src/rmitbot_navigation) by extension 'ros'
[0.136s] [34mcolcon.colcon_core.package_identification[0m [1;30mDEBUG[0m [32mPackage 'src/rmitbot_navigation' with type 'ros.ament_cmake' and name 'rmitbot_navigation'[0m
[0.136s] [34mcolcon.colcon_core.package_discovery[0m [1;30mLevel 1[0m discover_packages(recursive) using defaults
[0.136s] [34mcolcon.colcon_core.package_discovery[0m [1;30mLevel 1[0m discover_packages(ignore) discover
[0.136s] [34mcolcon.colcon_core.package_discovery[0m [1;30mLevel 1[0m discover_packages(ignore) using defaults
[0.136s] [34mcolcon.colcon_core.package_discovery[0m [1;30mLevel 1[0m discover_packages(path) discover
[0.136s] [34mcolcon.colcon_core.package_discovery[0m [1;30mLevel 1[0m discover_packages(path) using defaults
[0.147s] [34mcolcon.colcon_core.package_discovery[0m [1;30mLevel 1[0m discover_packages(prefix_path) check parameters
[0.147s] [34mcolcon.colcon_core.package_discovery[0m [1;30mLevel 1[0m discover_packages(prefix_path) discover
[0.148s] [34mcolcon.colcon_installed_package_information.package_discovery[0m [1;30mDEBUG[0m [32mFound 7 installed packages in /home/v120506/rmit_ros2_ws/install[0m
[0.150s] [34mcolcon.colcon_installed_package_information.package_discovery[0m [1;30mDEBUG[0m [32mFound 452 installed packages in /opt/ros/jazzy[0m
[0.151s] [34mcolcon.colcon_core.package_discovery[0m [1;30mLevel 1[0m discover_packages(prefix_path) using defaults
[0.192s] [34mcolcon.colcon_core.verb[0m [1;30mLevel 5[0m set package 'rmitbot_bringup' build argument 'cmake_args' from command line to 'None'
[0.192s] [34mcolcon.colcon_core.verb[0m [1;30mLevel 5[0m set package 'rmitbot_bringup' build argument 'cmake_target' from command line to 'None'
[0.192s] [34mcolcon.colcon_core.verb[0m [1;30mLevel 5[0m set package 'rmitbot_bringup' build argument 'cmake_target_skip_unavailable' from command line to 'False'
[0.192s] [34mcolcon.colcon_core.verb[0m [1;30mLevel 5[0m set package 'rmitbot_bringup' build argument 'cmake_clean_cache' from command line to 'False'
[0.192s] [34mcolcon.colcon_core.verb[0m [1;30mLevel 5[0m set package 'rmitbot_bringup' build argument 'cmake_clean_first' from command line to 'False'
[0.192s] [34mcolcon.colcon_core.verb[0m [1;30mLevel 5[0m set package 'rmitbot_bringup' build argument 'cmake_force_configure' from command line to 'False'
[0.192s] [34mcolcon.colcon_core.verb[0m [1;30mLevel 5[0m set package 'rmitbot_bringup' build argument 'ament_cmake_args' from command line to 'None'
[0.192s] [34mcolcon.colcon_core.verb[0m [1;30mLevel 5[0m set package 'rmitbot_bringup' build argument 'catkin_cmake_args' from command line to 'None'
[0.192s] [34mcolcon.colcon_core.verb[0m [1;30mLevel 5[0m set package 'rmitbot_bringup' build argument 'catkin_skip_building_tests' from command line to 'False'
[0.192s] [34mcolcon.colcon_core.verb[0m [1;30mDEBUG[0m [32mBuilding package 'rmitbot_bringup' with the following arguments: {'ament_cmake_args': None, 'build_base': '/home/v120506/rmit_ros2_ws/build/rmitbot_bringup', 'catkin_cmake_args': None, 'catkin_skip_building_tests': False, 'cmake_args': None, 'cmake_clean_cache': False, 'cmake_clean_first': False, 'cmake_force_configure': False, 'cmake_target': None, 'cmake_target_skip_unavailable': False, 'install_base': '/home/v120506/rmit_ros2_ws/install/rmitbot_bringup', 'merge_install': False, 'path': '/home/v120506/rmit_ros2_ws/src/rmitbot_bringup', 'symlink_install': False, 'test_result_base': None}[0m
[0.192s] [34mcolcon.colcon_core.verb[0m [1;30mLevel 5[0m set package 'rmitbot_controller' build argument 'cmake_args' from command line to 'None'
[0.192s] [34mcolcon.colcon_core.verb[0m [1;30mLevel 5[0m set package 'rmitbot_controller' build argument 'cmake_target' from command line to 'None'
[0.192s] [34mcolcon.colcon_core.verb[0m [1;30mLevel 5[0m set package 'rmitbot_controller' build argument 'cmake_target_skip_unavailable' from command line to 'False'
[0.192s] [34mcolcon.colcon_core.verb[0m [1;30mLevel 5[0m set package 'rmitbot_controller' build argument 'cmake_clean_cache' from command line to 'False'
[0.192s] [34mcolcon.colcon_core.verb[0m [1;30mLevel 5[0m set package 'rmitbot_controller' build argument 'cmake_clean_first' from command line to 'False'
[0.192s] [34mcolcon.colcon_core.verb[0m [1;30mLevel 5[0m set package 'rmitbot_controller' build argument 'cmake_force_configure' from command line to 'False'
[0.192s] [34mcolcon.colcon_core.verb[0m [1;30mLevel 5[0m set package 'rmitbot_controller' build argument 'ament_cmake_args' from command line to 'None'
[0.192s] [34mcolcon.colcon_core.verb[0m [1;30mLevel 5[0m set package 'rmitbot_controller' build argument 'catkin_cmake_args' from command line to 'None'
[0.192s] [34mcolcon.colcon_core.verb[0m [1;30mLevel 5[0m set package 'rmitbot_controller' build argument 'catkin_skip_building_tests' from command line to 'False'
[0.192s] [34mcolcon.colcon_core.verb[0m [1;30mDEBUG[0m [32mBuilding package 'rmitbot_controller' with the following arguments: {'ament_cmake_args': None, 'build_base': '/home/v120506/rmit_ros2_ws/build/rmitbot_controller', 'catkin_cmake_args': None, 'catkin_skip_building_tests': False, 'cmake_args': None, 'cmake_clean_cache': False, 'cmake_clean_first': False, 'cmake_force_configure': False, 'cmake_target': None, 'cmake_target_skip_unavailable': False, 'install_base': '/home/v120506/rmit_ros2_ws/install/rmitbot_controller', 'merge_install': False, 'path': '/home/v120506/rmit_ros2_ws/src/rmitbot_controller', 'symlink_install': False, 'test_result_base': None}[0m
[0.193s] [34mcolcon.colcon_core.verb[0m [1;30mLevel 5[0m set package 'rmitbot_description' build argument 'cmake_args' from command line to 'None'
[0.193s] [34mcolcon.colcon_core.verb[0m [1;30mLevel 5[0m set package 'rmitbot_description' build argument 'cmake_target' from command line to 'None'
[0.193s] [34mcolcon.colcon_core.verb[0m [1;30mLevel 5[0m set package 'rmitbot_description' build argument 'cmake_target_skip_unavailable' from command line to 'False'
[0.193s] [34mcolcon.colcon_core.verb[0m [1;30mLevel 5[0m set package 'rmitbot_description' build argument 'cmake_clean_cache' from command line to 'False'
[0.193s] [34mcolcon.colcon_core.verb[0m [1;30mLevel 5[0m set package 'rmitbot_description' build argument 'cmake_clean_first' from command line to 'False'
[0.193s] [34mcolcon.colcon_core.verb[0m [1;30mLevel 5[0m set package 'rmitbot_description' build argument 'cmake_force_configure' from command line to 'False'
[0.193s] [34mcolcon.colcon_core.verb[0m [1;30mLevel 5[0m set package 'rmitbot_description' build argument 'ament_cmake_args' from command line to 'None'
[0.193s] [34mcolcon.colcon_core.verb[0m [1;30mLevel 5[0m set package 'rmitbot_description' build argument 'catkin_cmake_args' from command line to 'None'
[0.193s] [34mcolcon.colcon_core.verb[0m [1;30mLevel 5[0m set package 'rmitbot_description' build argument 'catkin_skip_building_tests' from command line to 'False'
[0.193s] [34mcolcon.colcon_core.verb[0m [1;30mDEBUG[0m [32mBuilding package 'rmitbot_description' with the following arguments: {'ament_cmake_args': None, 'build_base': '/home/v120506/rmit_ros2_ws/build/rmitbot_description', 'catkin_cmake_args': None, 'catkin_skip_building_tests': False, 'cmake_args': None, 'cmake_clean_cache': False, 'cmake_clean_first': False, 'cmake_force_configure': False, 'cmake_target': None, 'cmake_target_skip_unavailable': False, 'install_base': '/home/v120506/rmit_ros2_ws/install/rmitbot_description', 'merge_install': False, 'path': '/home/v120506/rmit_ros2_ws/src/rmitbot_description', 'symlink_install': False, 'test_result_base': None}[0m
[0.193s] [34mcolcon.colcon_core.verb[0m [1;30mLevel 5[0m set package 'rmitbot_firmware' build argument 'cmake_args' from command line to 'None'
[0.193s] [34mcolcon.colcon_core.verb[0m [1;30mLevel 5[0m set package 'rmitbot_firmware' build argument 'cmake_target' from command line to 'None'
[0.193s] [34mcolcon.colcon_core.verb[0m [1;30mLevel 5[0m set package 'rmitbot_firmware' build argument 'cmake_target_skip_unavailable' from command line to 'False'
[0.193s] [34mcolcon.colcon_core.verb[0m [1;30mLevel 5[0m set package 'rmitbot_firmware' build argument 'cmake_clean_cache' from command line to 'False'
[0.193s] [34mcolcon.colcon_core.verb[0m [1;30mLevel 5[0m set package 'rmitbot_firmware' build argument 'cmake_clean_first' from command line to 'False'
[0.193s] [34mcolcon.colcon_core.verb[0m [1;30mLevel 5[0m set package 'rmitbot_firmware' build argument 'cmake_force_configure' from command line to 'False'
[0.193s] [34mcolcon.colcon_core.verb[0m [1;30mLevel 5[0m set package 'rmitbot_firmware' build argument 'ament_cmake_args' from command line to 'None'
[0.193s] [34mcolcon.colcon_core.verb[0m [1;30mLevel 5[0m set package 'rmitbot_firmware' build argument 'catkin_cmake_args' from command line to 'None'
[0.193s] [34mcolcon.colcon_core.verb[0m [1;30mLevel 5[0m set package 'rmitbot_firmware' build argument 'catkin_skip_building_tests' from command line to 'False'
[0.193s] [34mcolcon.colcon_core.verb[0m [1;30mDEBUG[0m [32mBuilding package 'rmitbot_firmware' with the following arguments: {'ament_cmake_args': None, 'build_base': '/home/v120506/rmit_ros2_ws/build/rmitbot_firmware', 'catkin_cmake_args': None, 'catkin_skip_building_tests': False, 'cmake_args': None, 'cmake_clean_cache': False, 'cmake_clean_first': False, 'cmake_force_configure': False, 'cmake_target': None, 'cmake_target_skip_unavailable': False, 'install_base': '/home/v120506/rmit_ros2_ws/install/rmitbot_firmware', 'merge_install': False, 'path': '/home/v120506/rmit_ros2_ws/src/rmitbot_firmware', 'symlink_install': False, 'test_result_base': None}[0m
[0.193s] [34mcolcon.colcon_core.verb[0m [1;30mLevel 5[0m set package 'rmitbot_localization' build argument 'cmake_args' from command line to 'None'
[0.193s] [34mcolcon.colcon_core.verb[0m [1;30mLevel 5[0m set package 'rmitbot_localization' build argument 'cmake_target' from command line to 'None'
[0.193s] [34mcolcon.colcon_core.verb[0m [1;30mLevel 5[0m set package 'rmitbot_localization' build argument 'cmake_target_skip_unavailable' from command line to 'False'
[0.193s] [34mcolcon.colcon_core.verb[0m [1;30mLevel 5[0m set package 'rmitbot_localization' build argument 'cmake_clean_cache' from command line to 'False'
[0.193s] [34mcolcon.colcon_core.verb[0m [1;30mLevel 5[0m set package 'rmitbot_localization' build argument 'cmake_clean_first' from command line to 'False'
[0.193s] [34mcolcon.colcon_core.verb[0m [1;30mLevel 5[0m set package 'rmitbot_localization' build argument 'cmake_force_configure' from command line to 'False'
[0.193s] [34mcolcon.colcon_core.verb[0m [1;30mLevel 5[0m set package 'rmitbot_localization' build argument 'ament_cmake_args' from command line to 'None'
[0.193s] [34mcolcon.colcon_core.verb[0m [1;30mLevel 5[0m set package 'rmitbot_localization' build argument 'catkin_cmake_args' from command line to 'None'
[0.193s] [34mcolcon.colcon_core.verb[0m [1;30mLevel 5[0m set package 'rmitbot_localization' build argument 'catkin_skip_building_tests' from command line to 'False'
[0.193s] [34mcolcon.colcon_core.verb[0m [1;30mDEBUG[0m [32mBuilding package 'rmitbot_localization' with the following arguments: {'ament_cmake_args': None, 'build_base': '/home/v120506/rmit_ros2_ws/build/rmitbot_localization', 'catkin_cmake_args': None, 'catkin_skip_building_tests': False, 'cmake_args': None, 'cmake_clean_cache': False, 'cmake_clean_first': False, 'cmake_force_configure': False, 'cmake_target': None, 'cmake_target_skip_unavailable': False, 'install_base': '/home/v120506/rmit_ros2_ws/install/rmitbot_localization', 'merge_install': False, 'path': '/home/v120506/rmit_ros2_ws/src/rmitbot_localization', 'symlink_install': False, 'test_result_base': None}[0m
[0.194s] [34mcolcon.colcon_core.verb[0m [1;30mLevel 5[0m set package 'rmitbot_mapping' build argument 'cmake_args' from command line to 'None'
[0.194s] [34mcolcon.colcon_core.verb[0m [1;30mLevel 5[0m set package 'rmitbot_mapping' build argument 'cmake_target' from command line to 'None'
[0.194s] [34mcolcon.colcon_core.verb[0m [1;30mLevel 5[0m set package 'rmitbot_mapping' build argument 'cmake_target_skip_unavailable' from command line to 'False'
[0.194s] [34mcolcon.colcon_core.verb[0m [1;30mLevel 5[0m set package 'rmitbot_mapping' build argument 'cmake_clean_cache' from command line to 'False'
[0.194s] [34mcolcon.colcon_core.verb[0m [1;30mLevel 5[0m set package 'rmitbot_mapping' build argument 'cmake_clean_first' from command line to 'False'
[0.194s] [34mcolcon.colcon_core.verb[0m [1;30mLevel 5[0m set package 'rmitbot_mapping' build argument 'cmake_force_configure' from command line to 'False'
[0.194s] [34mcolcon.colcon_core.verb[0m [1;30mLevel 5[0m set package 'rmitbot_mapping' build argument 'ament_cmake_args' from command line to 'None'
[0.194s] [34mcolcon.colcon_core.verb[0m [1;30mLevel 5[0m set package 'rmitbot_mapping' build argument 'catkin_cmake_args' from command line to 'None'
[0.194s] [34mcolcon.colcon_core.verb[0m [1;30mLevel 5[0m set package 'rmitbot_mapping' build argument 'catkin_skip_building_tests' from command line to 'False'
[0.194s] [34mcolcon.colcon_core.verb[0m [1;30mDEBUG[0m [32mBuilding package 'rmitbot_mapping' with the following arguments: {'ament_cmake_args': None, 'build_base': '/home/v120506/rmit_ros2_ws/build/rmitbot_mapping', 'catkin_cmake_args': None, 'catkin_skip_building_tests': False, 'cmake_args': None, 'cmake_clean_cache': False, 'cmake_clean_first': False, 'cmake_force_configure': False, 'cmake_target': None, 'cmake_target_skip_unavailable': False, 'install_base': '/home/v120506/rmit_ros2_ws/install/rmitbot_mapping', 'merge_install': False, 'path': '/home/v120506/rmit_ros2_ws/src/rmitbot_mapping', 'symlink_install': False, 'test_result_base': None}[0m
[0.194s] [34mcolcon.colcon_core.verb[0m [1;30mLevel 5[0m set package 'rmitbot_navigation' build argument 'cmake_args' from command line to 'None'
[0.194s] [34mcolcon.colcon_core.verb[0m [1;30mLevel 5[0m set package 'rmitbot_navigation' build argument 'cmake_target' from command line to 'None'
[0.194s] [34mcolcon.colcon_core.verb[0m [1;30mLevel 5[0m set package 'rmitbot_navigation' build argument 'cmake_target_skip_unavailable' from command line to 'False'
[0.194s] [34mcolcon.colcon_core.verb[0m [1;30mLevel 5[0m set package 'rmitbot_navigation' build argument 'cmake_clean_cache' from command line to 'False'
[0.194s] [34mcolcon.colcon_core.verb[0m [1;30mLevel 5[0m set package 'rmitbot_navigation' build argument 'cmake_clean_first' from command line to 'False'
[0.194s] [34mcolcon.colcon_core.verb[0m [1;30mLevel 5[0m set package 'rmitbot_navigation' build argument 'cmake_force_configure' from command line to 'False'
[0.194s] [34mcolcon.colcon_core.verb[0m [1;30mLevel 5[0m set package 'rmitbot_navigation' build argument 'ament_cmake_args' from command line to 'None'
[0.194s] [34mcolcon.colcon_core.verb[0m [1;30mLevel 5[0m set package 'rmitbot_navigation' build argument 'catkin_cmake_args' from command line to 'None'
[0.194s] [34mcolcon.colcon_core.verb[0m [1;30mLevel 5[0m set package 'rmitbot_navigation' build argument 'catkin_skip_building_tests' from command line to 'False'
[0.194s] [34mcolcon.colcon_core.verb[0m [1;30mDEBUG[0m [32mBuilding package 'rmitbot_navigation' with the following arguments: {'ament_cmake_args': None, 'build_base': '/home/v120506/rmit_ros2_ws/build/rmitbot_navigation', 'catkin_cmake_args': None, 'catkin_skip_building_tests': False, 'cmake_args': None, 'cmake_clean_cache': False, 'cmake_clean_first': False, 'cmake_force_configure': False, 'cmake_target': None, 'cmake_target_skip_unavailable': False, 'install_base': '/home/v120506/rmit_ros2_ws/install/rmitbot_navigation', 'merge_install': False, 'path': '/home/v120506/rmit_ros2_ws/src/rmitbot_navigation', 'symlink_install': False, 'test_result_base': None}[0m
[0.194s] [34mcolcon.colcon_core.executor[0m [1;30mINFO[0m Executing jobs using 'parallel' executor
[0.195s] [34mcolcon.colcon_parallel_executor.executor.parallel[0m [1;30mDEBUG[0m [32mrun_until_complete[0m
[0.195s] [34mcolcon.colcon_ros.task.ament_cmake.build[0m [1;30mINFO[0m Building ROS package in '/home/v120506/rmit_ros2_ws/src/rmitbot_bringup' with build type 'ament_cmake'
[0.195s] [34mcolcon.colcon_cmake.task.cmake.build[0m [1;30mINFO[0m Building CMake package in '/home/v120506/rmit_ros2_ws/src/rmitbot_bringup'
[0.197s] [34mcolcon.colcon_core.plugin_system[0m [1;30mINFO[0m Skipping extension 'colcon_core.shell.bat': Not used on non-Windows systems
[0.197s] [34mcolcon.colcon_core.shell[0m [1;30mINFO[0m Skip shell extension 'powershell' for command environment: Not usable outside of PowerShell
[0.197s] [34mcolcon.colcon_core.shell[0m [1;30mDEBUG[0m [32mSkip shell extension 'dsv' for command environment[0m
[0.201s] [34mcolcon.colcon_ros.task.ament_cmake.build[0m [1;30mINFO[0m Building ROS package in '/home/v120506/rmit_ros2_ws/src/rmitbot_controller' with build type 'ament_cmake'
[0.201s] [34mcolcon.colcon_cmake.task.cmake.build[0m [1;30mINFO[0m Building CMake package in '/home/v120506/rmit_ros2_ws/src/rmitbot_controller'
[0.201s] [34mcolcon.colcon_core.shell[0m [1;30mINFO[0m Skip shell extension 'powershell' for command environment: Not usable outside of PowerShell
[0.201s] [34mcolcon.colcon_core.shell[0m [1;30mDEBUG[0m [32mSkip shell extension 'dsv' for command environment[0m
[0.204s] [34mcolcon.colcon_ros.task.ament_cmake.build[0m [1;30mINFO[0m Building ROS package in '/home/v120506/rmit_ros2_ws/src/rmitbot_description' with build type 'ament_cmake'
[0.205s] [34mcolcon.colcon_cmake.task.cmake.build[0m [1;30mINFO[0m Building CMake package in '/home/v120506/rmit_ros2_ws/src/rmitbot_description'
[0.205s] [34mcolcon.colcon_core.shell[0m [1;30mINFO[0m Skip shell extension 'powershell' for command environment: Not usable outside of PowerShell
[0.205s] [34mcolcon.colcon_core.shell[0m [1;30mDEBUG[0m [32mSkip shell extension 'dsv' for command environment[0m
[0.218s] [34mcolcon.colcon_ros.task.ament_cmake.build[0m [1;30mINFO[0m Building ROS package in '/home/v120506/rmit_ros2_ws/src/rmitbot_firmware' with build type 'ament_cmake'
[0.218s] [34mcolcon.colcon_cmake.task.cmake.build[0m [1;30mINFO[0m Building CMake package in '/home/v120506/rmit_ros2_ws/src/rmitbot_firmware'
[0.218s] [34mcolcon.colcon_core.shell[0m [1;30mINFO[0m Skip shell extension 'powershell' for command environment: Not usable outside of PowerShell
[0.218s] [34mcolcon.colcon_core.shell[0m [1;30mDEBUG[0m [32mSkip shell extension 'dsv' for command environment[0m
[0.222s] [34mcolcon.colcon_ros.task.ament_cmake.build[0m [1;30mINFO[0m Building ROS package in '/home/v120506/rmit_ros2_ws/src/rmitbot_localization' with build type 'ament_cmake'
[0.222s] [34mcolcon.colcon_cmake.task.cmake.build[0m [1;30mINFO[0m Building CMake package in '/home/v120506/rmit_ros2_ws/src/rmitbot_localization'
[0.222s] [34mcolcon.colcon_core.shell[0m [1;30mINFO[0m Skip shell extension 'powershell' for command environment: Not usable outside of PowerShell
[0.222s] [34mcolcon.colcon_core.shell[0m [1;30mDEBUG[0m [32mSkip shell extension 'dsv' for command environment[0m
[0.225s] [34mcolcon.colcon_ros.task.ament_cmake.build[0m [1;30mINFO[0m Building ROS package in '/home/v120506/rmit_ros2_ws/src/rmitbot_mapping' with build type 'ament_cmake'
[0.225s] [34mcolcon.colcon_cmake.task.cmake.build[0m [1;30mINFO[0m Building CMake package in '/home/v120506/rmit_ros2_ws/src/rmitbot_mapping'
[0.226s] [34mcolcon.colcon_core.shell[0m [1;30mINFO[0m Skip shell extension 'powershell' for command environment: Not usable outside of PowerShell
[0.226s] [34mcolcon.colcon_core.shell[0m [1;30mDEBUG[0m [32mSkip shell extension 'dsv' for command environment[0m
[0.228s] [34mcolcon.colcon_ros.task.ament_cmake.build[0m [1;30mINFO[0m Building ROS package in '/home/v120506/rmit_ros2_ws/src/rmitbot_navigation' with build type 'ament_cmake'
[0.229s] [34mcolcon.colcon_cmake.task.cmake.build[0m [1;30mINFO[0m Building CMake package in '/home/v120506/rmit_ros2_ws/src/rmitbot_navigation'
[0.229s] [34mcolcon.colcon_core.shell[0m [1;30mINFO[0m Skip shell extension 'powershell' for command environment: Not usable outside of PowerShell
[0.229s] [34mcolcon.colcon_core.shell[0m [1;30mDEBUG[0m [32mSkip shell extension 'dsv' for command environment[0m
[0.235s] [34mcolcon.colcon_core.event_handler.log_command[0m [1;30mDEBUG[0m [32mInvoking command in '/home/v120506/rmit_ros2_ws/build/rmitbot_bringup': CMAKE_PREFIX_PATH=${CMAKE_PREFIX_PATH}:/opt/ros/jazzy DEBUGINFOD_URLS=https://debuginfod.ubuntu.com /usr/bin/cmake --build /home/v120506/rmit_ros2_ws/build/rmitbot_bringup -- -j8 -l8[0m
[0.236s] [34mcolcon.colcon_core.event_handler.log_command[0m [1;30mDEBUG[0m [32mInvoking command in '/home/v120506/rmit_ros2_ws/build/rmitbot_controller': CMAKE_PREFIX_PATH=${CMAKE_PREFIX_PATH}:/opt/ros/jazzy DEBUGINFOD_URLS=https://debuginfod.ubuntu.com /usr/bin/cmake --build /home/v120506/rmit_ros2_ws/build/rmitbot_controller -- -j8 -l8[0m
[0.238s] [34mcolcon.colcon_core.event_handler.log_command[0m [1;30mDEBUG[0m [32mInvoking command in '/home/v120506/rmit_ros2_ws/build/rmitbot_description': CMAKE_PREFIX_PATH=${CMAKE_PREFIX_PATH}:/opt/ros/jazzy DEBUGINFOD_URLS=https://debuginfod.ubuntu.com /usr/bin/cmake --build /home/v120506/rmit_ros2_ws/build/rmitbot_description -- -j8 -l8[0m
[0.241s] [34mcolcon.colcon_core.event_handler.log_command[0m [1;30mDEBUG[0m [32mInvoking command in '/home/v120506/rmit_ros2_ws/build/rmitbot_firmware': CMAKE_PREFIX_PATH=${CMAKE_PREFIX_PATH}:/opt/ros/jazzy DEBUGINFOD_URLS=https://debuginfod.ubuntu.com /usr/bin/cmake --build /home/v120506/rmit_ros2_ws/build/rmitbot_firmware -- -j8 -l8[0m
[0.245s] [34mcolcon.colcon_core.event_handler.log_command[0m [1;30mDEBUG[0m [32mInvoking command in '/home/v120506/rmit_ros2_ws/build/rmitbot_localization': CMAKE_PREFIX_PATH=${CMAKE_PREFIX_PATH}:/opt/ros/jazzy DEBUGINFOD_URLS=https://debuginfod.ubuntu.com /usr/bin/cmake --build /home/v120506/rmit_ros2_ws/build/rmitbot_localization -- -j8 -l8[0m
[0.248s] [34mcolcon.colcon_core.event_handler.log_command[0m [1;30mDEBUG[0m [32mInvoking command in '/home/v120506/rmit_ros2_ws/build/rmitbot_mapping': CMAKE_PREFIX_PATH=${CMAKE_PREFIX_PATH}:/opt/ros/jazzy DEBUGINFOD_URLS=https://debuginfod.ubuntu.com /usr/bin/cmake --build /home/v120506/rmit_ros2_ws/build/rmitbot_mapping -- -j8 -l8[0m
[0.255s] [34mcolcon.colcon_core.event_handler.log_command[0m [1;30mDEBUG[0m [32mInvoking command in '/home/v120506/rmit_ros2_ws/build/rmitbot_navigation': CMAKE_PREFIX_PATH=${CMAKE_PREFIX_PATH}:/opt/ros/jazzy DEBUGINFOD_URLS=https://debuginfod.ubuntu.com /usr/bin/cmake --build /home/v120506/rmit_ros2_ws/build/rmitbot_navigation -- -j8 -l8[0m
[0.285s] [34mcolcon.colcon_core.event_handler.log_command[0m [1;30mDEBUG[0m [32mInvoked command in '/home/v120506/rmit_ros2_ws/build/rmitbot_bringup' returned '0': CMAKE_PREFIX_PATH=${CMAKE_PREFIX_PATH}:/opt/ros/jazzy DEBUGINFOD_URLS=https://debuginfod.ubuntu.com /usr/bin/cmake --build /home/v120506/rmit_ros2_ws/build/rmitbot_bringup -- -j8 -l8[0m
[0.295s] [34mcolcon.colcon_core.event_handler.log_command[0m [1;30mDEBUG[0m [32mInvoking command in '/home/v120506/rmit_ros2_ws/build/rmitbot_bringup': CMAKE_PREFIX_PATH=${CMAKE_PREFIX_PATH}:/opt/ros/jazzy DEBUGINFOD_URLS=https://debuginfod.ubuntu.com /usr/bin/cmake --install /home/v120506/rmit_ros2_ws/build/rmitbot_bringup[0m
[0.297s] [34mcolcon.colcon_core.event_handler.log_command[0m [1;30mDEBUG[0m [32mInvoked command in '/home/v120506/rmit_ros2_ws/build/rmitbot_controller' returned '0': CMAKE_PREFIX_PATH=${CMAKE_PREFIX_PATH}:/opt/ros/jazzy DEBUGINFOD_URLS=https://debuginfod.ubuntu.com /usr/bin/cmake --build /home/v120506/rmit_ros2_ws/build/rmitbot_controller -- -j8 -l8[0m
[0.299s] [34mcolcon.colcon_core.event_handler.log_command[0m [1;30mDEBUG[0m [32mInvoking command in '/home/v120506/rmit_ros2_ws/build/rmitbot_controller': CMAKE_PREFIX_PATH=${CMAKE_PREFIX_PATH}:/opt/ros/jazzy DEBUGINFOD_URLS=https://debuginfod.ubuntu.com /usr/bin/cmake --install /home/v120506/rmit_ros2_ws/build/rmitbot_controller[0m
[0.301s] [34mcolcon.colcon_core.event_handler.log_command[0m [1;30mDEBUG[0m [32mInvoked command in '/home/v120506/rmit_ros2_ws/build/rmitbot_localization' returned '0': CMAKE_PREFIX_PATH=${CMAKE_PREFIX_PATH}:/opt/ros/jazzy DEBUGINFOD_URLS=https://debuginfod.ubuntu.com /usr/bin/cmake --build /home/v120506/rmit_ros2_ws/build/rmitbot_localization -- -j8 -l8[0m
[0.304s] [34mcolcon.colcon_core.event_handler.log_command[0m [1;30mDEBUG[0m [32mInvoking command in '/home/v120506/rmit_ros2_ws/build/rmitbot_localization': CMAKE_PREFIX_PATH=${CMAKE_PREFIX_PATH}:/opt/ros/jazzy DEBUGINFOD_URLS=https://debuginfod.ubuntu.com /usr/bin/cmake --install /home/v120506/rmit_ros2_ws/build/rmitbot_localization[0m
[0.305s] [34mcolcon.colcon_core.event_handler.log_command[0m [1;30mDEBUG[0m [32mInvoked command in '/home/v120506/rmit_ros2_ws/build/rmitbot_description' returned '0': CMAKE_PREFIX_PATH=${CMAKE_PREFIX_PATH}:/opt/ros/jazzy DEBUGINFOD_URLS=https://debuginfod.ubuntu.com /usr/bin/cmake --build /home/v120506/rmit_ros2_ws/build/rmitbot_description -- -j8 -l8[0m
[0.305s] [34mcolcon.colcon_core.event_handler.log_command[0m [1;30mDEBUG[0m [32mInvoking command in '/home/v120506/rmit_ros2_ws/build/rmitbot_description': CMAKE_PREFIX_PATH=${CMAKE_PREFIX_PATH}:/opt/ros/jazzy DEBUGINFOD_URLS=https://debuginfod.ubuntu.com /usr/bin/cmake --install /home/v120506/rmit_ros2_ws/build/rmitbot_description[0m
[0.311s] [34mcolcon.colcon_core.event_handler.log_command[0m [1;30mDEBUG[0m [32mInvoked command in '/home/v120506/rmit_ros2_ws/build/rmitbot_mapping' returned '0': CMAKE_PREFIX_PATH=${CMAKE_PREFIX_PATH}:/opt/ros/jazzy DEBUGINFOD_URLS=https://debuginfod.ubuntu.com /usr/bin/cmake --build /home/v120506/rmit_ros2_ws/build/rmitbot_mapping -- -j8 -l8[0m
[0.313s] [34mcolcon.colcon_core.event_handler.log_command[0m [1;30mDEBUG[0m [32mInvoking command in '/home/v120506/rmit_ros2_ws/build/rmitbot_mapping': CMAKE_PREFIX_PATH=${CMAKE_PREFIX_PATH}:/opt/ros/jazzy DEBUGINFOD_URLS=https://debuginfod.ubuntu.com /usr/bin/cmake --install /home/v120506/rmit_ros2_ws/build/rmitbot_mapping[0m
[0.315s] [34mcolcon.colcon_core.environment[0m [1;30mLevel 1[0m create_environment_scripts_only(rmitbot_bringup)
[0.320s] [34mcolcon.colcon_core.event_handler.log_command[0m [1;30mDEBUG[0m [32mInvoked command in '/home/v120506/rmit_ros2_ws/build/rmitbot_navigation' returned '0': CMAKE_PREFIX_PATH=${CMAKE_PREFIX_PATH}:/opt/ros/jazzy DEBUGINFOD_URLS=https://debuginfod.ubuntu.com /usr/bin/cmake --build /home/v120506/rmit_ros2_ws/build/rmitbot_navigation -- -j8 -l8[0m
[0.323s] [34mcolcon.colcon_core.event_handler.log_command[0m [1;30mDEBUG[0m [32mInvoking command in '/home/v120506/rmit_ros2_ws/build/rmitbot_navigation': CMAKE_PREFIX_PATH=${CMAKE_PREFIX_PATH}:/opt/ros/jazzy DEBUGINFOD_URLS=https://debuginfod.ubuntu.com /usr/bin/cmake --install /home/v120506/rmit_ros2_ws/build/rmitbot_navigation[0m
[0.323s] [34mcolcon.colcon_core.event_handler.log_command[0m [1;30mDEBUG[0m [32mInvoked command in '/home/v120506/rmit_ros2_ws/build/rmitbot_bringup' returned '0': CMAKE_PREFIX_PATH=${CMAKE_PREFIX_PATH}:/opt/ros/jazzy DEBUGINFOD_URLS=https://debuginfod.ubuntu.com /usr/bin/cmake --install /home/v120506/rmit_ros2_ws/build/rmitbot_bringup[0m
[0.327s] [34mcolcon.colcon_core.environment[0m [1;30mLevel 1[0m checking '/home/v120506/rmit_ros2_ws/install/rmitbot_bringup' for CMake module files
[0.329s] [34mcolcon.colcon_core.environment[0m [1;30mLevel 1[0m checking '/home/v120506/rmit_ros2_ws/install/rmitbot_bringup' for CMake config files
[0.329s] [34mcolcon.colcon_core.shell[0m [1;30mLevel 1[0m create_environment_hook('rmitbot_bringup', 'cmake_prefix_path')
[0.330s] [34mcolcon.colcon_core.shell[0m [1;30mINFO[0m Creating environment hook '/home/v120506/rmit_ros2_ws/install/rmitbot_bringup/share/rmitbot_bringup/hook/cmake_prefix_path.ps1'
[0.330s] [34mcolcon.colcon_core.shell[0m [1;30mINFO[0m Creating environment descriptor '/home/v120506/rmit_ros2_ws/install/rmitbot_bringup/share/rmitbot_bringup/hook/cmake_prefix_path.dsv'
[0.331s] [34mcolcon.colcon_core.shell[0m [1;30mINFO[0m Creating environment hook '/home/v120506/rmit_ros2_ws/install/rmitbot_bringup/share/rmitbot_bringup/hook/cmake_prefix_path.sh'
[0.331s] [34mcolcon.colcon_core.environment[0m [1;30mLevel 1[0m checking '/home/v120506/rmit_ros2_ws/install/rmitbot_bringup/bin'
[0.331s] [34mcolcon.colcon_core.environment[0m [1;30mLevel 1[0m checking '/home/v120506/rmit_ros2_ws/install/rmitbot_bringup/lib/pkgconfig/rmitbot_bringup.pc'
[0.331s] [34mcolcon.colcon_core.environment[0m [1;30mLevel 1[0m checking '/home/v120506/rmit_ros2_ws/install/rmitbot_bringup/lib/python3.12/site-packages'
[0.332s] [34mcolcon.colcon_core.environment[0m [1;30mLevel 1[0m checking '/home/v120506/rmit_ros2_ws/install/rmitbot_bringup/bin'
[0.332s] [34mcolcon.colcon_core.shell[0m [1;30mINFO[0m Creating package script '/home/v120506/rmit_ros2_ws/install/rmitbot_bringup/share/rmitbot_bringup/package.ps1'
[0.332s] [34mcolcon.colcon_core.shell[0m [1;30mINFO[0m Creating package descriptor '/home/v120506/rmit_ros2_ws/install/rmitbot_bringup/share/rmitbot_bringup/package.dsv'
[0.333s] [34mcolcon.colcon_core.shell[0m [1;30mINFO[0m Creating package script '/home/v120506/rmit_ros2_ws/install/rmitbot_bringup/share/rmitbot_bringup/package.sh'
[0.333s] [34mcolcon.colcon_core.shell[0m [1;30mINFO[0m Creating package script '/home/v120506/rmit_ros2_ws/install/rmitbot_bringup/share/rmitbot_bringup/package.bash'
[0.334s] [34mcolcon.colcon_core.shell[0m [1;30mINFO[0m Creating package script '/home/v120506/rmit_ros2_ws/install/rmitbot_bringup/share/rmitbot_bringup/package.zsh'
[0.334s] [34mcolcon.colcon_core.environment[0m [1;30mLevel 1[0m create_file_with_runtime_dependencies(/home/v120506/rmit_ros2_ws/install/rmitbot_bringup/share/colcon-core/packages/rmitbot_bringup)
[0.334s] [34mcolcon.colcon_core.environment[0m [1;30mLevel 1[0m create_environment_scripts_only(rmitbot_bringup)
[0.334s] [34mcolcon.colcon_core.environment[0m [1;30mLevel 1[0m checking '/home/v120506/rmit_ros2_ws/install/rmitbot_bringup' for CMake module files
[0.335s] [34mcolcon.colcon_core.environment[0m [1;30mLevel 1[0m checking '/home/v120506/rmit_ros2_ws/install/rmitbot_bringup' for CMake config files
[0.335s] [34mcolcon.colcon_core.shell[0m [1;30mLevel 1[0m create_environment_hook('rmitbot_bringup', 'cmake_prefix_path')
[0.335s] [34mcolcon.colcon_core.shell[0m [1;30mINFO[0m Creating environment hook '/home/v120506/rmit_ros2_ws/install/rmitbot_bringup/share/rmitbot_bringup/hook/cmake_prefix_path.ps1'
[0.335s] [34mcolcon.colcon_core.shell[0m [1;30mINFO[0m Creating environment descriptor '/home/v120506/rmit_ros2_ws/install/rmitbot_bringup/share/rmitbot_bringup/hook/cmake_prefix_path.dsv'
[0.335s] [34mcolcon.colcon_core.shell[0m [1;30mINFO[0m Creating environment hook '/home/v120506/rmit_ros2_ws/install/rmitbot_bringup/share/rmitbot_bringup/hook/cmake_prefix_path.sh'
[0.336s] [34mcolcon.colcon_core.environment[0m [1;30mLevel 1[0m checking '/home/v120506/rmit_ros2_ws/install/rmitbot_bringup/bin'
[0.336s] [34mcolcon.colcon_core.environment[0m [1;30mLevel 1[0m checking '/home/v120506/rmit_ros2_ws/install/rmitbot_bringup/lib/pkgconfig/rmitbot_bringup.pc'
[0.336s] [34mcolcon.colcon_core.environment[0m [1;30mLevel 1[0m checking '/home/v120506/rmit_ros2_ws/install/rmitbot_bringup/lib/python3.12/site-packages'
[0.336s] [34mcolcon.colcon_core.environment[0m [1;30mLevel 1[0m checking '/home/v120506/rmit_ros2_ws/install/rmitbot_bringup/bin'
[0.337s] [34mcolcon.colcon_core.shell[0m [1;30mINFO[0m Creating package script '/home/v120506/rmit_ros2_ws/install/rmitbot_bringup/share/rmitbot_bringup/package.ps1'
[0.337s] [34mcolcon.colcon_core.shell[0m [1;30mINFO[0m Creating package descriptor '/home/v120506/rmit_ros2_ws/install/rmitbot_bringup/share/rmitbot_bringup/package.dsv'
[0.337s] [34mcolcon.colcon_core.shell[0m [1;30mINFO[0m Creating package script '/home/v120506/rmit_ros2_ws/install/rmitbot_bringup/share/rmitbot_bringup/package.sh'
[0.338s] [34mcolcon.colcon_core.shell[0m [1;30mINFO[0m Creating package script '/home/v120506/rmit_ros2_ws/install/rmitbot_bringup/share/rmitbot_bringup/package.bash'
[0.338s] [34mcolcon.colcon_core.shell[0m [1;30mINFO[0m Creating package script '/home/v120506/rmit_ros2_ws/install/rmitbot_bringup/share/rmitbot_bringup/package.zsh'
[0.338s] [34mcolcon.colcon_core.environment[0m [1;30mLevel 1[0m create_file_with_runtime_dependencies(/home/v120506/rmit_ros2_ws/install/rmitbot_bringup/share/colcon-core/packages/rmitbot_bringup)
[0.340s] [34mcolcon.colcon_core.environment[0m [1;30mLevel 1[0m create_environment_scripts_only(rmitbot_controller)
[0.340s] [34mcolcon.colcon_core.environment[0m [1;30mLevel 1[0m checking '/home/v120506/rmit_ros2_ws/install/rmitbot_controller' for CMake module files
[0.341s] [34mcolcon.colcon_core.environment[0m [1;30mLevel 1[0m checking '/home/v120506/rmit_ros2_ws/install/rmitbot_controller' for CMake config files
[0.343s] [34mcolcon.colcon_core.event_handler.log_command[0m [1;30mDEBUG[0m [32mInvoked command in '/home/v120506/rmit_ros2_ws/build/rmitbot_controller' returned '0': CMAKE_PREFIX_PATH=${CMAKE_PREFIX_PATH}:/opt/ros/jazzy DEBUGINFOD_URLS=https://debuginfod.ubuntu.com /usr/bin/cmake --install /home/v120506/rmit_ros2_ws/build/rmitbot_controller[0m
[0.343s] [34mcolcon.colcon_core.shell[0m [1;30mLevel 1[0m create_environment_hook('rmitbot_controller', 'cmake_prefix_path')
[0.343s] [34mcolcon.colcon_core.shell[0m [1;30mINFO[0m Creating environment hook '/home/v120506/rmit_ros2_ws/install/rmitbot_controller/share/rmitbot_controller/hook/cmake_prefix_path.ps1'
[0.343s] [34mcolcon.colcon_core.shell[0m [1;30mINFO[0m Creating environment descriptor '/home/v120506/rmit_ros2_ws/install/rmitbot_controller/share/rmitbot_controller/hook/cmake_prefix_path.dsv'
[0.344s] [34mcolcon.colcon_core.shell[0m [1;30mINFO[0m Creating environment hook '/home/v120506/rmit_ros2_ws/install/rmitbot_controller/share/rmitbot_controller/hook/cmake_prefix_path.sh'
[0.344s] [34mcolcon.colcon_core.environment[0m [1;30mLevel 1[0m checking '/home/v120506/rmit_ros2_ws/install/rmitbot_controller/bin'
[0.344s] [34mcolcon.colcon_core.environment[0m [1;30mLevel 1[0m checking '/home/v120506/rmit_ros2_ws/install/rmitbot_controller/lib/pkgconfig/rmitbot_controller.pc'
[0.344s] [34mcolcon.colcon_core.environment[0m [1;30mLevel 1[0m checking '/home/v120506/rmit_ros2_ws/install/rmitbot_controller/lib/python3.12/site-packages'
[0.345s] [34mcolcon.colcon_core.environment[0m [1;30mLevel 1[0m checking '/home/v120506/rmit_ros2_ws/install/rmitbot_controller/bin'
[0.345s] [34mcolcon.colcon_core.shell[0m [1;30mINFO[0m Creating package script '/home/v120506/rmit_ros2_ws/install/rmitbot_controller/share/rmitbot_controller/package.ps1'
[0.345s] [34mcolcon.colcon_core.shell[0m [1;30mINFO[0m Creating package descriptor '/home/v120506/rmit_ros2_ws/install/rmitbot_controller/share/rmitbot_controller/package.dsv'
[0.345s] [34mcolcon.colcon_core.shell[0m [1;30mINFO[0m Creating package script '/home/v120506/rmit_ros2_ws/install/rmitbot_controller/share/rmitbot_controller/package.sh'
[0.346s] [34mcolcon.colcon_core.shell[0m [1;30mINFO[0m Creating package script '/home/v120506/rmit_ros2_ws/install/rmitbot_controller/share/rmitbot_controller/package.bash'
[0.346s] [34mcolcon.colcon_core.shell[0m [1;30mINFO[0m Creating package script '/home/v120506/rmit_ros2_ws/install/rmitbot_controller/share/rmitbot_controller/package.zsh'
[0.346s] [34mcolcon.colcon_core.environment[0m [1;30mLevel 1[0m create_file_with_runtime_dependencies(/home/v120506/rmit_ros2_ws/install/rmitbot_controller/share/colcon-core/packages/rmitbot_controller)
[0.347s] [34mcolcon.colcon_core.environment[0m [1;30mLevel 1[0m create_environment_scripts_only(rmitbot_controller)
[0.347s] [34mcolcon.colcon_core.environment[0m [1;30mLevel 1[0m checking '/home/v120506/rmit_ros2_ws/install/rmitbot_controller' for CMake module files
[0.347s] [34mcolcon.colcon_core.environment[0m [1;30mLevel 1[0m checking '/home/v120506/rmit_ros2_ws/install/rmitbot_controller' for CMake config files
[0.347s] [34mcolcon.colcon_core.shell[0m [1;30mLevel 1[0m create_environment_hook('rmitbot_controller', 'cmake_prefix_path')
[0.347s] [34mcolcon.colcon_core.shell[0m [1;30mINFO[0m Creating environment hook '/home/v120506/rmit_ros2_ws/install/rmitbot_controller/share/rmitbot_controller/hook/cmake_prefix_path.ps1'
[0.347s] [34mcolcon.colcon_core.shell[0m [1;30mINFO[0m Creating environment descriptor '/home/v120506/rmit_ros2_ws/install/rmitbot_controller/share/rmitbot_controller/hook/cmake_prefix_path.dsv'
[0.348s] [34mcolcon.colcon_core.shell[0m [1;30mINFO[0m Creating environment hook '/home/v120506/rmit_ros2_ws/install/rmitbot_controller/share/rmitbot_controller/hook/cmake_prefix_path.sh'
[0.348s] [34mcolcon.colcon_core.environment[0m [1;30mLevel 1[0m checking '/home/v120506/rmit_ros2_ws/install/rmitbot_controller/bin'
[0.348s] [34mcolcon.colcon_core.environment[0m [1;30mLevel 1[0m checking '/home/v120506/rmit_ros2_ws/install/rmitbot_controller/lib/pkgconfig/rmitbot_controller.pc'
[0.348s] [34mcolcon.colcon_core.environment[0m [1;30mLevel 1[0m checking '/home/v120506/rmit_ros2_ws/install/rmitbot_controller/lib/python3.12/site-packages'
[0.349s] [34mcolcon.colcon_core.environment[0m [1;30mLevel 1[0m checking '/home/v120506/rmit_ros2_ws/install/rmitbot_controller/bin'
[0.349s] [34mcolcon.colcon_core.shell[0m [1;30mINFO[0m Creating package script '/home/v120506/rmit_ros2_ws/install/rmitbot_controller/share/rmitbot_controller/package.ps1'
[0.349s] [34mcolcon.colcon_core.shell[0m [1;30mINFO[0m Creating package descriptor '/home/v120506/rmit_ros2_ws/install/rmitbot_controller/share/rmitbot_controller/package.dsv'
[0.349s] [34mcolcon.colcon_core.shell[0m [1;30mINFO[0m Creating package script '/home/v120506/rmit_ros2_ws/install/rmitbot_controller/share/rmitbot_controller/package.sh'
[0.350s] [34mcolcon.colcon_core.shell[0m [1;30mINFO[0m Creating package script '/home/v120506/rmit_ros2_ws/install/rmitbot_controller/share/rmitbot_controller/package.bash'
[0.350s] [34mcolcon.colcon_core.shell[0m [1;30mINFO[0m Creating package script '/home/v120506/rmit_ros2_ws/install/rmitbot_controller/share/rmitbot_controller/package.zsh'
[0.350s] [34mcolcon.colcon_core.environment[0m [1;30mLevel 1[0m create_file_with_runtime_dependencies(/home/v120506/rmit_ros2_ws/install/rmitbot_controller/share/colcon-core/packages/rmitbot_controller)
[0.351s] [34mcolcon.colcon_core.environment[0m [1;30mLevel 1[0m create_environment_scripts_only(rmitbot_localization)
[0.351s] [34mcolcon.colcon_core.environment[0m [1;30mLevel 1[0m checking '/home/v120506/rmit_ros2_ws/install/rmitbot_localization' for CMake module files
[0.351s] [34mcolcon.colcon_core.environment[0m [1;30mLevel 1[0m checking '/home/v120506/rmit_ros2_ws/install/rmitbot_localization' for CMake config files
[0.351s] [34mcolcon.colcon_core.event_handler.log_command[0m [1;30mDEBUG[0m [32mInvoked command in '/home/v120506/rmit_ros2_ws/build/rmitbot_localization' returned '0': CMAKE_PREFIX_PATH=${CMAKE_PREFIX_PATH}:/opt/ros/jazzy DEBUGINFOD_URLS=https://debuginfod.ubuntu.com /usr/bin/cmake --install /home/v120506/rmit_ros2_ws/build/rmitbot_localization[0m
[0.352s] [34mcolcon.colcon_core.shell[0m [1;30mLevel 1[0m create_environment_hook('rmitbot_localization', 'cmake_prefix_path')
[0.352s] [34mcolcon.colcon_core.shell[0m [1;30mINFO[0m Creating environment hook '/home/v120506/rmit_ros2_ws/install/rmitbot_localization/share/rmitbot_localization/hook/cmake_prefix_path.ps1'
[0.352s] [34mcolcon.colcon_core.shell[0m [1;30mINFO[0m Creating environment descriptor '/home/v120506/rmit_ros2_ws/install/rmitbot_localization/share/rmitbot_localization/hook/cmake_prefix_path.dsv'
[0.352s] [34mcolcon.colcon_core.shell[0m [1;30mINFO[0m Creating environment hook '/home/v120506/rmit_ros2_ws/install/rmitbot_localization/share/rmitbot_localization/hook/cmake_prefix_path.sh'
[0.353s] [34mcolcon.colcon_core.environment[0m [1;30mLevel 1[0m checking '/home/v120506/rmit_ros2_ws/install/rmitbot_localization/bin'
[0.353s] [34mcolcon.colcon_core.environment[0m [1;30mLevel 1[0m checking '/home/v120506/rmit_ros2_ws/install/rmitbot_localization/lib/pkgconfig/rmitbot_localization.pc'
[0.353s] [34mcolcon.colcon_core.environment[0m [1;30mLevel 1[0m checking '/home/v120506/rmit_ros2_ws/install/rmitbot_localization/lib/python3.12/site-packages'
[0.353s] [34mcolcon.colcon_core.environment[0m [1;30mLevel 1[0m checking '/home/v120506/rmit_ros2_ws/install/rmitbot_localization/bin'
[0.353s] [34mcolcon.colcon_core.shell[0m [1;30mINFO[0m Creating package script '/home/v120506/rmit_ros2_ws/install/rmitbot_localization/share/rmitbot_localization/package.ps1'
[0.354s] [34mcolcon.colcon_core.shell[0m [1;30mINFO[0m Creating package descriptor '/home/v120506/rmit_ros2_ws/install/rmitbot_localization/share/rmitbot_localization/package.dsv'
[0.354s] [34mcolcon.colcon_core.shell[0m [1;30mINFO[0m Creating package script '/home/v120506/rmit_ros2_ws/install/rmitbot_localization/share/rmitbot_localization/package.sh'
[0.354s] [34mcolcon.colcon_core.shell[0m [1;30mINFO[0m Creating package script '/home/v120506/rmit_ros2_ws/install/rmitbot_localization/share/rmitbot_localization/package.bash'
[0.354s] [34mcolcon.colcon_core.shell[0m [1;30mINFO[0m Creating package script '/home/v120506/rmit_ros2_ws/install/rmitbot_localization/share/rmitbot_localization/package.zsh'
[0.355s] [34mcolcon.colcon_core.environment[0m [1;30mLevel 1[0m create_file_with_runtime_dependencies(/home/v120506/rmit_ros2_ws/install/rmitbot_localization/share/colcon-core/packages/rmitbot_localization)
[0.355s] [34mcolcon.colcon_core.environment[0m [1;30mLevel 1[0m create_environment_scripts_only(rmitbot_localization)
[0.355s] [34mcolcon.colcon_core.environment[0m [1;30mLevel 1[0m checking '/home/v120506/rmit_ros2_ws/install/rmitbot_localization' for CMake module files
[0.355s] [34mcolcon.colcon_core.environment[0m [1;30mLevel 1[0m checking '/home/v120506/rmit_ros2_ws/install/rmitbot_localization' for CMake config files
[0.355s] [34mcolcon.colcon_core.shell[0m [1;30mLevel 1[0m create_environment_hook('rmitbot_localization', 'cmake_prefix_path')
[0.356s] [34mcolcon.colcon_core.shell[0m [1;30mINFO[0m Creating environment hook '/home/v120506/rmit_ros2_ws/install/rmitbot_localization/share/rmitbot_localization/hook/cmake_prefix_path.ps1'
[0.356s] [34mcolcon.colcon_core.shell[0m [1;30mINFO[0m Creating environment descriptor '/home/v120506/rmit_ros2_ws/install/rmitbot_localization/share/rmitbot_localization/hook/cmake_prefix_path.dsv'
[0.356s] [34mcolcon.colcon_core.shell[0m [1;30mINFO[0m Creating environment hook '/home/v120506/rmit_ros2_ws/install/rmitbot_localization/share/rmitbot_localization/hook/cmake_prefix_path.sh'
[0.356s] [34mcolcon.colcon_core.environment[0m [1;30mLevel 1[0m checking '/home/v120506/rmit_ros2_ws/install/rmitbot_localization/bin'
[0.356s] [34mcolcon.colcon_core.environment[0m [1;30mLevel 1[0m checking '/home/v120506/rmit_ros2_ws/install/rmitbot_localization/lib/pkgconfig/rmitbot_localization.pc'
[0.357s] [34mcolcon.colcon_core.environment[0m [1;30mLevel 1[0m checking '/home/v120506/rmit_ros2_ws/install/rmitbot_localization/lib/python3.12/site-packages'
[0.357s] [34mcolcon.colcon_core.environment[0m [1;30mLevel 1[0m checking '/home/v120506/rmit_ros2_ws/install/rmitbot_localization/bin'
[0.357s] [34mcolcon.colcon_core.shell[0m [1;30mINFO[0m Creating package script '/home/v120506/rmit_ros2_ws/install/rmitbot_localization/share/rmitbot_localization/package.ps1'
[0.357s] [34mcolcon.colcon_core.shell[0m [1;30mINFO[0m Creating package descriptor '/home/v120506/rmit_ros2_ws/install/rmitbot_localization/share/rmitbot_localization/package.dsv'
[0.358s] [34mcolcon.colcon_core.shell[0m [1;30mINFO[0m Creating package script '/home/v120506/rmit_ros2_ws/install/rmitbot_localization/share/rmitbot_localization/package.sh'
[0.358s] [34mcolcon.colcon_core.shell[0m [1;30mINFO[0m Creating package script '/home/v120506/rmit_ros2_ws/install/rmitbot_localization/share/rmitbot_localization/package.bash'
[0.358s] [34mcolcon.colcon_core.shell[0m [1;30mINFO[0m Creating package script '/home/v120506/rmit_ros2_ws/install/rmitbot_localization/share/rmitbot_localization/package.zsh'
[0.358s] [34mcolcon.colcon_core.environment[0m [1;30mLevel 1[0m create_file_with_runtime_dependencies(/home/v120506/rmit_ros2_ws/install/rmitbot_localization/share/colcon-core/packages/rmitbot_localization)
[0.359s] [34mcolcon.colcon_core.environment[0m [1;30mLevel 1[0m create_environment_scripts_only(rmitbot_description)
[0.359s] [34mcolcon.colcon_core.environment[0m [1;30mLevel 1[0m checking '/home/v120506/rmit_ros2_ws/install/rmitbot_description' for CMake module files
[0.359s] [34mcolcon.colcon_core.environment[0m [1;30mLevel 1[0m checking '/home/v120506/rmit_ros2_ws/install/rmitbot_description' for CMake config files
[0.360s] [34mcolcon.colcon_core.event_handler.log_command[0m [1;30mDEBUG[0m [32mInvoked command in '/home/v120506/rmit_ros2_ws/build/rmitbot_description' returned '0': CMAKE_PREFIX_PATH=${CMAKE_PREFIX_PATH}:/opt/ros/jazzy DEBUGINFOD_URLS=https://debuginfod.ubuntu.com /usr/bin/cmake --install /home/v120506/rmit_ros2_ws/build/rmitbot_description[0m
[0.360s] [34mcolcon.colcon_core.shell[0m [1;30mLevel 1[0m create_environment_hook('rmitbot_description', 'cmake_prefix_path')
[0.360s] [34mcolcon.colcon_core.shell[0m [1;30mINFO[0m Creating environment hook '/home/v120506/rmit_ros2_ws/install/rmitbot_description/share/rmitbot_description/hook/cmake_prefix_path.ps1'
[0.361s] [34mcolcon.colcon_core.shell[0m [1;30mINFO[0m Creating environment descriptor '/home/v120506/rmit_ros2_ws/install/rmitbot_description/share/rmitbot_description/hook/cmake_prefix_path.dsv'
[0.361s] [34mcolcon.colcon_core.shell[0m [1;30mINFO[0m Creating environment hook '/home/v120506/rmit_ros2_ws/install/rmitbot_description/share/rmitbot_description/hook/cmake_prefix_path.sh'
[0.361s] [34mcolcon.colcon_core.environment[0m [1;30mLevel 1[0m checking '/home/v120506/rmit_ros2_ws/install/rmitbot_description/bin'
[0.361s] [34mcolcon.colcon_core.environment[0m [1;30mLevel 1[0m checking '/home/v120506/rmit_ros2_ws/install/rmitbot_description/lib/pkgconfig/rmitbot_description.pc'
[0.362s] [34mcolcon.colcon_core.environment[0m [1;30mLevel 1[0m checking '/home/v120506/rmit_ros2_ws/install/rmitbot_description/lib/python3.12/site-packages'
[0.362s] [34mcolcon.colcon_core.environment[0m [1;30mLevel 1[0m checking '/home/v120506/rmit_ros2_ws/install/rmitbot_description/bin'
[0.362s] [34mcolcon.colcon_core.shell[0m [1;30mINFO[0m Creating package script '/home/v120506/rmit_ros2_ws/install/rmitbot_description/share/rmitbot_description/package.ps1'
[0.362s] [34mcolcon.colcon_core.shell[0m [1;30mINFO[0m Creating package descriptor '/home/v120506/rmit_ros2_ws/install/rmitbot_description/share/rmitbot_description/package.dsv'
[0.362s] [34mcolcon.colcon_core.shell[0m [1;30mINFO[0m Creating package script '/home/v120506/rmit_ros2_ws/install/rmitbot_description/share/rmitbot_description/package.sh'
[0.363s] [34mcolcon.colcon_core.shell[0m [1;30mINFO[0m Creating package script '/home/v120506/rmit_ros2_ws/install/rmitbot_description/share/rmitbot_description/package.bash'
[0.363s] [34mcolcon.colcon_core.shell[0m [1;30mINFO[0m Creating package script '/home/v120506/rmit_ros2_ws/install/rmitbot_description/share/rmitbot_description/package.zsh'
[0.363s] [34mcolcon.colcon_core.environment[0m [1;30mLevel 1[0m create_file_with_runtime_dependencies(/home/v120506/rmit_ros2_ws/install/rmitbot_description/share/colcon-core/packages/rmitbot_description)
[0.364s] [34mcolcon.colcon_core.environment[0m [1;30mLevel 1[0m create_environment_scripts_only(rmitbot_description)
[0.364s] [34mcolcon.colcon_core.environment[0m [1;30mLevel 1[0m checking '/home/v120506/rmit_ros2_ws/install/rmitbot_description' for CMake module files
[0.364s] [34mcolcon.colcon_core.environment[0m [1;30mLevel 1[0m checking '/home/v120506/rmit_ros2_ws/install/rmitbot_description' for CMake config files
[0.364s] [34mcolcon.colcon_core.shell[0m [1;30mLevel 1[0m create_environment_hook('rmitbot_description', 'cmake_prefix_path')
[0.365s] [34mcolcon.colcon_core.shell[0m [1;30mINFO[0m Creating environment hook '/home/v120506/rmit_ros2_ws/install/rmitbot_description/share/rmitbot_description/hook/cmake_prefix_path.ps1'
[0.365s] [34mcolcon.colcon_core.shell[0m [1;30mINFO[0m Creating environment descriptor '/home/v120506/rmit_ros2_ws/install/rmitbot_description/share/rmitbot_description/hook/cmake_prefix_path.dsv'
[0.365s] [34mcolcon.colcon_core.shell[0m [1;30mINFO[0m Creating environment hook '/home/v120506/rmit_ros2_ws/install/rmitbot_description/share/rmitbot_description/hook/cmake_prefix_path.sh'
[0.365s] [34mcolcon.colcon_core.environment[0m [1;30mLevel 1[0m checking '/home/v120506/rmit_ros2_ws/install/rmitbot_description/bin'
[0.365s] [34mcolcon.colcon_core.environment[0m [1;30mLevel 1[0m checking '/home/v120506/rmit_ros2_ws/install/rmitbot_description/lib/pkgconfig/rmitbot_description.pc'
[0.366s] [34mcolcon.colcon_core.environment[0m [1;30mLevel 1[0m checking '/home/v120506/rmit_ros2_ws/install/rmitbot_description/lib/python3.12/site-packages'
[0.366s] [34mcolcon.colcon_core.environment[0m [1;30mLevel 1[0m checking '/home/v120506/rmit_ros2_ws/install/rmitbot_description/bin'
[0.366s] [34mcolcon.colcon_core.shell[0m [1;30mINFO[0m Creating package script '/home/v120506/rmit_ros2_ws/install/rmitbot_description/share/rmitbot_description/package.ps1'
[0.366s] [34mcolcon.colcon_core.shell[0m [1;30mINFO[0m Creating package descriptor '/home/v120506/rmit_ros2_ws/install/rmitbot_description/share/rmitbot_description/package.dsv'
[0.367s] [34mcolcon.colcon_core.shell[0m [1;30mINFO[0m Creating package script '/home/v120506/rmit_ros2_ws/install/rmitbot_description/share/rmitbot_description/package.sh'
[0.367s] [34mcolcon.colcon_core.shell[0m [1;30mINFO[0m Creating package script '/home/v120506/rmit_ros2_ws/install/rmitbot_description/share/rmitbot_description/package.bash'
[0.367s] [34mcolcon.colcon_core.shell[0m [1;30mINFO[0m Creating package script '/home/v120506/rmit_ros2_ws/install/rmitbot_description/share/rmitbot_description/package.zsh'
[0.367s] [34mcolcon.colcon_core.environment[0m [1;30mLevel 1[0m create_file_with_runtime_dependencies(/home/v120506/rmit_ros2_ws/install/rmitbot_description/share/colcon-core/packages/rmitbot_description)
[0.368s] [34mcolcon.colcon_core.event_handler.log_command[0m [1;30mDEBUG[0m [32mInvoked command in '/home/v120506/rmit_ros2_ws/build/rmitbot_firmware' returned '0': CMAKE_PREFIX_PATH=${CMAKE_PREFIX_PATH}:/opt/ros/jazzy DEBUGINFOD_URLS=https://debuginfod.ubuntu.com /usr/bin/cmake --build /home/v120506/rmit_ros2_ws/build/rmitbot_firmware -- -j8 -l8[0m
[0.369s] [34mcolcon.colcon_core.environment[0m [1;30mLevel 1[0m create_environment_scripts_only(rmitbot_navigation)
[0.369s] [34mcolcon.colcon_core.event_handler.log_command[0m [1;30mDEBUG[0m [32mInvoking command in '/home/v120506/rmit_ros2_ws/build/rmitbot_firmware': CMAKE_PREFIX_PATH=${CMAKE_PREFIX_PATH}:/opt/ros/jazzy DEBUGINFOD_URLS=https://debuginfod.ubuntu.com /usr/bin/cmake --install /home/v120506/rmit_ros2_ws/build/rmitbot_firmware[0m
[0.369s] [34mcolcon.colcon_core.environment[0m [1;30mLevel 1[0m checking '/home/v120506/rmit_ros2_ws/install/rmitbot_navigation' for CMake module files
[0.369s] [34mcolcon.colcon_core.event_handler.log_command[0m [1;30mDEBUG[0m [32mInvoked command in '/home/v120506/rmit_ros2_ws/build/rmitbot_navigation' returned '0': CMAKE_PREFIX_PATH=${CMAKE_PREFIX_PATH}:/opt/ros/jazzy DEBUGINFOD_URLS=https://debuginfod.ubuntu.com /usr/bin/cmake --install /home/v120506/rmit_ros2_ws/build/rmitbot_navigation[0m
[0.370s] [34mcolcon.colcon_core.environment[0m [1;30mLevel 1[0m checking '/home/v120506/rmit_ros2_ws/install/rmitbot_navigation' for CMake config files
[0.370s] [34mcolcon.colcon_core.shell[0m [1;30mLevel 1[0m create_environment_hook('rmitbot_navigation', 'cmake_prefix_path')
[0.370s] [34mcolcon.colcon_core.shell[0m [1;30mINFO[0m Creating environment hook '/home/v120506/rmit_ros2_ws/install/rmitbot_navigation/share/rmitbot_navigation/hook/cmake_prefix_path.ps1'
[0.370s] [34mcolcon.colcon_core.shell[0m [1;30mINFO[0m Creating environment descriptor '/home/v120506/rmit_ros2_ws/install/rmitbot_navigation/share/rmitbot_navigation/hook/cmake_prefix_path.dsv'
[0.371s] [34mcolcon.colcon_core.shell[0m [1;30mINFO[0m Creating environment hook '/home/v120506/rmit_ros2_ws/install/rmitbot_navigation/share/rmitbot_navigation/hook/cmake_prefix_path.sh'
[0.371s] [34mcolcon.colcon_core.environment[0m [1;30mLevel 1[0m checking '/home/v120506/rmit_ros2_ws/install/rmitbot_navigation/bin'
[0.371s] [34mcolcon.colcon_core.environment[0m [1;30mLevel 1[0m checking '/home/v120506/rmit_ros2_ws/install/rmitbot_navigation/lib/pkgconfig/rmitbot_navigation.pc'
[0.371s] [34mcolcon.colcon_core.environment[0m [1;30mLevel 1[0m checking '/home/v120506/rmit_ros2_ws/install/rmitbot_navigation/lib/python3.12/site-packages'
[0.371s] [34mcolcon.colcon_core.environment[0m [1;30mLevel 1[0m checking '/home/v120506/rmit_ros2_ws/install/rmitbot_navigation/bin'
[0.372s] [34mcolcon.colcon_core.shell[0m [1;30mINFO[0m Creating package script '/home/v120506/rmit_ros2_ws/install/rmitbot_navigation/share/rmitbot_navigation/package.ps1'
[0.372s] [34mcolcon.colcon_core.shell[0m [1;30mINFO[0m Creating package descriptor '/home/v120506/rmit_ros2_ws/install/rmitbot_navigation/share/rmitbot_navigation/package.dsv'
[0.373s] [34mcolcon.colcon_core.shell[0m [1;30mINFO[0m Creating package script '/home/v120506/rmit_ros2_ws/install/rmitbot_navigation/share/rmitbot_navigation/package.sh'
[0.373s] [34mcolcon.colcon_core.shell[0m [1;30mINFO[0m Creating package script '/home/v120506/rmit_ros2_ws/install/rmitbot_navigation/share/rmitbot_navigation/package.bash'
[0.373s] [34mcolcon.colcon_core.shell[0m [1;30mINFO[0m Creating package script '/home/v120506/rmit_ros2_ws/install/rmitbot_navigation/share/rmitbot_navigation/package.zsh'
[0.374s] [34mcolcon.colcon_core.environment[0m [1;30mLevel 1[0m create_file_with_runtime_dependencies(/home/v120506/rmit_ros2_ws/install/rmitbot_navigation/share/colcon-core/packages/rmitbot_navigation)
[0.374s] [34mcolcon.colcon_core.environment[0m [1;30mLevel 1[0m create_environment_scripts_only(rmitbot_navigation)
[0.374s] [34mcolcon.colcon_core.environment[0m [1;30mLevel 1[0m checking '/home/v120506/rmit_ros2_ws/install/rmitbot_navigation' for CMake module files
[0.375s] [34mcolcon.colcon_core.environment[0m [1;30mLevel 1[0m checking '/home/v120506/rmit_ros2_ws/install/rmitbot_navigation' for CMake config files
[0.375s] [34mcolcon.colcon_core.shell[0m [1;30mLevel 1[0m create_environment_hook('rmitbot_navigation', 'cmake_prefix_path')
[0.375s] [34mcolcon.colcon_core.shell[0m [1;30mINFO[0m Creating environment hook '/home/v120506/rmit_ros2_ws/install/rmitbot_navigation/share/rmitbot_navigation/hook/cmake_prefix_path.ps1'
[0.375s] [34mcolcon.colcon_core.shell[0m [1;30mINFO[0m Creating environment descriptor '/home/v120506/rmit_ros2_ws/install/rmitbot_navigation/share/rmitbot_navigation/hook/cmake_prefix_path.dsv'
[0.376s] [34mcolcon.colcon_core.shell[0m [1;30mINFO[0m Creating environment hook '/home/v120506/rmit_ros2_ws/install/rmitbot_navigation/share/rmitbot_navigation/hook/cmake_prefix_path.sh'
[0.376s] [34mcolcon.colcon_core.environment[0m [1;30mLevel 1[0m checking '/home/v120506/rmit_ros2_ws/install/rmitbot_navigation/bin'
[0.376s] [34mcolcon.colcon_core.environment[0m [1;30mLevel 1[0m checking '/home/v120506/rmit_ros2_ws/install/rmitbot_navigation/lib/pkgconfig/rmitbot_navigation.pc'
[0.376s] [34mcolcon.colcon_core.environment[0m [1;30mLevel 1[0m checking '/home/v120506/rmit_ros2_ws/install/rmitbot_navigation/lib/python3.12/site-packages'
[0.377s] [34mcolcon.colcon_core.environment[0m [1;30mLevel 1[0m checking '/home/v120506/rmit_ros2_ws/install/rmitbot_navigation/bin'
[0.377s] [34mcolcon.colcon_core.shell[0m [1;30mINFO[0m Creating package script '/home/v120506/rmit_ros2_ws/install/rmitbot_navigation/share/rmitbot_navigation/package.ps1'
[0.377s] [34mcolcon.colcon_core.shell[0m [1;30mINFO[0m Creating package descriptor '/home/v120506/rmit_ros2_ws/install/rmitbot_navigation/share/rmitbot_navigation/package.dsv'
[0.378s] [34mcolcon.colcon_core.shell[0m [1;30mINFO[0m Creating package script '/home/v120506/rmit_ros2_ws/install/rmitbot_navigation/share/rmitbot_navigation/package.sh'
[0.378s] [34mcolcon.colcon_core.shell[0m [1;30mINFO[0m Creating package script '/home/v120506/rmit_ros2_ws/install/rmitbot_navigation/share/rmitbot_navigation/package.bash'
[0.378s] [34mcolcon.colcon_core.shell[0m [1;30mINFO[0m Creating package script '/home/v120506/rmit_ros2_ws/install/rmitbot_navigation/share/rmitbot_navigation/package.zsh'
[0.378s] [34mcolcon.colcon_core.environment[0m [1;30mLevel 1[0m create_file_with_runtime_dependencies(/home/v120506/rmit_ros2_ws/install/rmitbot_navigation/share/colcon-core/packages/rmitbot_navigation)
[0.379s] [34mcolcon.colcon_core.environment[0m [1;30mLevel 1[0m create_environment_scripts_only(rmitbot_mapping)
[0.379s] [34mcolcon.colcon_core.environment[0m [1;30mLevel 1[0m checking '/home/v120506/rmit_ros2_ws/install/rmitbot_mapping' for CMake module files
[0.380s] [34mcolcon.colcon_core.environment[0m [1;30mLevel 1[0m checking '/home/v120506/rmit_ros2_ws/install/rmitbot_mapping' for CMake config files
[0.380s] [34mcolcon.colcon_core.event_handler.log_command[0m [1;30mDEBUG[0m [32mInvoked command in '/home/v120506/rmit_ros2_ws/build/rmitbot_mapping' returned '0': CMAKE_PREFIX_PATH=${CMAKE_PREFIX_PATH}:/opt/ros/jazzy DEBUGINFOD_URLS=https://debuginfod.ubuntu.com /usr/bin/cmake --install /home/v120506/rmit_ros2_ws/build/rmitbot_mapping[0m
[0.380s] [34mcolcon.colcon_core.shell[0m [1;30mLevel 1[0m create_environment_hook('rmitbot_mapping', 'cmake_prefix_path')
[0.380s] [34mcolcon.colcon_core.shell[0m [1;30mINFO[0m Creating environment hook '/home/v120506/rmit_ros2_ws/install/rmitbot_mapping/share/rmitbot_mapping/hook/cmake_prefix_path.ps1'
[0.380s] [34mcolcon.colcon_core.shell[0m [1;30mINFO[0m Creating environment descriptor '/home/v120506/rmit_ros2_ws/install/rmitbot_mapping/share/rmitbot_mapping/hook/cmake_prefix_path.dsv'
[0.380s] [34mcolcon.colcon_core.shell[0m [1;30mINFO[0m Creating environment hook '/home/v120506/rmit_ros2_ws/install/rmitbot_mapping/share/rmitbot_mapping/hook/cmake_prefix_path.sh'
[0.381s] [34mcolcon.colcon_core.environment[0m [1;30mLevel 1[0m checking '/home/v120506/rmit_ros2_ws/install/rmitbot_mapping/bin'
[0.381s] [34mcolcon.colcon_core.environment[0m [1;30mLevel 1[0m checking '/home/v120506/rmit_ros2_ws/install/rmitbot_mapping/lib/pkgconfig/rmitbot_mapping.pc'
[0.381s] [34mcolcon.colcon_core.environment[0m [1;30mLevel 1[0m checking '/home/v120506/rmit_ros2_ws/install/rmitbot_mapping/lib/python3.12/site-packages'
[0.381s] [34mcolcon.colcon_core.environment[0m [1;30mLevel 1[0m checking '/home/v120506/rmit_ros2_ws/install/rmitbot_mapping/bin'
[0.381s] [34mcolcon.colcon_core.shell[0m [1;30mINFO[0m Creating package script '/home/v120506/rmit_ros2_ws/install/rmitbot_mapping/share/rmitbot_mapping/package.ps1'
[0.382s] [34mcolcon.colcon_core.shell[0m [1;30mINFO[0m Creating package descriptor '/home/v120506/rmit_ros2_ws/install/rmitbot_mapping/share/rmitbot_mapping/package.dsv'
[0.382s] [34mcolcon.colcon_core.shell[0m [1;30mINFO[0m Creating package script '/home/v120506/rmit_ros2_ws/install/rmitbot_mapping/share/rmitbot_mapping/package.sh'
[0.382s] [34mcolcon.colcon_core.shell[0m [1;30mINFO[0m Creating package script '/home/v120506/rmit_ros2_ws/install/rmitbot_mapping/share/rmitbot_mapping/package.bash'
[0.382s] [34mcolcon.colcon_core.shell[0m [1;30mINFO[0m Creating package script '/home/v120506/rmit_ros2_ws/install/rmitbot_mapping/share/rmitbot_mapping/package.zsh'
[0.383s] [34mcolcon.colcon_core.environment[0m [1;30mLevel 1[0m create_file_with_runtime_dependencies(/home/v120506/rmit_ros2_ws/install/rmitbot_mapping/share/colcon-core/packages/rmitbot_mapping)
[0.383s] [34mcolcon.colcon_core.environment[0m [1;30mLevel 1[0m create_environment_scripts_only(rmitbot_mapping)
[0.383s] [34mcolcon.colcon_core.environment[0m [1;30mLevel 1[0m checking '/home/v120506/rmit_ros2_ws/install/rmitbot_mapping' for CMake module files
[0.383s] [34mcolcon.colcon_core.environment[0m [1;30mLevel 1[0m checking '/home/v120506/rmit_ros2_ws/install/rmitbot_mapping' for CMake config files
[0.384s] [34mcolcon.colcon_core.shell[0m [1;30mLevel 1[0m create_environment_hook('rmitbot_mapping', 'cmake_prefix_path')
[0.384s] [34mcolcon.colcon_core.shell[0m [1;30mINFO[0m Creating environment hook '/home/v120506/rmit_ros2_ws/install/rmitbot_mapping/share/rmitbot_mapping/hook/cmake_prefix_path.ps1'
[0.384s] [34mcolcon.colcon_core.shell[0m [1;30mINFO[0m Creating environment descriptor '/home/v120506/rmit_ros2_ws/install/rmitbot_mapping/share/rmitbot_mapping/hook/cmake_prefix_path.dsv'
[0.384s] [34mcolcon.colcon_core.shell[0m [1;30mINFO[0m Creating environment hook '/home/v120506/rmit_ros2_ws/install/rmitbot_mapping/share/rmitbot_mapping/hook/cmake_prefix_path.sh'
[0.384s] [34mcolcon.colcon_core.environment[0m [1;30mLevel 1[0m checking '/home/v120506/rmit_ros2_ws/install/rmitbot_mapping/bin'
[0.385s] [34mcolcon.colcon_core.environment[0m [1;30mLevel 1[0m checking '/home/v120506/rmit_ros2_ws/install/rmitbot_mapping/lib/pkgconfig/rmitbot_mapping.pc'
[0.385s] [34mcolcon.colcon_core.environment[0m [1;30mLevel 1[0m checking '/home/v120506/rmit_ros2_ws/install/rmitbot_mapping/lib/python3.12/site-packages'
[0.385s] [34mcolcon.colcon_core.environment[0m [1;30mLevel 1[0m checking '/home/v120506/rmit_ros2_ws/install/rmitbot_mapping/bin'
[0.385s] [34mcolcon.colcon_core.shell[0m [1;30mINFO[0m Creating package script '/home/v120506/rmit_ros2_ws/install/rmitbot_mapping/share/rmitbot_mapping/package.ps1'
[0.385s] [34mcolcon.colcon_core.shell[0m [1;30mINFO[0m Creating package descriptor '/home/v120506/rmit_ros2_ws/install/rmitbot_mapping/share/rmitbot_mapping/package.dsv'
[0.386s] [34mcolcon.colcon_core.shell[0m [1;30mINFO[0m Creating package script '/home/v120506/rmit_ros2_ws/install/rmitbot_mapping/share/rmitbot_mapping/package.sh'
[0.386s] [34mcolcon.colcon_core.shell[0m [1;30mINFO[0m Creating package script '/home/v120506/rmit_ros2_ws/install/rmitbot_mapping/share/rmitbot_mapping/package.bash'
[0.386s] [34mcolcon.colcon_core.shell[0m [1;30mINFO[0m Creating package script '/home/v120506/rmit_ros2_ws/install/rmitbot_mapping/share/rmitbot_mapping/package.zsh'
[0.386s] [34mcolcon.colcon_core.environment[0m [1;30mLevel 1[0m create_file_with_runtime_dependencies(/home/v120506/rmit_ros2_ws/install/rmitbot_mapping/share/colcon-core/packages/rmitbot_mapping)
[0.387s] [34mcolcon.colcon_core.environment[0m [1;30mLevel 1[0m create_environment_scripts_only(rmitbot_firmware)
[0.388s] [34mcolcon.colcon_core.environment[0m [1;30mLevel 1[0m checking '/home/v120506/rmit_ros2_ws/install/rmitbot_firmware' for CMake module files
[0.388s] [34mcolcon.colcon_core.environment[0m [1;30mLevel 1[0m checking '/home/v120506/rmit_ros2_ws/install/rmitbot_firmware' for CMake config files
[0.389s] [34mcolcon.colcon_core.shell[0m [1;30mLevel 1[0m create_environment_hook('rmitbot_firmware', 'cmake_prefix_path')
[0.390s] [34mcolcon.colcon_core.shell[0m [1;30mINFO[0m Creating environment hook '/home/v120506/rmit_ros2_ws/install/rmitbot_firmware/share/rmitbot_firmware/hook/cmake_prefix_path.ps1'
[0.391s] [34mcolcon.colcon_core.shell[0m [1;30mINFO[0m Creating environment descriptor '/home/v120506/rmit_ros2_ws/install/rmitbot_firmware/share/rmitbot_firmware/hook/cmake_prefix_path.dsv'
[0.391s] [34mcolcon.colcon_core.event_handler.log_command[0m [1;30mDEBUG[0m [32mInvoked command in '/home/v120506/rmit_ros2_ws/build/rmitbot_firmware' returned '0': CMAKE_PREFIX_PATH=${CMAKE_PREFIX_PATH}:/opt/ros/jazzy DEBUGINFOD_URLS=https://debuginfod.ubuntu.com /usr/bin/cmake --install /home/v120506/rmit_ros2_ws/build/rmitbot_firmware[0m
[0.392s] [34mcolcon.colcon_core.shell[0m [1;30mINFO[0m Creating environment hook '/home/v120506/rmit_ros2_ws/install/rmitbot_firmware/share/rmitbot_firmware/hook/cmake_prefix_path.sh'
[0.392s] [34mcolcon.colcon_core.environment[0m [1;30mLevel 1[0m checking '/home/v120506/rmit_ros2_ws/install/rmitbot_firmware/lib'
[0.393s] [34mcolcon.colcon_core.shell[0m [1;30mLevel 1[0m create_environment_hook('rmitbot_firmware', 'ld_library_path_lib')
[0.393s] [34mcolcon.colcon_core.shell[0m [1;30mINFO[0m Creating environment hook '/home/v120506/rmit_ros2_ws/install/rmitbot_firmware/share/rmitbot_firmware/hook/ld_library_path_lib.ps1'
[0.393s] [34mcolcon.colcon_core.shell[0m [1;30mINFO[0m Creating environment descriptor '/home/v120506/rmit_ros2_ws/install/rmitbot_firmware/share/rmitbot_firmware/hook/ld_library_path_lib.dsv'
[0.393s] [34mcolcon.colcon_core.shell[0m [1;30mINFO[0m Creating environment hook '/home/v120506/rmit_ros2_ws/install/rmitbot_firmware/share/rmitbot_firmware/hook/ld_library_path_lib.sh'
[0.394s] [34mcolcon.colcon_core.environment[0m [1;30mLevel 1[0m checking '/home/v120506/rmit_ros2_ws/install/rmitbot_firmware/bin'
[0.394s] [34mcolcon.colcon_core.environment[0m [1;30mLevel 1[0m checking '/home/v120506/rmit_ros2_ws/install/rmitbot_firmware/lib/pkgconfig/rmitbot_firmware.pc'
[0.394s] [34mcolcon.colcon_core.environment[0m [1;30mLevel 1[0m checking '/home/v120506/rmit_ros2_ws/install/rmitbot_firmware/lib/python3.12/site-packages'
[0.394s] [34mcolcon.colcon_core.environment[0m [1;30mLevel 1[0m checking '/home/v120506/rmit_ros2_ws/install/rmitbot_firmware/bin'
[0.394s] [34mcolcon.colcon_core.shell[0m [1;30mINFO[0m Creating package script '/home/v120506/rmit_ros2_ws/install/rmitbot_firmware/share/rmitbot_firmware/package.ps1'
[0.395s] [34mcolcon.colcon_core.shell[0m [1;30mINFO[0m Creating package descriptor '/home/v120506/rmit_ros2_ws/install/rmitbot_firmware/share/rmitbot_firmware/package.dsv'
[0.395s] [34mcolcon.colcon_core.shell[0m [1;30mINFO[0m Creating package script '/home/v120506/rmit_ros2_ws/install/rmitbot_firmware/share/rmitbot_firmware/package.sh'
[0.395s] [34mcolcon.colcon_core.shell[0m [1;30mINFO[0m Creating package script '/home/v120506/rmit_ros2_ws/install/rmitbot_firmware/share/rmitbot_firmware/package.bash'
[0.396s] [34mcolcon.colcon_core.shell[0m [1;30mINFO[0m Creating package script '/home/v120506/rmit_ros2_ws/install/rmitbot_firmware/share/rmitbot_firmware/package.zsh'
[0.396s] [34mcolcon.colcon_core.environment[0m [1;30mLevel 1[0m create_file_with_runtime_dependencies(/home/v120506/rmit_ros2_ws/install/rmitbot_firmware/share/colcon-core/packages/rmitbot_firmware)
[0.396s] [34mcolcon.colcon_core.environment[0m [1;30mLevel 1[0m create_environment_scripts_only(rmitbot_firmware)
[0.396s] [34mcolcon.colcon_core.environment[0m [1;30mLevel 1[0m checking '/home/v120506/rmit_ros2_ws/install/rmitbot_firmware' for CMake module files
[0.397s] [34mcolcon.colcon_core.environment[0m [1;30mLevel 1[0m checking '/home/v120506/rmit_ros2_ws/install/rmitbot_firmware' for CMake config files
[0.397s] [34mcolcon.colcon_core.shell[0m [1;30mLevel 1[0m create_environment_hook('rmitbot_firmware', 'cmake_prefix_path')
[0.397s] [34mcolcon.colcon_core.shell[0m [1;30mINFO[0m Creating environment hook '/home/v120506/rmit_ros2_ws/install/rmitbot_firmware/share/rmitbot_firmware/hook/cmake_prefix_path.ps1'
[0.397s] [34mcolcon.colcon_core.shell[0m [1;30mINFO[0m Creating environment descriptor '/home/v120506/rmit_ros2_ws/install/rmitbot_firmware/share/rmitbot_firmware/hook/cmake_prefix_path.dsv'
[0.397s] [34mcolcon.colcon_core.shell[0m [1;30mINFO[0m Creating environment hook '/home/v120506/rmit_ros2_ws/install/rmitbot_firmware/share/rmitbot_firmware/hook/cmake_prefix_path.sh'
[0.398s] [34mcolcon.colcon_core.environment[0m [1;30mLevel 1[0m checking '/home/v120506/rmit_ros2_ws/install/rmitbot_firmware/lib'
[0.398s] [34mcolcon.colcon_core.shell[0m [1;30mLevel 1[0m create_environment_hook('rmitbot_firmware', 'ld_library_path_lib')
[0.398s] [34mcolcon.colcon_core.shell[0m [1;30mINFO[0m Creating environment hook '/home/v120506/rmit_ros2_ws/install/rmitbot_firmware/share/rmitbot_firmware/hook/ld_library_path_lib.ps1'
[0.398s] [34mcolcon.colcon_core.shell[0m [1;30mINFO[0m Creating environment descriptor '/home/v120506/rmit_ros2_ws/install/rmitbot_firmware/share/rmitbot_firmware/hook/ld_library_path_lib.dsv'
[0.398s] [34mcolcon.colcon_core.shell[0m [1;30mINFO[0m Creating environment hook '/home/v120506/rmit_ros2_ws/install/rmitbot_firmware/share/rmitbot_firmware/hook/ld_library_path_lib.sh'
[0.399s] [34mcolcon.colcon_core.environment[0m [1;30mLevel 1[0m checking '/home/v120506/rmit_ros2_ws/install/rmitbot_firmware/bin'
[0.399s] [34mcolcon.colcon_core.environment[0m [1;30mLevel 1[0m checking '/home/v120506/rmit_ros2_ws/install/rmitbot_firmware/lib/pkgconfig/rmitbot_firmware.pc'
[0.399s] [34mcolcon.colcon_core.environment[0m [1;30mLevel 1[0m checking '/home/v120506/rmit_ros2_ws/install/rmitbot_firmware/lib/python3.12/site-packages'
[0.399s] [34mcolcon.colcon_core.environment[0m [1;30mLevel 1[0m checking '/home/v120506/rmit_ros2_ws/install/rmitbot_firmware/bin'
[0.399s] [34mcolcon.colcon_core.shell[0m [1;30mINFO[0m Creating package script '/home/v120506/rmit_ros2_ws/install/rmitbot_firmware/share/rmitbot_firmware/package.ps1'
[0.400s] [34mcolcon.colcon_core.shell[0m [1;30mINFO[0m Creating package descriptor '/home/v120506/rmit_ros2_ws/install/rmitbot_firmware/share/rmitbot_firmware/package.dsv'
[0.400s] [34mcolcon.colcon_core.shell[0m [1;30mINFO[0m Creating package script '/home/v120506/rmit_ros2_ws/install/rmitbot_firmware/share/rmitbot_firmware/package.sh'
[0.400s] [34mcolcon.colcon_core.shell[0m [1;30mINFO[0m Creating package script '/home/v120506/rmit_ros2_ws/install/rmitbot_firmware/share/rmitbot_firmware/package.bash'
[0.401s] [34mcolcon.colcon_core.shell[0m [1;30mINFO[0m Creating package script '/home/v120506/rmit_ros2_ws/install/rmitbot_firmware/share/rmitbot_firmware/package.zsh'
[0.401s] [34mcolcon.colcon_core.environment[0m [1;30mLevel 1[0m create_file_with_runtime_dependencies(/home/v120506/rmit_ros2_ws/install/rmitbot_firmware/share/colcon-core/packages/rmitbot_firmware)
[0.401s] [34mcolcon.colcon_parallel_executor.executor.parallel[0m [1;30mDEBUG[0m [32mclosing loop[0m
[0.401s] [34mcolcon.colcon_parallel_executor.executor.parallel[0m [1;30mDEBUG[0m [32mloop closed[0m
[0.402s] [34mcolcon.colcon_parallel_executor.executor.parallel[0m [1;30mDEBUG[0m [32mrun_until_complete finished with '0'[0m
[0.402s] [34mcolcon.colcon_core.event_reactor[0m [1;30mDEBUG[0m [32mjoining thread[0m
[0.406s] [34mcolcon.colcon_core.plugin_system[0m [1;30mINFO[0m Skipping extension 'colcon_notification.desktop_notification.terminal_notifier': Not used on non-Darwin systems
[0.406s] [34mcolcon.colcon_core.plugin_system[0m [1;30mINFO[0m Skipping extension 'colcon_notification.desktop_notification.win32': Not used on non-Windows systems
[0.406s] [34mcolcon.colcon_notification.desktop_notification[0m [1;30mINFO[0m Sending desktop notification using 'notify2'
[0.416s] [34mcolcon.colcon_core.event_reactor[0m [1;30mDEBUG[0m [32mjoined thread[0m
[0.417s] [34mcolcon.colcon_core.shell[0m [1;30mINFO[0m Creating prefix script '/home/v120506/rmit_ros2_ws/install/local_setup.ps1'
[0.417s] [34mcolcon.colcon_core.shell[0m [1;30mINFO[0m Creating prefix util module '/home/v120506/rmit_ros2_ws/install/_local_setup_util_ps1.py'
[0.418s] [34mcolcon.colcon_core.shell[0m [1;30mINFO[0m Creating prefix chain script '/home/v120506/rmit_ros2_ws/install/setup.ps1'
[0.419s] [34mcolcon.colcon_core.shell[0m [1;30mINFO[0m Creating prefix script '/home/v120506/rmit_ros2_ws/install/local_setup.sh'
[0.419s] [34mcolcon.colcon_core.shell[0m [1;30mINFO[0m Creating prefix util module '/home/v120506/rmit_ros2_ws/install/_local_setup_util_sh.py'
[0.420s] [34mcolcon.colcon_core.shell[0m [1;30mINFO[0m Creating prefix chain script '/home/v120506/rmit_ros2_ws/install/setup.sh'
[0.421s] [34mcolcon.colcon_core.shell[0m [1;30mINFO[0m Creating prefix script '/home/v120506/rmit_ros2_ws/install/local_setup.bash'
[0.421s] [34mcolcon.colcon_core.shell[0m [1;30mINFO[0m Creating prefix chain script '/home/v120506/rmit_ros2_ws/install/setup.bash'
[0.422s] [34mcolcon.colcon_core.shell[0m [1;30mINFO[0m Creating prefix script '/home/v120506/rmit_ros2_ws/install/local_setup.zsh'
[0.422s] [34mcolcon.colcon_core.shell[0m [1;30mINFO[0m Creating prefix chain script '/home/v120506/rmit_ros2_ws/install/setup.zsh'
