[0.051s] Invoking command in '/home/v120506/rmit_ros2_ws/build/rmitbot_vision': DEBUGINFOD_URLS=https://debuginfod.ubuntu.com /usr/bin/cmake /home/v120506/rmit_ros2_ws/src/rmitbot_vision -DCMAKE_INSTALL_PREFIX=/home/v120506/rmit_ros2_ws/install/rmitbot_vision
[0.199s] -- The C compiler identification is GNU 13.3.0
[0.326s] -- The CXX compiler identification is GNU 13.3.0
[0.349s] -- Detecting C compiler ABI info
[0.460s] -- Detecting C compiler ABI info - done
[0.468s] -- Check for working C compiler: /usr/bin/cc - skipped
[0.469s] -- Detecting C compile features
[0.469s] -- Detecting C compile features - done
[0.485s] -- Detecting CXX compiler ABI info
[0.596s] -- Detecting CXX compiler ABI info - done
[0.607s] -- Check for working CXX compiler: /usr/bin/c++ - skipped
[0.607s] -- Detecting CXX compile features
[0.608s] -- Detecting CXX compile features - done
[0.618s] -- Found ament_cmake: 2.5.5 (/opt/ros/jazzy/share/ament_cmake/cmake)
[0.797s] -- Found Python3: /usr/bin/python3 (found version "3.12.3") found components: Interpreter 
[1.053s] Error parsing '/home/v120506/rmit_ros2_ws/src/rmitbot_vision/package.xml':
[2.832s] Traceback (most recent call last):
[2.832s]   File "/opt/ros/jazzy/share/ament_cmake_core/cmake/core/package_xml_2_cmake.py", line 150, in <module>
[2.832s]     main()
[2.832s]   File "/opt/ros/jazzy/share/ament_cmake_core/cmake/core/package_xml_2_cmake.py", line 53, in main
[2.832s]     raise e
[2.832s]   File "/opt/ros/jazzy/share/ament_cmake_core/cmake/core/package_xml_2_cmake.py", line 49, in main
[2.832s]     package = parse_package_string(
[2.832s]               ^^^^^^^^^^^^^^^^^^^^^
[2.832s]   File "/usr/lib/python3/dist-packages/catkin_pkg/package.py", line 788, in parse_package_string
[2.832s]     pkg.validate(warnings=warnings)
[2.832s]   File "/usr/lib/python3/dist-packages/catkin_pkg/package.py", line 330, in validate
[2.832s]     raise InvalidPackage('\n'.join(errors), self.filename)
[2.833s] catkin_pkg.package.InvalidPackage: Error(s) in package '/home/v120506/rmit_ros2_ws/src/rmitbot_vision/package.xml':
[2.833s] Package description must not be empty
[2.833s] The license tag must neither be empty nor only contain whitespaces
[2.866s] [31mCMake Error at /opt/ros/jazzy/share/ament_cmake_core/cmake/core/ament_package_xml.cmake:95 (message):
[2.867s]   execute_process(/usr/bin/python3
[2.867s]   /opt/ros/jazzy/share/ament_cmake_core/cmake/core/package_xml_2_cmake.py
[2.867s]   /home/v120506/rmit_ros2_ws/src/rmitbot_vision/package.xml
[2.867s]   /home/v120506/rmit_ros2_ws/build/rmitbot_vision/ament_cmake_core/package.cmake)
[2.867s]   returned error code 1
[2.867s] Call Stack (most recent call first):
[2.867s]   /opt/ros/jazzy/share/ament_cmake_core/cmake/core/ament_package_xml.cmake:49 (_ament_package_xml)
[2.867s]   /opt/ros/jazzy/share/ament_cmake_core/cmake/core/ament_package.cmake:63 (ament_package_xml)
[2.867s]   CMakeLists.txt:12 (ament_package)
[2.867s] 
[2.868s] [0m
[2.868s] -- Configuring incomplete, errors occurred!
[2.872s] Invoked command in '/home/v120506/rmit_ros2_ws/build/rmitbot_vision' returned '1': DEBUGINFOD_URLS=https://debuginfod.ubuntu.com /usr/bin/cmake /home/v120506/rmit_ros2_ws/src/rmitbot_vision -DCMAKE_INSTALL_PREFIX=/home/v120506/rmit_ros2_ws/install/rmitbot_vision
