[0.313s] DEBUG:colcon:Command line arguments: ['/usr/bin/colcon', 'build']
[0.313s] DEBUG:colcon:Parsed command line arguments: Namespace(log_base=None, log_level=None, verb_name='build', build_base='build', install_base='install', merge_install=False, symlink_install=False, test_result_base=None, continue_on_error=False, executor='parallel', parallel_workers=4, event_handlers=None, ignore_user_meta=False, metas=['./colcon.meta'], base_paths=['.'], packages_ignore=None, packages_ignore_regex=None, paths=None, packages_up_to=None, packages_up_to_regex=None, packages_above=None, packages_above_and_dependencies=None, packages_above_depth=None, packages_select_by_dep=None, packages_skip_by_dep=None, packages_skip_up_to=None, packages_select_build_failed=False, packages_skip_build_finished=False, packages_select_test_failures=False, packages_skip_test_passed=False, packages_select=None, packages_skip=None, packages_select_regex=None, packages_skip_regex=None, packages_start=None, packages_end=None, allow_overriding=[], cmake_args=None, cmake_target=None, cmake_target_skip_unavailable=False, cmake_clean_cache=False, cmake_clean_first=False, cmake_force_configure=False, meson_args=[], ament_cmake_args=None, catkin_cmake_args=None, catkin_skip_building_tests=False, mixin_files=None, mixin=None, verb_parser=<colcon_mixin.mixin.mixin_argument.MixinArgumentDecorator object at 0xffff90481610>, verb_extension=<colcon_core.verb.build.BuildVerb object at 0xffff90629e50>, main=<bound method BuildVerb.main of <colcon_core.verb.build.BuildVerb object at 0xffff90629e50>>, mixin_verb=('build',))
[0.373s] Level 1:colcon.colcon_core.package_discovery:discover_packages(colcon_meta) check parameters
[0.373s] Level 1:colcon.colcon_core.package_discovery:discover_packages(recursive) check parameters
[0.373s] Level 1:colcon.colcon_core.package_discovery:discover_packages(ignore) check parameters
[0.373s] Level 1:colcon.colcon_core.package_discovery:discover_packages(path) check parameters
[0.373s] Level 1:colcon.colcon_core.package_discovery:discover_packages(colcon_meta) discover
[0.373s] Level 1:colcon.colcon_core.package_discovery:discover_packages(recursive) discover
[0.373s] INFO:colcon.colcon_core.package_discovery:Crawling recursively for packages in '/home/terra/newtest/rmit_ros2_ws'
[0.374s] Level 1:colcon.colcon_core.package_identification:_identify(.) by extensions ['ignore', 'ignore_ament_install']
[0.374s] Level 1:colcon.colcon_core.package_identification:_identify(.) by extension 'ignore'
[0.374s] Level 1:colcon.colcon_core.package_identification:_identify(.) by extension 'ignore_ament_install'
[0.374s] Level 1:colcon.colcon_core.package_identification:_identify(.) by extensions ['colcon_pkg']
[0.374s] Level 1:colcon.colcon_core.package_identification:_identify(.) by extension 'colcon_pkg'
[0.374s] Level 1:colcon.colcon_core.package_identification:_identify(.) by extensions ['colcon_meta']
[0.374s] Level 1:colcon.colcon_core.package_identification:_identify(.) by extension 'colcon_meta'
[0.374s] Level 1:colcon.colcon_core.package_identification:_identify(.) by extensions ['ros']
[0.374s] Level 1:colcon.colcon_core.package_identification:_identify(.) by extension 'ros'
[0.442s] Level 1:colcon.colcon_core.package_identification:_identify(.) by extensions ['cmake', 'meson', 'python']
[0.442s] Level 1:colcon.colcon_core.package_identification:_identify(.) by extension 'cmake'
[0.442s] Level 1:colcon.colcon_core.package_identification:_identify(.) by extension 'meson'
[0.444s] Level 1:colcon.colcon_core.package_identification:_identify(.) by extension 'python'
[0.444s] Level 1:colcon.colcon_core.package_identification:_identify(.) by extensions ['python_setup_py']
[0.444s] Level 1:colcon.colcon_core.package_identification:_identify(.) by extension 'python_setup_py'
[0.445s] Level 1:colcon.colcon_core.package_identification:_identify(build) by extensions ['ignore', 'ignore_ament_install']
[0.445s] Level 1:colcon.colcon_core.package_identification:_identify(build) by extension 'ignore'
[0.445s] Level 1:colcon.colcon_core.package_identification:_identify(build) ignored
[0.445s] Level 1:colcon.colcon_core.package_identification:_identify(install) by extensions ['ignore', 'ignore_ament_install']
[0.445s] Level 1:colcon.colcon_core.package_identification:_identify(install) by extension 'ignore'
[0.445s] Level 1:colcon.colcon_core.package_identification:_identify(install) ignored
[0.445s] Level 1:colcon.colcon_core.package_identification:_identify(log) by extensions ['ignore', 'ignore_ament_install']
[0.446s] Level 1:colcon.colcon_core.package_identification:_identify(log) by extension 'ignore'
[0.446s] Level 1:colcon.colcon_core.package_identification:_identify(log) ignored
[0.446s] Level 1:colcon.colcon_core.package_identification:_identify(src) by extensions ['ignore', 'ignore_ament_install']
[0.446s] Level 1:colcon.colcon_core.package_identification:_identify(src) by extension 'ignore'
[0.446s] Level 1:colcon.colcon_core.package_identification:_identify(src) by extension 'ignore_ament_install'
[0.446s] Level 1:colcon.colcon_core.package_identification:_identify(src) by extensions ['colcon_pkg']
[0.446s] Level 1:colcon.colcon_core.package_identification:_identify(src) by extension 'colcon_pkg'
[0.446s] Level 1:colcon.colcon_core.package_identification:_identify(src) by extensions ['colcon_meta']
[0.446s] Level 1:colcon.colcon_core.package_identification:_identify(src) by extension 'colcon_meta'
[0.446s] Level 1:colcon.colcon_core.package_identification:_identify(src) by extensions ['ros']
[0.446s] Level 1:colcon.colcon_core.package_identification:_identify(src) by extension 'ros'
[0.446s] Level 1:colcon.colcon_core.package_identification:_identify(src) by extensions ['cmake', 'meson', 'python']
[0.446s] Level 1:colcon.colcon_core.package_identification:_identify(src) by extension 'cmake'
[0.446s] Level 1:colcon.colcon_core.package_identification:_identify(src) by extension 'meson'
[0.448s] Level 1:colcon.colcon_core.package_identification:_identify(src) by extension 'python'
[0.448s] Level 1:colcon.colcon_core.package_identification:_identify(src) by extensions ['python_setup_py']
[0.448s] Level 1:colcon.colcon_core.package_identification:_identify(src) by extension 'python_setup_py'
[0.448s] Level 1:colcon.colcon_core.package_identification:_identify(src/rmitbot_bringup) by extensions ['ignore', 'ignore_ament_install']
[0.448s] Level 1:colcon.colcon_core.package_identification:_identify(src/rmitbot_bringup) by extension 'ignore'
[0.448s] Level 1:colcon.colcon_core.package_identification:_identify(src/rmitbot_bringup) by extension 'ignore_ament_install'
[0.448s] Level 1:colcon.colcon_core.package_identification:_identify(src/rmitbot_bringup) by extensions ['colcon_pkg']
[0.448s] Level 1:colcon.colcon_core.package_identification:_identify(src/rmitbot_bringup) by extension 'colcon_pkg'
[0.448s] Level 1:colcon.colcon_core.package_identification:_identify(src/rmitbot_bringup) by extensions ['colcon_meta']
[0.448s] Level 1:colcon.colcon_core.package_identification:_identify(src/rmitbot_bringup) by extension 'colcon_meta'
[0.448s] Level 1:colcon.colcon_core.package_identification:_identify(src/rmitbot_bringup) by extensions ['ros']
[0.448s] Level 1:colcon.colcon_core.package_identification:_identify(src/rmitbot_bringup) by extension 'ros'
[0.451s] DEBUG:colcon.colcon_core.package_identification:Package 'src/rmitbot_bringup' with type 'ros.ament_cmake' and name 'rmitbot_bringup'
[0.452s] Level 1:colcon.colcon_core.package_identification:_identify(src/rmitbot_controller) by extensions ['ignore', 'ignore_ament_install']
[0.452s] Level 1:colcon.colcon_core.package_identification:_identify(src/rmitbot_controller) by extension 'ignore'
[0.452s] Level 1:colcon.colcon_core.package_identification:_identify(src/rmitbot_controller) by extension 'ignore_ament_install'
[0.452s] Level 1:colcon.colcon_core.package_identification:_identify(src/rmitbot_controller) by extensions ['colcon_pkg']
[0.452s] Level 1:colcon.colcon_core.package_identification:_identify(src/rmitbot_controller) by extension 'colcon_pkg'
[0.452s] Level 1:colcon.colcon_core.package_identification:_identify(src/rmitbot_controller) by extensions ['colcon_meta']
[0.452s] Level 1:colcon.colcon_core.package_identification:_identify(src/rmitbot_controller) by extension 'colcon_meta'
[0.452s] Level 1:colcon.colcon_core.package_identification:_identify(src/rmitbot_controller) by extensions ['ros']
[0.452s] Level 1:colcon.colcon_core.package_identification:_identify(src/rmitbot_controller) by extension 'ros'
[0.453s] DEBUG:colcon.colcon_core.package_identification:Package 'src/rmitbot_controller' with type 'ros.ament_cmake' and name 'rmitbot_controller'
[0.453s] Level 1:colcon.colcon_core.package_identification:_identify(src/rmitbot_description) by extensions ['ignore', 'ignore_ament_install']
[0.453s] Level 1:colcon.colcon_core.package_identification:_identify(src/rmitbot_description) by extension 'ignore'
[0.453s] Level 1:colcon.colcon_core.package_identification:_identify(src/rmitbot_description) by extension 'ignore_ament_install'
[0.453s] Level 1:colcon.colcon_core.package_identification:_identify(src/rmitbot_description) by extensions ['colcon_pkg']
[0.453s] Level 1:colcon.colcon_core.package_identification:_identify(src/rmitbot_description) by extension 'colcon_pkg'
[0.453s] Level 1:colcon.colcon_core.package_identification:_identify(src/rmitbot_description) by extensions ['colcon_meta']
[0.453s] Level 1:colcon.colcon_core.package_identification:_identify(src/rmitbot_description) by extension 'colcon_meta'
[0.453s] Level 1:colcon.colcon_core.package_identification:_identify(src/rmitbot_description) by extensions ['ros']
[0.453s] Level 1:colcon.colcon_core.package_identification:_identify(src/rmitbot_description) by extension 'ros'
[0.454s] DEBUG:colcon.colcon_core.package_identification:Package 'src/rmitbot_description' with type 'ros.ament_cmake' and name 'rmitbot_description'
[0.454s] Level 1:colcon.colcon_core.package_identification:_identify(src/rmitbot_firmware) by extensions ['ignore', 'ignore_ament_install']
[0.454s] Level 1:colcon.colcon_core.package_identification:_identify(src/rmitbot_firmware) by extension 'ignore'
[0.454s] Level 1:colcon.colcon_core.package_identification:_identify(src/rmitbot_firmware) by extension 'ignore_ament_install'
[0.454s] Level 1:colcon.colcon_core.package_identification:_identify(src/rmitbot_firmware) by extensions ['colcon_pkg']
[0.454s] Level 1:colcon.colcon_core.package_identification:_identify(src/rmitbot_firmware) by extension 'colcon_pkg'
[0.454s] Level 1:colcon.colcon_core.package_identification:_identify(src/rmitbot_firmware) by extensions ['colcon_meta']
[0.454s] Level 1:colcon.colcon_core.package_identification:_identify(src/rmitbot_firmware) by extension 'colcon_meta'
[0.454s] Level 1:colcon.colcon_core.package_identification:_identify(src/rmitbot_firmware) by extensions ['ros']
[0.454s] Level 1:colcon.colcon_core.package_identification:_identify(src/rmitbot_firmware) by extension 'ros'
[0.455s] DEBUG:colcon.colcon_core.package_identification:Package 'src/rmitbot_firmware' with type 'ros.ament_cmake' and name 'rmitbot_firmware'
[0.455s] Level 1:colcon.colcon_core.package_identification:_identify(src/rmitbot_localization) by extensions ['ignore', 'ignore_ament_install']
[0.455s] Level 1:colcon.colcon_core.package_identification:_identify(src/rmitbot_localization) by extension 'ignore'
[0.455s] Level 1:colcon.colcon_core.package_identification:_identify(src/rmitbot_localization) by extension 'ignore_ament_install'
[0.455s] Level 1:colcon.colcon_core.package_identification:_identify(src/rmitbot_localization) by extensions ['colcon_pkg']
[0.456s] Level 1:colcon.colcon_core.package_identification:_identify(src/rmitbot_localization) by extension 'colcon_pkg'
[0.456s] Level 1:colcon.colcon_core.package_identification:_identify(src/rmitbot_localization) by extensions ['colcon_meta']
[0.456s] Level 1:colcon.colcon_core.package_identification:_identify(src/rmitbot_localization) by extension 'colcon_meta'
[0.456s] Level 1:colcon.colcon_core.package_identification:_identify(src/rmitbot_localization) by extensions ['ros']
[0.456s] Level 1:colcon.colcon_core.package_identification:_identify(src/rmitbot_localization) by extension 'ros'
[0.456s] DEBUG:colcon.colcon_core.package_identification:Package 'src/rmitbot_localization' with type 'ros.ament_cmake' and name 'rmitbot_localization'
[0.456s] Level 1:colcon.colcon_core.package_identification:_identify(src/rmitbot_mapping) by extensions ['ignore', 'ignore_ament_install']
[0.456s] Level 1:colcon.colcon_core.package_identification:_identify(src/rmitbot_mapping) by extension 'ignore'
[0.457s] Level 1:colcon.colcon_core.package_identification:_identify(src/rmitbot_mapping) by extension 'ignore_ament_install'
[0.457s] Level 1:colcon.colcon_core.package_identification:_identify(src/rmitbot_mapping) by extensions ['colcon_pkg']
[0.457s] Level 1:colcon.colcon_core.package_identification:_identify(src/rmitbot_mapping) by extension 'colcon_pkg'
[0.457s] Level 1:colcon.colcon_core.package_identification:_identify(src/rmitbot_mapping) by extensions ['colcon_meta']
[0.457s] Level 1:colcon.colcon_core.package_identification:_identify(src/rmitbot_mapping) by extension 'colcon_meta'
[0.457s] Level 1:colcon.colcon_core.package_identification:_identify(src/rmitbot_mapping) by extensions ['ros']
[0.457s] Level 1:colcon.colcon_core.package_identification:_identify(src/rmitbot_mapping) by extension 'ros'
[0.457s] DEBUG:colcon.colcon_core.package_identification:Package 'src/rmitbot_mapping' with type 'ros.ament_cmake' and name 'rmitbot_mapping'
[0.457s] Level 1:colcon.colcon_core.package_identification:_identify(src/rmitbot_navigation) by extensions ['ignore', 'ignore_ament_install']
[0.457s] Level 1:colcon.colcon_core.package_identification:_identify(src/rmitbot_navigation) by extension 'ignore'
[0.458s] Level 1:colcon.colcon_core.package_identification:_identify(src/rmitbot_navigation) by extension 'ignore_ament_install'
[0.458s] Level 1:colcon.colcon_core.package_identification:_identify(src/rmitbot_navigation) by extensions ['colcon_pkg']
[0.458s] Level 1:colcon.colcon_core.package_identification:_identify(src/rmitbot_navigation) by extension 'colcon_pkg'
[0.458s] Level 1:colcon.colcon_core.package_identification:_identify(src/rmitbot_navigation) by extensions ['colcon_meta']
[0.458s] Level 1:colcon.colcon_core.package_identification:_identify(src/rmitbot_navigation) by extension 'colcon_meta'
[0.458s] Level 1:colcon.colcon_core.package_identification:_identify(src/rmitbot_navigation) by extensions ['ros']
[0.458s] Level 1:colcon.colcon_core.package_identification:_identify(src/rmitbot_navigation) by extension 'ros'
[0.458s] DEBUG:colcon.colcon_core.package_identification:Package 'src/rmitbot_navigation' with type 'ros.ament_cmake' and name 'rmitbot_navigation'
[0.459s] Level 1:colcon.colcon_core.package_identification:_identify(src/rmitbot_vision) by extensions ['ignore', 'ignore_ament_install']
[0.459s] Level 1:colcon.colcon_core.package_identification:_identify(src/rmitbot_vision) by extension 'ignore'
[0.459s] Level 1:colcon.colcon_core.package_identification:_identify(src/rmitbot_vision) by extension 'ignore_ament_install'
[0.459s] Level 1:colcon.colcon_core.package_identification:_identify(src/rmitbot_vision) by extensions ['colcon_pkg']
[0.459s] Level 1:colcon.colcon_core.package_identification:_identify(src/rmitbot_vision) by extension 'colcon_pkg'
[0.459s] Level 1:colcon.colcon_core.package_identification:_identify(src/rmitbot_vision) by extensions ['colcon_meta']
[0.459s] Level 1:colcon.colcon_core.package_identification:_identify(src/rmitbot_vision) by extension 'colcon_meta'
[0.459s] Level 1:colcon.colcon_core.package_identification:_identify(src/rmitbot_vision) by extensions ['ros']
[0.459s] Level 1:colcon.colcon_core.package_identification:_identify(src/rmitbot_vision) by extension 'ros'
[0.459s] DEBUG:colcon.colcon_core.package_identification:Package 'src/rmitbot_vision' with type 'ros.ament_cmake' and name 'rmitbot_vision'
[0.459s] Level 1:colcon.colcon_core.package_discovery:discover_packages(recursive) using defaults
[0.459s] Level 1:colcon.colcon_core.package_discovery:discover_packages(ignore) discover
[0.459s] Level 1:colcon.colcon_core.package_discovery:discover_packages(ignore) using defaults
[0.460s] Level 1:colcon.colcon_core.package_discovery:discover_packages(path) discover
[0.460s] Level 1:colcon.colcon_core.package_discovery:discover_packages(path) using defaults
[0.480s] Level 1:colcon.colcon_core.package_discovery:discover_packages(prefix_path) check parameters
[0.480s] Level 1:colcon.colcon_core.package_discovery:discover_packages(prefix_path) discover
[0.483s] DEBUG:colcon.colcon_installed_package_information.package_discovery:Found 8 installed packages in /home/terra/newtest/rmit_ros2_ws/install
[0.485s] DEBUG:colcon.colcon_installed_package_information.package_discovery:Found 346 installed packages in /opt/ros/jazzy
[0.488s] Level 1:colcon.colcon_core.package_discovery:discover_packages(prefix_path) using defaults
[0.561s] Level 5:colcon.colcon_core.verb:set package 'rmitbot_bringup' build argument 'cmake_args' from command line to 'None'
[0.561s] Level 5:colcon.colcon_core.verb:set package 'rmitbot_bringup' build argument 'cmake_target' from command line to 'None'
[0.561s] Level 5:colcon.colcon_core.verb:set package 'rmitbot_bringup' build argument 'cmake_target_skip_unavailable' from command line to 'False'
[0.562s] Level 5:colcon.colcon_core.verb:set package 'rmitbot_bringup' build argument 'cmake_clean_cache' from command line to 'False'
[0.562s] Level 5:colcon.colcon_core.verb:set package 'rmitbot_bringup' build argument 'cmake_clean_first' from command line to 'False'
[0.562s] Level 5:colcon.colcon_core.verb:set package 'rmitbot_bringup' build argument 'cmake_force_configure' from command line to 'False'
[0.562s] Level 5:colcon.colcon_core.verb:set package 'rmitbot_bringup' build argument 'meson_args' from command line to '[]'
[0.562s] Level 5:colcon.colcon_core.verb:set package 'rmitbot_bringup' build argument 'ament_cmake_args' from command line to 'None'
[0.562s] Level 5:colcon.colcon_core.verb:set package 'rmitbot_bringup' build argument 'catkin_cmake_args' from command line to 'None'
[0.562s] Level 5:colcon.colcon_core.verb:set package 'rmitbot_bringup' build argument 'catkin_skip_building_tests' from command line to 'False'
[0.562s] DEBUG:colcon.colcon_core.verb:Building package 'rmitbot_bringup' with the following arguments: {'ament_cmake_args': None, 'build_base': '/home/terra/newtest/rmit_ros2_ws/build/rmitbot_bringup', 'catkin_cmake_args': None, 'catkin_skip_building_tests': False, 'cmake_args': None, 'cmake_clean_cache': False, 'cmake_clean_first': False, 'cmake_force_configure': False, 'cmake_target': None, 'cmake_target_skip_unavailable': False, 'install_base': '/home/terra/newtest/rmit_ros2_ws/install/rmitbot_bringup', 'merge_install': False, 'meson_args': [], 'path': '/home/terra/newtest/rmit_ros2_ws/src/rmitbot_bringup', 'symlink_install': False, 'test_result_base': None}
[0.574s] Level 5:colcon.colcon_core.verb:set package 'rmitbot_controller' build argument 'cmake_args' from command line to 'None'
[0.574s] Level 5:colcon.colcon_core.verb:set package 'rmitbot_controller' build argument 'cmake_target' from command line to 'None'
[0.575s] Level 5:colcon.colcon_core.verb:set package 'rmitbot_controller' build argument 'cmake_target_skip_unavailable' from command line to 'False'
[0.575s] Level 5:colcon.colcon_core.verb:set package 'rmitbot_controller' build argument 'cmake_clean_cache' from command line to 'False'
[0.575s] Level 5:colcon.colcon_core.verb:set package 'rmitbot_controller' build argument 'cmake_clean_first' from command line to 'False'
[0.575s] Level 5:colcon.colcon_core.verb:set package 'rmitbot_controller' build argument 'cmake_force_configure' from command line to 'False'
[0.575s] Level 5:colcon.colcon_core.verb:set package 'rmitbot_controller' build argument 'meson_args' from command line to '[]'
[0.575s] Level 5:colcon.colcon_core.verb:set package 'rmitbot_controller' build argument 'ament_cmake_args' from command line to 'None'
[0.575s] Level 5:colcon.colcon_core.verb:set package 'rmitbot_controller' build argument 'catkin_cmake_args' from command line to 'None'
[0.575s] Level 5:colcon.colcon_core.verb:set package 'rmitbot_controller' build argument 'catkin_skip_building_tests' from command line to 'False'
[0.575s] DEBUG:colcon.colcon_core.verb:Building package 'rmitbot_controller' with the following arguments: {'ament_cmake_args': None, 'build_base': '/home/terra/newtest/rmit_ros2_ws/build/rmitbot_controller', 'catkin_cmake_args': None, 'catkin_skip_building_tests': False, 'cmake_args': None, 'cmake_clean_cache': False, 'cmake_clean_first': False, 'cmake_force_configure': False, 'cmake_target': None, 'cmake_target_skip_unavailable': False, 'install_base': '/home/terra/newtest/rmit_ros2_ws/install/rmitbot_controller', 'merge_install': False, 'meson_args': [], 'path': '/home/terra/newtest/rmit_ros2_ws/src/rmitbot_controller', 'symlink_install': False, 'test_result_base': None}
[0.588s] Level 5:colcon.colcon_core.verb:set package 'rmitbot_description' build argument 'cmake_args' from command line to 'None'
[0.589s] Level 5:colcon.colcon_core.verb:set package 'rmitbot_description' build argument 'cmake_target' from command line to 'None'
[0.589s] Level 5:colcon.colcon_core.verb:set package 'rmitbot_description' build argument 'cmake_target_skip_unavailable' from command line to 'False'
[0.589s] Level 5:colcon.colcon_core.verb:set package 'rmitbot_description' build argument 'cmake_clean_cache' from command line to 'False'
[0.589s] Level 5:colcon.colcon_core.verb:set package 'rmitbot_description' build argument 'cmake_clean_first' from command line to 'False'
[0.589s] Level 5:colcon.colcon_core.verb:set package 'rmitbot_description' build argument 'cmake_force_configure' from command line to 'False'
[0.589s] Level 5:colcon.colcon_core.verb:set package 'rmitbot_description' build argument 'meson_args' from command line to '[]'
[0.589s] Level 5:colcon.colcon_core.verb:set package 'rmitbot_description' build argument 'ament_cmake_args' from command line to 'None'
[0.589s] Level 5:colcon.colcon_core.verb:set package 'rmitbot_description' build argument 'catkin_cmake_args' from command line to 'None'
[0.589s] Level 5:colcon.colcon_core.verb:set package 'rmitbot_description' build argument 'catkin_skip_building_tests' from command line to 'False'
[0.589s] DEBUG:colcon.colcon_core.verb:Building package 'rmitbot_description' with the following arguments: {'ament_cmake_args': None, 'build_base': '/home/terra/newtest/rmit_ros2_ws/build/rmitbot_description', 'catkin_cmake_args': None, 'catkin_skip_building_tests': False, 'cmake_args': None, 'cmake_clean_cache': False, 'cmake_clean_first': False, 'cmake_force_configure': False, 'cmake_target': None, 'cmake_target_skip_unavailable': False, 'install_base': '/home/terra/newtest/rmit_ros2_ws/install/rmitbot_description', 'merge_install': False, 'meson_args': [], 'path': '/home/terra/newtest/rmit_ros2_ws/src/rmitbot_description', 'symlink_install': False, 'test_result_base': None}
[0.601s] Level 5:colcon.colcon_core.verb:set package 'rmitbot_firmware' build argument 'cmake_args' from command line to 'None'
[0.602s] Level 5:colcon.colcon_core.verb:set package 'rmitbot_firmware' build argument 'cmake_target' from command line to 'None'
[0.602s] Level 5:colcon.colcon_core.verb:set package 'rmitbot_firmware' build argument 'cmake_target_skip_unavailable' from command line to 'False'
[0.602s] Level 5:colcon.colcon_core.verb:set package 'rmitbot_firmware' build argument 'cmake_clean_cache' from command line to 'False'
[0.602s] Level 5:colcon.colcon_core.verb:set package 'rmitbot_firmware' build argument 'cmake_clean_first' from command line to 'False'
[0.602s] Level 5:colcon.colcon_core.verb:set package 'rmitbot_firmware' build argument 'cmake_force_configure' from command line to 'False'
[0.602s] Level 5:colcon.colcon_core.verb:set package 'rmitbot_firmware' build argument 'meson_args' from command line to '[]'
[0.602s] Level 5:colcon.colcon_core.verb:set package 'rmitbot_firmware' build argument 'ament_cmake_args' from command line to 'None'
[0.602s] Level 5:colcon.colcon_core.verb:set package 'rmitbot_firmware' build argument 'catkin_cmake_args' from command line to 'None'
[0.602s] Level 5:colcon.colcon_core.verb:set package 'rmitbot_firmware' build argument 'catkin_skip_building_tests' from command line to 'False'
[0.602s] DEBUG:colcon.colcon_core.verb:Building package 'rmitbot_firmware' with the following arguments: {'ament_cmake_args': None, 'build_base': '/home/terra/newtest/rmit_ros2_ws/build/rmitbot_firmware', 'catkin_cmake_args': None, 'catkin_skip_building_tests': False, 'cmake_args': None, 'cmake_clean_cache': False, 'cmake_clean_first': False, 'cmake_force_configure': False, 'cmake_target': None, 'cmake_target_skip_unavailable': False, 'install_base': '/home/terra/newtest/rmit_ros2_ws/install/rmitbot_firmware', 'merge_install': False, 'meson_args': [], 'path': '/home/terra/newtest/rmit_ros2_ws/src/rmitbot_firmware', 'symlink_install': False, 'test_result_base': None}
[0.614s] Level 5:colcon.colcon_core.verb:set package 'rmitbot_localization' build argument 'cmake_args' from command line to 'None'
[0.614s] Level 5:colcon.colcon_core.verb:set package 'rmitbot_localization' build argument 'cmake_target' from command line to 'None'
[0.614s] Level 5:colcon.colcon_core.verb:set package 'rmitbot_localization' build argument 'cmake_target_skip_unavailable' from command line to 'False'
[0.615s] Level 5:colcon.colcon_core.verb:set package 'rmitbot_localization' build argument 'cmake_clean_cache' from command line to 'False'
[0.615s] Level 5:colcon.colcon_core.verb:set package 'rmitbot_localization' build argument 'cmake_clean_first' from command line to 'False'
[0.615s] Level 5:colcon.colcon_core.verb:set package 'rmitbot_localization' build argument 'cmake_force_configure' from command line to 'False'
[0.615s] Level 5:colcon.colcon_core.verb:set package 'rmitbot_localization' build argument 'meson_args' from command line to '[]'
[0.615s] Level 5:colcon.colcon_core.verb:set package 'rmitbot_localization' build argument 'ament_cmake_args' from command line to 'None'
[0.615s] Level 5:colcon.colcon_core.verb:set package 'rmitbot_localization' build argument 'catkin_cmake_args' from command line to 'None'
[0.615s] Level 5:colcon.colcon_core.verb:set package 'rmitbot_localization' build argument 'catkin_skip_building_tests' from command line to 'False'
[0.615s] DEBUG:colcon.colcon_core.verb:Building package 'rmitbot_localization' with the following arguments: {'ament_cmake_args': None, 'build_base': '/home/terra/newtest/rmit_ros2_ws/build/rmitbot_localization', 'catkin_cmake_args': None, 'catkin_skip_building_tests': False, 'cmake_args': None, 'cmake_clean_cache': False, 'cmake_clean_first': False, 'cmake_force_configure': False, 'cmake_target': None, 'cmake_target_skip_unavailable': False, 'install_base': '/home/terra/newtest/rmit_ros2_ws/install/rmitbot_localization', 'merge_install': False, 'meson_args': [], 'path': '/home/terra/newtest/rmit_ros2_ws/src/rmitbot_localization', 'symlink_install': False, 'test_result_base': None}
[0.627s] Level 5:colcon.colcon_core.verb:set package 'rmitbot_mapping' build argument 'cmake_args' from command line to 'None'
[0.627s] Level 5:colcon.colcon_core.verb:set package 'rmitbot_mapping' build argument 'cmake_target' from command line to 'None'
[0.627s] Level 5:colcon.colcon_core.verb:set package 'rmitbot_mapping' build argument 'cmake_target_skip_unavailable' from command line to 'False'
[0.627s] Level 5:colcon.colcon_core.verb:set package 'rmitbot_mapping' build argument 'cmake_clean_cache' from command line to 'False'
[0.627s] Level 5:colcon.colcon_core.verb:set package 'rmitbot_mapping' build argument 'cmake_clean_first' from command line to 'False'
[0.627s] Level 5:colcon.colcon_core.verb:set package 'rmitbot_mapping' build argument 'cmake_force_configure' from command line to 'False'
[0.627s] Level 5:colcon.colcon_core.verb:set package 'rmitbot_mapping' build argument 'meson_args' from command line to '[]'
[0.627s] Level 5:colcon.colcon_core.verb:set package 'rmitbot_mapping' build argument 'ament_cmake_args' from command line to 'None'
[0.628s] Level 5:colcon.colcon_core.verb:set package 'rmitbot_mapping' build argument 'catkin_cmake_args' from command line to 'None'
[0.628s] Level 5:colcon.colcon_core.verb:set package 'rmitbot_mapping' build argument 'catkin_skip_building_tests' from command line to 'False'
[0.628s] DEBUG:colcon.colcon_core.verb:Building package 'rmitbot_mapping' with the following arguments: {'ament_cmake_args': None, 'build_base': '/home/terra/newtest/rmit_ros2_ws/build/rmitbot_mapping', 'catkin_cmake_args': None, 'catkin_skip_building_tests': False, 'cmake_args': None, 'cmake_clean_cache': False, 'cmake_clean_first': False, 'cmake_force_configure': False, 'cmake_target': None, 'cmake_target_skip_unavailable': False, 'install_base': '/home/terra/newtest/rmit_ros2_ws/install/rmitbot_mapping', 'merge_install': False, 'meson_args': [], 'path': '/home/terra/newtest/rmit_ros2_ws/src/rmitbot_mapping', 'symlink_install': False, 'test_result_base': None}
[0.642s] Level 5:colcon.colcon_core.verb:set package 'rmitbot_navigation' build argument 'cmake_args' from command line to 'None'
[0.642s] Level 5:colcon.colcon_core.verb:set package 'rmitbot_navigation' build argument 'cmake_target' from command line to 'None'
[0.642s] Level 5:colcon.colcon_core.verb:set package 'rmitbot_navigation' build argument 'cmake_target_skip_unavailable' from command line to 'False'
[0.642s] Level 5:colcon.colcon_core.verb:set package 'rmitbot_navigation' build argument 'cmake_clean_cache' from command line to 'False'
[0.642s] Level 5:colcon.colcon_core.verb:set package 'rmitbot_navigation' build argument 'cmake_clean_first' from command line to 'False'
[0.643s] Level 5:colcon.colcon_core.verb:set package 'rmitbot_navigation' build argument 'cmake_force_configure' from command line to 'False'
[0.643s] Level 5:colcon.colcon_core.verb:set package 'rmitbot_navigation' build argument 'meson_args' from command line to '[]'
[0.643s] Level 5:colcon.colcon_core.verb:set package 'rmitbot_navigation' build argument 'ament_cmake_args' from command line to 'None'
[0.643s] Level 5:colcon.colcon_core.verb:set package 'rmitbot_navigation' build argument 'catkin_cmake_args' from command line to 'None'
[0.643s] Level 5:colcon.colcon_core.verb:set package 'rmitbot_navigation' build argument 'catkin_skip_building_tests' from command line to 'False'
[0.643s] DEBUG:colcon.colcon_core.verb:Building package 'rmitbot_navigation' with the following arguments: {'ament_cmake_args': None, 'build_base': '/home/terra/newtest/rmit_ros2_ws/build/rmitbot_navigation', 'catkin_cmake_args': None, 'catkin_skip_building_tests': False, 'cmake_args': None, 'cmake_clean_cache': False, 'cmake_clean_first': False, 'cmake_force_configure': False, 'cmake_target': None, 'cmake_target_skip_unavailable': False, 'install_base': '/home/terra/newtest/rmit_ros2_ws/install/rmitbot_navigation', 'merge_install': False, 'meson_args': [], 'path': '/home/terra/newtest/rmit_ros2_ws/src/rmitbot_navigation', 'symlink_install': False, 'test_result_base': None}
[0.655s] Level 5:colcon.colcon_core.verb:set package 'rmitbot_vision' build argument 'cmake_args' from command line to 'None'
[0.655s] Level 5:colcon.colcon_core.verb:set package 'rmitbot_vision' build argument 'cmake_target' from command line to 'None'
[0.655s] Level 5:colcon.colcon_core.verb:set package 'rmitbot_vision' build argument 'cmake_target_skip_unavailable' from command line to 'False'
[0.655s] Level 5:colcon.colcon_core.verb:set package 'rmitbot_vision' build argument 'cmake_clean_cache' from command line to 'False'
[0.655s] Level 5:colcon.colcon_core.verb:set package 'rmitbot_vision' build argument 'cmake_clean_first' from command line to 'False'
[0.655s] Level 5:colcon.colcon_core.verb:set package 'rmitbot_vision' build argument 'cmake_force_configure' from command line to 'False'
[0.655s] Level 5:colcon.colcon_core.verb:set package 'rmitbot_vision' build argument 'meson_args' from command line to '[]'
[0.655s] Level 5:colcon.colcon_core.verb:set package 'rmitbot_vision' build argument 'ament_cmake_args' from command line to 'None'
[0.655s] Level 5:colcon.colcon_core.verb:set package 'rmitbot_vision' build argument 'catkin_cmake_args' from command line to 'None'
[0.655s] Level 5:colcon.colcon_core.verb:set package 'rmitbot_vision' build argument 'catkin_skip_building_tests' from command line to 'False'
[0.655s] DEBUG:colcon.colcon_core.verb:Building package 'rmitbot_vision' with the following arguments: {'ament_cmake_args': None, 'build_base': '/home/terra/newtest/rmit_ros2_ws/build/rmitbot_vision', 'catkin_cmake_args': None, 'catkin_skip_building_tests': False, 'cmake_args': None, 'cmake_clean_cache': False, 'cmake_clean_first': False, 'cmake_force_configure': False, 'cmake_target': None, 'cmake_target_skip_unavailable': False, 'install_base': '/home/terra/newtest/rmit_ros2_ws/install/rmitbot_vision', 'merge_install': False, 'meson_args': [], 'path': '/home/terra/newtest/rmit_ros2_ws/src/rmitbot_vision', 'symlink_install': False, 'test_result_base': None}
[0.656s] INFO:colcon.colcon_core.executor:Executing jobs using 'parallel' executor
[0.657s] DEBUG:colcon.colcon_parallel_executor.executor.parallel:run_until_complete
[0.658s] INFO:colcon.colcon_ros.task.ament_cmake.build:Building ROS package in '/home/terra/newtest/rmit_ros2_ws/src/rmitbot_bringup' with build type 'ament_cmake'
[0.658s] INFO:colcon.colcon_cmake.task.cmake.build:Building CMake package in '/home/terra/newtest/rmit_ros2_ws/src/rmitbot_bringup'
[0.660s] INFO:colcon.colcon_core.plugin_system:Skipping extension 'colcon_core.shell.bat': Not used on non-Windows systems
[0.661s] INFO:colcon.colcon_core.shell:Skip shell extension 'powershell' for command environment: Not usable outside of PowerShell
[0.661s] DEBUG:colcon.colcon_core.shell:Skip shell extension 'dsv' for command environment
[0.666s] INFO:colcon.colcon_ros.task.ament_cmake.build:Building ROS package in '/home/terra/newtest/rmit_ros2_ws/src/rmitbot_controller' with build type 'ament_cmake'
[0.667s] INFO:colcon.colcon_cmake.task.cmake.build:Building CMake package in '/home/terra/newtest/rmit_ros2_ws/src/rmitbot_controller'
[0.667s] INFO:colcon.colcon_core.shell:Skip shell extension 'powershell' for command environment: Not usable outside of PowerShell
[0.667s] DEBUG:colcon.colcon_core.shell:Skip shell extension 'dsv' for command environment
[0.673s] INFO:colcon.colcon_ros.task.ament_cmake.build:Building ROS package in '/home/terra/newtest/rmit_ros2_ws/src/rmitbot_description' with build type 'ament_cmake'
[0.673s] INFO:colcon.colcon_cmake.task.cmake.build:Building CMake package in '/home/terra/newtest/rmit_ros2_ws/src/rmitbot_description'
[0.673s] INFO:colcon.colcon_core.shell:Skip shell extension 'powershell' for command environment: Not usable outside of PowerShell
[0.673s] DEBUG:colcon.colcon_core.shell:Skip shell extension 'dsv' for command environment
[0.679s] INFO:colcon.colcon_ros.task.ament_cmake.build:Building ROS package in '/home/terra/newtest/rmit_ros2_ws/src/rmitbot_firmware' with build type 'ament_cmake'
[0.679s] INFO:colcon.colcon_cmake.task.cmake.build:Building CMake package in '/home/terra/newtest/rmit_ros2_ws/src/rmitbot_firmware'
[0.680s] INFO:colcon.colcon_core.shell:Skip shell extension 'powershell' for command environment: Not usable outside of PowerShell
[0.680s] DEBUG:colcon.colcon_core.shell:Skip shell extension 'dsv' for command environment
[0.692s] DEBUG:colcon.colcon_core.event_handler.log_command:Invoking command in '/home/terra/newtest/rmit_ros2_ws/build/rmitbot_bringup': CMAKE_PREFIX_PATH=${CMAKE_PREFIX_PATH}:/opt/ros/jazzy /usr/bin/cmake --build /home/terra/newtest/rmit_ros2_ws/build/rmitbot_bringup -- -j4 -l4
[0.696s] DEBUG:colcon.colcon_core.event_handler.log_command:Invoking command in '/home/terra/newtest/rmit_ros2_ws/build/rmitbot_controller': CMAKE_PREFIX_PATH=${CMAKE_PREFIX_PATH}:/opt/ros/jazzy /usr/bin/cmake --build /home/terra/newtest/rmit_ros2_ws/build/rmitbot_controller -- -j4 -l4
[0.702s] DEBUG:colcon.colcon_core.event_handler.log_command:Invoking command in '/home/terra/newtest/rmit_ros2_ws/build/rmitbot_description': CMAKE_PREFIX_PATH=${CMAKE_PREFIX_PATH}:/opt/ros/jazzy /usr/bin/cmake --build /home/terra/newtest/rmit_ros2_ws/build/rmitbot_description -- -j4 -l4
[0.719s] DEBUG:colcon.colcon_core.event_handler.log_command:Invoking command in '/home/terra/newtest/rmit_ros2_ws/build/rmitbot_firmware': CMAKE_PREFIX_PATH=${CMAKE_PREFIX_PATH}:/opt/ros/jazzy /usr/bin/cmake --build /home/terra/newtest/rmit_ros2_ws/build/rmitbot_firmware -- -j4 -l4
[0.796s] DEBUG:colcon.colcon_core.event_handler.log_command:Invoked command in '/home/terra/newtest/rmit_ros2_ws/build/rmitbot_bringup' returned '0': CMAKE_PREFIX_PATH=${CMAKE_PREFIX_PATH}:/opt/ros/jazzy /usr/bin/cmake --build /home/terra/newtest/rmit_ros2_ws/build/rmitbot_bringup -- -j4 -l4
[0.817s] DEBUG:colcon.colcon_core.event_handler.log_command:Invoking command in '/home/terra/newtest/rmit_ros2_ws/build/rmitbot_bringup': CMAKE_PREFIX_PATH=${CMAKE_PREFIX_PATH}:/opt/ros/jazzy /usr/bin/cmake --install /home/terra/newtest/rmit_ros2_ws/build/rmitbot_bringup
[0.819s] DEBUG:colcon.colcon_core.event_handler.log_command:Invoked command in '/home/terra/newtest/rmit_ros2_ws/build/rmitbot_description' returned '0': CMAKE_PREFIX_PATH=${CMAKE_PREFIX_PATH}:/opt/ros/jazzy /usr/bin/cmake --build /home/terra/newtest/rmit_ros2_ws/build/rmitbot_description -- -j4 -l4
[0.821s] DEBUG:colcon.colcon_core.event_handler.log_command:Invoking command in '/home/terra/newtest/rmit_ros2_ws/build/rmitbot_description': CMAKE_PREFIX_PATH=${CMAKE_PREFIX_PATH}:/opt/ros/jazzy /usr/bin/cmake --install /home/terra/newtest/rmit_ros2_ws/build/rmitbot_description
[0.824s] DEBUG:colcon.colcon_core.event_handler.log_command:Invoked command in '/home/terra/newtest/rmit_ros2_ws/build/rmitbot_controller' returned '0': CMAKE_PREFIX_PATH=${CMAKE_PREFIX_PATH}:/opt/ros/jazzy /usr/bin/cmake --build /home/terra/newtest/rmit_ros2_ws/build/rmitbot_controller -- -j4 -l4
[0.825s] DEBUG:colcon.colcon_core.event_handler.log_command:Invoking command in '/home/terra/newtest/rmit_ros2_ws/build/rmitbot_controller': CMAKE_PREFIX_PATH=${CMAKE_PREFIX_PATH}:/opt/ros/jazzy /usr/bin/cmake --install /home/terra/newtest/rmit_ros2_ws/build/rmitbot_controller
[0.843s] Level 1:colcon.colcon_core.environment:create_environment_scripts_only(rmitbot_bringup)
[0.845s] DEBUG:colcon.colcon_core.event_handler.log_command:Invoked command in '/home/terra/newtest/rmit_ros2_ws/build/rmitbot_bringup' returned '0': CMAKE_PREFIX_PATH=${CMAKE_PREFIX_PATH}:/opt/ros/jazzy /usr/bin/cmake --install /home/terra/newtest/rmit_ros2_ws/build/rmitbot_bringup
[0.856s] Level 1:colcon.colcon_core.environment:checking '/home/terra/newtest/rmit_ros2_ws/install/rmitbot_bringup' for CMake module files
[0.856s] Level 1:colcon.colcon_core.environment:checking '/home/terra/newtest/rmit_ros2_ws/install/rmitbot_bringup' for CMake config files
[0.857s] Level 1:colcon.colcon_core.shell:create_environment_hook('rmitbot_bringup', 'cmake_prefix_path')
[0.857s] INFO:colcon.colcon_core.shell:Creating environment hook '/home/terra/newtest/rmit_ros2_ws/install/rmitbot_bringup/share/rmitbot_bringup/hook/cmake_prefix_path.ps1'
[0.858s] INFO:colcon.colcon_core.shell:Creating environment descriptor '/home/terra/newtest/rmit_ros2_ws/install/rmitbot_bringup/share/rmitbot_bringup/hook/cmake_prefix_path.dsv'
[0.861s] INFO:colcon.colcon_core.shell:Creating environment hook '/home/terra/newtest/rmit_ros2_ws/install/rmitbot_bringup/share/rmitbot_bringup/hook/cmake_prefix_path.sh'
[0.865s] Level 1:colcon.colcon_core.environment:checking '/home/terra/newtest/rmit_ros2_ws/install/rmitbot_bringup/bin'
[0.865s] Level 1:colcon.colcon_core.environment:checking '/home/terra/newtest/rmit_ros2_ws/install/rmitbot_bringup/lib/pkgconfig/rmitbot_bringup.pc'
[0.865s] Level 1:colcon.colcon_core.environment:checking '/home/terra/newtest/rmit_ros2_ws/install/rmitbot_bringup/lib/python3.12/site-packages'
[0.866s] Level 1:colcon.colcon_core.environment:checking '/home/terra/newtest/rmit_ros2_ws/install/rmitbot_bringup/bin'
[0.866s] INFO:colcon.colcon_core.shell:Creating package script '/home/terra/newtest/rmit_ros2_ws/install/rmitbot_bringup/share/rmitbot_bringup/package.ps1'
[0.867s] INFO:colcon.colcon_core.shell:Creating package descriptor '/home/terra/newtest/rmit_ros2_ws/install/rmitbot_bringup/share/rmitbot_bringup/package.dsv'
[0.868s] INFO:colcon.colcon_core.shell:Creating package script '/home/terra/newtest/rmit_ros2_ws/install/rmitbot_bringup/share/rmitbot_bringup/package.sh'
[0.869s] INFO:colcon.colcon_core.shell:Creating package script '/home/terra/newtest/rmit_ros2_ws/install/rmitbot_bringup/share/rmitbot_bringup/package.bash'
[0.870s] INFO:colcon.colcon_core.shell:Creating package script '/home/terra/newtest/rmit_ros2_ws/install/rmitbot_bringup/share/rmitbot_bringup/package.zsh'
[0.871s] Level 1:colcon.colcon_core.environment:create_file_with_runtime_dependencies(/home/terra/newtest/rmit_ros2_ws/install/rmitbot_bringup/share/colcon-core/packages/rmitbot_bringup)
[0.872s] Level 1:colcon.colcon_core.environment:create_environment_scripts_only(rmitbot_bringup)
[0.873s] Level 1:colcon.colcon_core.environment:checking '/home/terra/newtest/rmit_ros2_ws/install/rmitbot_bringup' for CMake module files
[0.873s] Level 1:colcon.colcon_core.environment:checking '/home/terra/newtest/rmit_ros2_ws/install/rmitbot_bringup' for CMake config files
[0.874s] Level 1:colcon.colcon_core.shell:create_environment_hook('rmitbot_bringup', 'cmake_prefix_path')
[0.874s] INFO:colcon.colcon_core.shell:Creating environment hook '/home/terra/newtest/rmit_ros2_ws/install/rmitbot_bringup/share/rmitbot_bringup/hook/cmake_prefix_path.ps1'
[0.875s] INFO:colcon.colcon_core.shell:Creating environment descriptor '/home/terra/newtest/rmit_ros2_ws/install/rmitbot_bringup/share/rmitbot_bringup/hook/cmake_prefix_path.dsv'
[0.875s] INFO:colcon.colcon_core.shell:Creating environment hook '/home/terra/newtest/rmit_ros2_ws/install/rmitbot_bringup/share/rmitbot_bringup/hook/cmake_prefix_path.sh'
[0.876s] Level 1:colcon.colcon_core.environment:checking '/home/terra/newtest/rmit_ros2_ws/install/rmitbot_bringup/bin'
[0.876s] Level 1:colcon.colcon_core.environment:checking '/home/terra/newtest/rmit_ros2_ws/install/rmitbot_bringup/lib/pkgconfig/rmitbot_bringup.pc'
[0.877s] Level 1:colcon.colcon_core.environment:checking '/home/terra/newtest/rmit_ros2_ws/install/rmitbot_bringup/lib/python3.12/site-packages'
[0.877s] Level 1:colcon.colcon_core.environment:checking '/home/terra/newtest/rmit_ros2_ws/install/rmitbot_bringup/bin'
[0.878s] INFO:colcon.colcon_core.shell:Creating package script '/home/terra/newtest/rmit_ros2_ws/install/rmitbot_bringup/share/rmitbot_bringup/package.ps1'
[0.879s] INFO:colcon.colcon_core.shell:Creating package descriptor '/home/terra/newtest/rmit_ros2_ws/install/rmitbot_bringup/share/rmitbot_bringup/package.dsv'
[0.879s] INFO:colcon.colcon_core.shell:Creating package script '/home/terra/newtest/rmit_ros2_ws/install/rmitbot_bringup/share/rmitbot_bringup/package.sh'
[0.880s] INFO:colcon.colcon_core.shell:Creating package script '/home/terra/newtest/rmit_ros2_ws/install/rmitbot_bringup/share/rmitbot_bringup/package.bash'
[0.881s] INFO:colcon.colcon_core.shell:Creating package script '/home/terra/newtest/rmit_ros2_ws/install/rmitbot_bringup/share/rmitbot_bringup/package.zsh'
[0.882s] Level 1:colcon.colcon_core.environment:create_file_with_runtime_dependencies(/home/terra/newtest/rmit_ros2_ws/install/rmitbot_bringup/share/colcon-core/packages/rmitbot_bringup)
[0.883s] INFO:colcon.colcon_ros.task.ament_cmake.build:Building ROS package in '/home/terra/newtest/rmit_ros2_ws/src/rmitbot_localization' with build type 'ament_cmake'
[0.883s] INFO:colcon.colcon_cmake.task.cmake.build:Building CMake package in '/home/terra/newtest/rmit_ros2_ws/src/rmitbot_localization'
[0.883s] INFO:colcon.colcon_core.shell:Skip shell extension 'powershell' for command environment: Not usable outside of PowerShell
[0.883s] DEBUG:colcon.colcon_core.shell:Skip shell extension 'dsv' for command environment
[0.890s] Level 1:colcon.colcon_core.environment:create_environment_scripts_only(rmitbot_controller)
[0.890s] Level 1:colcon.colcon_core.environment:checking '/home/terra/newtest/rmit_ros2_ws/install/rmitbot_controller' for CMake module files
[0.891s] DEBUG:colcon.colcon_core.event_handler.log_command:Invoked command in '/home/terra/newtest/rmit_ros2_ws/build/rmitbot_controller' returned '0': CMAKE_PREFIX_PATH=${CMAKE_PREFIX_PATH}:/opt/ros/jazzy /usr/bin/cmake --install /home/terra/newtest/rmit_ros2_ws/build/rmitbot_controller
[0.891s] Level 1:colcon.colcon_core.environment:checking '/home/terra/newtest/rmit_ros2_ws/install/rmitbot_controller' for CMake config files
[0.892s] Level 1:colcon.colcon_core.shell:create_environment_hook('rmitbot_controller', 'cmake_prefix_path')
[0.892s] INFO:colcon.colcon_core.shell:Creating environment hook '/home/terra/newtest/rmit_ros2_ws/install/rmitbot_controller/share/rmitbot_controller/hook/cmake_prefix_path.ps1'
[0.892s] INFO:colcon.colcon_core.shell:Creating environment descriptor '/home/terra/newtest/rmit_ros2_ws/install/rmitbot_controller/share/rmitbot_controller/hook/cmake_prefix_path.dsv'
[0.893s] INFO:colcon.colcon_core.shell:Creating environment hook '/home/terra/newtest/rmit_ros2_ws/install/rmitbot_controller/share/rmitbot_controller/hook/cmake_prefix_path.sh'
[0.894s] Level 1:colcon.colcon_core.environment:checking '/home/terra/newtest/rmit_ros2_ws/install/rmitbot_controller/bin'
[0.894s] Level 1:colcon.colcon_core.environment:checking '/home/terra/newtest/rmit_ros2_ws/install/rmitbot_controller/lib/pkgconfig/rmitbot_controller.pc'
[0.895s] Level 1:colcon.colcon_core.environment:checking '/home/terra/newtest/rmit_ros2_ws/install/rmitbot_controller/lib/python3.12/site-packages'
[0.895s] Level 1:colcon.colcon_core.environment:checking '/home/terra/newtest/rmit_ros2_ws/install/rmitbot_controller/bin'
[0.895s] INFO:colcon.colcon_core.shell:Creating package script '/home/terra/newtest/rmit_ros2_ws/install/rmitbot_controller/share/rmitbot_controller/package.ps1'
[0.896s] INFO:colcon.colcon_core.shell:Creating package descriptor '/home/terra/newtest/rmit_ros2_ws/install/rmitbot_controller/share/rmitbot_controller/package.dsv'
[0.897s] INFO:colcon.colcon_core.shell:Creating package script '/home/terra/newtest/rmit_ros2_ws/install/rmitbot_controller/share/rmitbot_controller/package.sh'
[0.897s] INFO:colcon.colcon_core.shell:Creating package script '/home/terra/newtest/rmit_ros2_ws/install/rmitbot_controller/share/rmitbot_controller/package.bash'
[0.898s] INFO:colcon.colcon_core.shell:Creating package script '/home/terra/newtest/rmit_ros2_ws/install/rmitbot_controller/share/rmitbot_controller/package.zsh'
[0.899s] Level 1:colcon.colcon_core.environment:create_file_with_runtime_dependencies(/home/terra/newtest/rmit_ros2_ws/install/rmitbot_controller/share/colcon-core/packages/rmitbot_controller)
[0.902s] Level 1:colcon.colcon_core.environment:create_environment_scripts_only(rmitbot_controller)
[0.903s] Level 1:colcon.colcon_core.environment:checking '/home/terra/newtest/rmit_ros2_ws/install/rmitbot_controller' for CMake module files
[0.903s] Level 1:colcon.colcon_core.environment:checking '/home/terra/newtest/rmit_ros2_ws/install/rmitbot_controller' for CMake config files
[0.903s] Level 1:colcon.colcon_core.shell:create_environment_hook('rmitbot_controller', 'cmake_prefix_path')
[0.904s] INFO:colcon.colcon_core.shell:Creating environment hook '/home/terra/newtest/rmit_ros2_ws/install/rmitbot_controller/share/rmitbot_controller/hook/cmake_prefix_path.ps1'
[0.904s] INFO:colcon.colcon_core.shell:Creating environment descriptor '/home/terra/newtest/rmit_ros2_ws/install/rmitbot_controller/share/rmitbot_controller/hook/cmake_prefix_path.dsv'
[0.905s] INFO:colcon.colcon_core.shell:Creating environment hook '/home/terra/newtest/rmit_ros2_ws/install/rmitbot_controller/share/rmitbot_controller/hook/cmake_prefix_path.sh'
[0.906s] Level 1:colcon.colcon_core.environment:checking '/home/terra/newtest/rmit_ros2_ws/install/rmitbot_controller/bin'
[0.906s] Level 1:colcon.colcon_core.environment:checking '/home/terra/newtest/rmit_ros2_ws/install/rmitbot_controller/lib/pkgconfig/rmitbot_controller.pc'
[0.907s] Level 1:colcon.colcon_core.environment:checking '/home/terra/newtest/rmit_ros2_ws/install/rmitbot_controller/lib/python3.12/site-packages'
[0.907s] Level 1:colcon.colcon_core.environment:checking '/home/terra/newtest/rmit_ros2_ws/install/rmitbot_controller/bin'
[0.907s] INFO:colcon.colcon_core.shell:Creating package script '/home/terra/newtest/rmit_ros2_ws/install/rmitbot_controller/share/rmitbot_controller/package.ps1'
[0.908s] INFO:colcon.colcon_core.shell:Creating package descriptor '/home/terra/newtest/rmit_ros2_ws/install/rmitbot_controller/share/rmitbot_controller/package.dsv'
[0.909s] INFO:colcon.colcon_core.shell:Creating package script '/home/terra/newtest/rmit_ros2_ws/install/rmitbot_controller/share/rmitbot_controller/package.sh'
[0.910s] INFO:colcon.colcon_core.shell:Creating package script '/home/terra/newtest/rmit_ros2_ws/install/rmitbot_controller/share/rmitbot_controller/package.bash'
[0.911s] INFO:colcon.colcon_core.shell:Creating package script '/home/terra/newtest/rmit_ros2_ws/install/rmitbot_controller/share/rmitbot_controller/package.zsh'
[0.911s] Level 1:colcon.colcon_core.environment:create_file_with_runtime_dependencies(/home/terra/newtest/rmit_ros2_ws/install/rmitbot_controller/share/colcon-core/packages/rmitbot_controller)
[0.912s] Level 1:colcon.colcon_core.environment:create_environment_scripts_only(rmitbot_description)
[0.913s] Level 1:colcon.colcon_core.environment:checking '/home/terra/newtest/rmit_ros2_ws/install/rmitbot_description' for CMake module files
[0.914s] DEBUG:colcon.colcon_core.event_handler.log_command:Invoked command in '/home/terra/newtest/rmit_ros2_ws/build/rmitbot_description' returned '0': CMAKE_PREFIX_PATH=${CMAKE_PREFIX_PATH}:/opt/ros/jazzy /usr/bin/cmake --install /home/terra/newtest/rmit_ros2_ws/build/rmitbot_description
[0.915s] Level 1:colcon.colcon_core.environment:checking '/home/terra/newtest/rmit_ros2_ws/install/rmitbot_description' for CMake config files
[0.915s] Level 1:colcon.colcon_core.shell:create_environment_hook('rmitbot_description', 'cmake_prefix_path')
[0.915s] INFO:colcon.colcon_core.shell:Creating environment hook '/home/terra/newtest/rmit_ros2_ws/install/rmitbot_description/share/rmitbot_description/hook/cmake_prefix_path.ps1'
[0.919s] INFO:colcon.colcon_core.shell:Creating environment descriptor '/home/terra/newtest/rmit_ros2_ws/install/rmitbot_description/share/rmitbot_description/hook/cmake_prefix_path.dsv'
[0.921s] INFO:colcon.colcon_core.shell:Creating environment hook '/home/terra/newtest/rmit_ros2_ws/install/rmitbot_description/share/rmitbot_description/hook/cmake_prefix_path.sh'
[0.922s] Level 1:colcon.colcon_core.environment:checking '/home/terra/newtest/rmit_ros2_ws/install/rmitbot_description/bin'
[0.922s] Level 1:colcon.colcon_core.environment:checking '/home/terra/newtest/rmit_ros2_ws/install/rmitbot_description/lib/pkgconfig/rmitbot_description.pc'
[0.922s] Level 1:colcon.colcon_core.environment:checking '/home/terra/newtest/rmit_ros2_ws/install/rmitbot_description/lib/python3.12/site-packages'
[0.923s] Level 1:colcon.colcon_core.environment:checking '/home/terra/newtest/rmit_ros2_ws/install/rmitbot_description/bin'
[0.923s] INFO:colcon.colcon_core.shell:Creating package script '/home/terra/newtest/rmit_ros2_ws/install/rmitbot_description/share/rmitbot_description/package.ps1'
[0.924s] INFO:colcon.colcon_core.shell:Creating package descriptor '/home/terra/newtest/rmit_ros2_ws/install/rmitbot_description/share/rmitbot_description/package.dsv'
[0.925s] INFO:colcon.colcon_core.shell:Creating package script '/home/terra/newtest/rmit_ros2_ws/install/rmitbot_description/share/rmitbot_description/package.sh'
[0.925s] INFO:colcon.colcon_core.shell:Creating package script '/home/terra/newtest/rmit_ros2_ws/install/rmitbot_description/share/rmitbot_description/package.bash'
[0.926s] INFO:colcon.colcon_core.shell:Creating package script '/home/terra/newtest/rmit_ros2_ws/install/rmitbot_description/share/rmitbot_description/package.zsh'
[0.927s] Level 1:colcon.colcon_core.environment:create_file_with_runtime_dependencies(/home/terra/newtest/rmit_ros2_ws/install/rmitbot_description/share/colcon-core/packages/rmitbot_description)
[0.928s] Level 1:colcon.colcon_core.environment:create_environment_scripts_only(rmitbot_description)
[0.928s] Level 1:colcon.colcon_core.environment:checking '/home/terra/newtest/rmit_ros2_ws/install/rmitbot_description' for CMake module files
[0.929s] Level 1:colcon.colcon_core.environment:checking '/home/terra/newtest/rmit_ros2_ws/install/rmitbot_description' for CMake config files
[0.930s] Level 1:colcon.colcon_core.shell:create_environment_hook('rmitbot_description', 'cmake_prefix_path')
[0.930s] INFO:colcon.colcon_core.shell:Creating environment hook '/home/terra/newtest/rmit_ros2_ws/install/rmitbot_description/share/rmitbot_description/hook/cmake_prefix_path.ps1'
[0.930s] INFO:colcon.colcon_core.shell:Creating environment descriptor '/home/terra/newtest/rmit_ros2_ws/install/rmitbot_description/share/rmitbot_description/hook/cmake_prefix_path.dsv'
[0.931s] INFO:colcon.colcon_core.shell:Creating environment hook '/home/terra/newtest/rmit_ros2_ws/install/rmitbot_description/share/rmitbot_description/hook/cmake_prefix_path.sh'
[0.932s] Level 1:colcon.colcon_core.environment:checking '/home/terra/newtest/rmit_ros2_ws/install/rmitbot_description/bin'
[0.932s] Level 1:colcon.colcon_core.environment:checking '/home/terra/newtest/rmit_ros2_ws/install/rmitbot_description/lib/pkgconfig/rmitbot_description.pc'
[0.933s] Level 1:colcon.colcon_core.environment:checking '/home/terra/newtest/rmit_ros2_ws/install/rmitbot_description/lib/python3.12/site-packages'
[0.933s] Level 1:colcon.colcon_core.environment:checking '/home/terra/newtest/rmit_ros2_ws/install/rmitbot_description/bin'
[0.934s] INFO:colcon.colcon_core.shell:Creating package script '/home/terra/newtest/rmit_ros2_ws/install/rmitbot_description/share/rmitbot_description/package.ps1'
[0.935s] INFO:colcon.colcon_core.shell:Creating package descriptor '/home/terra/newtest/rmit_ros2_ws/install/rmitbot_description/share/rmitbot_description/package.dsv'
[0.938s] INFO:colcon.colcon_core.shell:Creating package script '/home/terra/newtest/rmit_ros2_ws/install/rmitbot_description/share/rmitbot_description/package.sh'
[0.938s] INFO:colcon.colcon_core.shell:Creating package script '/home/terra/newtest/rmit_ros2_ws/install/rmitbot_description/share/rmitbot_description/package.bash'
[0.939s] INFO:colcon.colcon_core.shell:Creating package script '/home/terra/newtest/rmit_ros2_ws/install/rmitbot_description/share/rmitbot_description/package.zsh'
[0.940s] Level 1:colcon.colcon_core.environment:create_file_with_runtime_dependencies(/home/terra/newtest/rmit_ros2_ws/install/rmitbot_description/share/colcon-core/packages/rmitbot_description)
[0.942s] DEBUG:colcon.colcon_core.event_handler.log_command:Invoked command in '/home/terra/newtest/rmit_ros2_ws/build/rmitbot_firmware' returned '0': CMAKE_PREFIX_PATH=${CMAKE_PREFIX_PATH}:/opt/ros/jazzy /usr/bin/cmake --build /home/terra/newtest/rmit_ros2_ws/build/rmitbot_firmware -- -j4 -l4
[0.944s] DEBUG:colcon.colcon_core.event_handler.log_command:Invoking command in '/home/terra/newtest/rmit_ros2_ws/build/rmitbot_firmware': CMAKE_PREFIX_PATH=${CMAKE_PREFIX_PATH}:/opt/ros/jazzy /usr/bin/cmake --install /home/terra/newtest/rmit_ros2_ws/build/rmitbot_firmware
[0.944s] INFO:colcon.colcon_ros.task.ament_cmake.build:Building ROS package in '/home/terra/newtest/rmit_ros2_ws/src/rmitbot_mapping' with build type 'ament_cmake'
[0.944s] INFO:colcon.colcon_cmake.task.cmake.build:Building CMake package in '/home/terra/newtest/rmit_ros2_ws/src/rmitbot_mapping'
[0.945s] INFO:colcon.colcon_core.shell:Skip shell extension 'powershell' for command environment: Not usable outside of PowerShell
[0.945s] DEBUG:colcon.colcon_core.shell:Skip shell extension 'dsv' for command environment
[0.951s] INFO:colcon.colcon_ros.task.ament_cmake.build:Building ROS package in '/home/terra/newtest/rmit_ros2_ws/src/rmitbot_navigation' with build type 'ament_cmake'
[0.951s] INFO:colcon.colcon_cmake.task.cmake.build:Building CMake package in '/home/terra/newtest/rmit_ros2_ws/src/rmitbot_navigation'
[0.952s] INFO:colcon.colcon_core.shell:Skip shell extension 'powershell' for command environment: Not usable outside of PowerShell
[0.952s] DEBUG:colcon.colcon_core.shell:Skip shell extension 'dsv' for command environment
[0.965s] DEBUG:colcon.colcon_core.event_handler.log_command:Invoking command in '/home/terra/newtest/rmit_ros2_ws/build/rmitbot_localization': CMAKE_PREFIX_PATH=${CMAKE_PREFIX_PATH}:/opt/ros/jazzy /usr/bin/cmake --build /home/terra/newtest/rmit_ros2_ws/build/rmitbot_localization -- -j4 -l4
[0.973s] DEBUG:colcon.colcon_core.event_handler.log_command:Invoking command in '/home/terra/newtest/rmit_ros2_ws/build/rmitbot_mapping': CMAKE_PREFIX_PATH=${CMAKE_PREFIX_PATH}:/opt/ros/jazzy /usr/bin/cmake --build /home/terra/newtest/rmit_ros2_ws/build/rmitbot_mapping -- -j4 -l4
[0.978s] DEBUG:colcon.colcon_core.event_handler.log_command:Invoking command in '/home/terra/newtest/rmit_ros2_ws/build/rmitbot_navigation': CMAKE_PREFIX_PATH=${CMAKE_PREFIX_PATH}:/opt/ros/jazzy /usr/bin/cmake --build /home/terra/newtest/rmit_ros2_ws/build/rmitbot_navigation -- -j4 -l4
[0.979s] Level 1:colcon.colcon_core.environment:create_environment_scripts_only(rmitbot_firmware)
[0.979s] Level 1:colcon.colcon_core.environment:checking '/home/terra/newtest/rmit_ros2_ws/install/rmitbot_firmware' for CMake module files
[0.981s] DEBUG:colcon.colcon_core.event_handler.log_command:Invoked command in '/home/terra/newtest/rmit_ros2_ws/build/rmitbot_firmware' returned '0': CMAKE_PREFIX_PATH=${CMAKE_PREFIX_PATH}:/opt/ros/jazzy /usr/bin/cmake --install /home/terra/newtest/rmit_ros2_ws/build/rmitbot_firmware
[0.982s] Level 1:colcon.colcon_core.environment:checking '/home/terra/newtest/rmit_ros2_ws/install/rmitbot_firmware' for CMake config files
[0.982s] Level 1:colcon.colcon_core.shell:create_environment_hook('rmitbot_firmware', 'cmake_prefix_path')
[0.983s] INFO:colcon.colcon_core.shell:Creating environment hook '/home/terra/newtest/rmit_ros2_ws/install/rmitbot_firmware/share/rmitbot_firmware/hook/cmake_prefix_path.ps1'
[0.984s] INFO:colcon.colcon_core.shell:Creating environment descriptor '/home/terra/newtest/rmit_ros2_ws/install/rmitbot_firmware/share/rmitbot_firmware/hook/cmake_prefix_path.dsv'
[0.985s] INFO:colcon.colcon_core.shell:Creating environment hook '/home/terra/newtest/rmit_ros2_ws/install/rmitbot_firmware/share/rmitbot_firmware/hook/cmake_prefix_path.sh'
[0.986s] Level 1:colcon.colcon_core.environment:checking '/home/terra/newtest/rmit_ros2_ws/install/rmitbot_firmware/lib'
[0.987s] Level 1:colcon.colcon_core.shell:create_environment_hook('rmitbot_firmware', 'ld_library_path_lib')
[0.987s] INFO:colcon.colcon_core.shell:Creating environment hook '/home/terra/newtest/rmit_ros2_ws/install/rmitbot_firmware/share/rmitbot_firmware/hook/ld_library_path_lib.ps1'
[0.988s] INFO:colcon.colcon_core.shell:Creating environment descriptor '/home/terra/newtest/rmit_ros2_ws/install/rmitbot_firmware/share/rmitbot_firmware/hook/ld_library_path_lib.dsv'
[0.989s] INFO:colcon.colcon_core.shell:Creating environment hook '/home/terra/newtest/rmit_ros2_ws/install/rmitbot_firmware/share/rmitbot_firmware/hook/ld_library_path_lib.sh'
[0.990s] Level 1:colcon.colcon_core.environment:checking '/home/terra/newtest/rmit_ros2_ws/install/rmitbot_firmware/bin'
[0.990s] Level 1:colcon.colcon_core.environment:checking '/home/terra/newtest/rmit_ros2_ws/install/rmitbot_firmware/lib/pkgconfig/rmitbot_firmware.pc'
[0.991s] Level 1:colcon.colcon_core.environment:checking '/home/terra/newtest/rmit_ros2_ws/install/rmitbot_firmware/lib/python3.12/site-packages'
[0.992s] Level 1:colcon.colcon_core.environment:checking '/home/terra/newtest/rmit_ros2_ws/install/rmitbot_firmware/bin'
[0.992s] INFO:colcon.colcon_core.shell:Creating package script '/home/terra/newtest/rmit_ros2_ws/install/rmitbot_firmware/share/rmitbot_firmware/package.ps1'
[0.994s] INFO:colcon.colcon_core.shell:Creating package descriptor '/home/terra/newtest/rmit_ros2_ws/install/rmitbot_firmware/share/rmitbot_firmware/package.dsv'
[0.995s] INFO:colcon.colcon_core.shell:Creating package script '/home/terra/newtest/rmit_ros2_ws/install/rmitbot_firmware/share/rmitbot_firmware/package.sh'
[0.996s] INFO:colcon.colcon_core.shell:Creating package script '/home/terra/newtest/rmit_ros2_ws/install/rmitbot_firmware/share/rmitbot_firmware/package.bash'
[0.997s] INFO:colcon.colcon_core.shell:Creating package script '/home/terra/newtest/rmit_ros2_ws/install/rmitbot_firmware/share/rmitbot_firmware/package.zsh'
[0.998s] Level 1:colcon.colcon_core.environment:create_file_with_runtime_dependencies(/home/terra/newtest/rmit_ros2_ws/install/rmitbot_firmware/share/colcon-core/packages/rmitbot_firmware)
[0.999s] Level 1:colcon.colcon_core.environment:create_environment_scripts_only(rmitbot_firmware)
[0.999s] Level 1:colcon.colcon_core.environment:checking '/home/terra/newtest/rmit_ros2_ws/install/rmitbot_firmware' for CMake module files
[1.000s] Level 1:colcon.colcon_core.environment:checking '/home/terra/newtest/rmit_ros2_ws/install/rmitbot_firmware' for CMake config files
[1.001s] Level 1:colcon.colcon_core.shell:create_environment_hook('rmitbot_firmware', 'cmake_prefix_path')
[1.002s] INFO:colcon.colcon_core.shell:Creating environment hook '/home/terra/newtest/rmit_ros2_ws/install/rmitbot_firmware/share/rmitbot_firmware/hook/cmake_prefix_path.ps1'
[1.003s] INFO:colcon.colcon_core.shell:Creating environment descriptor '/home/terra/newtest/rmit_ros2_ws/install/rmitbot_firmware/share/rmitbot_firmware/hook/cmake_prefix_path.dsv'
[1.004s] INFO:colcon.colcon_core.shell:Creating environment hook '/home/terra/newtest/rmit_ros2_ws/install/rmitbot_firmware/share/rmitbot_firmware/hook/cmake_prefix_path.sh'
[1.005s] Level 1:colcon.colcon_core.environment:checking '/home/terra/newtest/rmit_ros2_ws/install/rmitbot_firmware/lib'
[1.005s] Level 1:colcon.colcon_core.shell:create_environment_hook('rmitbot_firmware', 'ld_library_path_lib')
[1.006s] INFO:colcon.colcon_core.shell:Creating environment hook '/home/terra/newtest/rmit_ros2_ws/install/rmitbot_firmware/share/rmitbot_firmware/hook/ld_library_path_lib.ps1'
[1.007s] INFO:colcon.colcon_core.shell:Creating environment descriptor '/home/terra/newtest/rmit_ros2_ws/install/rmitbot_firmware/share/rmitbot_firmware/hook/ld_library_path_lib.dsv'
[1.008s] INFO:colcon.colcon_core.shell:Creating environment hook '/home/terra/newtest/rmit_ros2_ws/install/rmitbot_firmware/share/rmitbot_firmware/hook/ld_library_path_lib.sh'
[1.010s] Level 1:colcon.colcon_core.environment:checking '/home/terra/newtest/rmit_ros2_ws/install/rmitbot_firmware/bin'
[1.010s] Level 1:colcon.colcon_core.environment:checking '/home/terra/newtest/rmit_ros2_ws/install/rmitbot_firmware/lib/pkgconfig/rmitbot_firmware.pc'
[1.011s] Level 1:colcon.colcon_core.environment:checking '/home/terra/newtest/rmit_ros2_ws/install/rmitbot_firmware/lib/python3.12/site-packages'
[1.011s] Level 1:colcon.colcon_core.environment:checking '/home/terra/newtest/rmit_ros2_ws/install/rmitbot_firmware/bin'
[1.012s] INFO:colcon.colcon_core.shell:Creating package script '/home/terra/newtest/rmit_ros2_ws/install/rmitbot_firmware/share/rmitbot_firmware/package.ps1'
[1.013s] INFO:colcon.colcon_core.shell:Creating package descriptor '/home/terra/newtest/rmit_ros2_ws/install/rmitbot_firmware/share/rmitbot_firmware/package.dsv'
[1.014s] INFO:colcon.colcon_core.shell:Creating package script '/home/terra/newtest/rmit_ros2_ws/install/rmitbot_firmware/share/rmitbot_firmware/package.sh'
[1.015s] INFO:colcon.colcon_core.shell:Creating package script '/home/terra/newtest/rmit_ros2_ws/install/rmitbot_firmware/share/rmitbot_firmware/package.bash'
[1.016s] INFO:colcon.colcon_core.shell:Creating package script '/home/terra/newtest/rmit_ros2_ws/install/rmitbot_firmware/share/rmitbot_firmware/package.zsh'
[1.017s] Level 1:colcon.colcon_core.environment:create_file_with_runtime_dependencies(/home/terra/newtest/rmit_ros2_ws/install/rmitbot_firmware/share/colcon-core/packages/rmitbot_firmware)
[1.018s] INFO:colcon.colcon_ros.task.ament_cmake.build:Building ROS package in '/home/terra/newtest/rmit_ros2_ws/src/rmitbot_vision' with build type 'ament_cmake'
[1.019s] INFO:colcon.colcon_cmake.task.cmake.build:Building CMake package in '/home/terra/newtest/rmit_ros2_ws/src/rmitbot_vision'
[1.019s] INFO:colcon.colcon_core.shell:Skip shell extension 'powershell' for command environment: Not usable outside of PowerShell
[1.019s] DEBUG:colcon.colcon_core.shell:Skip shell extension 'dsv' for command environment
[1.036s] DEBUG:colcon.colcon_core.event_handler.log_command:Invoking command in '/home/terra/newtest/rmit_ros2_ws/build/rmitbot_vision': CMAKE_PREFIX_PATH=${CMAKE_PREFIX_PATH}:/opt/ros/jazzy /usr/bin/cmake --build /home/terra/newtest/rmit_ros2_ws/build/rmitbot_vision -- -j4 -l4
[1.064s] DEBUG:colcon.colcon_core.event_handler.log_command:Invoked command in '/home/terra/newtest/rmit_ros2_ws/build/rmitbot_localization' returned '0': CMAKE_PREFIX_PATH=${CMAKE_PREFIX_PATH}:/opt/ros/jazzy /usr/bin/cmake --build /home/terra/newtest/rmit_ros2_ws/build/rmitbot_localization -- -j4 -l4
[1.065s] DEBUG:colcon.colcon_core.event_handler.log_command:Invoking command in '/home/terra/newtest/rmit_ros2_ws/build/rmitbot_localization': CMAKE_PREFIX_PATH=${CMAKE_PREFIX_PATH}:/opt/ros/jazzy /usr/bin/cmake --install /home/terra/newtest/rmit_ros2_ws/build/rmitbot_localization
[1.068s] DEBUG:colcon.colcon_core.event_handler.log_command:Invoked command in '/home/terra/newtest/rmit_ros2_ws/build/rmitbot_mapping' returned '0': CMAKE_PREFIX_PATH=${CMAKE_PREFIX_PATH}:/opt/ros/jazzy /usr/bin/cmake --build /home/terra/newtest/rmit_ros2_ws/build/rmitbot_mapping -- -j4 -l4
[1.071s] DEBUG:colcon.colcon_core.event_handler.log_command:Invoking command in '/home/terra/newtest/rmit_ros2_ws/build/rmitbot_mapping': CMAKE_PREFIX_PATH=${CMAKE_PREFIX_PATH}:/opt/ros/jazzy /usr/bin/cmake --install /home/terra/newtest/rmit_ros2_ws/build/rmitbot_mapping
[1.080s] DEBUG:colcon.colcon_core.event_handler.log_command:Invoked command in '/home/terra/newtest/rmit_ros2_ws/build/rmitbot_navigation' returned '0': CMAKE_PREFIX_PATH=${CMAKE_PREFIX_PATH}:/opt/ros/jazzy /usr/bin/cmake --build /home/terra/newtest/rmit_ros2_ws/build/rmitbot_navigation -- -j4 -l4
[1.081s] DEBUG:colcon.colcon_core.event_handler.log_command:Invoking command in '/home/terra/newtest/rmit_ros2_ws/build/rmitbot_navigation': CMAKE_PREFIX_PATH=${CMAKE_PREFIX_PATH}:/opt/ros/jazzy /usr/bin/cmake --install /home/terra/newtest/rmit_ros2_ws/build/rmitbot_navigation
[1.089s] Level 1:colcon.colcon_core.environment:create_environment_scripts_only(rmitbot_localization)
[1.090s] Level 1:colcon.colcon_core.environment:checking '/home/terra/newtest/rmit_ros2_ws/install/rmitbot_localization' for CMake module files
[1.091s] Level 1:colcon.colcon_core.environment:checking '/home/terra/newtest/rmit_ros2_ws/install/rmitbot_localization' for CMake config files
[1.091s] Level 1:colcon.colcon_core.shell:create_environment_hook('rmitbot_localization', 'cmake_prefix_path')
[1.091s] INFO:colcon.colcon_core.shell:Creating environment hook '/home/terra/newtest/rmit_ros2_ws/install/rmitbot_localization/share/rmitbot_localization/hook/cmake_prefix_path.ps1'
[1.093s] DEBUG:colcon.colcon_core.event_handler.log_command:Invoked command in '/home/terra/newtest/rmit_ros2_ws/build/rmitbot_localization' returned '0': CMAKE_PREFIX_PATH=${CMAKE_PREFIX_PATH}:/opt/ros/jazzy /usr/bin/cmake --install /home/terra/newtest/rmit_ros2_ws/build/rmitbot_localization
[1.096s] INFO:colcon.colcon_core.shell:Creating environment descriptor '/home/terra/newtest/rmit_ros2_ws/install/rmitbot_localization/share/rmitbot_localization/hook/cmake_prefix_path.dsv'
[1.098s] INFO:colcon.colcon_core.shell:Creating environment hook '/home/terra/newtest/rmit_ros2_ws/install/rmitbot_localization/share/rmitbot_localization/hook/cmake_prefix_path.sh'
[1.099s] Level 1:colcon.colcon_core.environment:checking '/home/terra/newtest/rmit_ros2_ws/install/rmitbot_localization/bin'
[1.099s] Level 1:colcon.colcon_core.environment:checking '/home/terra/newtest/rmit_ros2_ws/install/rmitbot_localization/lib/pkgconfig/rmitbot_localization.pc'
[1.100s] Level 1:colcon.colcon_core.environment:checking '/home/terra/newtest/rmit_ros2_ws/install/rmitbot_localization/lib/python3.12/site-packages'
[1.100s] Level 1:colcon.colcon_core.environment:checking '/home/terra/newtest/rmit_ros2_ws/install/rmitbot_localization/bin'
[1.101s] INFO:colcon.colcon_core.shell:Creating package script '/home/terra/newtest/rmit_ros2_ws/install/rmitbot_localization/share/rmitbot_localization/package.ps1'
[1.102s] INFO:colcon.colcon_core.shell:Creating package descriptor '/home/terra/newtest/rmit_ros2_ws/install/rmitbot_localization/share/rmitbot_localization/package.dsv'
[1.103s] INFO:colcon.colcon_core.shell:Creating package script '/home/terra/newtest/rmit_ros2_ws/install/rmitbot_localization/share/rmitbot_localization/package.sh'
[1.104s] INFO:colcon.colcon_core.shell:Creating package script '/home/terra/newtest/rmit_ros2_ws/install/rmitbot_localization/share/rmitbot_localization/package.bash'
[1.106s] INFO:colcon.colcon_core.shell:Creating package script '/home/terra/newtest/rmit_ros2_ws/install/rmitbot_localization/share/rmitbot_localization/package.zsh'
[1.109s] Level 1:colcon.colcon_core.environment:create_file_with_runtime_dependencies(/home/terra/newtest/rmit_ros2_ws/install/rmitbot_localization/share/colcon-core/packages/rmitbot_localization)
[1.110s] Level 1:colcon.colcon_core.environment:create_environment_scripts_only(rmitbot_localization)
[1.111s] Level 1:colcon.colcon_core.environment:checking '/home/terra/newtest/rmit_ros2_ws/install/rmitbot_localization' for CMake module files
[1.111s] Level 1:colcon.colcon_core.environment:checking '/home/terra/newtest/rmit_ros2_ws/install/rmitbot_localization' for CMake config files
[1.112s] Level 1:colcon.colcon_core.shell:create_environment_hook('rmitbot_localization', 'cmake_prefix_path')
[1.112s] INFO:colcon.colcon_core.shell:Creating environment hook '/home/terra/newtest/rmit_ros2_ws/install/rmitbot_localization/share/rmitbot_localization/hook/cmake_prefix_path.ps1'
[1.112s] INFO:colcon.colcon_core.shell:Creating environment descriptor '/home/terra/newtest/rmit_ros2_ws/install/rmitbot_localization/share/rmitbot_localization/hook/cmake_prefix_path.dsv'
[1.113s] INFO:colcon.colcon_core.shell:Creating environment hook '/home/terra/newtest/rmit_ros2_ws/install/rmitbot_localization/share/rmitbot_localization/hook/cmake_prefix_path.sh'
[1.114s] Level 1:colcon.colcon_core.environment:checking '/home/terra/newtest/rmit_ros2_ws/install/rmitbot_localization/bin'
[1.114s] Level 1:colcon.colcon_core.environment:checking '/home/terra/newtest/rmit_ros2_ws/install/rmitbot_localization/lib/pkgconfig/rmitbot_localization.pc'
[1.114s] Level 1:colcon.colcon_core.environment:checking '/home/terra/newtest/rmit_ros2_ws/install/rmitbot_localization/lib/python3.12/site-packages'
[1.115s] Level 1:colcon.colcon_core.environment:checking '/home/terra/newtest/rmit_ros2_ws/install/rmitbot_localization/bin'
[1.115s] INFO:colcon.colcon_core.shell:Creating package script '/home/terra/newtest/rmit_ros2_ws/install/rmitbot_localization/share/rmitbot_localization/package.ps1'
[1.116s] INFO:colcon.colcon_core.shell:Creating package descriptor '/home/terra/newtest/rmit_ros2_ws/install/rmitbot_localization/share/rmitbot_localization/package.dsv'
[1.117s] INFO:colcon.colcon_core.shell:Creating package script '/home/terra/newtest/rmit_ros2_ws/install/rmitbot_localization/share/rmitbot_localization/package.sh'
[1.118s] INFO:colcon.colcon_core.shell:Creating package script '/home/terra/newtest/rmit_ros2_ws/install/rmitbot_localization/share/rmitbot_localization/package.bash'
[1.119s] INFO:colcon.colcon_core.shell:Creating package script '/home/terra/newtest/rmit_ros2_ws/install/rmitbot_localization/share/rmitbot_localization/package.zsh'
[1.119s] Level 1:colcon.colcon_core.environment:create_file_with_runtime_dependencies(/home/terra/newtest/rmit_ros2_ws/install/rmitbot_localization/share/colcon-core/packages/rmitbot_localization)
[1.122s] Level 1:colcon.colcon_core.environment:create_environment_scripts_only(rmitbot_mapping)
[1.122s] Level 1:colcon.colcon_core.environment:checking '/home/terra/newtest/rmit_ros2_ws/install/rmitbot_mapping' for CMake module files
[1.123s] DEBUG:colcon.colcon_core.event_handler.log_command:Invoked command in '/home/terra/newtest/rmit_ros2_ws/build/rmitbot_mapping' returned '0': CMAKE_PREFIX_PATH=${CMAKE_PREFIX_PATH}:/opt/ros/jazzy /usr/bin/cmake --install /home/terra/newtest/rmit_ros2_ws/build/rmitbot_mapping
[1.123s] Level 1:colcon.colcon_core.environment:checking '/home/terra/newtest/rmit_ros2_ws/install/rmitbot_mapping' for CMake config files
[1.124s] Level 1:colcon.colcon_core.shell:create_environment_hook('rmitbot_mapping', 'cmake_prefix_path')
[1.124s] INFO:colcon.colcon_core.shell:Creating environment hook '/home/terra/newtest/rmit_ros2_ws/install/rmitbot_mapping/share/rmitbot_mapping/hook/cmake_prefix_path.ps1'
[1.125s] INFO:colcon.colcon_core.shell:Creating environment descriptor '/home/terra/newtest/rmit_ros2_ws/install/rmitbot_mapping/share/rmitbot_mapping/hook/cmake_prefix_path.dsv'
[1.126s] INFO:colcon.colcon_core.shell:Creating environment hook '/home/terra/newtest/rmit_ros2_ws/install/rmitbot_mapping/share/rmitbot_mapping/hook/cmake_prefix_path.sh'
[1.127s] Level 1:colcon.colcon_core.environment:checking '/home/terra/newtest/rmit_ros2_ws/install/rmitbot_mapping/bin'
[1.127s] Level 1:colcon.colcon_core.environment:checking '/home/terra/newtest/rmit_ros2_ws/install/rmitbot_mapping/lib/pkgconfig/rmitbot_mapping.pc'
[1.127s] Level 1:colcon.colcon_core.environment:checking '/home/terra/newtest/rmit_ros2_ws/install/rmitbot_mapping/lib/python3.12/site-packages'
[1.128s] Level 1:colcon.colcon_core.environment:checking '/home/terra/newtest/rmit_ros2_ws/install/rmitbot_mapping/bin'
[1.128s] INFO:colcon.colcon_core.shell:Creating package script '/home/terra/newtest/rmit_ros2_ws/install/rmitbot_mapping/share/rmitbot_mapping/package.ps1'
[1.129s] INFO:colcon.colcon_core.shell:Creating package descriptor '/home/terra/newtest/rmit_ros2_ws/install/rmitbot_mapping/share/rmitbot_mapping/package.dsv'
[1.130s] INFO:colcon.colcon_core.shell:Creating package script '/home/terra/newtest/rmit_ros2_ws/install/rmitbot_mapping/share/rmitbot_mapping/package.sh'
[1.131s] INFO:colcon.colcon_core.shell:Creating package script '/home/terra/newtest/rmit_ros2_ws/install/rmitbot_mapping/share/rmitbot_mapping/package.bash'
[1.132s] INFO:colcon.colcon_core.shell:Creating package script '/home/terra/newtest/rmit_ros2_ws/install/rmitbot_mapping/share/rmitbot_mapping/package.zsh'
[1.132s] Level 1:colcon.colcon_core.environment:create_file_with_runtime_dependencies(/home/terra/newtest/rmit_ros2_ws/install/rmitbot_mapping/share/colcon-core/packages/rmitbot_mapping)
[1.133s] Level 1:colcon.colcon_core.environment:create_environment_scripts_only(rmitbot_mapping)
[1.134s] Level 1:colcon.colcon_core.environment:checking '/home/terra/newtest/rmit_ros2_ws/install/rmitbot_mapping' for CMake module files
[1.134s] Level 1:colcon.colcon_core.environment:checking '/home/terra/newtest/rmit_ros2_ws/install/rmitbot_mapping' for CMake config files
[1.135s] Level 1:colcon.colcon_core.shell:create_environment_hook('rmitbot_mapping', 'cmake_prefix_path')
[1.135s] INFO:colcon.colcon_core.shell:Creating environment hook '/home/terra/newtest/rmit_ros2_ws/install/rmitbot_mapping/share/rmitbot_mapping/hook/cmake_prefix_path.ps1'
[1.135s] INFO:colcon.colcon_core.shell:Creating environment descriptor '/home/terra/newtest/rmit_ros2_ws/install/rmitbot_mapping/share/rmitbot_mapping/hook/cmake_prefix_path.dsv'
[1.136s] INFO:colcon.colcon_core.shell:Creating environment hook '/home/terra/newtest/rmit_ros2_ws/install/rmitbot_mapping/share/rmitbot_mapping/hook/cmake_prefix_path.sh'
[1.137s] Level 1:colcon.colcon_core.environment:checking '/home/terra/newtest/rmit_ros2_ws/install/rmitbot_mapping/bin'
[1.137s] Level 1:colcon.colcon_core.environment:checking '/home/terra/newtest/rmit_ros2_ws/install/rmitbot_mapping/lib/pkgconfig/rmitbot_mapping.pc'
[1.137s] Level 1:colcon.colcon_core.environment:checking '/home/terra/newtest/rmit_ros2_ws/install/rmitbot_mapping/lib/python3.12/site-packages'
[1.138s] Level 1:colcon.colcon_core.environment:checking '/home/terra/newtest/rmit_ros2_ws/install/rmitbot_mapping/bin'
[1.138s] INFO:colcon.colcon_core.shell:Creating package script '/home/terra/newtest/rmit_ros2_ws/install/rmitbot_mapping/share/rmitbot_mapping/package.ps1'
[1.139s] INFO:colcon.colcon_core.shell:Creating package descriptor '/home/terra/newtest/rmit_ros2_ws/install/rmitbot_mapping/share/rmitbot_mapping/package.dsv'
[1.140s] INFO:colcon.colcon_core.shell:Creating package script '/home/terra/newtest/rmit_ros2_ws/install/rmitbot_mapping/share/rmitbot_mapping/package.sh'
[1.140s] INFO:colcon.colcon_core.shell:Creating package script '/home/terra/newtest/rmit_ros2_ws/install/rmitbot_mapping/share/rmitbot_mapping/package.bash'
[1.141s] INFO:colcon.colcon_core.shell:Creating package script '/home/terra/newtest/rmit_ros2_ws/install/rmitbot_mapping/share/rmitbot_mapping/package.zsh'
[1.142s] Level 1:colcon.colcon_core.environment:create_file_with_runtime_dependencies(/home/terra/newtest/rmit_ros2_ws/install/rmitbot_mapping/share/colcon-core/packages/rmitbot_mapping)
[1.143s] Level 1:colcon.colcon_core.environment:create_environment_scripts_only(rmitbot_navigation)
[1.144s] Level 1:colcon.colcon_core.environment:checking '/home/terra/newtest/rmit_ros2_ws/install/rmitbot_navigation' for CMake module files
[1.144s] DEBUG:colcon.colcon_core.event_handler.log_command:Invoked command in '/home/terra/newtest/rmit_ros2_ws/build/rmitbot_navigation' returned '0': CMAKE_PREFIX_PATH=${CMAKE_PREFIX_PATH}:/opt/ros/jazzy /usr/bin/cmake --install /home/terra/newtest/rmit_ros2_ws/build/rmitbot_navigation
[1.145s] Level 1:colcon.colcon_core.environment:checking '/home/terra/newtest/rmit_ros2_ws/install/rmitbot_navigation' for CMake config files
[1.145s] Level 1:colcon.colcon_core.shell:create_environment_hook('rmitbot_navigation', 'cmake_prefix_path')
[1.145s] INFO:colcon.colcon_core.shell:Creating environment hook '/home/terra/newtest/rmit_ros2_ws/install/rmitbot_navigation/share/rmitbot_navigation/hook/cmake_prefix_path.ps1'
[1.146s] INFO:colcon.colcon_core.shell:Creating environment descriptor '/home/terra/newtest/rmit_ros2_ws/install/rmitbot_navigation/share/rmitbot_navigation/hook/cmake_prefix_path.dsv'
[1.147s] INFO:colcon.colcon_core.shell:Creating environment hook '/home/terra/newtest/rmit_ros2_ws/install/rmitbot_navigation/share/rmitbot_navigation/hook/cmake_prefix_path.sh'
[1.148s] Level 1:colcon.colcon_core.environment:checking '/home/terra/newtest/rmit_ros2_ws/install/rmitbot_navigation/bin'
[1.148s] Level 1:colcon.colcon_core.environment:checking '/home/terra/newtest/rmit_ros2_ws/install/rmitbot_navigation/lib/pkgconfig/rmitbot_navigation.pc'
[1.148s] Level 1:colcon.colcon_core.environment:checking '/home/terra/newtest/rmit_ros2_ws/install/rmitbot_navigation/lib/python3.12/site-packages'
[1.149s] Level 1:colcon.colcon_core.environment:checking '/home/terra/newtest/rmit_ros2_ws/install/rmitbot_navigation/bin'
[1.149s] INFO:colcon.colcon_core.shell:Creating package script '/home/terra/newtest/rmit_ros2_ws/install/rmitbot_navigation/share/rmitbot_navigation/package.ps1'
[1.150s] INFO:colcon.colcon_core.shell:Creating package descriptor '/home/terra/newtest/rmit_ros2_ws/install/rmitbot_navigation/share/rmitbot_navigation/package.dsv'
[1.151s] INFO:colcon.colcon_core.shell:Creating package script '/home/terra/newtest/rmit_ros2_ws/install/rmitbot_navigation/share/rmitbot_navigation/package.sh'
[1.151s] INFO:colcon.colcon_core.shell:Creating package script '/home/terra/newtest/rmit_ros2_ws/install/rmitbot_navigation/share/rmitbot_navigation/package.bash'
[1.152s] INFO:colcon.colcon_core.shell:Creating package script '/home/terra/newtest/rmit_ros2_ws/install/rmitbot_navigation/share/rmitbot_navigation/package.zsh'
[1.153s] Level 1:colcon.colcon_core.environment:create_file_with_runtime_dependencies(/home/terra/newtest/rmit_ros2_ws/install/rmitbot_navigation/share/colcon-core/packages/rmitbot_navigation)
[1.156s] Level 1:colcon.colcon_core.environment:create_environment_scripts_only(rmitbot_navigation)
[1.156s] Level 1:colcon.colcon_core.environment:checking '/home/terra/newtest/rmit_ros2_ws/install/rmitbot_navigation' for CMake module files
[1.157s] Level 1:colcon.colcon_core.environment:checking '/home/terra/newtest/rmit_ros2_ws/install/rmitbot_navigation' for CMake config files
[1.157s] Level 1:colcon.colcon_core.shell:create_environment_hook('rmitbot_navigation', 'cmake_prefix_path')
[1.158s] INFO:colcon.colcon_core.shell:Creating environment hook '/home/terra/newtest/rmit_ros2_ws/install/rmitbot_navigation/share/rmitbot_navigation/hook/cmake_prefix_path.ps1'
[1.158s] INFO:colcon.colcon_core.shell:Creating environment descriptor '/home/terra/newtest/rmit_ros2_ws/install/rmitbot_navigation/share/rmitbot_navigation/hook/cmake_prefix_path.dsv'
[1.159s] INFO:colcon.colcon_core.shell:Creating environment hook '/home/terra/newtest/rmit_ros2_ws/install/rmitbot_navigation/share/rmitbot_navigation/hook/cmake_prefix_path.sh'
[1.160s] Level 1:colcon.colcon_core.environment:checking '/home/terra/newtest/rmit_ros2_ws/install/rmitbot_navigation/bin'
[1.160s] Level 1:colcon.colcon_core.environment:checking '/home/terra/newtest/rmit_ros2_ws/install/rmitbot_navigation/lib/pkgconfig/rmitbot_navigation.pc'
[1.160s] Level 1:colcon.colcon_core.environment:checking '/home/terra/newtest/rmit_ros2_ws/install/rmitbot_navigation/lib/python3.12/site-packages'
[1.161s] Level 1:colcon.colcon_core.environment:checking '/home/terra/newtest/rmit_ros2_ws/install/rmitbot_navigation/bin'
[1.161s] INFO:colcon.colcon_core.shell:Creating package script '/home/terra/newtest/rmit_ros2_ws/install/rmitbot_navigation/share/rmitbot_navigation/package.ps1'
[1.162s] INFO:colcon.colcon_core.shell:Creating package descriptor '/home/terra/newtest/rmit_ros2_ws/install/rmitbot_navigation/share/rmitbot_navigation/package.dsv'
[1.163s] INFO:colcon.colcon_core.shell:Creating package script '/home/terra/newtest/rmit_ros2_ws/install/rmitbot_navigation/share/rmitbot_navigation/package.sh'
[1.164s] INFO:colcon.colcon_core.shell:Creating package script '/home/terra/newtest/rmit_ros2_ws/install/rmitbot_navigation/share/rmitbot_navigation/package.bash'
[1.164s] INFO:colcon.colcon_core.shell:Creating package script '/home/terra/newtest/rmit_ros2_ws/install/rmitbot_navigation/share/rmitbot_navigation/package.zsh'
[1.165s] Level 1:colcon.colcon_core.environment:create_file_with_runtime_dependencies(/home/terra/newtest/rmit_ros2_ws/install/rmitbot_navigation/share/colcon-core/packages/rmitbot_navigation)
[1.167s] DEBUG:colcon.colcon_core.event_handler.log_command:Invoked command in '/home/terra/newtest/rmit_ros2_ws/build/rmitbot_vision' returned '0': CMAKE_PREFIX_PATH=${CMAKE_PREFIX_PATH}:/opt/ros/jazzy /usr/bin/cmake --build /home/terra/newtest/rmit_ros2_ws/build/rmitbot_vision -- -j4 -l4
[1.169s] DEBUG:colcon.colcon_core.event_handler.log_command:Invoking command in '/home/terra/newtest/rmit_ros2_ws/build/rmitbot_vision': CMAKE_PREFIX_PATH=${CMAKE_PREFIX_PATH}:/opt/ros/jazzy /usr/bin/cmake --install /home/terra/newtest/rmit_ros2_ws/build/rmitbot_vision
[1.193s] Level 1:colcon.colcon_core.environment:create_environment_scripts_only(rmitbot_vision)
[1.194s] Level 1:colcon.colcon_core.environment:checking '/home/terra/newtest/rmit_ros2_ws/install/rmitbot_vision' for CMake module files
[1.194s] DEBUG:colcon.colcon_core.event_handler.log_command:Invoked command in '/home/terra/newtest/rmit_ros2_ws/build/rmitbot_vision' returned '0': CMAKE_PREFIX_PATH=${CMAKE_PREFIX_PATH}:/opt/ros/jazzy /usr/bin/cmake --install /home/terra/newtest/rmit_ros2_ws/build/rmitbot_vision
[1.194s] Level 1:colcon.colcon_core.environment:checking '/home/terra/newtest/rmit_ros2_ws/install/rmitbot_vision' for CMake config files
[1.195s] Level 1:colcon.colcon_core.shell:create_environment_hook('rmitbot_vision', 'cmake_prefix_path')
[1.195s] INFO:colcon.colcon_core.shell:Creating environment hook '/home/terra/newtest/rmit_ros2_ws/install/rmitbot_vision/share/rmitbot_vision/hook/cmake_prefix_path.ps1'
[1.196s] INFO:colcon.colcon_core.shell:Creating environment descriptor '/home/terra/newtest/rmit_ros2_ws/install/rmitbot_vision/share/rmitbot_vision/hook/cmake_prefix_path.dsv'
[1.196s] INFO:colcon.colcon_core.shell:Creating environment hook '/home/terra/newtest/rmit_ros2_ws/install/rmitbot_vision/share/rmitbot_vision/hook/cmake_prefix_path.sh'
[1.197s] Level 1:colcon.colcon_core.environment:checking '/home/terra/newtest/rmit_ros2_ws/install/rmitbot_vision/bin'
[1.197s] Level 1:colcon.colcon_core.environment:checking '/home/terra/newtest/rmit_ros2_ws/install/rmitbot_vision/lib/pkgconfig/rmitbot_vision.pc'
[1.198s] Level 1:colcon.colcon_core.environment:checking '/home/terra/newtest/rmit_ros2_ws/install/rmitbot_vision/lib/python3.12/site-packages'
[1.198s] Level 1:colcon.colcon_core.environment:checking '/home/terra/newtest/rmit_ros2_ws/install/rmitbot_vision/bin'
[1.198s] INFO:colcon.colcon_core.shell:Creating package script '/home/terra/newtest/rmit_ros2_ws/install/rmitbot_vision/share/rmitbot_vision/package.ps1'
[1.199s] INFO:colcon.colcon_core.shell:Creating package descriptor '/home/terra/newtest/rmit_ros2_ws/install/rmitbot_vision/share/rmitbot_vision/package.dsv'
[1.200s] INFO:colcon.colcon_core.shell:Creating package script '/home/terra/newtest/rmit_ros2_ws/install/rmitbot_vision/share/rmitbot_vision/package.sh'
[1.201s] INFO:colcon.colcon_core.shell:Creating package script '/home/terra/newtest/rmit_ros2_ws/install/rmitbot_vision/share/rmitbot_vision/package.bash'
[1.201s] INFO:colcon.colcon_core.shell:Creating package script '/home/terra/newtest/rmit_ros2_ws/install/rmitbot_vision/share/rmitbot_vision/package.zsh'
[1.202s] Level 1:colcon.colcon_core.environment:create_file_with_runtime_dependencies(/home/terra/newtest/rmit_ros2_ws/install/rmitbot_vision/share/colcon-core/packages/rmitbot_vision)
[1.203s] Level 1:colcon.colcon_core.environment:create_environment_scripts_only(rmitbot_vision)
[1.203s] Level 1:colcon.colcon_core.environment:checking '/home/terra/newtest/rmit_ros2_ws/install/rmitbot_vision' for CMake module files
[1.203s] Level 1:colcon.colcon_core.environment:checking '/home/terra/newtest/rmit_ros2_ws/install/rmitbot_vision' for CMake config files
[1.204s] Level 1:colcon.colcon_core.shell:create_environment_hook('rmitbot_vision', 'cmake_prefix_path')
[1.204s] INFO:colcon.colcon_core.shell:Creating environment hook '/home/terra/newtest/rmit_ros2_ws/install/rmitbot_vision/share/rmitbot_vision/hook/cmake_prefix_path.ps1'
[1.205s] INFO:colcon.colcon_core.shell:Creating environment descriptor '/home/terra/newtest/rmit_ros2_ws/install/rmitbot_vision/share/rmitbot_vision/hook/cmake_prefix_path.dsv'
[1.205s] INFO:colcon.colcon_core.shell:Creating environment hook '/home/terra/newtest/rmit_ros2_ws/install/rmitbot_vision/share/rmitbot_vision/hook/cmake_prefix_path.sh'
[1.206s] Level 1:colcon.colcon_core.environment:checking '/home/terra/newtest/rmit_ros2_ws/install/rmitbot_vision/bin'
[1.207s] Level 1:colcon.colcon_core.environment:checking '/home/terra/newtest/rmit_ros2_ws/install/rmitbot_vision/lib/pkgconfig/rmitbot_vision.pc'
[1.207s] Level 1:colcon.colcon_core.environment:checking '/home/terra/newtest/rmit_ros2_ws/install/rmitbot_vision/lib/python3.12/site-packages'
[1.207s] Level 1:colcon.colcon_core.environment:checking '/home/terra/newtest/rmit_ros2_ws/install/rmitbot_vision/bin'
[1.208s] INFO:colcon.colcon_core.shell:Creating package script '/home/terra/newtest/rmit_ros2_ws/install/rmitbot_vision/share/rmitbot_vision/package.ps1'
[1.209s] INFO:colcon.colcon_core.shell:Creating package descriptor '/home/terra/newtest/rmit_ros2_ws/install/rmitbot_vision/share/rmitbot_vision/package.dsv'
[1.210s] INFO:colcon.colcon_core.shell:Creating package script '/home/terra/newtest/rmit_ros2_ws/install/rmitbot_vision/share/rmitbot_vision/package.sh'
[1.211s] INFO:colcon.colcon_core.shell:Creating package script '/home/terra/newtest/rmit_ros2_ws/install/rmitbot_vision/share/rmitbot_vision/package.bash'
[1.212s] INFO:colcon.colcon_core.shell:Creating package script '/home/terra/newtest/rmit_ros2_ws/install/rmitbot_vision/share/rmitbot_vision/package.zsh'
[1.212s] Level 1:colcon.colcon_core.environment:create_file_with_runtime_dependencies(/home/terra/newtest/rmit_ros2_ws/install/rmitbot_vision/share/colcon-core/packages/rmitbot_vision)
[1.212s] DEBUG:colcon.colcon_parallel_executor.executor.parallel:closing loop
[1.213s] DEBUG:colcon.colcon_parallel_executor.executor.parallel:loop closed
[1.213s] DEBUG:colcon.colcon_parallel_executor.executor.parallel:run_until_complete finished with '0'
[1.213s] DEBUG:colcon.colcon_core.event_reactor:joining thread
[1.214s] DEBUG:colcon.colcon_core.event_reactor:joined thread
[1.215s] INFO:colcon.colcon_core.shell:Creating prefix script '/home/terra/newtest/rmit_ros2_ws/install/local_setup.ps1'
[1.216s] INFO:colcon.colcon_core.shell:Creating prefix util module '/home/terra/newtest/rmit_ros2_ws/install/_local_setup_util_ps1.py'
[1.217s] INFO:colcon.colcon_core.shell:Creating prefix chain script '/home/terra/newtest/rmit_ros2_ws/install/setup.ps1'
[1.219s] INFO:colcon.colcon_core.shell:Creating prefix script '/home/terra/newtest/rmit_ros2_ws/install/local_setup.sh'
[1.220s] INFO:colcon.colcon_core.shell:Creating prefix util module '/home/terra/newtest/rmit_ros2_ws/install/_local_setup_util_sh.py'
[1.221s] INFO:colcon.colcon_core.shell:Creating prefix chain script '/home/terra/newtest/rmit_ros2_ws/install/setup.sh'
[1.222s] INFO:colcon.colcon_core.shell:Creating prefix script '/home/terra/newtest/rmit_ros2_ws/install/local_setup.bash'
[1.223s] INFO:colcon.colcon_core.shell:Creating prefix chain script '/home/terra/newtest/rmit_ros2_ws/install/setup.bash'
[1.225s] INFO:colcon.colcon_core.shell:Creating prefix script '/home/terra/newtest/rmit_ros2_ws/install/local_setup.zsh'
[1.225s] INFO:colcon.colcon_core.shell:Creating prefix chain script '/home/terra/newtest/rmit_ros2_ws/install/setup.zsh'
