-- Install configuration: ""
-- Up-to-date: /home/terra/newtest/rmit_ros2_ws/install/rmitbot_navigation/share/rmitbot_navigation/launch
-- Up-to-date: /home/terra/newtest/rmit_ros2_ws/install/rmitbot_navigation/share/rmitbot_navigation/launch/twistmux.launch.py
-- Up-to-date: /home/terra/newtest/rmit_ros2_ws/install/rmitbot_navigation/share/rmitbot_navigation/launch/nav.launch.py
-- Up-to-date: /home/terra/newtest/rmit_ros2_ws/install/rmitbot_navigation/share/rmitbot_navigation/config
-- Installing: /home/terra/newtest/rmit_ros2_ws/install/rmitbot_navigation/share/rmitbot_navigation/config/nav2_params.yaml
-- Up-to-date: /home/terra/newtest/rmit_ros2_ws/install/rmitbot_navigation/share/rmitbot_navigation/config/twistmux.yaml
-- Up-to-date: /home/terra/newtest/rmit_ros2_ws/install/rmitbot_navigation/share/ament_index/resource_index/package_run_dependencies/rmitbot_navigation
-- Up-to-date: /home/terra/newtest/rmit_ros2_ws/install/rmitbot_navigation/share/ament_index/resource_index/parent_prefix_path/rmitbot_navigation
-- Up-to-date: /home/terra/newtest/rmit_ros2_ws/install/rmitbot_navigation/share/rmitbot_navigation/environment/ament_prefix_path.sh
-- Up-to-date: /home/terra/newtest/rmit_ros2_ws/install/rmitbot_navigation/share/rmitbot_navigation/environment/ament_prefix_path.dsv
-- Up-to-date: /home/terra/newtest/rmit_ros2_ws/install/rmitbot_navigation/share/rmitbot_navigation/environment/path.sh
-- Up-to-date: /home/terra/newtest/rmit_ros2_ws/install/rmitbot_navigation/share/rmitbot_navigation/environment/path.dsv
-- Up-to-date: /home/terra/newtest/rmit_ros2_ws/install/rmitbot_navigation/share/rmitbot_navigation/local_setup.bash
-- Up-to-date: /home/terra/newtest/rmit_ros2_ws/install/rmitbot_navigation/share/rmitbot_navigation/local_setup.sh
-- Up-to-date: /home/terra/newtest/rmit_ros2_ws/install/rmitbot_navigation/share/rmitbot_navigation/local_setup.zsh
-- Up-to-date: /home/terra/newtest/rmit_ros2_ws/install/rmitbot_navigation/share/rmitbot_navigation/local_setup.dsv
-- Installing: /home/terra/newtest/rmit_ros2_ws/install/rmitbot_navigation/share/rmitbot_navigation/package.dsv
-- Up-to-date: /home/terra/newtest/rmit_ros2_ws/install/rmitbot_navigation/share/ament_index/resource_index/packages/rmitbot_navigation
-- Up-to-date: /home/terra/newtest/rmit_ros2_ws/install/rmitbot_navigation/share/rmitbot_navigation/cmake/rmitbot_navigationConfig.cmake
-- Up-to-date: /home/terra/newtest/rmit_ros2_ws/install/rmitbot_navigation/share/rmitbot_navigation/cmake/rmitbot_navigationConfig-version.cmake
-- Up-to-date: /home/terra/newtest/rmit_ros2_ws/install/rmitbot_navigation/share/rmitbot_navigation/package.xml
