[0.043s] Invoking command in '/home/terra/newtest/rmit_ros2_ws/build/rmitbot_firmware': CMAKE_PREFIX_PATH=${CMAKE_PREFIX_PATH}:/opt/ros/jazzy /usr/bin/cmake --build /home/terra/newtest/rmit_ros2_ws/build/rmitbot_firmware -- -j4 -l4
[0.568s] [100%] Built target rmitbot_firmware
[0.592s] Invoked command in '/home/terra/newtest/rmit_ros2_ws/build/rmitbot_firmware' returned '0': CMAKE_PREFIX_PATH=${CMAKE_PREFIX_PATH}:/opt/ros/jazzy /usr/bin/cmake --build /home/terra/newtest/rmit_ros2_ws/build/rmitbot_firmware -- -j4 -l4
[0.599s] Invoking command in '/home/terra/newtest/rmit_ros2_ws/build/rmitbot_firmware': CMAKE_PREFIX_PATH=${CMAKE_PREFIX_PATH}:/opt/ros/jazzy /usr/bin/cmake --install /home/terra/newtest/rmit_ros2_ws/build/rmitbot_firmware
[0.621s] -- Install configuration: ""
[0.621s] -- Up-to-date: /home/terra/newtest/rmit_ros2_ws/install/rmitbot_firmware/share/rmitbot_firmware/rmitbot_interface.xml
[0.630s] -- Up-to-date: /home/terra/newtest/rmit_ros2_ws/install/rmitbot_firmware/lib/librmitbot_firmware.so
[0.631s] -- Up-to-date: /home/terra/newtest/rmit_ros2_ws/install/rmitbot_firmware/include
[0.631s] -- Up-to-date: /home/terra/newtest/rmit_ros2_ws/install/rmitbot_firmware/include/rmitbot_firmware
[0.631s] -- Up-to-date: /home/terra/newtest/rmit_ros2_ws/install/rmitbot_firmware/include/rmitbot_firmware/rmitbot_interface.hpp
[0.631s] -- Up-to-date: /home/terra/newtest/rmit_ros2_ws/install/rmitbot_firmware/share/rmitbot_firmware/environment/library_path.sh
[0.631s] -- Up-to-date: /home/terra/newtest/rmit_ros2_ws/install/rmitbot_firmware/share/rmitbot_firmware/environment/library_path.dsv
[0.631s] -- Up-to-date: /home/terra/newtest/rmit_ros2_ws/install/rmitbot_firmware/share/ament_index/resource_index/package_run_dependencies/rmitbot_firmware
[0.631s] -- Up-to-date: /home/terra/newtest/rmit_ros2_ws/install/rmitbot_firmware/share/ament_index/resource_index/parent_prefix_path/rmitbot_firmware
[0.631s] -- Up-to-date: /home/terra/newtest/rmit_ros2_ws/install/rmitbot_firmware/share/rmitbot_firmware/environment/ament_prefix_path.sh
[0.632s] -- Up-to-date: /home/terra/newtest/rmit_ros2_ws/install/rmitbot_firmware/share/rmitbot_firmware/environment/ament_prefix_path.dsv
[0.632s] -- Up-to-date: /home/terra/newtest/rmit_ros2_ws/install/rmitbot_firmware/share/rmitbot_firmware/environment/path.sh
[0.632s] -- Up-to-date: /home/terra/newtest/rmit_ros2_ws/install/rmitbot_firmware/share/rmitbot_firmware/environment/path.dsv
[0.632s] -- Up-to-date: /home/terra/newtest/rmit_ros2_ws/install/rmitbot_firmware/share/rmitbot_firmware/local_setup.bash
[0.632s] -- Up-to-date: /home/terra/newtest/rmit_ros2_ws/install/rmitbot_firmware/share/rmitbot_firmware/local_setup.sh
[0.632s] -- Up-to-date: /home/terra/newtest/rmit_ros2_ws/install/rmitbot_firmware/share/rmitbot_firmware/local_setup.zsh
[0.632s] -- Up-to-date: /home/terra/newtest/rmit_ros2_ws/install/rmitbot_firmware/share/rmitbot_firmware/local_setup.dsv
[0.632s] -- Installing: /home/terra/newtest/rmit_ros2_ws/install/rmitbot_firmware/share/rmitbot_firmware/package.dsv
[0.632s] -- Up-to-date: /home/terra/newtest/rmit_ros2_ws/install/rmitbot_firmware/share/ament_index/resource_index/packages/rmitbot_firmware
[0.633s] -- Up-to-date: /home/terra/newtest/rmit_ros2_ws/install/rmitbot_firmware/share/ament_index/resource_index/hardware_interface__pluginlib__plugin/rmitbot_firmware
[0.633s] -- Up-to-date: /home/terra/newtest/rmit_ros2_ws/install/rmitbot_firmware/share/rmitbot_firmware/cmake/ament_cmake_export_include_directories-extras.cmake
[0.633s] -- Up-to-date: /home/terra/newtest/rmit_ros2_ws/install/rmitbot_firmware/share/rmitbot_firmware/cmake/ament_cmake_export_libraries-extras.cmake
[0.633s] -- Up-to-date: /home/terra/newtest/rmit_ros2_ws/install/rmitbot_firmware/share/rmitbot_firmware/cmake/ament_cmake_export_dependencies-extras.cmake
[0.634s] -- Up-to-date: /home/terra/newtest/rmit_ros2_ws/install/rmitbot_firmware/share/rmitbot_firmware/cmake/rmitbot_firmwareConfig.cmake
[0.634s] -- Up-to-date: /home/terra/newtest/rmit_ros2_ws/install/rmitbot_firmware/share/rmitbot_firmware/cmake/rmitbot_firmwareConfig-version.cmake
[0.634s] -- Up-to-date: /home/terra/newtest/rmit_ros2_ws/install/rmitbot_firmware/share/rmitbot_firmware/package.xml
[0.640s] Invoked command in '/home/terra/newtest/rmit_ros2_ws/build/rmitbot_firmware' returned '0': CMAKE_PREFIX_PATH=${CMAKE_PREFIX_PATH}:/opt/ros/jazzy /usr/bin/cmake --install /home/terra/newtest/rmit_ros2_ws/build/rmitbot_firmware
