[0.034s] Invoking command in '/home/v120506/rmit_ros2_ws/build/rmitbot_localization': CMAKE_PREFIX_PATH=${CMAKE_PREFIX_PATH}:/opt/ros/jazzy DEBUGINFOD_URLS=https://debuginfod.ubuntu.com /usr/bin/cmake /home/v120506/rmit_ros2_ws/src/rmitbot_localization -DCMAKE_INSTALL_PREFIX=/home/v120506/rmit_ros2_ws/install/rmitbot_localization
[0.150s] -- The C compiler identification is GNU 13.3.0
[0.265s] -- The CXX compiler identification is GNU 13.3.0
[0.299s] -- Detecting C compiler ABI info
[0.461s] -- Detecting C compiler ABI info - done
[0.482s] -- Check for working C compiler: /usr/bin/cc - skipped
[0.482s] -- Detecting C compile features
[0.483s] -- Detecting C compile features - done
[0.508s] -- Detecting CXX compiler ABI info
[0.709s] -- Detecting CXX compiler ABI info - done
[0.755s] -- Check for working CXX compiler: /usr/bin/c++ - skipped
[0.755s] -- Detecting CXX compile features
[0.756s] -- Detecting CXX compile features - done
[0.768s] -- Found ament_cmake: 2.5.5 (/opt/ros/jazzy/share/ament_cmake/cmake)
[1.121s] -- Found Python3: /usr/bin/python3 (found version "3.12.3") found components: Interpreter 
[1.357s] -- Found nav_msgs: 5.3.6 (/opt/ros/jazzy/share/nav_msgs/cmake)
[1.544s] -- Found rosidl_generator_c: 4.6.7 (/opt/ros/jazzy/share/rosidl_generator_c/cmake)
[1.595s] -- Found rosidl_generator_cpp: 4.6.7 (/opt/ros/jazzy/share/rosidl_generator_cpp/cmake)
[1.657s] -- Using all available rosidl_typesupport_c: rosidl_typesupport_fastrtps_c;rosidl_typesupport_introspection_c
[1.727s] -- Using all available rosidl_typesupport_cpp: rosidl_typesupport_fastrtps_cpp;rosidl_typesupport_introspection_cpp
[1.906s] -- Found sensor_msgs: 5.3.6 (/opt/ros/jazzy/share/sensor_msgs/cmake)
[2.038s] -- Configuring done (2.0s)
[2.043s] -- Generating done (0.0s)
[2.046s] -- Build files have been written to: /home/v120506/rmit_ros2_ws/build/rmitbot_localization
[2.054s] Invoked command in '/home/v120506/rmit_ros2_ws/build/rmitbot_localization' returned '0': CMAKE_PREFIX_PATH=${CMAKE_PREFIX_PATH}:/opt/ros/jazzy DEBUGINFOD_URLS=https://debuginfod.ubuntu.com /usr/bin/cmake /home/v120506/rmit_ros2_ws/src/rmitbot_localization -DCMAKE_INSTALL_PREFIX=/home/v120506/rmit_ros2_ws/install/rmitbot_localization
[2.055s] Invoking command in '/home/v120506/rmit_ros2_ws/build/rmitbot_localization': CMAKE_PREFIX_PATH=${CMAKE_PREFIX_PATH}:/opt/ros/jazzy DEBUGINFOD_URLS=https://debuginfod.ubuntu.com /usr/bin/cmake --build /home/v120506/rmit_ros2_ws/build/rmitbot_localization -- -j8 -l8
[2.093s] Invoked command in '/home/v120506/rmit_ros2_ws/build/rmitbot_localization' returned '0': CMAKE_PREFIX_PATH=${CMAKE_PREFIX_PATH}:/opt/ros/jazzy DEBUGINFOD_URLS=https://debuginfod.ubuntu.com /usr/bin/cmake --build /home/v120506/rmit_ros2_ws/build/rmitbot_localization -- -j8 -l8
[2.094s] Invoking command in '/home/v120506/rmit_ros2_ws/build/rmitbot_localization': CMAKE_PREFIX_PATH=${CMAKE_PREFIX_PATH}:/opt/ros/jazzy DEBUGINFOD_URLS=https://debuginfod.ubuntu.com /usr/bin/cmake --install /home/v120506/rmit_ros2_ws/build/rmitbot_localization
[2.107s] -- Install configuration: ""
[2.108s] -- Installing: /home/v120506/rmit_ros2_ws/install/rmitbot_localization/share/rmitbot_localization/launch
[2.108s] -- Installing: /home/v120506/rmit_ros2_ws/install/rmitbot_localization/share/rmitbot_localization/launch/localization.launch.py
[2.108s] -- Installing: /home/v120506/rmit_ros2_ws/install/rmitbot_localization/share/rmitbot_localization/config
[2.108s] -- Installing: /home/v120506/rmit_ros2_ws/install/rmitbot_localization/share/rmitbot_localization/config/ekf.yaml
[2.109s] -- Installing: /home/v120506/rmit_ros2_ws/install/rmitbot_localization/share/ament_index/resource_index/package_run_dependencies/rmitbot_localization
[2.109s] -- Installing: /home/v120506/rmit_ros2_ws/install/rmitbot_localization/share/ament_index/resource_index/parent_prefix_path/rmitbot_localization
[2.109s] -- Installing: /home/v120506/rmit_ros2_ws/install/rmitbot_localization/share/rmitbot_localization/environment/ament_prefix_path.sh
[2.109s] -- Installing: /home/v120506/rmit_ros2_ws/install/rmitbot_localization/share/rmitbot_localization/environment/ament_prefix_path.dsv
[2.109s] -- Installing: /home/v120506/rmit_ros2_ws/install/rmitbot_localization/share/rmitbot_localization/environment/path.sh
[2.109s] -- Installing: /home/v120506/rmit_ros2_ws/install/rmitbot_localization/share/rmitbot_localization/environment/path.dsv
[2.110s] -- Installing: /home/v120506/rmit_ros2_ws/install/rmitbot_localization/share/rmitbot_localization/local_setup.bash
[2.111s] -- Installing: /home/v120506/rmit_ros2_ws/install/rmitbot_localization/share/rmitbot_localization/local_setup.sh
[2.111s] -- Installing: /home/v120506/rmit_ros2_ws/install/rmitbot_localization/share/rmitbot_localization/local_setup.zsh
[2.111s] -- Installing: /home/v120506/rmit_ros2_ws/install/rmitbot_localization/share/rmitbot_localization/local_setup.dsv
[2.111s] -- Installing: /home/v120506/rmit_ros2_ws/install/rmitbot_localization/share/rmitbot_localization/package.dsv
[2.111s] -- Installing: /home/v120506/rmit_ros2_ws/install/rmitbot_localization/share/ament_index/resource_index/packages/rmitbot_localization
[2.111s] -- Installing: /home/v120506/rmit_ros2_ws/install/rmitbot_localization/share/rmitbot_localization/cmake/rmitbot_localizationConfig.cmake
[2.111s] -- Installing: /home/v120506/rmit_ros2_ws/install/rmitbot_localization/share/rmitbot_localization/cmake/rmitbot_localizationConfig-version.cmake
[2.111s] -- Installing: /home/v120506/rmit_ros2_ws/install/rmitbot_localization/share/rmitbot_localization/package.xml
[2.116s] Invoked command in '/home/v120506/rmit_ros2_ws/build/rmitbot_localization' returned '0': CMAKE_PREFIX_PATH=${CMAKE_PREFIX_PATH}:/opt/ros/jazzy DEBUGINFOD_URLS=https://debuginfod.ubuntu.com /usr/bin/cmake --install /home/v120506/rmit_ros2_ws/build/rmitbot_localization
