[0.047s] Invoking command in '/home/terra/newtest/rmit_ros2_ws/build/rmitbot_bringup': CMAKE_PREFIX_PATH=${CMAKE_PREFIX_PATH}:/opt/ros/jazzy /usr/bin/cmake --build /home/terra/newtest/rmit_ros2_ws/build/rmitbot_bringup -- -j4 -l4
[0.425s] Invoked command in '/home/terra/newtest/rmit_ros2_ws/build/rmitbot_bringup' returned '0': CMAKE_PREFIX_PATH=${CMAKE_PREFIX_PATH}:/opt/ros/jazzy /usr/bin/cmake --build /home/terra/newtest/rmit_ros2_ws/build/rmitbot_bringup -- -j4 -l4
[0.433s] Invoking command in '/home/terra/newtest/rmit_ros2_ws/build/rmitbot_bringup': CMAKE_PREFIX_PATH=${CMAKE_PREFIX_PATH}:/opt/ros/jazzy /usr/bin/cmake --install /home/terra/newtest/rmit_ros2_ws/build/rmitbot_bringup
[0.454s] -- Install configuration: ""
[0.454s] -- Up-to-date: /home/terra/newtest/rmit_ros2_ws/install/rmitbot_bringup/share/rmitbot_bringup/launch
[0.454s] -- Up-to-date: /home/terra/newtest/rmit_ros2_ws/install/rmitbot_bringup/share/rmitbot_bringup/launch/pc.launch.py
[0.454s] -- Up-to-date: /home/terra/newtest/rmit_ros2_ws/install/rmitbot_bringup/share/rmitbot_bringup/launch/rmitbot.launch.py
[0.454s] -- Installing: /home/terra/newtest/rmit_ros2_ws/install/rmitbot_bringup/share/rmitbot_bringup/launch/rpi.launch.py
[0.454s] -- Up-to-date: /home/terra/newtest/rmit_ros2_ws/install/rmitbot_bringup/share/rmitbot_bringup/config
[0.455s] -- Up-to-date: /home/terra/newtest/rmit_ros2_ws/install/rmitbot_bringup/share/rmitbot_bringup/config/display.rviz
[0.456s] -- Up-to-date: /home/terra/newtest/rmit_ros2_ws/install/rmitbot_bringup/share/ament_index/resource_index/package_run_dependencies/rmitbot_bringup
[0.456s] -- Up-to-date: /home/terra/newtest/rmit_ros2_ws/install/rmitbot_bringup/share/ament_index/resource_index/parent_prefix_path/rmitbot_bringup
[0.456s] -- Up-to-date: /home/terra/newtest/rmit_ros2_ws/install/rmitbot_bringup/share/rmitbot_bringup/environment/ament_prefix_path.sh
[0.456s] -- Up-to-date: /home/terra/newtest/rmit_ros2_ws/install/rmitbot_bringup/share/rmitbot_bringup/environment/ament_prefix_path.dsv
[0.456s] -- Up-to-date: /home/terra/newtest/rmit_ros2_ws/install/rmitbot_bringup/share/rmitbot_bringup/environment/path.sh
[0.457s] -- Up-to-date: /home/terra/newtest/rmit_ros2_ws/install/rmitbot_bringup/share/rmitbot_bringup/environment/path.dsv
[0.457s] -- Up-to-date: /home/terra/newtest/rmit_ros2_ws/install/rmitbot_bringup/share/rmitbot_bringup/local_setup.bash
[0.457s] -- Up-to-date: /home/terra/newtest/rmit_ros2_ws/install/rmitbot_bringup/share/rmitbot_bringup/local_setup.sh
[0.457s] -- Up-to-date: /home/terra/newtest/rmit_ros2_ws/install/rmitbot_bringup/share/rmitbot_bringup/local_setup.zsh
[0.457s] -- Up-to-date: /home/terra/newtest/rmit_ros2_ws/install/rmitbot_bringup/share/rmitbot_bringup/local_setup.dsv
[0.457s] -- Up-to-date: /home/terra/newtest/rmit_ros2_ws/install/rmitbot_bringup/share/rmitbot_bringup/package.dsv
[0.458s] -- Up-to-date: /home/terra/newtest/rmit_ros2_ws/install/rmitbot_bringup/share/ament_index/resource_index/packages/rmitbot_bringup
[0.458s] -- Up-to-date: /home/terra/newtest/rmit_ros2_ws/install/rmitbot_bringup/share/rmitbot_bringup/cmake/rmitbot_bringupConfig.cmake
[0.458s] -- Up-to-date: /home/terra/newtest/rmit_ros2_ws/install/rmitbot_bringup/share/rmitbot_bringup/cmake/rmitbot_bringupConfig-version.cmake
[0.458s] -- Up-to-date: /home/terra/newtest/rmit_ros2_ws/install/rmitbot_bringup/share/rmitbot_bringup/package.xml
[0.460s] Invoked command in '/home/terra/newtest/rmit_ros2_ws/build/rmitbot_bringup' returned '0': CMAKE_PREFIX_PATH=${CMAKE_PREFIX_PATH}:/opt/ros/jazzy /usr/bin/cmake --install /home/terra/newtest/rmit_ros2_ws/build/rmitbot_bringup
