[0.065s] Invoking command in '/home/v120506/rmit_ros2_ws/build/rmitbot_bringup': CMAKE_PREFIX_PATH=${CMAKE_PREFIX_PATH}:/opt/ros/jazzy DEBUGINFOD_URLS=https://debuginfod.ubuntu.com /usr/bin/cmake --build /home/v120506/rmit_ros2_ws/build/rmitbot_bringup -- -j8 -l8
[0.192s] Invoked command in '/home/v120506/rmit_ros2_ws/build/rmitbot_bringup' returned '0': CMAKE_PREFIX_PATH=${CMAKE_PREFIX_PATH}:/opt/ros/jazzy DEBUGINFOD_URLS=https://debuginfod.ubuntu.com /usr/bin/cmake --build /home/v120506/rmit_ros2_ws/build/rmitbot_bringup -- -j8 -l8
[0.193s] Invoking command in '/home/v120506/rmit_ros2_ws/build/rmitbot_bringup': CMAKE_PREFIX_PATH=${CMAKE_PREFIX_PATH}:/opt/ros/jazzy DEBUGINFOD_URLS=https://debuginfod.ubuntu.com /usr/bin/cmake --install /home/v120506/rmit_ros2_ws/build/rmitbot_bringup
[0.243s] -- Install configuration: ""
[0.243s] -- Up-to-date: /home/v120506/rmit_ros2_ws/install/rmitbot_bringup/share/rmitbot_bringup/launch
[0.243s] -- Up-to-date: /home/v120506/rmit_ros2_ws/install/rmitbot_bringup/share/rmitbot_bringup/launch/pc.launch.py
[0.243s] -- Up-to-date: /home/v120506/rmit_ros2_ws/install/rmitbot_bringup/share/rmitbot_bringup/launch/rmitbot.launch.py
[0.243s] -- Up-to-date: /home/v120506/rmit_ros2_ws/install/rmitbot_bringup/share/rmitbot_bringup/launch/rpi.launch.py
[0.244s] -- Up-to-date: /home/v120506/rmit_ros2_ws/install/rmitbot_bringup/share/rmitbot_bringup/config
[0.244s] -- Up-to-date: /home/v120506/rmit_ros2_ws/install/rmitbot_bringup/share/rmitbot_bringup/config/display.rviz
[0.244s] -- Up-to-date: /home/v120506/rmit_ros2_ws/install/rmitbot_bringup/share/ament_index/resource_index/package_run_dependencies/rmitbot_bringup
[0.244s] -- Up-to-date: /home/v120506/rmit_ros2_ws/install/rmitbot_bringup/share/ament_index/resource_index/parent_prefix_path/rmitbot_bringup
[0.244s] -- Up-to-date: /home/v120506/rmit_ros2_ws/install/rmitbot_bringup/share/rmitbot_bringup/environment/ament_prefix_path.sh
[0.244s] -- Up-to-date: /home/v120506/rmit_ros2_ws/install/rmitbot_bringup/share/rmitbot_bringup/environment/ament_prefix_path.dsv
[0.244s] -- Up-to-date: /home/v120506/rmit_ros2_ws/install/rmitbot_bringup/share/rmitbot_bringup/environment/path.sh
[0.244s] -- Up-to-date: /home/v120506/rmit_ros2_ws/install/rmitbot_bringup/share/rmitbot_bringup/environment/path.dsv
[0.245s] -- Up-to-date: /home/v120506/rmit_ros2_ws/install/rmitbot_bringup/share/rmitbot_bringup/local_setup.bash
[0.245s] -- Up-to-date: /home/v120506/rmit_ros2_ws/install/rmitbot_bringup/share/rmitbot_bringup/local_setup.sh
[0.245s] -- Up-to-date: /home/v120506/rmit_ros2_ws/install/rmitbot_bringup/share/rmitbot_bringup/local_setup.zsh
[0.245s] -- Up-to-date: /home/v120506/rmit_ros2_ws/install/rmitbot_bringup/share/rmitbot_bringup/local_setup.dsv
[0.245s] -- Installing: /home/v120506/rmit_ros2_ws/install/rmitbot_bringup/share/rmitbot_bringup/package.dsv
[0.248s] -- Up-to-date: /home/v120506/rmit_ros2_ws/install/rmitbot_bringup/share/ament_index/resource_index/packages/rmitbot_bringup
[0.249s] -- Up-to-date: /home/v120506/rmit_ros2_ws/install/rmitbot_bringup/share/rmitbot_bringup/cmake/rmitbot_bringupConfig.cmake
[0.249s] -- Up-to-date: /home/v120506/rmit_ros2_ws/install/rmitbot_bringup/share/rmitbot_bringup/cmake/rmitbot_bringupConfig-version.cmake
[0.249s] -- Up-to-date: /home/v120506/rmit_ros2_ws/install/rmitbot_bringup/share/rmitbot_bringup/package.xml
[0.292s] Invoked command in '/home/v120506/rmit_ros2_ws/build/rmitbot_bringup' returned '0': CMAKE_PREFIX_PATH=${CMAKE_PREFIX_PATH}:/opt/ros/jazzy DEBUGINFOD_URLS=https://debuginfod.ubuntu.com /usr/bin/cmake --install /home/v120506/rmit_ros2_ws/build/rmitbot_bringup
