[0.046s] Invoking command in '/home/v120506/rmit_ros2_ws/build/rmitbot_firmware': CMAKE_PREFIX_PATH=${CMAKE_PREFIX_PATH}:/opt/ros/jazzy DEBUGINFOD_URLS=https://debuginfod.ubuntu.com /usr/bin/cmake --build /home/v120506/rmit_ros2_ws/build/rmitbot_firmware -- -j8 -l8
[0.174s] [100%] Built target rmitbot_firmware
[0.282s] Invoked command in '/home/v120506/rmit_ros2_ws/build/rmitbot_firmware' returned '0': CMAKE_PREFIX_PATH=${CMAKE_PREFIX_PATH}:/opt/ros/jazzy DEBUGINFOD_URLS=https://debuginfod.ubuntu.com /usr/bin/cmake --build /home/v120506/rmit_ros2_ws/build/rmitbot_firmware -- -j8 -l8
[0.285s] Invoking command in '/home/v120506/rmit_ros2_ws/build/rmitbot_firmware': CMAKE_PREFIX_PATH=${CMAKE_PREFIX_PATH}:/opt/ros/jazzy DEBUGINFOD_URLS=https://debuginfod.ubuntu.com /usr/bin/cmake --install /home/v120506/rmit_ros2_ws/build/rmitbot_firmware
[0.305s] -- Install configuration: ""
[0.305s] -- Up-to-date: /home/v120506/rmit_ros2_ws/install/rmitbot_firmware/share/rmitbot_firmware/rmitbot_interface.xml
[0.305s] -- Up-to-date: /home/v120506/rmit_ros2_ws/install/rmitbot_firmware/lib/librmitbot_firmware.so
[0.305s] -- Up-to-date: /home/v120506/rmit_ros2_ws/install/rmitbot_firmware/include
[0.305s] -- Up-to-date: /home/v120506/rmit_ros2_ws/install/rmitbot_firmware/include/rmitbot_firmware
[0.306s] -- Up-to-date: /home/v120506/rmit_ros2_ws/install/rmitbot_firmware/include/rmitbot_firmware/rmitbot_interface.hpp
[0.306s] -- Up-to-date: /home/v120506/rmit_ros2_ws/install/rmitbot_firmware/share/rmitbot_firmware/environment/library_path.sh
[0.306s] -- Up-to-date: /home/v120506/rmit_ros2_ws/install/rmitbot_firmware/share/rmitbot_firmware/environment/library_path.dsv
[0.306s] -- Up-to-date: /home/v120506/rmit_ros2_ws/install/rmitbot_firmware/share/ament_index/resource_index/package_run_dependencies/rmitbot_firmware
[0.306s] -- Up-to-date: /home/v120506/rmit_ros2_ws/install/rmitbot_firmware/share/ament_index/resource_index/parent_prefix_path/rmitbot_firmware
[0.306s] -- Up-to-date: /home/v120506/rmit_ros2_ws/install/rmitbot_firmware/share/rmitbot_firmware/environment/ament_prefix_path.sh
[0.306s] -- Up-to-date: /home/v120506/rmit_ros2_ws/install/rmitbot_firmware/share/rmitbot_firmware/environment/ament_prefix_path.dsv
[0.306s] -- Up-to-date: /home/v120506/rmit_ros2_ws/install/rmitbot_firmware/share/rmitbot_firmware/environment/path.sh
[0.307s] -- Up-to-date: /home/v120506/rmit_ros2_ws/install/rmitbot_firmware/share/rmitbot_firmware/environment/path.dsv
[0.307s] -- Up-to-date: /home/v120506/rmit_ros2_ws/install/rmitbot_firmware/share/rmitbot_firmware/local_setup.bash
[0.307s] -- Up-to-date: /home/v120506/rmit_ros2_ws/install/rmitbot_firmware/share/rmitbot_firmware/local_setup.sh
[0.307s] -- Up-to-date: /home/v120506/rmit_ros2_ws/install/rmitbot_firmware/share/rmitbot_firmware/local_setup.zsh
[0.307s] -- Up-to-date: /home/v120506/rmit_ros2_ws/install/rmitbot_firmware/share/rmitbot_firmware/local_setup.dsv
[0.307s] -- Installing: /home/v120506/rmit_ros2_ws/install/rmitbot_firmware/share/rmitbot_firmware/package.dsv
[0.307s] -- Up-to-date: /home/v120506/rmit_ros2_ws/install/rmitbot_firmware/share/ament_index/resource_index/packages/rmitbot_firmware
[0.308s] -- Up-to-date: /home/v120506/rmit_ros2_ws/install/rmitbot_firmware/share/ament_index/resource_index/hardware_interface__pluginlib__plugin/rmitbot_firmware
[0.308s] -- Up-to-date: /home/v120506/rmit_ros2_ws/install/rmitbot_firmware/share/rmitbot_firmware/cmake/ament_cmake_export_include_directories-extras.cmake
[0.308s] -- Up-to-date: /home/v120506/rmit_ros2_ws/install/rmitbot_firmware/share/rmitbot_firmware/cmake/ament_cmake_export_libraries-extras.cmake
[0.308s] -- Up-to-date: /home/v120506/rmit_ros2_ws/install/rmitbot_firmware/share/rmitbot_firmware/cmake/ament_cmake_export_dependencies-extras.cmake
[0.308s] -- Up-to-date: /home/v120506/rmit_ros2_ws/install/rmitbot_firmware/share/rmitbot_firmware/cmake/rmitbot_firmwareConfig.cmake
[0.308s] -- Up-to-date: /home/v120506/rmit_ros2_ws/install/rmitbot_firmware/share/rmitbot_firmware/cmake/rmitbot_firmwareConfig-version.cmake
[0.308s] -- Up-to-date: /home/v120506/rmit_ros2_ws/install/rmitbot_firmware/share/rmitbot_firmware/package.xml
[0.309s] Invoked command in '/home/v120506/rmit_ros2_ws/build/rmitbot_firmware' returned '0': CMAKE_PREFIX_PATH=${CMAKE_PREFIX_PATH}:/opt/ros/jazzy DEBUGINFOD_URLS=https://debuginfod.ubuntu.com /usr/bin/cmake --install /home/v120506/rmit_ros2_ws/build/rmitbot_firmware
