[0.034s] Invoking command in '/home/terra/newtest/rmit_ros2_ws/build/rmitbot_mapping': CMAKE_PREFIX_PATH=${CMAKE_PREFIX_PATH}:/opt/ros/jazzy /usr/bin/cmake --build /home/terra/newtest/rmit_ros2_ws/build/rmitbot_mapping -- -j4 -l4
[0.152s] Invoked command in '/home/terra/newtest/rmit_ros2_ws/build/rmitbot_mapping' returned '0': CMAKE_PREFIX_PATH=${CMAKE_PREFIX_PATH}:/opt/ros/jazzy /usr/bin/cmake --build /home/terra/newtest/rmit_ros2_ws/build/rmitbot_mapping -- -j4 -l4
[0.162s] Invoking command in '/home/terra/newtest/rmit_ros2_ws/build/rmitbot_mapping': CMAKE_PREFIX_PATH=${CMAKE_PREFIX_PATH}:/opt/ros/jazzy /usr/bin/cmake --install /home/terra/newtest/rmit_ros2_ws/build/rmitbot_mapping
[0.181s] -- Install configuration: ""
[0.181s] -- Up-to-date: /home/terra/newtest/rmit_ros2_ws/install/rmitbot_mapping/share/rmitbot_mapping/launch
[0.183s] -- Up-to-date: /home/terra/newtest/rmit_ros2_ws/install/rmitbot_mapping/share/rmitbot_mapping/launch/rplidar.launch.py
[0.183s] -- Up-to-date: /home/terra/newtest/rmit_ros2_ws/install/rmitbot_mapping/share/rmitbot_mapping/launch/slam.launch.py
[0.184s] -- Up-to-date: /home/terra/newtest/rmit_ros2_ws/install/rmitbot_mapping/share/rmitbot_mapping/config
[0.184s] -- Up-to-date: /home/terra/newtest/rmit_ros2_ws/install/rmitbot_mapping/share/rmitbot_mapping/config/slam.yaml
[0.185s] -- Up-to-date: /home/terra/newtest/rmit_ros2_ws/install/rmitbot_mapping/share/ament_index/resource_index/package_run_dependencies/rmitbot_mapping
[0.187s] -- Up-to-date: /home/terra/newtest/rmit_ros2_ws/install/rmitbot_mapping/share/ament_index/resource_index/parent_prefix_path/rmitbot_mapping
[0.187s] -- Up-to-date: /home/terra/newtest/rmit_ros2_ws/install/rmitbot_mapping/share/rmitbot_mapping/environment/ament_prefix_path.sh
[0.187s] -- Up-to-date: /home/terra/newtest/rmit_ros2_ws/install/rmitbot_mapping/share/rmitbot_mapping/environment/ament_prefix_path.dsv
[0.187s] -- Up-to-date: /home/terra/newtest/rmit_ros2_ws/install/rmitbot_mapping/share/rmitbot_mapping/environment/path.sh
[0.187s] -- Up-to-date: /home/terra/newtest/rmit_ros2_ws/install/rmitbot_mapping/share/rmitbot_mapping/environment/path.dsv
[0.187s] -- Up-to-date: /home/terra/newtest/rmit_ros2_ws/install/rmitbot_mapping/share/rmitbot_mapping/local_setup.bash
[0.187s] -- Up-to-date: /home/terra/newtest/rmit_ros2_ws/install/rmitbot_mapping/share/rmitbot_mapping/local_setup.sh
[0.188s] -- Up-to-date: /home/terra/newtest/rmit_ros2_ws/install/rmitbot_mapping/share/rmitbot_mapping/local_setup.zsh
[0.188s] -- Up-to-date: /home/terra/newtest/rmit_ros2_ws/install/rmitbot_mapping/share/rmitbot_mapping/local_setup.dsv
[0.188s] -- Installing: /home/terra/newtest/rmit_ros2_ws/install/rmitbot_mapping/share/rmitbot_mapping/package.dsv
[0.189s] -- Up-to-date: /home/terra/newtest/rmit_ros2_ws/install/rmitbot_mapping/share/ament_index/resource_index/packages/rmitbot_mapping
[0.193s] -- Up-to-date: /home/terra/newtest/rmit_ros2_ws/install/rmitbot_mapping/share/rmitbot_mapping/cmake/rmitbot_mappingConfig.cmake
[0.193s] -- Up-to-date: /home/terra/newtest/rmit_ros2_ws/install/rmitbot_mapping/share/rmitbot_mapping/cmake/rmitbot_mappingConfig-version.cmake
[0.193s] -- Up-to-date: /home/terra/newtest/rmit_ros2_ws/install/rmitbot_mapping/share/rmitbot_mapping/package.xml
[0.218s] Invoked command in '/home/terra/newtest/rmit_ros2_ws/build/rmitbot_mapping' returned '0': CMAKE_PREFIX_PATH=${CMAKE_PREFIX_PATH}:/opt/ros/jazzy /usr/bin/cmake --install /home/terra/newtest/rmit_ros2_ws/build/rmitbot_mapping
