[0.036s] Invoking command in '/home/terra/newtest/rmit_ros2_ws/build/rmitbot_controller': CMAKE_PREFIX_PATH=${CMAKE_PREFIX_PATH}:/opt/ros/jazzy /usr/bin/cmake --build /home/terra/newtest/rmit_ros2_ws/build/rmitbot_controller -- -j4 -l4
[0.416s] Invoked command in '/home/terra/newtest/rmit_ros2_ws/build/rmitbot_controller' returned '0': CMAKE_PREFIX_PATH=${CMAKE_PREFIX_PATH}:/opt/ros/jazzy /usr/bin/cmake --build /home/terra/newtest/rmit_ros2_ws/build/rmitbot_controller -- -j4 -l4
[0.428s] Invoking command in '/home/terra/newtest/rmit_ros2_ws/build/rmitbot_controller': CMAKE_PREFIX_PATH=${CMAKE_PREFIX_PATH}:/opt/ros/jazzy /usr/bin/cmake --install /home/terra/newtest/rmit_ros2_ws/build/rmitbot_controller
[0.446s] -- Install configuration: ""
[0.446s] -- Up-to-date: /home/terra/newtest/rmit_ros2_ws/install/rmitbot_controller/share/rmitbot_controller/launch
[0.446s] -- Up-to-date: /home/terra/newtest/rmit_ros2_ws/install/rmitbot_controller/share/rmitbot_controller/launch/teleopkeyboard.launch.py
[0.446s] -- Up-to-date: /home/terra/newtest/rmit_ros2_ws/install/rmitbot_controller/share/rmitbot_controller/launch/controller.launch.py
[0.446s] -- Up-to-date: /home/terra/newtest/rmit_ros2_ws/install/rmitbot_controller/share/rmitbot_controller/config
[0.447s] -- Up-to-date: /home/terra/newtest/rmit_ros2_ws/install/rmitbot_controller/share/rmitbot_controller/config/rmitbot_controller.yaml
[0.447s] -- Up-to-date: /home/terra/newtest/rmit_ros2_ws/install/rmitbot_controller/share/ament_index/resource_index/package_run_dependencies/rmitbot_controller
[0.448s] -- Up-to-date: /home/terra/newtest/rmit_ros2_ws/install/rmitbot_controller/share/ament_index/resource_index/parent_prefix_path/rmitbot_controller
[0.448s] -- Up-to-date: /home/terra/newtest/rmit_ros2_ws/install/rmitbot_controller/share/rmitbot_controller/environment/ament_prefix_path.sh
[0.449s] -- Up-to-date: /home/terra/newtest/rmit_ros2_ws/install/rmitbot_controller/share/rmitbot_controller/environment/ament_prefix_path.dsv
[0.449s] -- Up-to-date: /home/terra/newtest/rmit_ros2_ws/install/rmitbot_controller/share/rmitbot_controller/environment/path.sh
[0.449s] -- Up-to-date: /home/terra/newtest/rmit_ros2_ws/install/rmitbot_controller/share/rmitbot_controller/environment/path.dsv
[0.449s] -- Up-to-date: /home/terra/newtest/rmit_ros2_ws/install/rmitbot_controller/share/rmitbot_controller/local_setup.bash
[0.449s] -- Up-to-date: /home/terra/newtest/rmit_ros2_ws/install/rmitbot_controller/share/rmitbot_controller/local_setup.sh
[0.449s] -- Up-to-date: /home/terra/newtest/rmit_ros2_ws/install/rmitbot_controller/share/rmitbot_controller/local_setup.zsh
[0.449s] -- Up-to-date: /home/terra/newtest/rmit_ros2_ws/install/rmitbot_controller/share/rmitbot_controller/local_setup.dsv
[0.449s] -- Up-to-date: /home/terra/newtest/rmit_ros2_ws/install/rmitbot_controller/share/rmitbot_controller/package.dsv
[0.450s] -- Up-to-date: /home/terra/newtest/rmit_ros2_ws/install/rmitbot_controller/share/ament_index/resource_index/packages/rmitbot_controller
[0.450s] -- Up-to-date: /home/terra/newtest/rmit_ros2_ws/install/rmitbot_controller/share/rmitbot_controller/cmake/rmitbot_controllerConfig.cmake
[0.450s] -- Up-to-date: /home/terra/newtest/rmit_ros2_ws/install/rmitbot_controller/share/rmitbot_controller/cmake/rmitbot_controllerConfig-version.cmake
[0.450s] -- Up-to-date: /home/terra/newtest/rmit_ros2_ws/install/rmitbot_controller/share/rmitbot_controller/package.xml
[0.519s] Invoked command in '/home/terra/newtest/rmit_ros2_ws/build/rmitbot_controller' returned '0': CMAKE_PREFIX_PATH=${CMAKE_PREFIX_PATH}:/opt/ros/jazzy /usr/bin/cmake --install /home/terra/newtest/rmit_ros2_ws/build/rmitbot_controller
