[0.047s] Invoking command in '/home/v120506/rmit_ros2_ws/build/rmitbot_description': CMAKE_PREFIX_PATH=${CMAKE_PREFIX_PATH}:/opt/ros/jazzy DEBUGINFOD_URLS=https://debuginfod.ubuntu.com /usr/bin/cmake /home/v120506/rmit_ros2_ws/src/rmitbot_description -DCMAKE_INSTALL_PREFIX=/home/v120506/rmit_ros2_ws/install/rmitbot_description
[0.177s] -- The C compiler identification is GNU 13.3.0
[0.286s] -- The CXX compiler identification is GNU 13.3.0
[0.314s] -- Detecting C compiler ABI info
[0.475s] -- Detecting C compiler ABI info - done
[0.497s] -- Check for working C compiler: /usr/bin/cc - skipped
[0.498s] -- Detecting C compile features
[0.500s] -- Detecting C compile features - done
[0.535s] -- Detecting CXX compiler ABI info
[0.722s] -- Detecting CXX compiler ABI info - done
[0.765s] -- Check for working CXX compiler: /usr/bin/c++ - skipped
[0.768s] -- Detecting CXX compile features
[0.772s] -- Detecting CXX compile features - done
[0.789s] -- Found ament_cmake: 2.5.5 (/opt/ros/jazzy/share/ament_cmake/cmake)
[1.102s] -- Found Python3: /usr/bin/python3 (found version "3.12.3") found components: Interpreter 
[1.502s] -- Configuring done (1.4s)
[1.513s] -- Generating done (0.0s)
[1.520s] -- Build files have been written to: /home/v120506/rmit_ros2_ws/build/rmitbot_description
[1.537s] Invoked command in '/home/v120506/rmit_ros2_ws/build/rmitbot_description' returned '0': CMAKE_PREFIX_PATH=${CMAKE_PREFIX_PATH}:/opt/ros/jazzy DEBUGINFOD_URLS=https://debuginfod.ubuntu.com /usr/bin/cmake /home/v120506/rmit_ros2_ws/src/rmitbot_description -DCMAKE_INSTALL_PREFIX=/home/v120506/rmit_ros2_ws/install/rmitbot_description
[1.540s] Invoking command in '/home/v120506/rmit_ros2_ws/build/rmitbot_description': CMAKE_PREFIX_PATH=${CMAKE_PREFIX_PATH}:/opt/ros/jazzy DEBUGINFOD_URLS=https://debuginfod.ubuntu.com /usr/bin/cmake --build /home/v120506/rmit_ros2_ws/build/rmitbot_description -- -j8 -l8
[1.621s] Invoked command in '/home/v120506/rmit_ros2_ws/build/rmitbot_description' returned '0': CMAKE_PREFIX_PATH=${CMAKE_PREFIX_PATH}:/opt/ros/jazzy DEBUGINFOD_URLS=https://debuginfod.ubuntu.com /usr/bin/cmake --build /home/v120506/rmit_ros2_ws/build/rmitbot_description -- -j8 -l8
[1.626s] Invoking command in '/home/v120506/rmit_ros2_ws/build/rmitbot_description': CMAKE_PREFIX_PATH=${CMAKE_PREFIX_PATH}:/opt/ros/jazzy DEBUGINFOD_URLS=https://debuginfod.ubuntu.com /usr/bin/cmake --install /home/v120506/rmit_ros2_ws/build/rmitbot_description
[1.639s] -- Install configuration: ""
[1.639s] -- Installing: /home/v120506/rmit_ros2_ws/install/rmitbot_description/share/rmitbot_description/meshes
[1.640s] -- Installing: /home/v120506/rmit_ros2_ws/install/rmitbot_description/share/rmitbot_description/meshes/base_link.STL
[1.650s] -- Installing: /home/v120506/rmit_ros2_ws/install/rmitbot_description/share/rmitbot_description/meshes/caster_front_link.STL
[1.650s] -- Installing: /home/v120506/rmit_ros2_ws/install/rmitbot_description/share/rmitbot_description/meshes/laser_link.STL
[1.653s] -- Installing: /home/v120506/rmit_ros2_ws/install/rmitbot_description/share/rmitbot_description/meshes/wheel_left_link.STL
[1.655s] -- Installing: /home/v120506/rmit_ros2_ws/install/rmitbot_description/share/rmitbot_description/meshes/wheel_right_link.STL
[1.655s] -- Installing: /home/v120506/rmit_ros2_ws/install/rmitbot_description/share/rmitbot_description/meshes/caster_rear_link.STL
[1.656s] -- Installing: /home/v120506/rmit_ros2_ws/install/rmitbot_description/share/rmitbot_description/meshes/imu_link.STL
[1.656s] -- Installing: /home/v120506/rmit_ros2_ws/install/rmitbot_description/share/rmitbot_description/urdf
[1.656s] -- Installing: /home/v120506/rmit_ros2_ws/install/rmitbot_description/share/rmitbot_description/urdf/rmitbot.urdf.xacro
[1.656s] -- Installing: /home/v120506/rmit_ros2_ws/install/rmitbot_description/share/rmitbot_description/urdf/rmitbot_imu.xacro
[1.656s] -- Installing: /home/v120506/rmit_ros2_ws/install/rmitbot_description/share/rmitbot_description/urdf/rmitbot_gazebo.xacro
[1.657s] -- Installing: /home/v120506/rmit_ros2_ws/install/rmitbot_description/share/rmitbot_description/urdf/rmitbot_laser.xacro
[1.657s] -- Installing: /home/v120506/rmit_ros2_ws/install/rmitbot_description/share/rmitbot_description/urdf/rmitbot_platform.xacro
[1.659s] -- Installing: /home/v120506/rmit_ros2_ws/install/rmitbot_description/share/rmitbot_description/urdf/rmitbot_ros2_control.xacro
[1.659s] -- Installing: /home/v120506/rmit_ros2_ws/install/rmitbot_description/share/rmitbot_description/launch
[1.659s] -- Installing: /home/v120506/rmit_ros2_ws/install/rmitbot_description/share/rmitbot_description/launch/gazebo.launch.py
[1.659s] -- Installing: /home/v120506/rmit_ros2_ws/install/rmitbot_description/share/rmitbot_description/launch/display.launch.py
[1.660s] -- Installing: /home/v120506/rmit_ros2_ws/install/rmitbot_description/share/rmitbot_description/rviz
[1.660s] -- Installing: /home/v120506/rmit_ros2_ws/install/rmitbot_description/share/rmitbot_description/rviz/display.rviz
[1.660s] -- Installing: /home/v120506/rmit_ros2_ws/install/rmitbot_description/share/ament_index/resource_index/package_run_dependencies/rmitbot_description
[1.660s] -- Installing: /home/v120506/rmit_ros2_ws/install/rmitbot_description/share/ament_index/resource_index/parent_prefix_path/rmitbot_description
[1.660s] -- Installing: /home/v120506/rmit_ros2_ws/install/rmitbot_description/share/rmitbot_description/environment/ament_prefix_path.sh
[1.662s] -- Installing: /home/v120506/rmit_ros2_ws/install/rmitbot_description/share/rmitbot_description/environment/ament_prefix_path.dsv
[1.662s] -- Installing: /home/v120506/rmit_ros2_ws/install/rmitbot_description/share/rmitbot_description/environment/path.sh
[1.662s] -- Installing: /home/v120506/rmit_ros2_ws/install/rmitbot_description/share/rmitbot_description/environment/path.dsv
[1.662s] -- Installing: /home/v120506/rmit_ros2_ws/install/rmitbot_description/share/rmitbot_description/local_setup.bash
[1.662s] -- Installing: /home/v120506/rmit_ros2_ws/install/rmitbot_description/share/rmitbot_description/local_setup.sh
[1.662s] -- Installing: /home/v120506/rmit_ros2_ws/install/rmitbot_description/share/rmitbot_description/local_setup.zsh
[1.663s] -- Installing: /home/v120506/rmit_ros2_ws/install/rmitbot_description/share/rmitbot_description/local_setup.dsv
[1.663s] -- Installing: /home/v120506/rmit_ros2_ws/install/rmitbot_description/share/rmitbot_description/package.dsv
[1.664s] -- Installing: /home/v120506/rmit_ros2_ws/install/rmitbot_description/share/ament_index/resource_index/packages/rmitbot_description
[1.664s] -- Installing: /home/v120506/rmit_ros2_ws/install/rmitbot_description/share/rmitbot_description/cmake/rmitbot_descriptionConfig.cmake
[1.664s] -- Installing: /home/v120506/rmit_ros2_ws/install/rmitbot_description/share/rmitbot_description/cmake/rmitbot_descriptionConfig-version.cmake
[1.664s] -- Installing: /home/v120506/rmit_ros2_ws/install/rmitbot_description/share/rmitbot_description/package.xml
[1.668s] Invoked command in '/home/v120506/rmit_ros2_ws/build/rmitbot_description' returned '0': CMAKE_PREFIX_PATH=${CMAKE_PREFIX_PATH}:/opt/ros/jazzy DEBUGINFOD_URLS=https://debuginfod.ubuntu.com /usr/bin/cmake --install /home/v120506/rmit_ros2_ws/build/rmitbot_description
