[0.029s] Invoking command in '/home/terra/newtest/rmit_ros2_ws/build/rmitbot_vision': CMAKE_PREFIX_PATH=${CMAKE_PREFIX_PATH}:/opt/ros/jazzy /usr/bin/cmake /home/terra/newtest/rmit_ros2_ws/src/rmitbot_vision -DCMAKE_INSTALL_PREFIX=/home/terra/newtest/rmit_ros2_ws/install/rmitbot_vision
[0.146s] -- The C compiler identification is GNU 13.3.0
[0.257s] -- The CXX compiler identification is GNU 13.3.0
[0.290s] -- Detecting C compiler ABI info
[0.480s] -- Detecting C compiler ABI info - done
[0.494s] -- Check for working C compiler: /usr/bin/cc - skipped
[0.494s] -- Detecting C compile features
[0.495s] -- Detecting C compile features - done
[0.511s] -- Detecting CXX compiler ABI info
[0.690s] -- Detecting CXX compiler ABI info - done
[0.705s] -- Check for working CXX compiler: /usr/bin/c++ - skipped
[0.705s] -- Detecting CXX compile features
[0.706s] -- Detecting CXX compile features - done
[0.711s] -- Found ament_cmake: 2.5.6 (/opt/ros/jazzy/share/ament_cmake/cmake)
[0.930s] -- Found Python3: /usr/bin/python3 (found version "3.12.3") found components: Interpreter 
[1.239s] -- Configuring done (1.2s)
[1.243s] -- Generating done (0.0s)
[1.246s] -- Build files have been written to: /home/terra/newtest/rmit_ros2_ws/build/rmitbot_vision
[1.255s] Invoked command in '/home/terra/newtest/rmit_ros2_ws/build/rmitbot_vision' returned '0': CMAKE_PREFIX_PATH=${CMAKE_PREFIX_PATH}:/opt/ros/jazzy /usr/bin/cmake /home/terra/newtest/rmit_ros2_ws/src/rmitbot_vision -DCMAKE_INSTALL_PREFIX=/home/terra/newtest/rmit_ros2_ws/install/rmitbot_vision
[1.257s] Invoking command in '/home/terra/newtest/rmit_ros2_ws/build/rmitbot_vision': CMAKE_PREFIX_PATH=${CMAKE_PREFIX_PATH}:/opt/ros/jazzy /usr/bin/cmake --build /home/terra/newtest/rmit_ros2_ws/build/rmitbot_vision -- -j4 -l4
[1.326s] Invoked command in '/home/terra/newtest/rmit_ros2_ws/build/rmitbot_vision' returned '0': CMAKE_PREFIX_PATH=${CMAKE_PREFIX_PATH}:/opt/ros/jazzy /usr/bin/cmake --build /home/terra/newtest/rmit_ros2_ws/build/rmitbot_vision -- -j4 -l4
[1.328s] Invoking command in '/home/terra/newtest/rmit_ros2_ws/build/rmitbot_vision': CMAKE_PREFIX_PATH=${CMAKE_PREFIX_PATH}:/opt/ros/jazzy /usr/bin/cmake --install /home/terra/newtest/rmit_ros2_ws/build/rmitbot_vision
[1.343s] -- Install configuration: ""
[1.343s] -- Installing: /home/terra/newtest/rmit_ros2_ws/install/rmitbot_vision/share/rmitbot_vision/launch
[1.343s] -- Installing: /home/terra/newtest/rmit_ros2_ws/install/rmitbot_vision/share/rmitbot_vision/launch/vision.launch.py
[1.343s] -- Installing: /home/terra/newtest/rmit_ros2_ws/install/rmitbot_vision/share/rmitbot_vision/launch/apriltag.launch.py
[1.343s] -- Installing: /home/terra/newtest/rmit_ros2_ws/install/rmitbot_vision/share/rmitbot_vision/config
[1.343s] -- Installing: /home/terra/newtest/rmit_ros2_ws/install/rmitbot_vision/share/rmitbot_vision/config/camera_param.yaml
[1.344s] -- Installing: /home/terra/newtest/rmit_ros2_ws/install/rmitbot_vision/share/rmitbot_vision/config/calibrationdatawebcam.tar.gz
[1.350s] -- Installing: /home/terra/newtest/rmit_ros2_ws/install/rmitbot_vision/share/rmitbot_vision/config/calibrationdatawebcam
[1.351s] -- Installing: /home/terra/newtest/rmit_ros2_ws/install/rmitbot_vision/share/rmitbot_vision/config/calibrationdatawebcam/left-0006.png
[1.351s] -- Installing: /home/terra/newtest/rmit_ros2_ws/install/rmitbot_vision/share/rmitbot_vision/config/calibrationdatawebcam/left-0013.png
[1.351s] -- Installing: /home/terra/newtest/rmit_ros2_ws/install/rmitbot_vision/share/rmitbot_vision/config/calibrationdatawebcam/left-0033.png
[1.351s] -- Installing: /home/terra/newtest/rmit_ros2_ws/install/rmitbot_vision/share/rmitbot_vision/config/calibrationdatawebcam/ost.txt
[1.352s] -- Installing: /home/terra/newtest/rmit_ros2_ws/install/rmitbot_vision/share/rmitbot_vision/config/calibrationdatawebcam/left-0042.png
[1.352s] -- Installing: /home/terra/newtest/rmit_ros2_ws/install/rmitbot_vision/share/rmitbot_vision/config/calibrationdatawebcam/left-0039.png
[1.352s] -- Installing: /home/terra/newtest/rmit_ros2_ws/install/rmitbot_vision/share/rmitbot_vision/config/calibrationdatawebcam/left-0044.png
[1.353s] -- Installing: /home/terra/newtest/rmit_ros2_ws/install/rmitbot_vision/share/rmitbot_vision/config/calibrationdatawebcam/left-0029.png
[1.353s] -- Installing: /home/terra/newtest/rmit_ros2_ws/install/rmitbot_vision/share/rmitbot_vision/config/calibrationdatawebcam/left-0040.png
[1.353s] -- Installing: /home/terra/newtest/rmit_ros2_ws/install/rmitbot_vision/share/rmitbot_vision/config/calibrationdatawebcam/left-0010.png
[1.353s] -- Installing: /home/terra/newtest/rmit_ros2_ws/install/rmitbot_vision/share/rmitbot_vision/config/calibrationdatawebcam/left-0032.png
[1.354s] -- Installing: /home/terra/newtest/rmit_ros2_ws/install/rmitbot_vision/share/rmitbot_vision/config/calibrationdatawebcam/left-0001.png
[1.354s] -- Installing: /home/terra/newtest/rmit_ros2_ws/install/rmitbot_vision/share/rmitbot_vision/config/calibrationdatawebcam/left-0007.png
[1.354s] -- Installing: /home/terra/newtest/rmit_ros2_ws/install/rmitbot_vision/share/rmitbot_vision/config/calibrationdatawebcam/left-0023.png
[1.354s] -- Installing: /home/terra/newtest/rmit_ros2_ws/install/rmitbot_vision/share/rmitbot_vision/config/calibrationdatawebcam/ostwebcam.yaml
[1.355s] -- Installing: /home/terra/newtest/rmit_ros2_ws/install/rmitbot_vision/share/rmitbot_vision/config/calibrationdatawebcam/left-0000.png
[1.355s] -- Installing: /home/terra/newtest/rmit_ros2_ws/install/rmitbot_vision/share/rmitbot_vision/config/calibrationdatawebcam/left-0012.png
[1.355s] -- Installing: /home/terra/newtest/rmit_ros2_ws/install/rmitbot_vision/share/rmitbot_vision/config/calibrationdatawebcam/left-0037.png
[1.355s] -- Installing: /home/terra/newtest/rmit_ros2_ws/install/rmitbot_vision/share/rmitbot_vision/config/calibrationdatawebcam/left-0018.png
[1.356s] -- Installing: /home/terra/newtest/rmit_ros2_ws/install/rmitbot_vision/share/rmitbot_vision/config/calibrationdatawebcam/left-0036.png
[1.356s] -- Installing: /home/terra/newtest/rmit_ros2_ws/install/rmitbot_vision/share/rmitbot_vision/config/calibrationdatawebcam/left-0008.png
[1.356s] -- Installing: /home/terra/newtest/rmit_ros2_ws/install/rmitbot_vision/share/rmitbot_vision/config/calibrationdatawebcam/left-0019.png
[1.357s] -- Installing: /home/terra/newtest/rmit_ros2_ws/install/rmitbot_vision/share/rmitbot_vision/config/calibrationdatawebcam/left-0027.png
[1.357s] -- Installing: /home/terra/newtest/rmit_ros2_ws/install/rmitbot_vision/share/rmitbot_vision/config/calibrationdatawebcam/left-0015.png
[1.357s] -- Installing: /home/terra/newtest/rmit_ros2_ws/install/rmitbot_vision/share/rmitbot_vision/config/calibrationdatawebcam/left-0035.png
[1.357s] -- Installing: /home/terra/newtest/rmit_ros2_ws/install/rmitbot_vision/share/rmitbot_vision/config/calibrationdatawebcam/left-0031.png
[1.358s] -- Installing: /home/terra/newtest/rmit_ros2_ws/install/rmitbot_vision/share/rmitbot_vision/config/calibrationdatawebcam/left-0024.png
[1.358s] -- Installing: /home/terra/newtest/rmit_ros2_ws/install/rmitbot_vision/share/rmitbot_vision/config/calibrationdatawebcam/left-0009.png
[1.358s] -- Installing: /home/terra/newtest/rmit_ros2_ws/install/rmitbot_vision/share/rmitbot_vision/config/calibrationdatawebcam/left-0003.png
[1.358s] -- Installing: /home/terra/newtest/rmit_ros2_ws/install/rmitbot_vision/share/rmitbot_vision/config/calibrationdatawebcam/left-0043.png
[1.359s] -- Installing: /home/terra/newtest/rmit_ros2_ws/install/rmitbot_vision/share/rmitbot_vision/config/calibrationdatawebcam/left-0038.png
[1.359s] -- Installing: /home/terra/newtest/rmit_ros2_ws/install/rmitbot_vision/share/rmitbot_vision/config/calibrationdatawebcam/left-0021.png
[1.359s] -- Installing: /home/terra/newtest/rmit_ros2_ws/install/rmitbot_vision/share/rmitbot_vision/config/calibrationdatawebcam/left-0034.png
[1.360s] -- Installing: /home/terra/newtest/rmit_ros2_ws/install/rmitbot_vision/share/rmitbot_vision/config/calibrationdatawebcam/left-0004.png
[1.360s] -- Installing: /home/terra/newtest/rmit_ros2_ws/install/rmitbot_vision/share/rmitbot_vision/config/calibrationdatawebcam/left-0020.png
[1.360s] -- Installing: /home/terra/newtest/rmit_ros2_ws/install/rmitbot_vision/share/rmitbot_vision/config/calibrationdatawebcam/left-0028.png
[1.360s] -- Installing: /home/terra/newtest/rmit_ros2_ws/install/rmitbot_vision/share/rmitbot_vision/config/calibrationdatawebcam/left-0030.png
[1.361s] -- Installing: /home/terra/newtest/rmit_ros2_ws/install/rmitbot_vision/share/rmitbot_vision/config/calibrationdatawebcam/left-0026.png
[1.361s] -- Installing: /home/terra/newtest/rmit_ros2_ws/install/rmitbot_vision/share/rmitbot_vision/config/calibrationdatawebcam/left-0045.png
[1.361s] -- Installing: /home/terra/newtest/rmit_ros2_ws/install/rmitbot_vision/share/rmitbot_vision/config/calibrationdatawebcam/left-0002.png
[1.362s] -- Installing: /home/terra/newtest/rmit_ros2_ws/install/rmitbot_vision/share/rmitbot_vision/config/calibrationdatawebcam/left-0016.png
[1.362s] -- Installing: /home/terra/newtest/rmit_ros2_ws/install/rmitbot_vision/share/rmitbot_vision/config/calibrationdatawebcam/left-0005.png
[1.362s] -- Installing: /home/terra/newtest/rmit_ros2_ws/install/rmitbot_vision/share/rmitbot_vision/config/calibrationdatawebcam/left-0011.png
[1.362s] -- Installing: /home/terra/newtest/rmit_ros2_ws/install/rmitbot_vision/share/rmitbot_vision/config/calibrationdatawebcam/left-0025.png
[1.363s] -- Installing: /home/terra/newtest/rmit_ros2_ws/install/rmitbot_vision/share/rmitbot_vision/config/calibrationdatawebcam/left-0014.png
[1.363s] -- Installing: /home/terra/newtest/rmit_ros2_ws/install/rmitbot_vision/share/rmitbot_vision/config/calibrationdatawebcam/left-0022.png
[1.363s] -- Installing: /home/terra/newtest/rmit_ros2_ws/install/rmitbot_vision/share/rmitbot_vision/config/calibrationdatawebcam/left-0041.png
[1.363s] -- Installing: /home/terra/newtest/rmit_ros2_ws/install/rmitbot_vision/share/rmitbot_vision/config/calibrationdatawebcam/left-0017.png
[1.364s] -- Installing: /home/terra/newtest/rmit_ros2_ws/install/rmitbot_vision/share/rmitbot_vision/config/calibrationdata.tar.gz
[1.369s] -- Installing: /home/terra/newtest/rmit_ros2_ws/install/rmitbot_vision/share/rmitbot_vision/config/ost.yaml
[1.369s] -- Installing: /home/terra/newtest/rmit_ros2_ws/install/rmitbot_vision/share/rmitbot_vision/config/ostwebcam.yaml
[1.370s] -- Installing: /home/terra/newtest/rmit_ros2_ws/install/rmitbot_vision/share/rmitbot_vision/config/apriltag_params.yaml
[1.370s] -- Installing: /home/terra/newtest/rmit_ros2_ws/install/rmitbot_vision/share/ament_index/resource_index/package_run_dependencies/rmitbot_vision
[1.370s] -- Installing: /home/terra/newtest/rmit_ros2_ws/install/rmitbot_vision/share/ament_index/resource_index/parent_prefix_path/rmitbot_vision
[1.370s] -- Installing: /home/terra/newtest/rmit_ros2_ws/install/rmitbot_vision/share/rmitbot_vision/environment/ament_prefix_path.sh
[1.370s] -- Installing: /home/terra/newtest/rmit_ros2_ws/install/rmitbot_vision/share/rmitbot_vision/environment/ament_prefix_path.dsv
[1.371s] -- Installing: /home/terra/newtest/rmit_ros2_ws/install/rmitbot_vision/share/rmitbot_vision/environment/path.sh
[1.371s] -- Installing: /home/terra/newtest/rmit_ros2_ws/install/rmitbot_vision/share/rmitbot_vision/environment/path.dsv
[1.371s] -- Installing: /home/terra/newtest/rmit_ros2_ws/install/rmitbot_vision/share/rmitbot_vision/local_setup.bash
[1.371s] -- Installing: /home/terra/newtest/rmit_ros2_ws/install/rmitbot_vision/share/rmitbot_vision/local_setup.sh
[1.371s] -- Installing: /home/terra/newtest/rmit_ros2_ws/install/rmitbot_vision/share/rmitbot_vision/local_setup.zsh
[1.371s] -- Installing: /home/terra/newtest/rmit_ros2_ws/install/rmitbot_vision/share/rmitbot_vision/local_setup.dsv
[1.372s] -- Installing: /home/terra/newtest/rmit_ros2_ws/install/rmitbot_vision/share/rmitbot_vision/package.dsv
[1.372s] -- Installing: /home/terra/newtest/rmit_ros2_ws/install/rmitbot_vision/share/ament_index/resource_index/packages/rmitbot_vision
[1.372s] -- Installing: /home/terra/newtest/rmit_ros2_ws/install/rmitbot_vision/share/rmitbot_vision/cmake/rmitbot_visionConfig.cmake
[1.372s] -- Installing: /home/terra/newtest/rmit_ros2_ws/install/rmitbot_vision/share/rmitbot_vision/cmake/rmitbot_visionConfig-version.cmake
[1.372s] -- Installing: /home/terra/newtest/rmit_ros2_ws/install/rmitbot_vision/share/rmitbot_vision/package.xml
[1.376s] Invoked command in '/home/terra/newtest/rmit_ros2_ws/build/rmitbot_vision' returned '0': CMAKE_PREFIX_PATH=${CMAKE_PREFIX_PATH}:/opt/ros/jazzy /usr/bin/cmake --install /home/terra/newtest/rmit_ros2_ws/build/rmitbot_vision
