-- Install configuration: ""
-- Up-to-date: /home/v120506/rmit_ros2_ws/install/rmitbot_bringup/share/rmitbot_bringup/launch
-- Up-to-date: /home/v120506/rmit_ros2_ws/install/rmitbot_bringup/share/rmitbot_bringup/launch/pc.launch.py
-- Up-to-date: /home/v120506/rmit_ros2_ws/install/rmitbot_bringup/share/rmitbot_bringup/launch/rmitbot.launch.py
-- Installing: /home/v120506/rmit_ros2_ws/install/rmitbot_bringup/share/rmitbot_bringup/launch/rpi.launch.py
-- Up-to-date: /home/v120506/rmit_ros2_ws/install/rmitbot_bringup/share/rmitbot_bringup/config
-- Up-to-date: /home/v120506/rmit_ros2_ws/install/rmitbot_bringup/share/rmitbot_bringup/config/display.rviz
-- Up-to-date: /home/v120506/rmit_ros2_ws/install/rmitbot_bringup/share/ament_index/resource_index/package_run_dependencies/rmitbot_bringup
-- Up-to-date: /home/v120506/rmit_ros2_ws/install/rmitbot_bringup/share/ament_index/resource_index/parent_prefix_path/rmitbot_bringup
-- Up-to-date: /home/v120506/rmit_ros2_ws/install/rmitbot_bringup/share/rmitbot_bringup/environment/ament_prefix_path.sh
-- Up-to-date: /home/v120506/rmit_ros2_ws/install/rmitbot_bringup/share/rmitbot_bringup/environment/ament_prefix_path.dsv
-- Up-to-date: /home/v120506/rmit_ros2_ws/install/rmitbot_bringup/share/rmitbot_bringup/environment/path.sh
-- Up-to-date: /home/v120506/rmit_ros2_ws/install/rmitbot_bringup/share/rmitbot_bringup/environment/path.dsv
-- Up-to-date: /home/v120506/rmit_ros2_ws/install/rmitbot_bringup/share/rmitbot_bringup/local_setup.bash
-- Up-to-date: /home/v120506/rmit_ros2_ws/install/rmitbot_bringup/share/rmitbot_bringup/local_setup.sh
-- Up-to-date: /home/v120506/rmit_ros2_ws/install/rmitbot_bringup/share/rmitbot_bringup/local_setup.zsh
-- Up-to-date: /home/v120506/rmit_ros2_ws/install/rmitbot_bringup/share/rmitbot_bringup/local_setup.dsv
-- Installing: /home/v120506/rmit_ros2_ws/install/rmitbot_bringup/share/rmitbot_bringup/package.dsv
-- Up-to-date: /home/v120506/rmit_ros2_ws/install/rmitbot_bringup/share/ament_index/resource_index/packages/rmitbot_bringup
-- Up-to-date: /home/v120506/rmit_ros2_ws/install/rmitbot_bringup/share/rmitbot_bringup/cmake/rmitbot_bringupConfig.cmake
-- Up-to-date: /home/v120506/rmit_ros2_ws/install/rmitbot_bringup/share/rmitbot_bringup/cmake/rmitbot_bringupConfig-version.cmake
-- Up-to-date: /home/v120506/rmit_ros2_ws/install/rmitbot_bringup/share/rmitbot_bringup/package.xml
