[0.070s] Invoking command in '/home/v120506/rmit_ros2_ws/build/rmitbot_vision': CMAKE_PREFIX_PATH=${CMAKE_PREFIX_PATH}:/opt/ros/jazzy DEBUGINFOD_URLS=https://debuginfod.ubuntu.com /usr/bin/cmake --build /home/v120506/rmit_ros2_ws/build/rmitbot_vision -- -j8 -l8
[0.120s] -- Found ament_cmake: 2.5.5 (/opt/ros/jazzy/share/ament_cmake/cmake)
[0.514s] -- Configuring done (0.4s)
[0.515s] -- Generating done (0.0s)
[0.517s] -- Build files have been written to: /home/v120506/rmit_ros2_ws/build/rmitbot_vision
[0.534s] Invoked command in '/home/v120506/rmit_ros2_ws/build/rmitbot_vision' returned '0': CMAKE_PREFIX_PATH=${CMAKE_PREFIX_PATH}:/opt/ros/jazzy DEBUGINFOD_URLS=https://debuginfod.ubuntu.com /usr/bin/cmake --build /home/v120506/rmit_ros2_ws/build/rmitbot_vision -- -j8 -l8
[0.535s] Invoking command in '/home/v120506/rmit_ros2_ws/build/rmitbot_vision': CMAKE_PREFIX_PATH=${CMAKE_PREFIX_PATH}:/opt/ros/jazzy DEBUGINFOD_URLS=https://debuginfod.ubuntu.com /usr/bin/cmake --install /home/v120506/rmit_ros2_ws/build/rmitbot_vision
[0.544s] -- Install configuration: ""
[0.545s] -- Up-to-date: /home/v120506/rmit_ros2_ws/install/rmitbot_vision/share/rmitbot_vision/launch
[0.545s] -- Installing: /home/v120506/rmit_ros2_ws/install/rmitbot_vision/share/rmitbot_vision/launch/vision.launch.py
[0.545s] -- Up-to-date: /home/v120506/rmit_ros2_ws/install/rmitbot_vision/share/rmitbot_vision/config
[0.545s] -- Up-to-date: /home/v120506/rmit_ros2_ws/install/rmitbot_vision/share/rmitbot_vision/config/calibrationdata.tar.gz
[0.545s] -- Up-to-date: /home/v120506/rmit_ros2_ws/install/rmitbot_vision/share/rmitbot_vision/config/ost.yaml
[0.545s] -- Up-to-date: /home/v120506/rmit_ros2_ws/install/rmitbot_vision/share/ament_index/resource_index/package_run_dependencies/rmitbot_vision
[0.545s] -- Up-to-date: /home/v120506/rmit_ros2_ws/install/rmitbot_vision/share/ament_index/resource_index/parent_prefix_path/rmitbot_vision
[0.545s] -- Up-to-date: /home/v120506/rmit_ros2_ws/install/rmitbot_vision/share/rmitbot_vision/environment/ament_prefix_path.sh
[0.545s] -- Up-to-date: /home/v120506/rmit_ros2_ws/install/rmitbot_vision/share/rmitbot_vision/environment/ament_prefix_path.dsv
[0.545s] -- Up-to-date: /home/v120506/rmit_ros2_ws/install/rmitbot_vision/share/rmitbot_vision/environment/path.sh
[0.546s] -- Up-to-date: /home/v120506/rmit_ros2_ws/install/rmitbot_vision/share/rmitbot_vision/environment/path.dsv
[0.546s] -- Up-to-date: /home/v120506/rmit_ros2_ws/install/rmitbot_vision/share/rmitbot_vision/local_setup.bash
[0.546s] -- Up-to-date: /home/v120506/rmit_ros2_ws/install/rmitbot_vision/share/rmitbot_vision/local_setup.sh
[0.546s] -- Up-to-date: /home/v120506/rmit_ros2_ws/install/rmitbot_vision/share/rmitbot_vision/local_setup.zsh
[0.546s] -- Up-to-date: /home/v120506/rmit_ros2_ws/install/rmitbot_vision/share/rmitbot_vision/local_setup.dsv
[0.547s] -- Up-to-date: /home/v120506/rmit_ros2_ws/install/rmitbot_vision/share/rmitbot_vision/package.dsv
[0.547s] -- Up-to-date: /home/v120506/rmit_ros2_ws/install/rmitbot_vision/share/ament_index/resource_index/packages/rmitbot_vision
[0.547s] -- Up-to-date: /home/v120506/rmit_ros2_ws/install/rmitbot_vision/share/rmitbot_vision/cmake/rmitbot_visionConfig.cmake
[0.547s] -- Up-to-date: /home/v120506/rmit_ros2_ws/install/rmitbot_vision/share/rmitbot_vision/cmake/rmitbot_visionConfig-version.cmake
[0.547s] -- Installing: /home/v120506/rmit_ros2_ws/install/rmitbot_vision/share/rmitbot_vision/package.xml
[0.548s] Invoked command in '/home/v120506/rmit_ros2_ws/build/rmitbot_vision' returned '0': CMAKE_PREFIX_PATH=${CMAKE_PREFIX_PATH}:/opt/ros/jazzy DEBUGINFOD_URLS=https://debuginfod.ubuntu.com /usr/bin/cmake --install /home/v120506/rmit_ros2_ws/build/rmitbot_vision
