[0.659s] DEBUG:colcon:Command line arguments: ['/usr/bin/colcon', 'build']
[0.659s] DEBUG:colcon:Parsed command line arguments: Namespace(log_base=None, log_level=None, verb_name='build', build_base='build', install_base='install', merge_install=False, symlink_install=False, test_result_base=None, continue_on_error=False, executor='parallel', parallel_workers=4, event_handlers=None, ignore_user_meta=False, metas=['./colcon.meta'], base_paths=['.'], packages_ignore=None, packages_ignore_regex=None, paths=None, packages_up_to=None, packages_up_to_regex=None, packages_above=None, packages_above_and_dependencies=None, packages_above_depth=None, packages_select_by_dep=None, packages_skip_by_dep=None, packages_skip_up_to=None, packages_select_build_failed=False, packages_skip_build_finished=False, packages_select_test_failures=False, packages_skip_test_passed=False, packages_select=None, packages_skip=None, packages_select_regex=None, packages_skip_regex=None, packages_start=None, packages_end=None, allow_overriding=[], cmake_args=None, cmake_target=None, cmake_target_skip_unavailable=False, cmake_clean_cache=False, cmake_clean_first=False, cmake_force_configure=False, meson_args=[], ament_cmake_args=None, catkin_cmake_args=None, catkin_skip_building_tests=False, mixin_files=None, mixin=None, verb_parser=<colcon_mixin.mixin.mixin_argument.MixinArgumentDecorator object at 0xffff9320cb00>, verb_extension=<colcon_core.verb.build.BuildVerb object at 0xffff933c0bc0>, main=<bound method BuildVerb.main of <colcon_core.verb.build.BuildVerb object at 0xffff933c0bc0>>, mixin_verb=('build',))
[0.781s] Level 1:colcon.colcon_core.package_discovery:discover_packages(colcon_meta) check parameters
[0.782s] Level 1:colcon.colcon_core.package_discovery:discover_packages(recursive) check parameters
[0.782s] Level 1:colcon.colcon_core.package_discovery:discover_packages(ignore) check parameters
[0.782s] Level 1:colcon.colcon_core.package_discovery:discover_packages(path) check parameters
[0.782s] Level 1:colcon.colcon_core.package_discovery:discover_packages(colcon_meta) discover
[0.782s] Level 1:colcon.colcon_core.package_discovery:discover_packages(recursive) discover
[0.782s] INFO:colcon.colcon_core.package_discovery:Crawling recursively for packages in '/home/terra/newtest/rmit_ros2_ws'
[0.782s] Level 1:colcon.colcon_core.package_identification:_identify(.) by extensions ['ignore', 'ignore_ament_install']
[0.782s] Level 1:colcon.colcon_core.package_identification:_identify(.) by extension 'ignore'
[0.782s] Level 1:colcon.colcon_core.package_identification:_identify(.) by extension 'ignore_ament_install'
[0.783s] Level 1:colcon.colcon_core.package_identification:_identify(.) by extensions ['colcon_pkg']
[0.783s] Level 1:colcon.colcon_core.package_identification:_identify(.) by extension 'colcon_pkg'
[0.783s] Level 1:colcon.colcon_core.package_identification:_identify(.) by extensions ['colcon_meta']
[0.783s] Level 1:colcon.colcon_core.package_identification:_identify(.) by extension 'colcon_meta'
[0.783s] Level 1:colcon.colcon_core.package_identification:_identify(.) by extensions ['ros']
[0.783s] Level 1:colcon.colcon_core.package_identification:_identify(.) by extension 'ros'
[0.875s] Level 1:colcon.colcon_core.package_identification:_identify(.) by extensions ['cmake', 'meson', 'python']
[0.875s] Level 1:colcon.colcon_core.package_identification:_identify(.) by extension 'cmake'
[0.875s] Level 1:colcon.colcon_core.package_identification:_identify(.) by extension 'meson'
[0.877s] Level 1:colcon.colcon_core.package_identification:_identify(.) by extension 'python'
[0.877s] Level 1:colcon.colcon_core.package_identification:_identify(.) by extensions ['python_setup_py']
[0.877s] Level 1:colcon.colcon_core.package_identification:_identify(.) by extension 'python_setup_py'
[0.877s] Level 1:colcon.colcon_core.package_identification:_identify(build) by extensions ['ignore', 'ignore_ament_install']
[0.877s] Level 1:colcon.colcon_core.package_identification:_identify(build) by extension 'ignore'
[0.877s] Level 1:colcon.colcon_core.package_identification:_identify(build) ignored
[0.878s] Level 1:colcon.colcon_core.package_identification:_identify(install) by extensions ['ignore', 'ignore_ament_install']
[0.878s] Level 1:colcon.colcon_core.package_identification:_identify(install) by extension 'ignore'
[0.878s] Level 1:colcon.colcon_core.package_identification:_identify(install) ignored
[0.878s] Level 1:colcon.colcon_core.package_identification:_identify(log) by extensions ['ignore', 'ignore_ament_install']
[0.878s] Level 1:colcon.colcon_core.package_identification:_identify(log) by extension 'ignore'
[0.878s] Level 1:colcon.colcon_core.package_identification:_identify(log) ignored
[0.878s] Level 1:colcon.colcon_core.package_identification:_identify(src) by extensions ['ignore', 'ignore_ament_install']
[0.878s] Level 1:colcon.colcon_core.package_identification:_identify(src) by extension 'ignore'
[0.878s] Level 1:colcon.colcon_core.package_identification:_identify(src) by extension 'ignore_ament_install'
[0.878s] Level 1:colcon.colcon_core.package_identification:_identify(src) by extensions ['colcon_pkg']
[0.878s] Level 1:colcon.colcon_core.package_identification:_identify(src) by extension 'colcon_pkg'
[0.878s] Level 1:colcon.colcon_core.package_identification:_identify(src) by extensions ['colcon_meta']
[0.878s] Level 1:colcon.colcon_core.package_identification:_identify(src) by extension 'colcon_meta'
[0.878s] Level 1:colcon.colcon_core.package_identification:_identify(src) by extensions ['ros']
[0.878s] Level 1:colcon.colcon_core.package_identification:_identify(src) by extension 'ros'
[0.879s] Level 1:colcon.colcon_core.package_identification:_identify(src) by extensions ['cmake', 'meson', 'python']
[0.879s] Level 1:colcon.colcon_core.package_identification:_identify(src) by extension 'cmake'
[0.879s] Level 1:colcon.colcon_core.package_identification:_identify(src) by extension 'meson'
[0.880s] Level 1:colcon.colcon_core.package_identification:_identify(src) by extension 'python'
[0.880s] Level 1:colcon.colcon_core.package_identification:_identify(src) by extensions ['python_setup_py']
[0.880s] Level 1:colcon.colcon_core.package_identification:_identify(src) by extension 'python_setup_py'
[0.880s] Level 1:colcon.colcon_core.package_identification:_identify(src/rmitbot_bringup) by extensions ['ignore', 'ignore_ament_install']
[0.881s] Level 1:colcon.colcon_core.package_identification:_identify(src/rmitbot_bringup) by extension 'ignore'
[0.881s] Level 1:colcon.colcon_core.package_identification:_identify(src/rmitbot_bringup) by extension 'ignore_ament_install'
[0.881s] Level 1:colcon.colcon_core.package_identification:_identify(src/rmitbot_bringup) by extensions ['colcon_pkg']
[0.881s] Level 1:colcon.colcon_core.package_identification:_identify(src/rmitbot_bringup) by extension 'colcon_pkg'
[0.881s] Level 1:colcon.colcon_core.package_identification:_identify(src/rmitbot_bringup) by extensions ['colcon_meta']
[0.881s] Level 1:colcon.colcon_core.package_identification:_identify(src/rmitbot_bringup) by extension 'colcon_meta'
[0.881s] Level 1:colcon.colcon_core.package_identification:_identify(src/rmitbot_bringup) by extensions ['ros']
[0.881s] Level 1:colcon.colcon_core.package_identification:_identify(src/rmitbot_bringup) by extension 'ros'
[0.887s] DEBUG:colcon.colcon_core.package_identification:Package 'src/rmitbot_bringup' with type 'ros.ament_cmake' and name 'rmitbot_bringup'
[0.888s] Level 1:colcon.colcon_core.package_identification:_identify(src/rmitbot_controller) by extensions ['ignore', 'ignore_ament_install']
[0.888s] Level 1:colcon.colcon_core.package_identification:_identify(src/rmitbot_controller) by extension 'ignore'
[0.888s] Level 1:colcon.colcon_core.package_identification:_identify(src/rmitbot_controller) by extension 'ignore_ament_install'
[0.888s] Level 1:colcon.colcon_core.package_identification:_identify(src/rmitbot_controller) by extensions ['colcon_pkg']
[0.888s] Level 1:colcon.colcon_core.package_identification:_identify(src/rmitbot_controller) by extension 'colcon_pkg'
[0.888s] Level 1:colcon.colcon_core.package_identification:_identify(src/rmitbot_controller) by extensions ['colcon_meta']
[0.888s] Level 1:colcon.colcon_core.package_identification:_identify(src/rmitbot_controller) by extension 'colcon_meta'
[0.888s] Level 1:colcon.colcon_core.package_identification:_identify(src/rmitbot_controller) by extensions ['ros']
[0.888s] Level 1:colcon.colcon_core.package_identification:_identify(src/rmitbot_controller) by extension 'ros'
[0.889s] DEBUG:colcon.colcon_core.package_identification:Package 'src/rmitbot_controller' with type 'ros.ament_cmake' and name 'rmitbot_controller'
[0.890s] Level 1:colcon.colcon_core.package_identification:_identify(src/rmitbot_description) by extensions ['ignore', 'ignore_ament_install']
[0.890s] Level 1:colcon.colcon_core.package_identification:_identify(src/rmitbot_description) by extension 'ignore'
[0.890s] Level 1:colcon.colcon_core.package_identification:_identify(src/rmitbot_description) by extension 'ignore_ament_install'
[0.890s] Level 1:colcon.colcon_core.package_identification:_identify(src/rmitbot_description) by extensions ['colcon_pkg']
[0.890s] Level 1:colcon.colcon_core.package_identification:_identify(src/rmitbot_description) by extension 'colcon_pkg'
[0.890s] Level 1:colcon.colcon_core.package_identification:_identify(src/rmitbot_description) by extensions ['colcon_meta']
[0.890s] Level 1:colcon.colcon_core.package_identification:_identify(src/rmitbot_description) by extension 'colcon_meta'
[0.890s] Level 1:colcon.colcon_core.package_identification:_identify(src/rmitbot_description) by extensions ['ros']
[0.890s] Level 1:colcon.colcon_core.package_identification:_identify(src/rmitbot_description) by extension 'ros'
[0.891s] DEBUG:colcon.colcon_core.package_identification:Package 'src/rmitbot_description' with type 'ros.ament_cmake' and name 'rmitbot_description'
[0.891s] Level 1:colcon.colcon_core.package_identification:_identify(src/rmitbot_firmware) by extensions ['ignore', 'ignore_ament_install']
[0.892s] Level 1:colcon.colcon_core.package_identification:_identify(src/rmitbot_firmware) by extension 'ignore'
[0.892s] Level 1:colcon.colcon_core.package_identification:_identify(src/rmitbot_firmware) by extension 'ignore_ament_install'
[0.892s] Level 1:colcon.colcon_core.package_identification:_identify(src/rmitbot_firmware) by extensions ['colcon_pkg']
[0.892s] Level 1:colcon.colcon_core.package_identification:_identify(src/rmitbot_firmware) by extension 'colcon_pkg'
[0.892s] Level 1:colcon.colcon_core.package_identification:_identify(src/rmitbot_firmware) by extensions ['colcon_meta']
[0.892s] Level 1:colcon.colcon_core.package_identification:_identify(src/rmitbot_firmware) by extension 'colcon_meta'
[0.892s] Level 1:colcon.colcon_core.package_identification:_identify(src/rmitbot_firmware) by extensions ['ros']
[0.892s] Level 1:colcon.colcon_core.package_identification:_identify(src/rmitbot_firmware) by extension 'ros'
[0.893s] DEBUG:colcon.colcon_core.package_identification:Package 'src/rmitbot_firmware' with type 'ros.ament_cmake' and name 'rmitbot_firmware'
[0.894s] Level 1:colcon.colcon_core.package_identification:_identify(src/rmitbot_localization) by extensions ['ignore', 'ignore_ament_install']
[0.894s] Level 1:colcon.colcon_core.package_identification:_identify(src/rmitbot_localization) by extension 'ignore'
[0.894s] Level 1:colcon.colcon_core.package_identification:_identify(src/rmitbot_localization) by extension 'ignore_ament_install'
[0.894s] Level 1:colcon.colcon_core.package_identification:_identify(src/rmitbot_localization) by extensions ['colcon_pkg']
[0.894s] Level 1:colcon.colcon_core.package_identification:_identify(src/rmitbot_localization) by extension 'colcon_pkg'
[0.894s] Level 1:colcon.colcon_core.package_identification:_identify(src/rmitbot_localization) by extensions ['colcon_meta']
[0.894s] Level 1:colcon.colcon_core.package_identification:_identify(src/rmitbot_localization) by extension 'colcon_meta'
[0.894s] Level 1:colcon.colcon_core.package_identification:_identify(src/rmitbot_localization) by extensions ['ros']
[0.894s] Level 1:colcon.colcon_core.package_identification:_identify(src/rmitbot_localization) by extension 'ros'
[0.895s] DEBUG:colcon.colcon_core.package_identification:Package 'src/rmitbot_localization' with type 'ros.ament_cmake' and name 'rmitbot_localization'
[0.895s] Level 1:colcon.colcon_core.package_identification:_identify(src/rmitbot_mapping) by extensions ['ignore', 'ignore_ament_install']
[0.896s] Level 1:colcon.colcon_core.package_identification:_identify(src/rmitbot_mapping) by extension 'ignore'
[0.896s] Level 1:colcon.colcon_core.package_identification:_identify(src/rmitbot_mapping) by extension 'ignore_ament_install'
[0.896s] Level 1:colcon.colcon_core.package_identification:_identify(src/rmitbot_mapping) by extensions ['colcon_pkg']
[0.896s] Level 1:colcon.colcon_core.package_identification:_identify(src/rmitbot_mapping) by extension 'colcon_pkg'
[0.896s] Level 1:colcon.colcon_core.package_identification:_identify(src/rmitbot_mapping) by extensions ['colcon_meta']
[0.896s] Level 1:colcon.colcon_core.package_identification:_identify(src/rmitbot_mapping) by extension 'colcon_meta'
[0.896s] Level 1:colcon.colcon_core.package_identification:_identify(src/rmitbot_mapping) by extensions ['ros']
[0.896s] Level 1:colcon.colcon_core.package_identification:_identify(src/rmitbot_mapping) by extension 'ros'
[0.897s] DEBUG:colcon.colcon_core.package_identification:Package 'src/rmitbot_mapping' with type 'ros.ament_cmake' and name 'rmitbot_mapping'
[0.897s] Level 1:colcon.colcon_core.package_identification:_identify(src/rmitbot_navigation) by extensions ['ignore', 'ignore_ament_install']
[0.897s] Level 1:colcon.colcon_core.package_identification:_identify(src/rmitbot_navigation) by extension 'ignore'
[0.897s] Level 1:colcon.colcon_core.package_identification:_identify(src/rmitbot_navigation) by extension 'ignore_ament_install'
[0.897s] Level 1:colcon.colcon_core.package_identification:_identify(src/rmitbot_navigation) by extensions ['colcon_pkg']
[0.897s] Level 1:colcon.colcon_core.package_identification:_identify(src/rmitbot_navigation) by extension 'colcon_pkg'
[0.897s] Level 1:colcon.colcon_core.package_identification:_identify(src/rmitbot_navigation) by extensions ['colcon_meta']
[0.898s] Level 1:colcon.colcon_core.package_identification:_identify(src/rmitbot_navigation) by extension 'colcon_meta'
[0.898s] Level 1:colcon.colcon_core.package_identification:_identify(src/rmitbot_navigation) by extensions ['ros']
[0.898s] Level 1:colcon.colcon_core.package_identification:_identify(src/rmitbot_navigation) by extension 'ros'
[0.899s] DEBUG:colcon.colcon_core.package_identification:Package 'src/rmitbot_navigation' with type 'ros.ament_cmake' and name 'rmitbot_navigation'
[0.899s] Level 1:colcon.colcon_core.package_identification:_identify(src/rmitbot_vision) by extensions ['ignore', 'ignore_ament_install']
[0.899s] Level 1:colcon.colcon_core.package_identification:_identify(src/rmitbot_vision) by extension 'ignore'
[0.899s] Level 1:colcon.colcon_core.package_identification:_identify(src/rmitbot_vision) by extension 'ignore_ament_install'
[0.899s] Level 1:colcon.colcon_core.package_identification:_identify(src/rmitbot_vision) by extensions ['colcon_pkg']
[0.899s] Level 1:colcon.colcon_core.package_identification:_identify(src/rmitbot_vision) by extension 'colcon_pkg'
[0.899s] Level 1:colcon.colcon_core.package_identification:_identify(src/rmitbot_vision) by extensions ['colcon_meta']
[0.899s] Level 1:colcon.colcon_core.package_identification:_identify(src/rmitbot_vision) by extension 'colcon_meta'
[0.900s] Level 1:colcon.colcon_core.package_identification:_identify(src/rmitbot_vision) by extensions ['ros']
[0.900s] Level 1:colcon.colcon_core.package_identification:_identify(src/rmitbot_vision) by extension 'ros'
[0.900s] DEBUG:colcon.colcon_core.package_identification:Package 'src/rmitbot_vision' with type 'ros.ament_cmake' and name 'rmitbot_vision'
[0.900s] Level 1:colcon.colcon_core.package_discovery:discover_packages(recursive) using defaults
[0.901s] Level 1:colcon.colcon_core.package_discovery:discover_packages(ignore) discover
[0.901s] Level 1:colcon.colcon_core.package_discovery:discover_packages(ignore) using defaults
[0.901s] Level 1:colcon.colcon_core.package_discovery:discover_packages(path) discover
[0.901s] Level 1:colcon.colcon_core.package_discovery:discover_packages(path) using defaults
[0.942s] Level 1:colcon.colcon_core.package_discovery:discover_packages(prefix_path) check parameters
[0.942s] Level 1:colcon.colcon_core.package_discovery:discover_packages(prefix_path) discover
[0.948s] DEBUG:colcon.colcon_installed_package_information.package_discovery:Found 8 installed packages in /home/terra/newtest/rmit_ros2_ws/install
[0.951s] DEBUG:colcon.colcon_installed_package_information.package_discovery:Found 276 installed packages in /opt/ros/jazzy
[0.952s] Level 1:colcon.colcon_core.package_discovery:discover_packages(prefix_path) using defaults
[1.027s] Level 5:colcon.colcon_core.verb:set package 'rmitbot_bringup' build argument 'cmake_args' from command line to 'None'
[1.028s] Level 5:colcon.colcon_core.verb:set package 'rmitbot_bringup' build argument 'cmake_target' from command line to 'None'
[1.028s] Level 5:colcon.colcon_core.verb:set package 'rmitbot_bringup' build argument 'cmake_target_skip_unavailable' from command line to 'False'
[1.028s] Level 5:colcon.colcon_core.verb:set package 'rmitbot_bringup' build argument 'cmake_clean_cache' from command line to 'False'
[1.028s] Level 5:colcon.colcon_core.verb:set package 'rmitbot_bringup' build argument 'cmake_clean_first' from command line to 'False'
[1.028s] Level 5:colcon.colcon_core.verb:set package 'rmitbot_bringup' build argument 'cmake_force_configure' from command line to 'False'
[1.028s] Level 5:colcon.colcon_core.verb:set package 'rmitbot_bringup' build argument 'meson_args' from command line to '[]'
[1.028s] Level 5:colcon.colcon_core.verb:set package 'rmitbot_bringup' build argument 'ament_cmake_args' from command line to 'None'
[1.028s] Level 5:colcon.colcon_core.verb:set package 'rmitbot_bringup' build argument 'catkin_cmake_args' from command line to 'None'
[1.028s] Level 5:colcon.colcon_core.verb:set package 'rmitbot_bringup' build argument 'catkin_skip_building_tests' from command line to 'False'
[1.028s] DEBUG:colcon.colcon_core.verb:Building package 'rmitbot_bringup' with the following arguments: {'ament_cmake_args': None, 'build_base': '/home/terra/newtest/rmit_ros2_ws/build/rmitbot_bringup', 'catkin_cmake_args': None, 'catkin_skip_building_tests': False, 'cmake_args': None, 'cmake_clean_cache': False, 'cmake_clean_first': False, 'cmake_force_configure': False, 'cmake_target': None, 'cmake_target_skip_unavailable': False, 'install_base': '/home/terra/newtest/rmit_ros2_ws/install/rmitbot_bringup', 'merge_install': False, 'meson_args': [], 'path': '/home/terra/newtest/rmit_ros2_ws/src/rmitbot_bringup', 'symlink_install': False, 'test_result_base': None}
[1.040s] Level 5:colcon.colcon_core.verb:set package 'rmitbot_controller' build argument 'cmake_args' from command line to 'None'
[1.040s] Level 5:colcon.colcon_core.verb:set package 'rmitbot_controller' build argument 'cmake_target' from command line to 'None'
[1.040s] Level 5:colcon.colcon_core.verb:set package 'rmitbot_controller' build argument 'cmake_target_skip_unavailable' from command line to 'False'
[1.041s] Level 5:colcon.colcon_core.verb:set package 'rmitbot_controller' build argument 'cmake_clean_cache' from command line to 'False'
[1.041s] Level 5:colcon.colcon_core.verb:set package 'rmitbot_controller' build argument 'cmake_clean_first' from command line to 'False'
[1.041s] Level 5:colcon.colcon_core.verb:set package 'rmitbot_controller' build argument 'cmake_force_configure' from command line to 'False'
[1.041s] Level 5:colcon.colcon_core.verb:set package 'rmitbot_controller' build argument 'meson_args' from command line to '[]'
[1.041s] Level 5:colcon.colcon_core.verb:set package 'rmitbot_controller' build argument 'ament_cmake_args' from command line to 'None'
[1.041s] Level 5:colcon.colcon_core.verb:set package 'rmitbot_controller' build argument 'catkin_cmake_args' from command line to 'None'
[1.041s] Level 5:colcon.colcon_core.verb:set package 'rmitbot_controller' build argument 'catkin_skip_building_tests' from command line to 'False'
[1.041s] DEBUG:colcon.colcon_core.verb:Building package 'rmitbot_controller' with the following arguments: {'ament_cmake_args': None, 'build_base': '/home/terra/newtest/rmit_ros2_ws/build/rmitbot_controller', 'catkin_cmake_args': None, 'catkin_skip_building_tests': False, 'cmake_args': None, 'cmake_clean_cache': False, 'cmake_clean_first': False, 'cmake_force_configure': False, 'cmake_target': None, 'cmake_target_skip_unavailable': False, 'install_base': '/home/terra/newtest/rmit_ros2_ws/install/rmitbot_controller', 'merge_install': False, 'meson_args': [], 'path': '/home/terra/newtest/rmit_ros2_ws/src/rmitbot_controller', 'symlink_install': False, 'test_result_base': None}
[1.053s] Level 5:colcon.colcon_core.verb:set package 'rmitbot_description' build argument 'cmake_args' from command line to 'None'
[1.053s] Level 5:colcon.colcon_core.verb:set package 'rmitbot_description' build argument 'cmake_target' from command line to 'None'
[1.053s] Level 5:colcon.colcon_core.verb:set package 'rmitbot_description' build argument 'cmake_target_skip_unavailable' from command line to 'False'
[1.053s] Level 5:colcon.colcon_core.verb:set package 'rmitbot_description' build argument 'cmake_clean_cache' from command line to 'False'
[1.053s] Level 5:colcon.colcon_core.verb:set package 'rmitbot_description' build argument 'cmake_clean_first' from command line to 'False'
[1.053s] Level 5:colcon.colcon_core.verb:set package 'rmitbot_description' build argument 'cmake_force_configure' from command line to 'False'
[1.053s] Level 5:colcon.colcon_core.verb:set package 'rmitbot_description' build argument 'meson_args' from command line to '[]'
[1.053s] Level 5:colcon.colcon_core.verb:set package 'rmitbot_description' build argument 'ament_cmake_args' from command line to 'None'
[1.053s] Level 5:colcon.colcon_core.verb:set package 'rmitbot_description' build argument 'catkin_cmake_args' from command line to 'None'
[1.053s] Level 5:colcon.colcon_core.verb:set package 'rmitbot_description' build argument 'catkin_skip_building_tests' from command line to 'False'
[1.053s] DEBUG:colcon.colcon_core.verb:Building package 'rmitbot_description' with the following arguments: {'ament_cmake_args': None, 'build_base': '/home/terra/newtest/rmit_ros2_ws/build/rmitbot_description', 'catkin_cmake_args': None, 'catkin_skip_building_tests': False, 'cmake_args': None, 'cmake_clean_cache': False, 'cmake_clean_first': False, 'cmake_force_configure': False, 'cmake_target': None, 'cmake_target_skip_unavailable': False, 'install_base': '/home/terra/newtest/rmit_ros2_ws/install/rmitbot_description', 'merge_install': False, 'meson_args': [], 'path': '/home/terra/newtest/rmit_ros2_ws/src/rmitbot_description', 'symlink_install': False, 'test_result_base': None}
[1.066s] Level 5:colcon.colcon_core.verb:set package 'rmitbot_firmware' build argument 'cmake_args' from command line to 'None'
[1.066s] Level 5:colcon.colcon_core.verb:set package 'rmitbot_firmware' build argument 'cmake_target' from command line to 'None'
[1.066s] Level 5:colcon.colcon_core.verb:set package 'rmitbot_firmware' build argument 'cmake_target_skip_unavailable' from command line to 'False'
[1.066s] Level 5:colcon.colcon_core.verb:set package 'rmitbot_firmware' build argument 'cmake_clean_cache' from command line to 'False'
[1.066s] Level 5:colcon.colcon_core.verb:set package 'rmitbot_firmware' build argument 'cmake_clean_first' from command line to 'False'
[1.066s] Level 5:colcon.colcon_core.verb:set package 'rmitbot_firmware' build argument 'cmake_force_configure' from command line to 'False'
[1.066s] Level 5:colcon.colcon_core.verb:set package 'rmitbot_firmware' build argument 'meson_args' from command line to '[]'
[1.066s] Level 5:colcon.colcon_core.verb:set package 'rmitbot_firmware' build argument 'ament_cmake_args' from command line to 'None'
[1.066s] Level 5:colcon.colcon_core.verb:set package 'rmitbot_firmware' build argument 'catkin_cmake_args' from command line to 'None'
[1.066s] Level 5:colcon.colcon_core.verb:set package 'rmitbot_firmware' build argument 'catkin_skip_building_tests' from command line to 'False'
[1.066s] DEBUG:colcon.colcon_core.verb:Building package 'rmitbot_firmware' with the following arguments: {'ament_cmake_args': None, 'build_base': '/home/terra/newtest/rmit_ros2_ws/build/rmitbot_firmware', 'catkin_cmake_args': None, 'catkin_skip_building_tests': False, 'cmake_args': None, 'cmake_clean_cache': False, 'cmake_clean_first': False, 'cmake_force_configure': False, 'cmake_target': None, 'cmake_target_skip_unavailable': False, 'install_base': '/home/terra/newtest/rmit_ros2_ws/install/rmitbot_firmware', 'merge_install': False, 'meson_args': [], 'path': '/home/terra/newtest/rmit_ros2_ws/src/rmitbot_firmware', 'symlink_install': False, 'test_result_base': None}
[1.080s] Level 5:colcon.colcon_core.verb:set package 'rmitbot_localization' build argument 'cmake_args' from command line to 'None'
[1.081s] Level 5:colcon.colcon_core.verb:set package 'rmitbot_localization' build argument 'cmake_target' from command line to 'None'
[1.081s] Level 5:colcon.colcon_core.verb:set package 'rmitbot_localization' build argument 'cmake_target_skip_unavailable' from command line to 'False'
[1.081s] Level 5:colcon.colcon_core.verb:set package 'rmitbot_localization' build argument 'cmake_clean_cache' from command line to 'False'
[1.081s] Level 5:colcon.colcon_core.verb:set package 'rmitbot_localization' build argument 'cmake_clean_first' from command line to 'False'
[1.081s] Level 5:colcon.colcon_core.verb:set package 'rmitbot_localization' build argument 'cmake_force_configure' from command line to 'False'
[1.081s] Level 5:colcon.colcon_core.verb:set package 'rmitbot_localization' build argument 'meson_args' from command line to '[]'
[1.081s] Level 5:colcon.colcon_core.verb:set package 'rmitbot_localization' build argument 'ament_cmake_args' from command line to 'None'
[1.081s] Level 5:colcon.colcon_core.verb:set package 'rmitbot_localization' build argument 'catkin_cmake_args' from command line to 'None'
[1.081s] Level 5:colcon.colcon_core.verb:set package 'rmitbot_localization' build argument 'catkin_skip_building_tests' from command line to 'False'
[1.081s] DEBUG:colcon.colcon_core.verb:Building package 'rmitbot_localization' with the following arguments: {'ament_cmake_args': None, 'build_base': '/home/terra/newtest/rmit_ros2_ws/build/rmitbot_localization', 'catkin_cmake_args': None, 'catkin_skip_building_tests': False, 'cmake_args': None, 'cmake_clean_cache': False, 'cmake_clean_first': False, 'cmake_force_configure': False, 'cmake_target': None, 'cmake_target_skip_unavailable': False, 'install_base': '/home/terra/newtest/rmit_ros2_ws/install/rmitbot_localization', 'merge_install': False, 'meson_args': [], 'path': '/home/terra/newtest/rmit_ros2_ws/src/rmitbot_localization', 'symlink_install': False, 'test_result_base': None}
[1.093s] Level 5:colcon.colcon_core.verb:set package 'rmitbot_mapping' build argument 'cmake_args' from command line to 'None'
[1.093s] Level 5:colcon.colcon_core.verb:set package 'rmitbot_mapping' build argument 'cmake_target' from command line to 'None'
[1.093s] Level 5:colcon.colcon_core.verb:set package 'rmitbot_mapping' build argument 'cmake_target_skip_unavailable' from command line to 'False'
[1.093s] Level 5:colcon.colcon_core.verb:set package 'rmitbot_mapping' build argument 'cmake_clean_cache' from command line to 'False'
[1.093s] Level 5:colcon.colcon_core.verb:set package 'rmitbot_mapping' build argument 'cmake_clean_first' from command line to 'False'
[1.093s] Level 5:colcon.colcon_core.verb:set package 'rmitbot_mapping' build argument 'cmake_force_configure' from command line to 'False'
[1.093s] Level 5:colcon.colcon_core.verb:set package 'rmitbot_mapping' build argument 'meson_args' from command line to '[]'
[1.094s] Level 5:colcon.colcon_core.verb:set package 'rmitbot_mapping' build argument 'ament_cmake_args' from command line to 'None'
[1.094s] Level 5:colcon.colcon_core.verb:set package 'rmitbot_mapping' build argument 'catkin_cmake_args' from command line to 'None'
[1.094s] Level 5:colcon.colcon_core.verb:set package 'rmitbot_mapping' build argument 'catkin_skip_building_tests' from command line to 'False'
[1.094s] DEBUG:colcon.colcon_core.verb:Building package 'rmitbot_mapping' with the following arguments: {'ament_cmake_args': None, 'build_base': '/home/terra/newtest/rmit_ros2_ws/build/rmitbot_mapping', 'catkin_cmake_args': None, 'catkin_skip_building_tests': False, 'cmake_args': None, 'cmake_clean_cache': False, 'cmake_clean_first': False, 'cmake_force_configure': False, 'cmake_target': None, 'cmake_target_skip_unavailable': False, 'install_base': '/home/terra/newtest/rmit_ros2_ws/install/rmitbot_mapping', 'merge_install': False, 'meson_args': [], 'path': '/home/terra/newtest/rmit_ros2_ws/src/rmitbot_mapping', 'symlink_install': False, 'test_result_base': None}
[1.106s] Level 5:colcon.colcon_core.verb:set package 'rmitbot_navigation' build argument 'cmake_args' from command line to 'None'
[1.106s] Level 5:colcon.colcon_core.verb:set package 'rmitbot_navigation' build argument 'cmake_target' from command line to 'None'
[1.106s] Level 5:colcon.colcon_core.verb:set package 'rmitbot_navigation' build argument 'cmake_target_skip_unavailable' from command line to 'False'
[1.106s] Level 5:colcon.colcon_core.verb:set package 'rmitbot_navigation' build argument 'cmake_clean_cache' from command line to 'False'
[1.106s] Level 5:colcon.colcon_core.verb:set package 'rmitbot_navigation' build argument 'cmake_clean_first' from command line to 'False'
[1.106s] Level 5:colcon.colcon_core.verb:set package 'rmitbot_navigation' build argument 'cmake_force_configure' from command line to 'False'
[1.106s] Level 5:colcon.colcon_core.verb:set package 'rmitbot_navigation' build argument 'meson_args' from command line to '[]'
[1.106s] Level 5:colcon.colcon_core.verb:set package 'rmitbot_navigation' build argument 'ament_cmake_args' from command line to 'None'
[1.106s] Level 5:colcon.colcon_core.verb:set package 'rmitbot_navigation' build argument 'catkin_cmake_args' from command line to 'None'
[1.106s] Level 5:colcon.colcon_core.verb:set package 'rmitbot_navigation' build argument 'catkin_skip_building_tests' from command line to 'False'
[1.106s] DEBUG:colcon.colcon_core.verb:Building package 'rmitbot_navigation' with the following arguments: {'ament_cmake_args': None, 'build_base': '/home/terra/newtest/rmit_ros2_ws/build/rmitbot_navigation', 'catkin_cmake_args': None, 'catkin_skip_building_tests': False, 'cmake_args': None, 'cmake_clean_cache': False, 'cmake_clean_first': False, 'cmake_force_configure': False, 'cmake_target': None, 'cmake_target_skip_unavailable': False, 'install_base': '/home/terra/newtest/rmit_ros2_ws/install/rmitbot_navigation', 'merge_install': False, 'meson_args': [], 'path': '/home/terra/newtest/rmit_ros2_ws/src/rmitbot_navigation', 'symlink_install': False, 'test_result_base': None}
[1.119s] Level 5:colcon.colcon_core.verb:set package 'rmitbot_vision' build argument 'cmake_args' from command line to 'None'
[1.119s] Level 5:colcon.colcon_core.verb:set package 'rmitbot_vision' build argument 'cmake_target' from command line to 'None'
[1.119s] Level 5:colcon.colcon_core.verb:set package 'rmitbot_vision' build argument 'cmake_target_skip_unavailable' from command line to 'False'
[1.119s] Level 5:colcon.colcon_core.verb:set package 'rmitbot_vision' build argument 'cmake_clean_cache' from command line to 'False'
[1.119s] Level 5:colcon.colcon_core.verb:set package 'rmitbot_vision' build argument 'cmake_clean_first' from command line to 'False'
[1.119s] Level 5:colcon.colcon_core.verb:set package 'rmitbot_vision' build argument 'cmake_force_configure' from command line to 'False'
[1.119s] Level 5:colcon.colcon_core.verb:set package 'rmitbot_vision' build argument 'meson_args' from command line to '[]'
[1.119s] Level 5:colcon.colcon_core.verb:set package 'rmitbot_vision' build argument 'ament_cmake_args' from command line to 'None'
[1.119s] Level 5:colcon.colcon_core.verb:set package 'rmitbot_vision' build argument 'catkin_cmake_args' from command line to 'None'
[1.119s] Level 5:colcon.colcon_core.verb:set package 'rmitbot_vision' build argument 'catkin_skip_building_tests' from command line to 'False'
[1.119s] DEBUG:colcon.colcon_core.verb:Building package 'rmitbot_vision' with the following arguments: {'ament_cmake_args': None, 'build_base': '/home/terra/newtest/rmit_ros2_ws/build/rmitbot_vision', 'catkin_cmake_args': None, 'catkin_skip_building_tests': False, 'cmake_args': None, 'cmake_clean_cache': False, 'cmake_clean_first': False, 'cmake_force_configure': False, 'cmake_target': None, 'cmake_target_skip_unavailable': False, 'install_base': '/home/terra/newtest/rmit_ros2_ws/install/rmitbot_vision', 'merge_install': False, 'meson_args': [], 'path': '/home/terra/newtest/rmit_ros2_ws/src/rmitbot_vision', 'symlink_install': False, 'test_result_base': None}
[1.119s] INFO:colcon.colcon_core.executor:Executing jobs using 'parallel' executor
[1.121s] DEBUG:colcon.colcon_parallel_executor.executor.parallel:run_until_complete
[1.121s] INFO:colcon.colcon_ros.task.ament_cmake.build:Building ROS package in '/home/terra/newtest/rmit_ros2_ws/src/rmitbot_bringup' with build type 'ament_cmake'
[1.121s] INFO:colcon.colcon_cmake.task.cmake.build:Building CMake package in '/home/terra/newtest/rmit_ros2_ws/src/rmitbot_bringup'
[1.132s] INFO:colcon.colcon_core.plugin_system:Skipping extension 'colcon_core.shell.bat': Not used on non-Windows systems
[1.133s] INFO:colcon.colcon_core.shell:Skip shell extension 'powershell' for command environment: Not usable outside of PowerShell
[1.133s] DEBUG:colcon.colcon_core.shell:Skip shell extension 'dsv' for command environment
[1.140s] INFO:colcon.colcon_ros.task.ament_cmake.build:Building ROS package in '/home/terra/newtest/rmit_ros2_ws/src/rmitbot_controller' with build type 'ament_cmake'
[1.141s] INFO:colcon.colcon_cmake.task.cmake.build:Building CMake package in '/home/terra/newtest/rmit_ros2_ws/src/rmitbot_controller'
[1.141s] INFO:colcon.colcon_core.shell:Skip shell extension 'powershell' for command environment: Not usable outside of PowerShell
[1.141s] DEBUG:colcon.colcon_core.shell:Skip shell extension 'dsv' for command environment
[1.147s] INFO:colcon.colcon_ros.task.ament_cmake.build:Building ROS package in '/home/terra/newtest/rmit_ros2_ws/src/rmitbot_description' with build type 'ament_cmake'
[1.148s] INFO:colcon.colcon_cmake.task.cmake.build:Building CMake package in '/home/terra/newtest/rmit_ros2_ws/src/rmitbot_description'
[1.148s] INFO:colcon.colcon_core.shell:Skip shell extension 'powershell' for command environment: Not usable outside of PowerShell
[1.148s] DEBUG:colcon.colcon_core.shell:Skip shell extension 'dsv' for command environment
[1.153s] INFO:colcon.colcon_ros.task.ament_cmake.build:Building ROS package in '/home/terra/newtest/rmit_ros2_ws/src/rmitbot_firmware' with build type 'ament_cmake'
[1.154s] INFO:colcon.colcon_cmake.task.cmake.build:Building CMake package in '/home/terra/newtest/rmit_ros2_ws/src/rmitbot_firmware'
[1.154s] INFO:colcon.colcon_core.shell:Skip shell extension 'powershell' for command environment: Not usable outside of PowerShell
[1.154s] DEBUG:colcon.colcon_core.shell:Skip shell extension 'dsv' for command environment
[1.168s] DEBUG:colcon.colcon_core.event_handler.log_command:Invoking command in '/home/terra/newtest/rmit_ros2_ws/build/rmitbot_bringup': CMAKE_PREFIX_PATH=${CMAKE_PREFIX_PATH}:/opt/ros/jazzy /usr/bin/cmake --build /home/terra/newtest/rmit_ros2_ws/build/rmitbot_bringup -- -j4 -l4
[1.177s] DEBUG:colcon.colcon_core.event_handler.log_command:Invoking command in '/home/terra/newtest/rmit_ros2_ws/build/rmitbot_controller': CMAKE_PREFIX_PATH=${CMAKE_PREFIX_PATH}:/opt/ros/jazzy /usr/bin/cmake --build /home/terra/newtest/rmit_ros2_ws/build/rmitbot_controller -- -j4 -l4
[1.185s] DEBUG:colcon.colcon_core.event_handler.log_command:Invoking command in '/home/terra/newtest/rmit_ros2_ws/build/rmitbot_description': CMAKE_PREFIX_PATH=${CMAKE_PREFIX_PATH}:/opt/ros/jazzy /usr/bin/cmake --build /home/terra/newtest/rmit_ros2_ws/build/rmitbot_description -- -j4 -l4
[1.197s] DEBUG:colcon.colcon_core.event_handler.log_command:Invoking command in '/home/terra/newtest/rmit_ros2_ws/build/rmitbot_firmware': CMAKE_PREFIX_PATH=${CMAKE_PREFIX_PATH}:/opt/ros/jazzy /usr/bin/cmake --build /home/terra/newtest/rmit_ros2_ws/build/rmitbot_firmware -- -j4 -l4
[1.522s] DEBUG:colcon.colcon_core.event_handler.log_command:Invoked command in '/home/terra/newtest/rmit_ros2_ws/build/rmitbot_description' returned '0': CMAKE_PREFIX_PATH=${CMAKE_PREFIX_PATH}:/opt/ros/jazzy /usr/bin/cmake --build /home/terra/newtest/rmit_ros2_ws/build/rmitbot_description -- -j4 -l4
[1.546s] DEBUG:colcon.colcon_core.event_handler.log_command:Invoking command in '/home/terra/newtest/rmit_ros2_ws/build/rmitbot_description': CMAKE_PREFIX_PATH=${CMAKE_PREFIX_PATH}:/opt/ros/jazzy /usr/bin/cmake --install /home/terra/newtest/rmit_ros2_ws/build/rmitbot_description
[1.547s] DEBUG:colcon.colcon_core.event_handler.log_command:Invoked command in '/home/terra/newtest/rmit_ros2_ws/build/rmitbot_bringup' returned '0': CMAKE_PREFIX_PATH=${CMAKE_PREFIX_PATH}:/opt/ros/jazzy /usr/bin/cmake --build /home/terra/newtest/rmit_ros2_ws/build/rmitbot_bringup -- -j4 -l4
[1.555s] DEBUG:colcon.colcon_core.event_handler.log_command:Invoking command in '/home/terra/newtest/rmit_ros2_ws/build/rmitbot_bringup': CMAKE_PREFIX_PATH=${CMAKE_PREFIX_PATH}:/opt/ros/jazzy /usr/bin/cmake --install /home/terra/newtest/rmit_ros2_ws/build/rmitbot_bringup
[1.558s] DEBUG:colcon.colcon_core.event_handler.log_command:Invoked command in '/home/terra/newtest/rmit_ros2_ws/build/rmitbot_controller' returned '0': CMAKE_PREFIX_PATH=${CMAKE_PREFIX_PATH}:/opt/ros/jazzy /usr/bin/cmake --build /home/terra/newtest/rmit_ros2_ws/build/rmitbot_controller -- -j4 -l4
[1.570s] DEBUG:colcon.colcon_core.event_handler.log_command:Invoking command in '/home/terra/newtest/rmit_ros2_ws/build/rmitbot_controller': CMAKE_PREFIX_PATH=${CMAKE_PREFIX_PATH}:/opt/ros/jazzy /usr/bin/cmake --install /home/terra/newtest/rmit_ros2_ws/build/rmitbot_controller
[1.580s] Level 1:colcon.colcon_core.environment:create_environment_scripts_only(rmitbot_bringup)
[1.582s] DEBUG:colcon.colcon_core.event_handler.log_command:Invoked command in '/home/terra/newtest/rmit_ros2_ws/build/rmitbot_bringup' returned '0': CMAKE_PREFIX_PATH=${CMAKE_PREFIX_PATH}:/opt/ros/jazzy /usr/bin/cmake --install /home/terra/newtest/rmit_ros2_ws/build/rmitbot_bringup
[1.600s] Level 1:colcon.colcon_core.environment:checking '/home/terra/newtest/rmit_ros2_ws/install/rmitbot_bringup' for CMake module files
[1.601s] Level 1:colcon.colcon_core.environment:checking '/home/terra/newtest/rmit_ros2_ws/install/rmitbot_bringup' for CMake config files
[1.601s] Level 1:colcon.colcon_core.shell:create_environment_hook('rmitbot_bringup', 'cmake_prefix_path')
[1.601s] INFO:colcon.colcon_core.shell:Creating environment hook '/home/terra/newtest/rmit_ros2_ws/install/rmitbot_bringup/share/rmitbot_bringup/hook/cmake_prefix_path.ps1'
[1.604s] INFO:colcon.colcon_core.shell:Creating environment descriptor '/home/terra/newtest/rmit_ros2_ws/install/rmitbot_bringup/share/rmitbot_bringup/hook/cmake_prefix_path.dsv'
[1.606s] INFO:colcon.colcon_core.shell:Creating environment hook '/home/terra/newtest/rmit_ros2_ws/install/rmitbot_bringup/share/rmitbot_bringup/hook/cmake_prefix_path.sh'
[1.608s] Level 1:colcon.colcon_core.environment:checking '/home/terra/newtest/rmit_ros2_ws/install/rmitbot_bringup/bin'
[1.608s] Level 1:colcon.colcon_core.environment:checking '/home/terra/newtest/rmit_ros2_ws/install/rmitbot_bringup/lib/pkgconfig/rmitbot_bringup.pc'
[1.609s] Level 1:colcon.colcon_core.environment:checking '/home/terra/newtest/rmit_ros2_ws/install/rmitbot_bringup/lib/python3.12/site-packages'
[1.609s] Level 1:colcon.colcon_core.environment:checking '/home/terra/newtest/rmit_ros2_ws/install/rmitbot_bringup/bin'
[1.610s] INFO:colcon.colcon_core.shell:Creating package script '/home/terra/newtest/rmit_ros2_ws/install/rmitbot_bringup/share/rmitbot_bringup/package.ps1'
[1.612s] INFO:colcon.colcon_core.shell:Creating package descriptor '/home/terra/newtest/rmit_ros2_ws/install/rmitbot_bringup/share/rmitbot_bringup/package.dsv'
[1.614s] INFO:colcon.colcon_core.shell:Creating package script '/home/terra/newtest/rmit_ros2_ws/install/rmitbot_bringup/share/rmitbot_bringup/package.sh'
[1.619s] INFO:colcon.colcon_core.shell:Creating package script '/home/terra/newtest/rmit_ros2_ws/install/rmitbot_bringup/share/rmitbot_bringup/package.bash'
[1.622s] INFO:colcon.colcon_core.shell:Creating package script '/home/terra/newtest/rmit_ros2_ws/install/rmitbot_bringup/share/rmitbot_bringup/package.zsh'
[1.625s] Level 1:colcon.colcon_core.environment:create_file_with_runtime_dependencies(/home/terra/newtest/rmit_ros2_ws/install/rmitbot_bringup/share/colcon-core/packages/rmitbot_bringup)
[1.626s] Level 1:colcon.colcon_core.environment:create_environment_scripts_only(rmitbot_bringup)
[1.626s] Level 1:colcon.colcon_core.environment:checking '/home/terra/newtest/rmit_ros2_ws/install/rmitbot_bringup' for CMake module files
[1.627s] Level 1:colcon.colcon_core.environment:checking '/home/terra/newtest/rmit_ros2_ws/install/rmitbot_bringup' for CMake config files
[1.627s] Level 1:colcon.colcon_core.shell:create_environment_hook('rmitbot_bringup', 'cmake_prefix_path')
[1.627s] INFO:colcon.colcon_core.shell:Creating environment hook '/home/terra/newtest/rmit_ros2_ws/install/rmitbot_bringup/share/rmitbot_bringup/hook/cmake_prefix_path.ps1'
[1.628s] INFO:colcon.colcon_core.shell:Creating environment descriptor '/home/terra/newtest/rmit_ros2_ws/install/rmitbot_bringup/share/rmitbot_bringup/hook/cmake_prefix_path.dsv'
[1.629s] INFO:colcon.colcon_core.shell:Creating environment hook '/home/terra/newtest/rmit_ros2_ws/install/rmitbot_bringup/share/rmitbot_bringup/hook/cmake_prefix_path.sh'
[1.630s] Level 1:colcon.colcon_core.environment:checking '/home/terra/newtest/rmit_ros2_ws/install/rmitbot_bringup/bin'
[1.630s] Level 1:colcon.colcon_core.environment:checking '/home/terra/newtest/rmit_ros2_ws/install/rmitbot_bringup/lib/pkgconfig/rmitbot_bringup.pc'
[1.630s] Level 1:colcon.colcon_core.environment:checking '/home/terra/newtest/rmit_ros2_ws/install/rmitbot_bringup/lib/python3.12/site-packages'
[1.631s] Level 1:colcon.colcon_core.environment:checking '/home/terra/newtest/rmit_ros2_ws/install/rmitbot_bringup/bin'
[1.631s] INFO:colcon.colcon_core.shell:Creating package script '/home/terra/newtest/rmit_ros2_ws/install/rmitbot_bringup/share/rmitbot_bringup/package.ps1'
[1.632s] INFO:colcon.colcon_core.shell:Creating package descriptor '/home/terra/newtest/rmit_ros2_ws/install/rmitbot_bringup/share/rmitbot_bringup/package.dsv'
[1.633s] INFO:colcon.colcon_core.shell:Creating package script '/home/terra/newtest/rmit_ros2_ws/install/rmitbot_bringup/share/rmitbot_bringup/package.sh'
[1.633s] INFO:colcon.colcon_core.shell:Creating package script '/home/terra/newtest/rmit_ros2_ws/install/rmitbot_bringup/share/rmitbot_bringup/package.bash'
[1.634s] INFO:colcon.colcon_core.shell:Creating package script '/home/terra/newtest/rmit_ros2_ws/install/rmitbot_bringup/share/rmitbot_bringup/package.zsh'
[1.634s] Level 1:colcon.colcon_core.environment:create_file_with_runtime_dependencies(/home/terra/newtest/rmit_ros2_ws/install/rmitbot_bringup/share/colcon-core/packages/rmitbot_bringup)
[1.635s] INFO:colcon.colcon_ros.task.ament_cmake.build:Building ROS package in '/home/terra/newtest/rmit_ros2_ws/src/rmitbot_localization' with build type 'ament_cmake'
[1.635s] INFO:colcon.colcon_cmake.task.cmake.build:Building CMake package in '/home/terra/newtest/rmit_ros2_ws/src/rmitbot_localization'
[1.636s] INFO:colcon.colcon_core.shell:Skip shell extension 'powershell' for command environment: Not usable outside of PowerShell
[1.636s] DEBUG:colcon.colcon_core.shell:Skip shell extension 'dsv' for command environment
[1.642s] Level 1:colcon.colcon_core.environment:create_environment_scripts_only(rmitbot_description)
[1.643s] Level 1:colcon.colcon_core.environment:checking '/home/terra/newtest/rmit_ros2_ws/install/rmitbot_description' for CMake module files
[1.644s] Level 1:colcon.colcon_core.environment:checking '/home/terra/newtest/rmit_ros2_ws/install/rmitbot_description' for CMake config files
[1.644s] Level 1:colcon.colcon_core.shell:create_environment_hook('rmitbot_description', 'cmake_prefix_path')
[1.645s] INFO:colcon.colcon_core.shell:Creating environment hook '/home/terra/newtest/rmit_ros2_ws/install/rmitbot_description/share/rmitbot_description/hook/cmake_prefix_path.ps1'
[1.645s] DEBUG:colcon.colcon_core.event_handler.log_command:Invoked command in '/home/terra/newtest/rmit_ros2_ws/build/rmitbot_description' returned '0': CMAKE_PREFIX_PATH=${CMAKE_PREFIX_PATH}:/opt/ros/jazzy /usr/bin/cmake --install /home/terra/newtest/rmit_ros2_ws/build/rmitbot_description
[1.645s] INFO:colcon.colcon_core.shell:Creating environment descriptor '/home/terra/newtest/rmit_ros2_ws/install/rmitbot_description/share/rmitbot_description/hook/cmake_prefix_path.dsv'
[1.646s] INFO:colcon.colcon_core.shell:Creating environment hook '/home/terra/newtest/rmit_ros2_ws/install/rmitbot_description/share/rmitbot_description/hook/cmake_prefix_path.sh'
[1.647s] Level 1:colcon.colcon_core.environment:checking '/home/terra/newtest/rmit_ros2_ws/install/rmitbot_description/bin'
[1.647s] Level 1:colcon.colcon_core.environment:checking '/home/terra/newtest/rmit_ros2_ws/install/rmitbot_description/lib/pkgconfig/rmitbot_description.pc'
[1.647s] Level 1:colcon.colcon_core.environment:checking '/home/terra/newtest/rmit_ros2_ws/install/rmitbot_description/lib/python3.12/site-packages'
[1.647s] Level 1:colcon.colcon_core.environment:checking '/home/terra/newtest/rmit_ros2_ws/install/rmitbot_description/bin'
[1.648s] INFO:colcon.colcon_core.shell:Creating package script '/home/terra/newtest/rmit_ros2_ws/install/rmitbot_description/share/rmitbot_description/package.ps1'
[1.648s] INFO:colcon.colcon_core.shell:Creating package descriptor '/home/terra/newtest/rmit_ros2_ws/install/rmitbot_description/share/rmitbot_description/package.dsv'
[1.649s] INFO:colcon.colcon_core.shell:Creating package script '/home/terra/newtest/rmit_ros2_ws/install/rmitbot_description/share/rmitbot_description/package.sh'
[1.649s] INFO:colcon.colcon_core.shell:Creating package script '/home/terra/newtest/rmit_ros2_ws/install/rmitbot_description/share/rmitbot_description/package.bash'
[1.650s] INFO:colcon.colcon_core.shell:Creating package script '/home/terra/newtest/rmit_ros2_ws/install/rmitbot_description/share/rmitbot_description/package.zsh'
[1.650s] Level 1:colcon.colcon_core.environment:create_file_with_runtime_dependencies(/home/terra/newtest/rmit_ros2_ws/install/rmitbot_description/share/colcon-core/packages/rmitbot_description)
[1.651s] Level 1:colcon.colcon_core.environment:create_environment_scripts_only(rmitbot_description)
[1.651s] Level 1:colcon.colcon_core.environment:checking '/home/terra/newtest/rmit_ros2_ws/install/rmitbot_description' for CMake module files
[1.651s] Level 1:colcon.colcon_core.environment:checking '/home/terra/newtest/rmit_ros2_ws/install/rmitbot_description' for CMake config files
[1.652s] Level 1:colcon.colcon_core.shell:create_environment_hook('rmitbot_description', 'cmake_prefix_path')
[1.652s] INFO:colcon.colcon_core.shell:Creating environment hook '/home/terra/newtest/rmit_ros2_ws/install/rmitbot_description/share/rmitbot_description/hook/cmake_prefix_path.ps1'
[1.653s] INFO:colcon.colcon_core.shell:Creating environment descriptor '/home/terra/newtest/rmit_ros2_ws/install/rmitbot_description/share/rmitbot_description/hook/cmake_prefix_path.dsv'
[1.654s] INFO:colcon.colcon_core.shell:Creating environment hook '/home/terra/newtest/rmit_ros2_ws/install/rmitbot_description/share/rmitbot_description/hook/cmake_prefix_path.sh'
[1.655s] Level 1:colcon.colcon_core.environment:checking '/home/terra/newtest/rmit_ros2_ws/install/rmitbot_description/bin'
[1.655s] Level 1:colcon.colcon_core.environment:checking '/home/terra/newtest/rmit_ros2_ws/install/rmitbot_description/lib/pkgconfig/rmitbot_description.pc'
[1.655s] Level 1:colcon.colcon_core.environment:checking '/home/terra/newtest/rmit_ros2_ws/install/rmitbot_description/lib/python3.12/site-packages'
[1.656s] Level 1:colcon.colcon_core.environment:checking '/home/terra/newtest/rmit_ros2_ws/install/rmitbot_description/bin'
[1.656s] INFO:colcon.colcon_core.shell:Creating package script '/home/terra/newtest/rmit_ros2_ws/install/rmitbot_description/share/rmitbot_description/package.ps1'
[1.657s] INFO:colcon.colcon_core.shell:Creating package descriptor '/home/terra/newtest/rmit_ros2_ws/install/rmitbot_description/share/rmitbot_description/package.dsv'
[1.657s] INFO:colcon.colcon_core.shell:Creating package script '/home/terra/newtest/rmit_ros2_ws/install/rmitbot_description/share/rmitbot_description/package.sh'
[1.658s] INFO:colcon.colcon_core.shell:Creating package script '/home/terra/newtest/rmit_ros2_ws/install/rmitbot_description/share/rmitbot_description/package.bash'
[1.658s] INFO:colcon.colcon_core.shell:Creating package script '/home/terra/newtest/rmit_ros2_ws/install/rmitbot_description/share/rmitbot_description/package.zsh'
[1.658s] Level 1:colcon.colcon_core.environment:create_file_with_runtime_dependencies(/home/terra/newtest/rmit_ros2_ws/install/rmitbot_description/share/colcon-core/packages/rmitbot_description)
[1.659s] Level 1:colcon.colcon_core.environment:create_environment_scripts_only(rmitbot_controller)
[1.659s] Level 1:colcon.colcon_core.environment:checking '/home/terra/newtest/rmit_ros2_ws/install/rmitbot_controller' for CMake module files
[1.660s] DEBUG:colcon.colcon_core.event_handler.log_command:Invoked command in '/home/terra/newtest/rmit_ros2_ws/build/rmitbot_controller' returned '0': CMAKE_PREFIX_PATH=${CMAKE_PREFIX_PATH}:/opt/ros/jazzy /usr/bin/cmake --install /home/terra/newtest/rmit_ros2_ws/build/rmitbot_controller
[1.661s] Level 1:colcon.colcon_core.environment:checking '/home/terra/newtest/rmit_ros2_ws/install/rmitbot_controller' for CMake config files
[1.661s] Level 1:colcon.colcon_core.shell:create_environment_hook('rmitbot_controller', 'cmake_prefix_path')
[1.661s] INFO:colcon.colcon_core.shell:Creating environment hook '/home/terra/newtest/rmit_ros2_ws/install/rmitbot_controller/share/rmitbot_controller/hook/cmake_prefix_path.ps1'
[1.662s] INFO:colcon.colcon_core.shell:Creating environment descriptor '/home/terra/newtest/rmit_ros2_ws/install/rmitbot_controller/share/rmitbot_controller/hook/cmake_prefix_path.dsv'
[1.662s] INFO:colcon.colcon_core.shell:Creating environment hook '/home/terra/newtest/rmit_ros2_ws/install/rmitbot_controller/share/rmitbot_controller/hook/cmake_prefix_path.sh'
[1.663s] Level 1:colcon.colcon_core.environment:checking '/home/terra/newtest/rmit_ros2_ws/install/rmitbot_controller/bin'
[1.663s] Level 1:colcon.colcon_core.environment:checking '/home/terra/newtest/rmit_ros2_ws/install/rmitbot_controller/lib/pkgconfig/rmitbot_controller.pc'
[1.663s] Level 1:colcon.colcon_core.environment:checking '/home/terra/newtest/rmit_ros2_ws/install/rmitbot_controller/lib/python3.12/site-packages'
[1.664s] Level 1:colcon.colcon_core.environment:checking '/home/terra/newtest/rmit_ros2_ws/install/rmitbot_controller/bin'
[1.664s] INFO:colcon.colcon_core.shell:Creating package script '/home/terra/newtest/rmit_ros2_ws/install/rmitbot_controller/share/rmitbot_controller/package.ps1'
[1.665s] INFO:colcon.colcon_core.shell:Creating package descriptor '/home/terra/newtest/rmit_ros2_ws/install/rmitbot_controller/share/rmitbot_controller/package.dsv'
[1.665s] INFO:colcon.colcon_core.shell:Creating package script '/home/terra/newtest/rmit_ros2_ws/install/rmitbot_controller/share/rmitbot_controller/package.sh'
[1.666s] INFO:colcon.colcon_core.shell:Creating package script '/home/terra/newtest/rmit_ros2_ws/install/rmitbot_controller/share/rmitbot_controller/package.bash'
[1.666s] INFO:colcon.colcon_core.shell:Creating package script '/home/terra/newtest/rmit_ros2_ws/install/rmitbot_controller/share/rmitbot_controller/package.zsh'
[1.667s] Level 1:colcon.colcon_core.environment:create_file_with_runtime_dependencies(/home/terra/newtest/rmit_ros2_ws/install/rmitbot_controller/share/colcon-core/packages/rmitbot_controller)
[1.667s] Level 1:colcon.colcon_core.environment:create_environment_scripts_only(rmitbot_controller)
[1.668s] Level 1:colcon.colcon_core.environment:checking '/home/terra/newtest/rmit_ros2_ws/install/rmitbot_controller' for CMake module files
[1.668s] Level 1:colcon.colcon_core.environment:checking '/home/terra/newtest/rmit_ros2_ws/install/rmitbot_controller' for CMake config files
[1.669s] Level 1:colcon.colcon_core.shell:create_environment_hook('rmitbot_controller', 'cmake_prefix_path')
[1.669s] INFO:colcon.colcon_core.shell:Creating environment hook '/home/terra/newtest/rmit_ros2_ws/install/rmitbot_controller/share/rmitbot_controller/hook/cmake_prefix_path.ps1'
[1.669s] INFO:colcon.colcon_core.shell:Creating environment descriptor '/home/terra/newtest/rmit_ros2_ws/install/rmitbot_controller/share/rmitbot_controller/hook/cmake_prefix_path.dsv'
[1.670s] INFO:colcon.colcon_core.shell:Creating environment hook '/home/terra/newtest/rmit_ros2_ws/install/rmitbot_controller/share/rmitbot_controller/hook/cmake_prefix_path.sh'
[1.671s] Level 1:colcon.colcon_core.environment:checking '/home/terra/newtest/rmit_ros2_ws/install/rmitbot_controller/bin'
[1.671s] Level 1:colcon.colcon_core.environment:checking '/home/terra/newtest/rmit_ros2_ws/install/rmitbot_controller/lib/pkgconfig/rmitbot_controller.pc'
[1.671s] Level 1:colcon.colcon_core.environment:checking '/home/terra/newtest/rmit_ros2_ws/install/rmitbot_controller/lib/python3.12/site-packages'
[1.672s] Level 1:colcon.colcon_core.environment:checking '/home/terra/newtest/rmit_ros2_ws/install/rmitbot_controller/bin'
[1.672s] INFO:colcon.colcon_core.shell:Creating package script '/home/terra/newtest/rmit_ros2_ws/install/rmitbot_controller/share/rmitbot_controller/package.ps1'
[1.673s] INFO:colcon.colcon_core.shell:Creating package descriptor '/home/terra/newtest/rmit_ros2_ws/install/rmitbot_controller/share/rmitbot_controller/package.dsv'
[1.673s] INFO:colcon.colcon_core.shell:Creating package script '/home/terra/newtest/rmit_ros2_ws/install/rmitbot_controller/share/rmitbot_controller/package.sh'
[1.674s] INFO:colcon.colcon_core.shell:Creating package script '/home/terra/newtest/rmit_ros2_ws/install/rmitbot_controller/share/rmitbot_controller/package.bash'
[1.674s] INFO:colcon.colcon_core.shell:Creating package script '/home/terra/newtest/rmit_ros2_ws/install/rmitbot_controller/share/rmitbot_controller/package.zsh'
[1.675s] Level 1:colcon.colcon_core.environment:create_file_with_runtime_dependencies(/home/terra/newtest/rmit_ros2_ws/install/rmitbot_controller/share/colcon-core/packages/rmitbot_controller)
[1.676s] INFO:colcon.colcon_ros.task.ament_cmake.build:Building ROS package in '/home/terra/newtest/rmit_ros2_ws/src/rmitbot_mapping' with build type 'ament_cmake'
[1.676s] INFO:colcon.colcon_cmake.task.cmake.build:Building CMake package in '/home/terra/newtest/rmit_ros2_ws/src/rmitbot_mapping'
[1.676s] INFO:colcon.colcon_core.shell:Skip shell extension 'powershell' for command environment: Not usable outside of PowerShell
[1.677s] DEBUG:colcon.colcon_core.shell:Skip shell extension 'dsv' for command environment
[1.682s] INFO:colcon.colcon_ros.task.ament_cmake.build:Building ROS package in '/home/terra/newtest/rmit_ros2_ws/src/rmitbot_navigation' with build type 'ament_cmake'
[1.682s] INFO:colcon.colcon_cmake.task.cmake.build:Building CMake package in '/home/terra/newtest/rmit_ros2_ws/src/rmitbot_navigation'
[1.683s] INFO:colcon.colcon_core.shell:Skip shell extension 'powershell' for command environment: Not usable outside of PowerShell
[1.683s] DEBUG:colcon.colcon_core.shell:Skip shell extension 'dsv' for command environment
[1.724s] DEBUG:colcon.colcon_core.event_handler.log_command:Invoking command in '/home/terra/newtest/rmit_ros2_ws/build/rmitbot_localization': CMAKE_PREFIX_PATH=${CMAKE_PREFIX_PATH}:/opt/ros/jazzy /usr/bin/cmake --build /home/terra/newtest/rmit_ros2_ws/build/rmitbot_localization -- -j4 -l4
[1.741s] DEBUG:colcon.colcon_core.event_handler.log_command:Invoking command in '/home/terra/newtest/rmit_ros2_ws/build/rmitbot_mapping': CMAKE_PREFIX_PATH=${CMAKE_PREFIX_PATH}:/opt/ros/jazzy /usr/bin/cmake --build /home/terra/newtest/rmit_ros2_ws/build/rmitbot_mapping -- -j4 -l4
[1.744s] DEBUG:colcon.colcon_core.event_handler.log_command:Invoking command in '/home/terra/newtest/rmit_ros2_ws/build/rmitbot_navigation': CMAKE_PREFIX_PATH=${CMAKE_PREFIX_PATH}:/opt/ros/jazzy /usr/bin/cmake --build /home/terra/newtest/rmit_ros2_ws/build/rmitbot_navigation -- -j4 -l4
[1.783s] DEBUG:colcon.colcon_core.event_handler.log_command:Invoked command in '/home/terra/newtest/rmit_ros2_ws/build/rmitbot_firmware' returned '0': CMAKE_PREFIX_PATH=${CMAKE_PREFIX_PATH}:/opt/ros/jazzy /usr/bin/cmake --build /home/terra/newtest/rmit_ros2_ws/build/rmitbot_firmware -- -j4 -l4
[1.789s] DEBUG:colcon.colcon_core.event_handler.log_command:Invoking command in '/home/terra/newtest/rmit_ros2_ws/build/rmitbot_firmware': CMAKE_PREFIX_PATH=${CMAKE_PREFIX_PATH}:/opt/ros/jazzy /usr/bin/cmake --install /home/terra/newtest/rmit_ros2_ws/build/rmitbot_firmware
[1.824s] Level 1:colcon.colcon_core.environment:create_environment_scripts_only(rmitbot_firmware)
[1.825s] Level 1:colcon.colcon_core.environment:checking '/home/terra/newtest/rmit_ros2_ws/install/rmitbot_firmware' for CMake module files
[1.826s] DEBUG:colcon.colcon_core.event_handler.log_command:Invoked command in '/home/terra/newtest/rmit_ros2_ws/build/rmitbot_firmware' returned '0': CMAKE_PREFIX_PATH=${CMAKE_PREFIX_PATH}:/opt/ros/jazzy /usr/bin/cmake --install /home/terra/newtest/rmit_ros2_ws/build/rmitbot_firmware
[1.826s] Level 1:colcon.colcon_core.environment:checking '/home/terra/newtest/rmit_ros2_ws/install/rmitbot_firmware' for CMake config files
[1.827s] Level 1:colcon.colcon_core.shell:create_environment_hook('rmitbot_firmware', 'cmake_prefix_path')
[1.827s] INFO:colcon.colcon_core.shell:Creating environment hook '/home/terra/newtest/rmit_ros2_ws/install/rmitbot_firmware/share/rmitbot_firmware/hook/cmake_prefix_path.ps1'
[1.828s] INFO:colcon.colcon_core.shell:Creating environment descriptor '/home/terra/newtest/rmit_ros2_ws/install/rmitbot_firmware/share/rmitbot_firmware/hook/cmake_prefix_path.dsv'
[1.830s] INFO:colcon.colcon_core.shell:Creating environment hook '/home/terra/newtest/rmit_ros2_ws/install/rmitbot_firmware/share/rmitbot_firmware/hook/cmake_prefix_path.sh'
[1.832s] Level 1:colcon.colcon_core.environment:checking '/home/terra/newtest/rmit_ros2_ws/install/rmitbot_firmware/lib'
[1.832s] Level 1:colcon.colcon_core.shell:create_environment_hook('rmitbot_firmware', 'ld_library_path_lib')
[1.833s] INFO:colcon.colcon_core.shell:Creating environment hook '/home/terra/newtest/rmit_ros2_ws/install/rmitbot_firmware/share/rmitbot_firmware/hook/ld_library_path_lib.ps1'
[1.834s] INFO:colcon.colcon_core.shell:Creating environment descriptor '/home/terra/newtest/rmit_ros2_ws/install/rmitbot_firmware/share/rmitbot_firmware/hook/ld_library_path_lib.dsv'
[1.834s] INFO:colcon.colcon_core.shell:Creating environment hook '/home/terra/newtest/rmit_ros2_ws/install/rmitbot_firmware/share/rmitbot_firmware/hook/ld_library_path_lib.sh'
[1.835s] Level 1:colcon.colcon_core.environment:checking '/home/terra/newtest/rmit_ros2_ws/install/rmitbot_firmware/bin'
[1.835s] Level 1:colcon.colcon_core.environment:checking '/home/terra/newtest/rmit_ros2_ws/install/rmitbot_firmware/lib/pkgconfig/rmitbot_firmware.pc'
[1.836s] Level 1:colcon.colcon_core.environment:checking '/home/terra/newtest/rmit_ros2_ws/install/rmitbot_firmware/lib/python3.12/site-packages'
[1.836s] Level 1:colcon.colcon_core.environment:checking '/home/terra/newtest/rmit_ros2_ws/install/rmitbot_firmware/bin'
[1.837s] INFO:colcon.colcon_core.shell:Creating package script '/home/terra/newtest/rmit_ros2_ws/install/rmitbot_firmware/share/rmitbot_firmware/package.ps1'
[1.838s] INFO:colcon.colcon_core.shell:Creating package descriptor '/home/terra/newtest/rmit_ros2_ws/install/rmitbot_firmware/share/rmitbot_firmware/package.dsv'
[1.839s] INFO:colcon.colcon_core.shell:Creating package script '/home/terra/newtest/rmit_ros2_ws/install/rmitbot_firmware/share/rmitbot_firmware/package.sh'
[1.840s] INFO:colcon.colcon_core.shell:Creating package script '/home/terra/newtest/rmit_ros2_ws/install/rmitbot_firmware/share/rmitbot_firmware/package.bash'
[1.841s] INFO:colcon.colcon_core.shell:Creating package script '/home/terra/newtest/rmit_ros2_ws/install/rmitbot_firmware/share/rmitbot_firmware/package.zsh'
[1.841s] Level 1:colcon.colcon_core.environment:create_file_with_runtime_dependencies(/home/terra/newtest/rmit_ros2_ws/install/rmitbot_firmware/share/colcon-core/packages/rmitbot_firmware)
[1.842s] Level 1:colcon.colcon_core.environment:create_environment_scripts_only(rmitbot_firmware)
[1.843s] Level 1:colcon.colcon_core.environment:checking '/home/terra/newtest/rmit_ros2_ws/install/rmitbot_firmware' for CMake module files
[1.843s] Level 1:colcon.colcon_core.environment:checking '/home/terra/newtest/rmit_ros2_ws/install/rmitbot_firmware' for CMake config files
[1.844s] Level 1:colcon.colcon_core.shell:create_environment_hook('rmitbot_firmware', 'cmake_prefix_path')
[1.844s] INFO:colcon.colcon_core.shell:Creating environment hook '/home/terra/newtest/rmit_ros2_ws/install/rmitbot_firmware/share/rmitbot_firmware/hook/cmake_prefix_path.ps1'
[1.845s] INFO:colcon.colcon_core.shell:Creating environment descriptor '/home/terra/newtest/rmit_ros2_ws/install/rmitbot_firmware/share/rmitbot_firmware/hook/cmake_prefix_path.dsv'
[1.845s] INFO:colcon.colcon_core.shell:Creating environment hook '/home/terra/newtest/rmit_ros2_ws/install/rmitbot_firmware/share/rmitbot_firmware/hook/cmake_prefix_path.sh'
[1.849s] Level 1:colcon.colcon_core.environment:checking '/home/terra/newtest/rmit_ros2_ws/install/rmitbot_firmware/lib'
[1.849s] Level 1:colcon.colcon_core.shell:create_environment_hook('rmitbot_firmware', 'ld_library_path_lib')
[1.849s] INFO:colcon.colcon_core.shell:Creating environment hook '/home/terra/newtest/rmit_ros2_ws/install/rmitbot_firmware/share/rmitbot_firmware/hook/ld_library_path_lib.ps1'
[1.849s] INFO:colcon.colcon_core.shell:Creating environment descriptor '/home/terra/newtest/rmit_ros2_ws/install/rmitbot_firmware/share/rmitbot_firmware/hook/ld_library_path_lib.dsv'
[1.850s] INFO:colcon.colcon_core.shell:Creating environment hook '/home/terra/newtest/rmit_ros2_ws/install/rmitbot_firmware/share/rmitbot_firmware/hook/ld_library_path_lib.sh'
[1.851s] Level 1:colcon.colcon_core.environment:checking '/home/terra/newtest/rmit_ros2_ws/install/rmitbot_firmware/bin'
[1.851s] Level 1:colcon.colcon_core.environment:checking '/home/terra/newtest/rmit_ros2_ws/install/rmitbot_firmware/lib/pkgconfig/rmitbot_firmware.pc'
[1.851s] Level 1:colcon.colcon_core.environment:checking '/home/terra/newtest/rmit_ros2_ws/install/rmitbot_firmware/lib/python3.12/site-packages'
[1.852s] Level 1:colcon.colcon_core.environment:checking '/home/terra/newtest/rmit_ros2_ws/install/rmitbot_firmware/bin'
[1.852s] INFO:colcon.colcon_core.shell:Creating package script '/home/terra/newtest/rmit_ros2_ws/install/rmitbot_firmware/share/rmitbot_firmware/package.ps1'
[1.853s] INFO:colcon.colcon_core.shell:Creating package descriptor '/home/terra/newtest/rmit_ros2_ws/install/rmitbot_firmware/share/rmitbot_firmware/package.dsv'
[1.854s] INFO:colcon.colcon_core.shell:Creating package script '/home/terra/newtest/rmit_ros2_ws/install/rmitbot_firmware/share/rmitbot_firmware/package.sh'
[1.855s] INFO:colcon.colcon_core.shell:Creating package script '/home/terra/newtest/rmit_ros2_ws/install/rmitbot_firmware/share/rmitbot_firmware/package.bash'
[1.855s] INFO:colcon.colcon_core.shell:Creating package script '/home/terra/newtest/rmit_ros2_ws/install/rmitbot_firmware/share/rmitbot_firmware/package.zsh'
[1.856s] Level 1:colcon.colcon_core.environment:create_file_with_runtime_dependencies(/home/terra/newtest/rmit_ros2_ws/install/rmitbot_firmware/share/colcon-core/packages/rmitbot_firmware)
[1.858s] INFO:colcon.colcon_ros.task.ament_cmake.build:Building ROS package in '/home/terra/newtest/rmit_ros2_ws/src/rmitbot_vision' with build type 'ament_cmake'
[1.858s] INFO:colcon.colcon_cmake.task.cmake.build:Building CMake package in '/home/terra/newtest/rmit_ros2_ws/src/rmitbot_vision'
[1.858s] INFO:colcon.colcon_core.shell:Skip shell extension 'powershell' for command environment: Not usable outside of PowerShell
[1.858s] DEBUG:colcon.colcon_core.shell:Skip shell extension 'dsv' for command environment
[1.865s] DEBUG:colcon.colcon_core.event_handler.log_command:Invoked command in '/home/terra/newtest/rmit_ros2_ws/build/rmitbot_localization' returned '0': CMAKE_PREFIX_PATH=${CMAKE_PREFIX_PATH}:/opt/ros/jazzy /usr/bin/cmake --build /home/terra/newtest/rmit_ros2_ws/build/rmitbot_localization -- -j4 -l4
[1.869s] DEBUG:colcon.colcon_core.event_handler.log_command:Invoking command in '/home/terra/newtest/rmit_ros2_ws/build/rmitbot_localization': CMAKE_PREFIX_PATH=${CMAKE_PREFIX_PATH}:/opt/ros/jazzy /usr/bin/cmake --install /home/terra/newtest/rmit_ros2_ws/build/rmitbot_localization
[1.869s] DEBUG:colcon.colcon_core.event_handler.log_command:Invoked command in '/home/terra/newtest/rmit_ros2_ws/build/rmitbot_navigation' returned '0': CMAKE_PREFIX_PATH=${CMAKE_PREFIX_PATH}:/opt/ros/jazzy /usr/bin/cmake --build /home/terra/newtest/rmit_ros2_ws/build/rmitbot_navigation -- -j4 -l4
[1.873s] DEBUG:colcon.colcon_core.event_handler.log_command:Invoking command in '/home/terra/newtest/rmit_ros2_ws/build/rmitbot_navigation': CMAKE_PREFIX_PATH=${CMAKE_PREFIX_PATH}:/opt/ros/jazzy /usr/bin/cmake --install /home/terra/newtest/rmit_ros2_ws/build/rmitbot_navigation
[1.874s] DEBUG:colcon.colcon_core.event_handler.log_command:Invoked command in '/home/terra/newtest/rmit_ros2_ws/build/rmitbot_mapping' returned '0': CMAKE_PREFIX_PATH=${CMAKE_PREFIX_PATH}:/opt/ros/jazzy /usr/bin/cmake --build /home/terra/newtest/rmit_ros2_ws/build/rmitbot_mapping -- -j4 -l4
[1.879s] DEBUG:colcon.colcon_core.event_handler.log_command:Invoking command in '/home/terra/newtest/rmit_ros2_ws/build/rmitbot_mapping': CMAKE_PREFIX_PATH=${CMAKE_PREFIX_PATH}:/opt/ros/jazzy /usr/bin/cmake --install /home/terra/newtest/rmit_ros2_ws/build/rmitbot_mapping
[1.888s] DEBUG:colcon.colcon_core.event_handler.log_command:Invoking command in '/home/terra/newtest/rmit_ros2_ws/build/rmitbot_vision': CMAKE_PREFIX_PATH=${CMAKE_PREFIX_PATH}:/opt/ros/jazzy /usr/bin/cmake --build /home/terra/newtest/rmit_ros2_ws/build/rmitbot_vision -- -j4 -l4
[1.900s] Level 1:colcon.colcon_core.environment:create_environment_scripts_only(rmitbot_localization)
[1.900s] Level 1:colcon.colcon_core.environment:checking '/home/terra/newtest/rmit_ros2_ws/install/rmitbot_localization' for CMake module files
[1.903s] Level 1:colcon.colcon_core.environment:checking '/home/terra/newtest/rmit_ros2_ws/install/rmitbot_localization' for CMake config files
[1.905s] DEBUG:colcon.colcon_core.event_handler.log_command:Invoked command in '/home/terra/newtest/rmit_ros2_ws/build/rmitbot_localization' returned '0': CMAKE_PREFIX_PATH=${CMAKE_PREFIX_PATH}:/opt/ros/jazzy /usr/bin/cmake --install /home/terra/newtest/rmit_ros2_ws/build/rmitbot_localization
[1.907s] Level 1:colcon.colcon_core.shell:create_environment_hook('rmitbot_localization', 'cmake_prefix_path')
[1.908s] INFO:colcon.colcon_core.shell:Creating environment hook '/home/terra/newtest/rmit_ros2_ws/install/rmitbot_localization/share/rmitbot_localization/hook/cmake_prefix_path.ps1'
[1.908s] INFO:colcon.colcon_core.shell:Creating environment descriptor '/home/terra/newtest/rmit_ros2_ws/install/rmitbot_localization/share/rmitbot_localization/hook/cmake_prefix_path.dsv'
[1.909s] INFO:colcon.colcon_core.shell:Creating environment hook '/home/terra/newtest/rmit_ros2_ws/install/rmitbot_localization/share/rmitbot_localization/hook/cmake_prefix_path.sh'
[1.910s] Level 1:colcon.colcon_core.environment:checking '/home/terra/newtest/rmit_ros2_ws/install/rmitbot_localization/bin'
[1.910s] Level 1:colcon.colcon_core.environment:checking '/home/terra/newtest/rmit_ros2_ws/install/rmitbot_localization/lib/pkgconfig/rmitbot_localization.pc'
[1.910s] Level 1:colcon.colcon_core.environment:checking '/home/terra/newtest/rmit_ros2_ws/install/rmitbot_localization/lib/python3.12/site-packages'
[1.911s] Level 1:colcon.colcon_core.environment:checking '/home/terra/newtest/rmit_ros2_ws/install/rmitbot_localization/bin'
[1.911s] INFO:colcon.colcon_core.shell:Creating package script '/home/terra/newtest/rmit_ros2_ws/install/rmitbot_localization/share/rmitbot_localization/package.ps1'
[1.912s] INFO:colcon.colcon_core.shell:Creating package descriptor '/home/terra/newtest/rmit_ros2_ws/install/rmitbot_localization/share/rmitbot_localization/package.dsv'
[1.913s] INFO:colcon.colcon_core.shell:Creating package script '/home/terra/newtest/rmit_ros2_ws/install/rmitbot_localization/share/rmitbot_localization/package.sh'
[1.914s] INFO:colcon.colcon_core.shell:Creating package script '/home/terra/newtest/rmit_ros2_ws/install/rmitbot_localization/share/rmitbot_localization/package.bash'
[1.916s] INFO:colcon.colcon_core.shell:Creating package script '/home/terra/newtest/rmit_ros2_ws/install/rmitbot_localization/share/rmitbot_localization/package.zsh'
[1.917s] Level 1:colcon.colcon_core.environment:create_file_with_runtime_dependencies(/home/terra/newtest/rmit_ros2_ws/install/rmitbot_localization/share/colcon-core/packages/rmitbot_localization)
[1.918s] Level 1:colcon.colcon_core.environment:create_environment_scripts_only(rmitbot_localization)
[1.919s] Level 1:colcon.colcon_core.environment:checking '/home/terra/newtest/rmit_ros2_ws/install/rmitbot_localization' for CMake module files
[1.919s] Level 1:colcon.colcon_core.environment:checking '/home/terra/newtest/rmit_ros2_ws/install/rmitbot_localization' for CMake config files
[1.920s] Level 1:colcon.colcon_core.shell:create_environment_hook('rmitbot_localization', 'cmake_prefix_path')
[1.920s] INFO:colcon.colcon_core.shell:Creating environment hook '/home/terra/newtest/rmit_ros2_ws/install/rmitbot_localization/share/rmitbot_localization/hook/cmake_prefix_path.ps1'
[1.921s] INFO:colcon.colcon_core.shell:Creating environment descriptor '/home/terra/newtest/rmit_ros2_ws/install/rmitbot_localization/share/rmitbot_localization/hook/cmake_prefix_path.dsv'
[1.921s] INFO:colcon.colcon_core.shell:Creating environment hook '/home/terra/newtest/rmit_ros2_ws/install/rmitbot_localization/share/rmitbot_localization/hook/cmake_prefix_path.sh'
[1.923s] Level 1:colcon.colcon_core.environment:checking '/home/terra/newtest/rmit_ros2_ws/install/rmitbot_localization/bin'
[1.923s] Level 1:colcon.colcon_core.environment:checking '/home/terra/newtest/rmit_ros2_ws/install/rmitbot_localization/lib/pkgconfig/rmitbot_localization.pc'
[1.924s] Level 1:colcon.colcon_core.environment:checking '/home/terra/newtest/rmit_ros2_ws/install/rmitbot_localization/lib/python3.12/site-packages'
[1.924s] Level 1:colcon.colcon_core.environment:checking '/home/terra/newtest/rmit_ros2_ws/install/rmitbot_localization/bin'
[1.924s] INFO:colcon.colcon_core.shell:Creating package script '/home/terra/newtest/rmit_ros2_ws/install/rmitbot_localization/share/rmitbot_localization/package.ps1'
[1.925s] INFO:colcon.colcon_core.shell:Creating package descriptor '/home/terra/newtest/rmit_ros2_ws/install/rmitbot_localization/share/rmitbot_localization/package.dsv'
[1.926s] INFO:colcon.colcon_core.shell:Creating package script '/home/terra/newtest/rmit_ros2_ws/install/rmitbot_localization/share/rmitbot_localization/package.sh'
[1.927s] INFO:colcon.colcon_core.shell:Creating package script '/home/terra/newtest/rmit_ros2_ws/install/rmitbot_localization/share/rmitbot_localization/package.bash'
[1.927s] INFO:colcon.colcon_core.shell:Creating package script '/home/terra/newtest/rmit_ros2_ws/install/rmitbot_localization/share/rmitbot_localization/package.zsh'
[1.928s] Level 1:colcon.colcon_core.environment:create_file_with_runtime_dependencies(/home/terra/newtest/rmit_ros2_ws/install/rmitbot_localization/share/colcon-core/packages/rmitbot_localization)
[1.928s] Level 1:colcon.colcon_core.environment:create_environment_scripts_only(rmitbot_navigation)
[1.928s] Level 1:colcon.colcon_core.environment:checking '/home/terra/newtest/rmit_ros2_ws/install/rmitbot_navigation' for CMake module files
[1.930s] DEBUG:colcon.colcon_core.event_handler.log_command:Invoked command in '/home/terra/newtest/rmit_ros2_ws/build/rmitbot_navigation' returned '0': CMAKE_PREFIX_PATH=${CMAKE_PREFIX_PATH}:/opt/ros/jazzy /usr/bin/cmake --install /home/terra/newtest/rmit_ros2_ws/build/rmitbot_navigation
[1.930s] Level 1:colcon.colcon_core.environment:checking '/home/terra/newtest/rmit_ros2_ws/install/rmitbot_navigation' for CMake config files
[1.930s] Level 1:colcon.colcon_core.shell:create_environment_hook('rmitbot_navigation', 'cmake_prefix_path')
[1.930s] INFO:colcon.colcon_core.shell:Creating environment hook '/home/terra/newtest/rmit_ros2_ws/install/rmitbot_navigation/share/rmitbot_navigation/hook/cmake_prefix_path.ps1'
[1.931s] INFO:colcon.colcon_core.shell:Creating environment descriptor '/home/terra/newtest/rmit_ros2_ws/install/rmitbot_navigation/share/rmitbot_navigation/hook/cmake_prefix_path.dsv'
[1.931s] INFO:colcon.colcon_core.shell:Creating environment hook '/home/terra/newtest/rmit_ros2_ws/install/rmitbot_navigation/share/rmitbot_navigation/hook/cmake_prefix_path.sh'
[1.932s] Level 1:colcon.colcon_core.environment:checking '/home/terra/newtest/rmit_ros2_ws/install/rmitbot_navigation/bin'
[1.932s] Level 1:colcon.colcon_core.environment:checking '/home/terra/newtest/rmit_ros2_ws/install/rmitbot_navigation/lib/pkgconfig/rmitbot_navigation.pc'
[1.933s] Level 1:colcon.colcon_core.environment:checking '/home/terra/newtest/rmit_ros2_ws/install/rmitbot_navigation/lib/python3.12/site-packages'
[1.933s] Level 1:colcon.colcon_core.environment:checking '/home/terra/newtest/rmit_ros2_ws/install/rmitbot_navigation/bin'
[1.934s] INFO:colcon.colcon_core.shell:Creating package script '/home/terra/newtest/rmit_ros2_ws/install/rmitbot_navigation/share/rmitbot_navigation/package.ps1'
[1.934s] INFO:colcon.colcon_core.shell:Creating package descriptor '/home/terra/newtest/rmit_ros2_ws/install/rmitbot_navigation/share/rmitbot_navigation/package.dsv'
[1.935s] INFO:colcon.colcon_core.shell:Creating package script '/home/terra/newtest/rmit_ros2_ws/install/rmitbot_navigation/share/rmitbot_navigation/package.sh'
[1.936s] INFO:colcon.colcon_core.shell:Creating package script '/home/terra/newtest/rmit_ros2_ws/install/rmitbot_navigation/share/rmitbot_navigation/package.bash'
[1.936s] INFO:colcon.colcon_core.shell:Creating package script '/home/terra/newtest/rmit_ros2_ws/install/rmitbot_navigation/share/rmitbot_navigation/package.zsh'
[1.937s] Level 1:colcon.colcon_core.environment:create_file_with_runtime_dependencies(/home/terra/newtest/rmit_ros2_ws/install/rmitbot_navigation/share/colcon-core/packages/rmitbot_navigation)
[1.938s] Level 1:colcon.colcon_core.environment:create_environment_scripts_only(rmitbot_navigation)
[1.938s] Level 1:colcon.colcon_core.environment:checking '/home/terra/newtest/rmit_ros2_ws/install/rmitbot_navigation' for CMake module files
[1.939s] Level 1:colcon.colcon_core.environment:checking '/home/terra/newtest/rmit_ros2_ws/install/rmitbot_navigation' for CMake config files
[1.939s] Level 1:colcon.colcon_core.shell:create_environment_hook('rmitbot_navigation', 'cmake_prefix_path')
[1.939s] INFO:colcon.colcon_core.shell:Creating environment hook '/home/terra/newtest/rmit_ros2_ws/install/rmitbot_navigation/share/rmitbot_navigation/hook/cmake_prefix_path.ps1'
[1.940s] INFO:colcon.colcon_core.shell:Creating environment descriptor '/home/terra/newtest/rmit_ros2_ws/install/rmitbot_navigation/share/rmitbot_navigation/hook/cmake_prefix_path.dsv'
[1.940s] INFO:colcon.colcon_core.shell:Creating environment hook '/home/terra/newtest/rmit_ros2_ws/install/rmitbot_navigation/share/rmitbot_navigation/hook/cmake_prefix_path.sh'
[1.941s] Level 1:colcon.colcon_core.environment:checking '/home/terra/newtest/rmit_ros2_ws/install/rmitbot_navigation/bin'
[1.941s] Level 1:colcon.colcon_core.environment:checking '/home/terra/newtest/rmit_ros2_ws/install/rmitbot_navigation/lib/pkgconfig/rmitbot_navigation.pc'
[1.941s] Level 1:colcon.colcon_core.environment:checking '/home/terra/newtest/rmit_ros2_ws/install/rmitbot_navigation/lib/python3.12/site-packages'
[1.942s] Level 1:colcon.colcon_core.environment:checking '/home/terra/newtest/rmit_ros2_ws/install/rmitbot_navigation/bin'
[1.942s] INFO:colcon.colcon_core.shell:Creating package script '/home/terra/newtest/rmit_ros2_ws/install/rmitbot_navigation/share/rmitbot_navigation/package.ps1'
[1.943s] INFO:colcon.colcon_core.shell:Creating package descriptor '/home/terra/newtest/rmit_ros2_ws/install/rmitbot_navigation/share/rmitbot_navigation/package.dsv'
[1.944s] INFO:colcon.colcon_core.shell:Creating package script '/home/terra/newtest/rmit_ros2_ws/install/rmitbot_navigation/share/rmitbot_navigation/package.sh'
[1.944s] INFO:colcon.colcon_core.shell:Creating package script '/home/terra/newtest/rmit_ros2_ws/install/rmitbot_navigation/share/rmitbot_navigation/package.bash'
[1.945s] INFO:colcon.colcon_core.shell:Creating package script '/home/terra/newtest/rmit_ros2_ws/install/rmitbot_navigation/share/rmitbot_navigation/package.zsh'
[1.946s] Level 1:colcon.colcon_core.environment:create_file_with_runtime_dependencies(/home/terra/newtest/rmit_ros2_ws/install/rmitbot_navigation/share/colcon-core/packages/rmitbot_navigation)
[1.947s] Level 1:colcon.colcon_core.environment:create_environment_scripts_only(rmitbot_mapping)
[1.948s] Level 1:colcon.colcon_core.environment:checking '/home/terra/newtest/rmit_ros2_ws/install/rmitbot_mapping' for CMake module files
[1.948s] DEBUG:colcon.colcon_core.event_handler.log_command:Invoked command in '/home/terra/newtest/rmit_ros2_ws/build/rmitbot_mapping' returned '0': CMAKE_PREFIX_PATH=${CMAKE_PREFIX_PATH}:/opt/ros/jazzy /usr/bin/cmake --install /home/terra/newtest/rmit_ros2_ws/build/rmitbot_mapping
[1.949s] Level 1:colcon.colcon_core.environment:checking '/home/terra/newtest/rmit_ros2_ws/install/rmitbot_mapping' for CMake config files
[1.949s] Level 1:colcon.colcon_core.shell:create_environment_hook('rmitbot_mapping', 'cmake_prefix_path')
[1.949s] INFO:colcon.colcon_core.shell:Creating environment hook '/home/terra/newtest/rmit_ros2_ws/install/rmitbot_mapping/share/rmitbot_mapping/hook/cmake_prefix_path.ps1'
[1.950s] INFO:colcon.colcon_core.shell:Creating environment descriptor '/home/terra/newtest/rmit_ros2_ws/install/rmitbot_mapping/share/rmitbot_mapping/hook/cmake_prefix_path.dsv'
[1.951s] INFO:colcon.colcon_core.shell:Creating environment hook '/home/terra/newtest/rmit_ros2_ws/install/rmitbot_mapping/share/rmitbot_mapping/hook/cmake_prefix_path.sh'
[1.952s] Level 1:colcon.colcon_core.environment:checking '/home/terra/newtest/rmit_ros2_ws/install/rmitbot_mapping/bin'
[1.952s] Level 1:colcon.colcon_core.environment:checking '/home/terra/newtest/rmit_ros2_ws/install/rmitbot_mapping/lib/pkgconfig/rmitbot_mapping.pc'
[1.952s] Level 1:colcon.colcon_core.environment:checking '/home/terra/newtest/rmit_ros2_ws/install/rmitbot_mapping/lib/python3.12/site-packages'
[1.953s] Level 1:colcon.colcon_core.environment:checking '/home/terra/newtest/rmit_ros2_ws/install/rmitbot_mapping/bin'
[1.953s] INFO:colcon.colcon_core.shell:Creating package script '/home/terra/newtest/rmit_ros2_ws/install/rmitbot_mapping/share/rmitbot_mapping/package.ps1'
[1.954s] INFO:colcon.colcon_core.shell:Creating package descriptor '/home/terra/newtest/rmit_ros2_ws/install/rmitbot_mapping/share/rmitbot_mapping/package.dsv'
[1.955s] INFO:colcon.colcon_core.shell:Creating package script '/home/terra/newtest/rmit_ros2_ws/install/rmitbot_mapping/share/rmitbot_mapping/package.sh'
[1.956s] INFO:colcon.colcon_core.shell:Creating package script '/home/terra/newtest/rmit_ros2_ws/install/rmitbot_mapping/share/rmitbot_mapping/package.bash'
[1.956s] INFO:colcon.colcon_core.shell:Creating package script '/home/terra/newtest/rmit_ros2_ws/install/rmitbot_mapping/share/rmitbot_mapping/package.zsh'
[1.957s] Level 1:colcon.colcon_core.environment:create_file_with_runtime_dependencies(/home/terra/newtest/rmit_ros2_ws/install/rmitbot_mapping/share/colcon-core/packages/rmitbot_mapping)
[1.958s] Level 1:colcon.colcon_core.environment:create_environment_scripts_only(rmitbot_mapping)
[1.959s] Level 1:colcon.colcon_core.environment:checking '/home/terra/newtest/rmit_ros2_ws/install/rmitbot_mapping' for CMake module files
[1.959s] Level 1:colcon.colcon_core.environment:checking '/home/terra/newtest/rmit_ros2_ws/install/rmitbot_mapping' for CMake config files
[1.959s] Level 1:colcon.colcon_core.shell:create_environment_hook('rmitbot_mapping', 'cmake_prefix_path')
[1.960s] INFO:colcon.colcon_core.shell:Creating environment hook '/home/terra/newtest/rmit_ros2_ws/install/rmitbot_mapping/share/rmitbot_mapping/hook/cmake_prefix_path.ps1'
[1.960s] INFO:colcon.colcon_core.shell:Creating environment descriptor '/home/terra/newtest/rmit_ros2_ws/install/rmitbot_mapping/share/rmitbot_mapping/hook/cmake_prefix_path.dsv'
[1.961s] INFO:colcon.colcon_core.shell:Creating environment hook '/home/terra/newtest/rmit_ros2_ws/install/rmitbot_mapping/share/rmitbot_mapping/hook/cmake_prefix_path.sh'
[1.962s] Level 1:colcon.colcon_core.environment:checking '/home/terra/newtest/rmit_ros2_ws/install/rmitbot_mapping/bin'
[1.962s] Level 1:colcon.colcon_core.environment:checking '/home/terra/newtest/rmit_ros2_ws/install/rmitbot_mapping/lib/pkgconfig/rmitbot_mapping.pc'
[1.963s] Level 1:colcon.colcon_core.environment:checking '/home/terra/newtest/rmit_ros2_ws/install/rmitbot_mapping/lib/python3.12/site-packages'
[1.963s] Level 1:colcon.colcon_core.environment:checking '/home/terra/newtest/rmit_ros2_ws/install/rmitbot_mapping/bin'
[1.963s] INFO:colcon.colcon_core.shell:Creating package script '/home/terra/newtest/rmit_ros2_ws/install/rmitbot_mapping/share/rmitbot_mapping/package.ps1'
[1.964s] INFO:colcon.colcon_core.shell:Creating package descriptor '/home/terra/newtest/rmit_ros2_ws/install/rmitbot_mapping/share/rmitbot_mapping/package.dsv'
[1.965s] INFO:colcon.colcon_core.shell:Creating package script '/home/terra/newtest/rmit_ros2_ws/install/rmitbot_mapping/share/rmitbot_mapping/package.sh'
[1.966s] INFO:colcon.colcon_core.shell:Creating package script '/home/terra/newtest/rmit_ros2_ws/install/rmitbot_mapping/share/rmitbot_mapping/package.bash'
[1.967s] INFO:colcon.colcon_core.shell:Creating package script '/home/terra/newtest/rmit_ros2_ws/install/rmitbot_mapping/share/rmitbot_mapping/package.zsh'
[1.970s] Level 1:colcon.colcon_core.environment:create_file_with_runtime_dependencies(/home/terra/newtest/rmit_ros2_ws/install/rmitbot_mapping/share/colcon-core/packages/rmitbot_mapping)
[1.981s] DEBUG:colcon.colcon_core.event_handler.log_command:Invoked command in '/home/terra/newtest/rmit_ros2_ws/build/rmitbot_vision' returned '0': CMAKE_PREFIX_PATH=${CMAKE_PREFIX_PATH}:/opt/ros/jazzy /usr/bin/cmake --build /home/terra/newtest/rmit_ros2_ws/build/rmitbot_vision -- -j4 -l4
[1.988s] DEBUG:colcon.colcon_core.event_handler.log_command:Invoking command in '/home/terra/newtest/rmit_ros2_ws/build/rmitbot_vision': CMAKE_PREFIX_PATH=${CMAKE_PREFIX_PATH}:/opt/ros/jazzy /usr/bin/cmake --install /home/terra/newtest/rmit_ros2_ws/build/rmitbot_vision
[2.021s] Level 1:colcon.colcon_core.environment:create_environment_scripts_only(rmitbot_vision)
[2.022s] Level 1:colcon.colcon_core.environment:checking '/home/terra/newtest/rmit_ros2_ws/install/rmitbot_vision' for CMake module files
[2.022s] DEBUG:colcon.colcon_core.event_handler.log_command:Invoked command in '/home/terra/newtest/rmit_ros2_ws/build/rmitbot_vision' returned '0': CMAKE_PREFIX_PATH=${CMAKE_PREFIX_PATH}:/opt/ros/jazzy /usr/bin/cmake --install /home/terra/newtest/rmit_ros2_ws/build/rmitbot_vision
[2.023s] Level 1:colcon.colcon_core.environment:checking '/home/terra/newtest/rmit_ros2_ws/install/rmitbot_vision' for CMake config files
[2.024s] Level 1:colcon.colcon_core.shell:create_environment_hook('rmitbot_vision', 'cmake_prefix_path')
[2.024s] INFO:colcon.colcon_core.shell:Creating environment hook '/home/terra/newtest/rmit_ros2_ws/install/rmitbot_vision/share/rmitbot_vision/hook/cmake_prefix_path.ps1'
[2.025s] INFO:colcon.colcon_core.shell:Creating environment descriptor '/home/terra/newtest/rmit_ros2_ws/install/rmitbot_vision/share/rmitbot_vision/hook/cmake_prefix_path.dsv'
[2.025s] INFO:colcon.colcon_core.shell:Creating environment hook '/home/terra/newtest/rmit_ros2_ws/install/rmitbot_vision/share/rmitbot_vision/hook/cmake_prefix_path.sh'
[2.026s] Level 1:colcon.colcon_core.environment:checking '/home/terra/newtest/rmit_ros2_ws/install/rmitbot_vision/bin'
[2.027s] Level 1:colcon.colcon_core.environment:checking '/home/terra/newtest/rmit_ros2_ws/install/rmitbot_vision/lib/pkgconfig/rmitbot_vision.pc'
[2.027s] Level 1:colcon.colcon_core.environment:checking '/home/terra/newtest/rmit_ros2_ws/install/rmitbot_vision/lib/python3.12/site-packages'
[2.027s] Level 1:colcon.colcon_core.environment:checking '/home/terra/newtest/rmit_ros2_ws/install/rmitbot_vision/bin'
[2.028s] INFO:colcon.colcon_core.shell:Creating package script '/home/terra/newtest/rmit_ros2_ws/install/rmitbot_vision/share/rmitbot_vision/package.ps1'
[2.028s] INFO:colcon.colcon_core.shell:Creating package descriptor '/home/terra/newtest/rmit_ros2_ws/install/rmitbot_vision/share/rmitbot_vision/package.dsv'
[2.029s] INFO:colcon.colcon_core.shell:Creating package script '/home/terra/newtest/rmit_ros2_ws/install/rmitbot_vision/share/rmitbot_vision/package.sh'
[2.030s] INFO:colcon.colcon_core.shell:Creating package script '/home/terra/newtest/rmit_ros2_ws/install/rmitbot_vision/share/rmitbot_vision/package.bash'
[2.031s] INFO:colcon.colcon_core.shell:Creating package script '/home/terra/newtest/rmit_ros2_ws/install/rmitbot_vision/share/rmitbot_vision/package.zsh'
[2.031s] Level 1:colcon.colcon_core.environment:create_file_with_runtime_dependencies(/home/terra/newtest/rmit_ros2_ws/install/rmitbot_vision/share/colcon-core/packages/rmitbot_vision)
[2.032s] Level 1:colcon.colcon_core.environment:create_environment_scripts_only(rmitbot_vision)
[2.032s] Level 1:colcon.colcon_core.environment:checking '/home/terra/newtest/rmit_ros2_ws/install/rmitbot_vision' for CMake module files
[2.033s] Level 1:colcon.colcon_core.environment:checking '/home/terra/newtest/rmit_ros2_ws/install/rmitbot_vision' for CMake config files
[2.033s] Level 1:colcon.colcon_core.shell:create_environment_hook('rmitbot_vision', 'cmake_prefix_path')
[2.034s] INFO:colcon.colcon_core.shell:Creating environment hook '/home/terra/newtest/rmit_ros2_ws/install/rmitbot_vision/share/rmitbot_vision/hook/cmake_prefix_path.ps1'
[2.034s] INFO:colcon.colcon_core.shell:Creating environment descriptor '/home/terra/newtest/rmit_ros2_ws/install/rmitbot_vision/share/rmitbot_vision/hook/cmake_prefix_path.dsv'
[2.035s] INFO:colcon.colcon_core.shell:Creating environment hook '/home/terra/newtest/rmit_ros2_ws/install/rmitbot_vision/share/rmitbot_vision/hook/cmake_prefix_path.sh'
[2.036s] Level 1:colcon.colcon_core.environment:checking '/home/terra/newtest/rmit_ros2_ws/install/rmitbot_vision/bin'
[2.036s] Level 1:colcon.colcon_core.environment:checking '/home/terra/newtest/rmit_ros2_ws/install/rmitbot_vision/lib/pkgconfig/rmitbot_vision.pc'
[2.036s] Level 1:colcon.colcon_core.environment:checking '/home/terra/newtest/rmit_ros2_ws/install/rmitbot_vision/lib/python3.12/site-packages'
[2.036s] Level 1:colcon.colcon_core.environment:checking '/home/terra/newtest/rmit_ros2_ws/install/rmitbot_vision/bin'
[2.037s] INFO:colcon.colcon_core.shell:Creating package script '/home/terra/newtest/rmit_ros2_ws/install/rmitbot_vision/share/rmitbot_vision/package.ps1'
[2.038s] INFO:colcon.colcon_core.shell:Creating package descriptor '/home/terra/newtest/rmit_ros2_ws/install/rmitbot_vision/share/rmitbot_vision/package.dsv'
[2.042s] INFO:colcon.colcon_core.shell:Creating package script '/home/terra/newtest/rmit_ros2_ws/install/rmitbot_vision/share/rmitbot_vision/package.sh'
[2.043s] INFO:colcon.colcon_core.shell:Creating package script '/home/terra/newtest/rmit_ros2_ws/install/rmitbot_vision/share/rmitbot_vision/package.bash'
[2.045s] INFO:colcon.colcon_core.shell:Creating package script '/home/terra/newtest/rmit_ros2_ws/install/rmitbot_vision/share/rmitbot_vision/package.zsh'
[2.046s] Level 1:colcon.colcon_core.environment:create_file_with_runtime_dependencies(/home/terra/newtest/rmit_ros2_ws/install/rmitbot_vision/share/colcon-core/packages/rmitbot_vision)
[2.046s] DEBUG:colcon.colcon_parallel_executor.executor.parallel:closing loop
[2.047s] DEBUG:colcon.colcon_parallel_executor.executor.parallel:loop closed
[2.047s] DEBUG:colcon.colcon_parallel_executor.executor.parallel:run_until_complete finished with '0'
[2.047s] DEBUG:colcon.colcon_core.event_reactor:joining thread
[2.048s] DEBUG:colcon.colcon_core.event_reactor:joined thread
[2.048s] INFO:colcon.colcon_core.shell:Creating prefix script '/home/terra/newtest/rmit_ros2_ws/install/local_setup.ps1'
[2.051s] INFO:colcon.colcon_core.shell:Creating prefix util module '/home/terra/newtest/rmit_ros2_ws/install/_local_setup_util_ps1.py'
[2.054s] INFO:colcon.colcon_core.shell:Creating prefix chain script '/home/terra/newtest/rmit_ros2_ws/install/setup.ps1'
[2.058s] INFO:colcon.colcon_core.shell:Creating prefix script '/home/terra/newtest/rmit_ros2_ws/install/local_setup.sh'
[2.060s] INFO:colcon.colcon_core.shell:Creating prefix util module '/home/terra/newtest/rmit_ros2_ws/install/_local_setup_util_sh.py'
[2.061s] INFO:colcon.colcon_core.shell:Creating prefix chain script '/home/terra/newtest/rmit_ros2_ws/install/setup.sh'
[2.063s] INFO:colcon.colcon_core.shell:Creating prefix script '/home/terra/newtest/rmit_ros2_ws/install/local_setup.bash'
[2.065s] INFO:colcon.colcon_core.shell:Creating prefix chain script '/home/terra/newtest/rmit_ros2_ws/install/setup.bash'
[2.067s] INFO:colcon.colcon_core.shell:Creating prefix script '/home/terra/newtest/rmit_ros2_ws/install/local_setup.zsh'
[2.068s] INFO:colcon.colcon_core.shell:Creating prefix chain script '/home/terra/newtest/rmit_ros2_ws/install/setup.zsh'
