[0.378s] DEBUG:colcon:Command line arguments: ['/usr/bin/colcon', 'build']
[0.379s] DEBUG:colcon:Parsed command line arguments: Namespace(log_base=None, log_level=None, verb_name='build', build_base='build', install_base='install', merge_install=False, symlink_install=False, test_result_base=None, continue_on_error=False, executor='parallel', parallel_workers=4, event_handlers=None, ignore_user_meta=False, metas=['./colcon.meta'], base_paths=['.'], packages_ignore=None, packages_ignore_regex=None, paths=None, packages_up_to=None, packages_up_to_regex=None, packages_above=None, packages_above_and_dependencies=None, packages_above_depth=None, packages_select_by_dep=None, packages_skip_by_dep=None, packages_skip_up_to=None, packages_select_build_failed=False, packages_skip_build_finished=False, packages_select_test_failures=False, packages_skip_test_passed=False, packages_select=None, packages_skip=None, packages_select_regex=None, packages_skip_regex=None, packages_start=None, packages_end=None, allow_overriding=[], cmake_args=None, cmake_target=None, cmake_target_skip_unavailable=False, cmake_clean_cache=False, cmake_clean_first=False, cmake_force_configure=False, meson_args=[], ament_cmake_args=None, catkin_cmake_args=None, catkin_skip_building_tests=False, mixin_files=None, mixin=None, verb_parser=<colcon_mixin.mixin.mixin_argument.MixinArgumentDecorator object at 0xffff9bd4bf20>, verb_extension=<colcon_core.verb.build.BuildVerb object at 0xffff9bf2c800>, main=<bound method BuildVerb.main of <colcon_core.verb.build.BuildVerb object at 0xffff9bf2c800>>, mixin_verb=('build',))
[0.436s] Level 1:colcon.colcon_core.package_discovery:discover_packages(colcon_meta) check parameters
[0.436s] Level 1:colcon.colcon_core.package_discovery:discover_packages(recursive) check parameters
[0.436s] Level 1:colcon.colcon_core.package_discovery:discover_packages(ignore) check parameters
[0.436s] Level 1:colcon.colcon_core.package_discovery:discover_packages(path) check parameters
[0.436s] Level 1:colcon.colcon_core.package_discovery:discover_packages(colcon_meta) discover
[0.436s] Level 1:colcon.colcon_core.package_discovery:discover_packages(recursive) discover
[0.436s] INFO:colcon.colcon_core.package_discovery:Crawling recursively for packages in '/home/terra/newtest/rmit_ros2_ws'
[0.436s] Level 1:colcon.colcon_core.package_identification:_identify(.) by extensions ['ignore', 'ignore_ament_install']
[0.436s] Level 1:colcon.colcon_core.package_identification:_identify(.) by extension 'ignore'
[0.437s] Level 1:colcon.colcon_core.package_identification:_identify(.) by extension 'ignore_ament_install'
[0.437s] Level 1:colcon.colcon_core.package_identification:_identify(.) by extensions ['colcon_pkg']
[0.437s] Level 1:colcon.colcon_core.package_identification:_identify(.) by extension 'colcon_pkg'
[0.437s] Level 1:colcon.colcon_core.package_identification:_identify(.) by extensions ['colcon_meta']
[0.437s] Level 1:colcon.colcon_core.package_identification:_identify(.) by extension 'colcon_meta'
[0.437s] Level 1:colcon.colcon_core.package_identification:_identify(.) by extensions ['ros']
[0.437s] Level 1:colcon.colcon_core.package_identification:_identify(.) by extension 'ros'
[0.506s] Level 1:colcon.colcon_core.package_identification:_identify(.) by extensions ['cmake', 'meson', 'python']
[0.506s] Level 1:colcon.colcon_core.package_identification:_identify(.) by extension 'cmake'
[0.506s] Level 1:colcon.colcon_core.package_identification:_identify(.) by extension 'meson'
[0.508s] Level 1:colcon.colcon_core.package_identification:_identify(.) by extension 'python'
[0.508s] Level 1:colcon.colcon_core.package_identification:_identify(.) by extensions ['python_setup_py']
[0.508s] Level 1:colcon.colcon_core.package_identification:_identify(.) by extension 'python_setup_py'
[0.508s] Level 1:colcon.colcon_core.package_identification:_identify(build) by extensions ['ignore', 'ignore_ament_install']
[0.508s] Level 1:colcon.colcon_core.package_identification:_identify(build) by extension 'ignore'
[0.509s] Level 1:colcon.colcon_core.package_identification:_identify(build) ignored
[0.509s] Level 1:colcon.colcon_core.package_identification:_identify(install) by extensions ['ignore', 'ignore_ament_install']
[0.509s] Level 1:colcon.colcon_core.package_identification:_identify(install) by extension 'ignore'
[0.509s] Level 1:colcon.colcon_core.package_identification:_identify(install) ignored
[0.509s] Level 1:colcon.colcon_core.package_identification:_identify(log) by extensions ['ignore', 'ignore_ament_install']
[0.509s] Level 1:colcon.colcon_core.package_identification:_identify(log) by extension 'ignore'
[0.509s] Level 1:colcon.colcon_core.package_identification:_identify(log) ignored
[0.509s] Level 1:colcon.colcon_core.package_identification:_identify(src) by extensions ['ignore', 'ignore_ament_install']
[0.509s] Level 1:colcon.colcon_core.package_identification:_identify(src) by extension 'ignore'
[0.509s] Level 1:colcon.colcon_core.package_identification:_identify(src) by extension 'ignore_ament_install'
[0.509s] Level 1:colcon.colcon_core.package_identification:_identify(src) by extensions ['colcon_pkg']
[0.509s] Level 1:colcon.colcon_core.package_identification:_identify(src) by extension 'colcon_pkg'
[0.509s] Level 1:colcon.colcon_core.package_identification:_identify(src) by extensions ['colcon_meta']
[0.510s] Level 1:colcon.colcon_core.package_identification:_identify(src) by extension 'colcon_meta'
[0.510s] Level 1:colcon.colcon_core.package_identification:_identify(src) by extensions ['ros']
[0.510s] Level 1:colcon.colcon_core.package_identification:_identify(src) by extension 'ros'
[0.510s] Level 1:colcon.colcon_core.package_identification:_identify(src) by extensions ['cmake', 'meson', 'python']
[0.510s] Level 1:colcon.colcon_core.package_identification:_identify(src) by extension 'cmake'
[0.510s] Level 1:colcon.colcon_core.package_identification:_identify(src) by extension 'meson'
[0.511s] Level 1:colcon.colcon_core.package_identification:_identify(src) by extension 'python'
[0.511s] Level 1:colcon.colcon_core.package_identification:_identify(src) by extensions ['python_setup_py']
[0.511s] Level 1:colcon.colcon_core.package_identification:_identify(src) by extension 'python_setup_py'
[0.511s] Level 1:colcon.colcon_core.package_identification:_identify(src/rmitbot_bringup) by extensions ['ignore', 'ignore_ament_install']
[0.511s] Level 1:colcon.colcon_core.package_identification:_identify(src/rmitbot_bringup) by extension 'ignore'
[0.512s] Level 1:colcon.colcon_core.package_identification:_identify(src/rmitbot_bringup) by extension 'ignore_ament_install'
[0.512s] Level 1:colcon.colcon_core.package_identification:_identify(src/rmitbot_bringup) by extensions ['colcon_pkg']
[0.512s] Level 1:colcon.colcon_core.package_identification:_identify(src/rmitbot_bringup) by extension 'colcon_pkg'
[0.512s] Level 1:colcon.colcon_core.package_identification:_identify(src/rmitbot_bringup) by extensions ['colcon_meta']
[0.512s] Level 1:colcon.colcon_core.package_identification:_identify(src/rmitbot_bringup) by extension 'colcon_meta'
[0.512s] Level 1:colcon.colcon_core.package_identification:_identify(src/rmitbot_bringup) by extensions ['ros']
[0.512s] Level 1:colcon.colcon_core.package_identification:_identify(src/rmitbot_bringup) by extension 'ros'
[0.515s] DEBUG:colcon.colcon_core.package_identification:Package 'src/rmitbot_bringup' with type 'ros.ament_cmake' and name 'rmitbot_bringup'
[0.515s] Level 1:colcon.colcon_core.package_identification:_identify(src/rmitbot_controller) by extensions ['ignore', 'ignore_ament_install']
[0.515s] Level 1:colcon.colcon_core.package_identification:_identify(src/rmitbot_controller) by extension 'ignore'
[0.515s] Level 1:colcon.colcon_core.package_identification:_identify(src/rmitbot_controller) by extension 'ignore_ament_install'
[0.515s] Level 1:colcon.colcon_core.package_identification:_identify(src/rmitbot_controller) by extensions ['colcon_pkg']
[0.515s] Level 1:colcon.colcon_core.package_identification:_identify(src/rmitbot_controller) by extension 'colcon_pkg'
[0.515s] Level 1:colcon.colcon_core.package_identification:_identify(src/rmitbot_controller) by extensions ['colcon_meta']
[0.515s] Level 1:colcon.colcon_core.package_identification:_identify(src/rmitbot_controller) by extension 'colcon_meta'
[0.515s] Level 1:colcon.colcon_core.package_identification:_identify(src/rmitbot_controller) by extensions ['ros']
[0.515s] Level 1:colcon.colcon_core.package_identification:_identify(src/rmitbot_controller) by extension 'ros'
[0.516s] DEBUG:colcon.colcon_core.package_identification:Package 'src/rmitbot_controller' with type 'ros.ament_cmake' and name 'rmitbot_controller'
[0.516s] Level 1:colcon.colcon_core.package_identification:_identify(src/rmitbot_description) by extensions ['ignore', 'ignore_ament_install']
[0.516s] Level 1:colcon.colcon_core.package_identification:_identify(src/rmitbot_description) by extension 'ignore'
[0.516s] Level 1:colcon.colcon_core.package_identification:_identify(src/rmitbot_description) by extension 'ignore_ament_install'
[0.516s] Level 1:colcon.colcon_core.package_identification:_identify(src/rmitbot_description) by extensions ['colcon_pkg']
[0.516s] Level 1:colcon.colcon_core.package_identification:_identify(src/rmitbot_description) by extension 'colcon_pkg'
[0.516s] Level 1:colcon.colcon_core.package_identification:_identify(src/rmitbot_description) by extensions ['colcon_meta']
[0.516s] Level 1:colcon.colcon_core.package_identification:_identify(src/rmitbot_description) by extension 'colcon_meta'
[0.516s] Level 1:colcon.colcon_core.package_identification:_identify(src/rmitbot_description) by extensions ['ros']
[0.517s] Level 1:colcon.colcon_core.package_identification:_identify(src/rmitbot_description) by extension 'ros'
[0.517s] DEBUG:colcon.colcon_core.package_identification:Package 'src/rmitbot_description' with type 'ros.ament_cmake' and name 'rmitbot_description'
[0.517s] Level 1:colcon.colcon_core.package_identification:_identify(src/rmitbot_firmware) by extensions ['ignore', 'ignore_ament_install']
[0.517s] Level 1:colcon.colcon_core.package_identification:_identify(src/rmitbot_firmware) by extension 'ignore'
[0.517s] Level 1:colcon.colcon_core.package_identification:_identify(src/rmitbot_firmware) by extension 'ignore_ament_install'
[0.517s] Level 1:colcon.colcon_core.package_identification:_identify(src/rmitbot_firmware) by extensions ['colcon_pkg']
[0.517s] Level 1:colcon.colcon_core.package_identification:_identify(src/rmitbot_firmware) by extension 'colcon_pkg'
[0.517s] Level 1:colcon.colcon_core.package_identification:_identify(src/rmitbot_firmware) by extensions ['colcon_meta']
[0.517s] Level 1:colcon.colcon_core.package_identification:_identify(src/rmitbot_firmware) by extension 'colcon_meta'
[0.518s] Level 1:colcon.colcon_core.package_identification:_identify(src/rmitbot_firmware) by extensions ['ros']
[0.518s] Level 1:colcon.colcon_core.package_identification:_identify(src/rmitbot_firmware) by extension 'ros'
[0.518s] DEBUG:colcon.colcon_core.package_identification:Package 'src/rmitbot_firmware' with type 'ros.ament_cmake' and name 'rmitbot_firmware'
[0.519s] Level 1:colcon.colcon_core.package_identification:_identify(src/rmitbot_localization) by extensions ['ignore', 'ignore_ament_install']
[0.519s] Level 1:colcon.colcon_core.package_identification:_identify(src/rmitbot_localization) by extension 'ignore'
[0.519s] Level 1:colcon.colcon_core.package_identification:_identify(src/rmitbot_localization) by extension 'ignore_ament_install'
[0.519s] Level 1:colcon.colcon_core.package_identification:_identify(src/rmitbot_localization) by extensions ['colcon_pkg']
[0.519s] Level 1:colcon.colcon_core.package_identification:_identify(src/rmitbot_localization) by extension 'colcon_pkg'
[0.519s] Level 1:colcon.colcon_core.package_identification:_identify(src/rmitbot_localization) by extensions ['colcon_meta']
[0.519s] Level 1:colcon.colcon_core.package_identification:_identify(src/rmitbot_localization) by extension 'colcon_meta'
[0.519s] Level 1:colcon.colcon_core.package_identification:_identify(src/rmitbot_localization) by extensions ['ros']
[0.519s] Level 1:colcon.colcon_core.package_identification:_identify(src/rmitbot_localization) by extension 'ros'
[0.519s] DEBUG:colcon.colcon_core.package_identification:Package 'src/rmitbot_localization' with type 'ros.ament_cmake' and name 'rmitbot_localization'
[0.520s] Level 1:colcon.colcon_core.package_identification:_identify(src/rmitbot_mapping) by extensions ['ignore', 'ignore_ament_install']
[0.520s] Level 1:colcon.colcon_core.package_identification:_identify(src/rmitbot_mapping) by extension 'ignore'
[0.520s] Level 1:colcon.colcon_core.package_identification:_identify(src/rmitbot_mapping) by extension 'ignore_ament_install'
[0.520s] Level 1:colcon.colcon_core.package_identification:_identify(src/rmitbot_mapping) by extensions ['colcon_pkg']
[0.520s] Level 1:colcon.colcon_core.package_identification:_identify(src/rmitbot_mapping) by extension 'colcon_pkg'
[0.520s] Level 1:colcon.colcon_core.package_identification:_identify(src/rmitbot_mapping) by extensions ['colcon_meta']
[0.520s] Level 1:colcon.colcon_core.package_identification:_identify(src/rmitbot_mapping) by extension 'colcon_meta'
[0.520s] Level 1:colcon.colcon_core.package_identification:_identify(src/rmitbot_mapping) by extensions ['ros']
[0.520s] Level 1:colcon.colcon_core.package_identification:_identify(src/rmitbot_mapping) by extension 'ros'
[0.520s] DEBUG:colcon.colcon_core.package_identification:Package 'src/rmitbot_mapping' with type 'ros.ament_cmake' and name 'rmitbot_mapping'
[0.520s] Level 1:colcon.colcon_core.package_identification:_identify(src/rmitbot_navigation) by extensions ['ignore', 'ignore_ament_install']
[0.521s] Level 1:colcon.colcon_core.package_identification:_identify(src/rmitbot_navigation) by extension 'ignore'
[0.521s] Level 1:colcon.colcon_core.package_identification:_identify(src/rmitbot_navigation) by extension 'ignore_ament_install'
[0.521s] Level 1:colcon.colcon_core.package_identification:_identify(src/rmitbot_navigation) by extensions ['colcon_pkg']
[0.521s] Level 1:colcon.colcon_core.package_identification:_identify(src/rmitbot_navigation) by extension 'colcon_pkg'
[0.521s] Level 1:colcon.colcon_core.package_identification:_identify(src/rmitbot_navigation) by extensions ['colcon_meta']
[0.521s] Level 1:colcon.colcon_core.package_identification:_identify(src/rmitbot_navigation) by extension 'colcon_meta'
[0.521s] Level 1:colcon.colcon_core.package_identification:_identify(src/rmitbot_navigation) by extensions ['ros']
[0.521s] Level 1:colcon.colcon_core.package_identification:_identify(src/rmitbot_navigation) by extension 'ros'
[0.521s] DEBUG:colcon.colcon_core.package_identification:Package 'src/rmitbot_navigation' with type 'ros.ament_cmake' and name 'rmitbot_navigation'
[0.522s] Level 1:colcon.colcon_core.package_identification:_identify(src/rmitbot_vision) by extensions ['ignore', 'ignore_ament_install']
[0.522s] Level 1:colcon.colcon_core.package_identification:_identify(src/rmitbot_vision) by extension 'ignore'
[0.522s] Level 1:colcon.colcon_core.package_identification:_identify(src/rmitbot_vision) by extension 'ignore_ament_install'
[0.522s] Level 1:colcon.colcon_core.package_identification:_identify(src/rmitbot_vision) by extensions ['colcon_pkg']
[0.522s] Level 1:colcon.colcon_core.package_identification:_identify(src/rmitbot_vision) by extension 'colcon_pkg'
[0.522s] Level 1:colcon.colcon_core.package_identification:_identify(src/rmitbot_vision) by extensions ['colcon_meta']
[0.522s] Level 1:colcon.colcon_core.package_identification:_identify(src/rmitbot_vision) by extension 'colcon_meta'
[0.522s] Level 1:colcon.colcon_core.package_identification:_identify(src/rmitbot_vision) by extensions ['ros']
[0.522s] Level 1:colcon.colcon_core.package_identification:_identify(src/rmitbot_vision) by extension 'ros'
[0.522s] DEBUG:colcon.colcon_core.package_identification:Package 'src/rmitbot_vision' with type 'ros.ament_cmake' and name 'rmitbot_vision'
[0.522s] Level 1:colcon.colcon_core.package_discovery:discover_packages(recursive) using defaults
[0.522s] Level 1:colcon.colcon_core.package_discovery:discover_packages(ignore) discover
[0.522s] Level 1:colcon.colcon_core.package_discovery:discover_packages(ignore) using defaults
[0.522s] Level 1:colcon.colcon_core.package_discovery:discover_packages(path) discover
[0.523s] Level 1:colcon.colcon_core.package_discovery:discover_packages(path) using defaults
[0.542s] Level 1:colcon.colcon_core.package_discovery:discover_packages(prefix_path) check parameters
[0.542s] Level 1:colcon.colcon_core.package_discovery:discover_packages(prefix_path) discover
[0.549s] DEBUG:colcon.colcon_installed_package_information.package_discovery:Found 260 installed packages in /opt/ros/jazzy
[0.550s] Level 1:colcon.colcon_core.package_discovery:discover_packages(prefix_path) using defaults
[0.611s] Level 5:colcon.colcon_core.verb:set package 'rmitbot_bringup' build argument 'cmake_args' from command line to 'None'
[0.611s] Level 5:colcon.colcon_core.verb:set package 'rmitbot_bringup' build argument 'cmake_target' from command line to 'None'
[0.611s] Level 5:colcon.colcon_core.verb:set package 'rmitbot_bringup' build argument 'cmake_target_skip_unavailable' from command line to 'False'
[0.611s] Level 5:colcon.colcon_core.verb:set package 'rmitbot_bringup' build argument 'cmake_clean_cache' from command line to 'False'
[0.611s] Level 5:colcon.colcon_core.verb:set package 'rmitbot_bringup' build argument 'cmake_clean_first' from command line to 'False'
[0.611s] Level 5:colcon.colcon_core.verb:set package 'rmitbot_bringup' build argument 'cmake_force_configure' from command line to 'False'
[0.611s] Level 5:colcon.colcon_core.verb:set package 'rmitbot_bringup' build argument 'meson_args' from command line to '[]'
[0.612s] Level 5:colcon.colcon_core.verb:set package 'rmitbot_bringup' build argument 'ament_cmake_args' from command line to 'None'
[0.612s] Level 5:colcon.colcon_core.verb:set package 'rmitbot_bringup' build argument 'catkin_cmake_args' from command line to 'None'
[0.612s] Level 5:colcon.colcon_core.verb:set package 'rmitbot_bringup' build argument 'catkin_skip_building_tests' from command line to 'False'
[0.612s] DEBUG:colcon.colcon_core.verb:Building package 'rmitbot_bringup' with the following arguments: {'ament_cmake_args': None, 'build_base': '/home/terra/newtest/rmit_ros2_ws/build/rmitbot_bringup', 'catkin_cmake_args': None, 'catkin_skip_building_tests': False, 'cmake_args': None, 'cmake_clean_cache': False, 'cmake_clean_first': False, 'cmake_force_configure': False, 'cmake_target': None, 'cmake_target_skip_unavailable': False, 'install_base': '/home/terra/newtest/rmit_ros2_ws/install/rmitbot_bringup', 'merge_install': False, 'meson_args': [], 'path': '/home/terra/newtest/rmit_ros2_ws/src/rmitbot_bringup', 'symlink_install': False, 'test_result_base': None}
[0.624s] Level 5:colcon.colcon_core.verb:set package 'rmitbot_controller' build argument 'cmake_args' from command line to 'None'
[0.625s] Level 5:colcon.colcon_core.verb:set package 'rmitbot_controller' build argument 'cmake_target' from command line to 'None'
[0.625s] Level 5:colcon.colcon_core.verb:set package 'rmitbot_controller' build argument 'cmake_target_skip_unavailable' from command line to 'False'
[0.625s] Level 5:colcon.colcon_core.verb:set package 'rmitbot_controller' build argument 'cmake_clean_cache' from command line to 'False'
[0.625s] Level 5:colcon.colcon_core.verb:set package 'rmitbot_controller' build argument 'cmake_clean_first' from command line to 'False'
[0.625s] Level 5:colcon.colcon_core.verb:set package 'rmitbot_controller' build argument 'cmake_force_configure' from command line to 'False'
[0.625s] Level 5:colcon.colcon_core.verb:set package 'rmitbot_controller' build argument 'meson_args' from command line to '[]'
[0.625s] Level 5:colcon.colcon_core.verb:set package 'rmitbot_controller' build argument 'ament_cmake_args' from command line to 'None'
[0.625s] Level 5:colcon.colcon_core.verb:set package 'rmitbot_controller' build argument 'catkin_cmake_args' from command line to 'None'
[0.625s] Level 5:colcon.colcon_core.verb:set package 'rmitbot_controller' build argument 'catkin_skip_building_tests' from command line to 'False'
[0.625s] DEBUG:colcon.colcon_core.verb:Building package 'rmitbot_controller' with the following arguments: {'ament_cmake_args': None, 'build_base': '/home/terra/newtest/rmit_ros2_ws/build/rmitbot_controller', 'catkin_cmake_args': None, 'catkin_skip_building_tests': False, 'cmake_args': None, 'cmake_clean_cache': False, 'cmake_clean_first': False, 'cmake_force_configure': False, 'cmake_target': None, 'cmake_target_skip_unavailable': False, 'install_base': '/home/terra/newtest/rmit_ros2_ws/install/rmitbot_controller', 'merge_install': False, 'meson_args': [], 'path': '/home/terra/newtest/rmit_ros2_ws/src/rmitbot_controller', 'symlink_install': False, 'test_result_base': None}
[0.637s] Level 5:colcon.colcon_core.verb:set package 'rmitbot_description' build argument 'cmake_args' from command line to 'None'
[0.637s] Level 5:colcon.colcon_core.verb:set package 'rmitbot_description' build argument 'cmake_target' from command line to 'None'
[0.637s] Level 5:colcon.colcon_core.verb:set package 'rmitbot_description' build argument 'cmake_target_skip_unavailable' from command line to 'False'
[0.638s] Level 5:colcon.colcon_core.verb:set package 'rmitbot_description' build argument 'cmake_clean_cache' from command line to 'False'
[0.638s] Level 5:colcon.colcon_core.verb:set package 'rmitbot_description' build argument 'cmake_clean_first' from command line to 'False'
[0.638s] Level 5:colcon.colcon_core.verb:set package 'rmitbot_description' build argument 'cmake_force_configure' from command line to 'False'
[0.638s] Level 5:colcon.colcon_core.verb:set package 'rmitbot_description' build argument 'meson_args' from command line to '[]'
[0.638s] Level 5:colcon.colcon_core.verb:set package 'rmitbot_description' build argument 'ament_cmake_args' from command line to 'None'
[0.638s] Level 5:colcon.colcon_core.verb:set package 'rmitbot_description' build argument 'catkin_cmake_args' from command line to 'None'
[0.638s] Level 5:colcon.colcon_core.verb:set package 'rmitbot_description' build argument 'catkin_skip_building_tests' from command line to 'False'
[0.638s] DEBUG:colcon.colcon_core.verb:Building package 'rmitbot_description' with the following arguments: {'ament_cmake_args': None, 'build_base': '/home/terra/newtest/rmit_ros2_ws/build/rmitbot_description', 'catkin_cmake_args': None, 'catkin_skip_building_tests': False, 'cmake_args': None, 'cmake_clean_cache': False, 'cmake_clean_first': False, 'cmake_force_configure': False, 'cmake_target': None, 'cmake_target_skip_unavailable': False, 'install_base': '/home/terra/newtest/rmit_ros2_ws/install/rmitbot_description', 'merge_install': False, 'meson_args': [], 'path': '/home/terra/newtest/rmit_ros2_ws/src/rmitbot_description', 'symlink_install': False, 'test_result_base': None}
[0.650s] Level 5:colcon.colcon_core.verb:set package 'rmitbot_firmware' build argument 'cmake_args' from command line to 'None'
[0.650s] Level 5:colcon.colcon_core.verb:set package 'rmitbot_firmware' build argument 'cmake_target' from command line to 'None'
[0.650s] Level 5:colcon.colcon_core.verb:set package 'rmitbot_firmware' build argument 'cmake_target_skip_unavailable' from command line to 'False'
[0.650s] Level 5:colcon.colcon_core.verb:set package 'rmitbot_firmware' build argument 'cmake_clean_cache' from command line to 'False'
[0.650s] Level 5:colcon.colcon_core.verb:set package 'rmitbot_firmware' build argument 'cmake_clean_first' from command line to 'False'
[0.650s] Level 5:colcon.colcon_core.verb:set package 'rmitbot_firmware' build argument 'cmake_force_configure' from command line to 'False'
[0.650s] Level 5:colcon.colcon_core.verb:set package 'rmitbot_firmware' build argument 'meson_args' from command line to '[]'
[0.650s] Level 5:colcon.colcon_core.verb:set package 'rmitbot_firmware' build argument 'ament_cmake_args' from command line to 'None'
[0.650s] Level 5:colcon.colcon_core.verb:set package 'rmitbot_firmware' build argument 'catkin_cmake_args' from command line to 'None'
[0.650s] Level 5:colcon.colcon_core.verb:set package 'rmitbot_firmware' build argument 'catkin_skip_building_tests' from command line to 'False'
[0.651s] DEBUG:colcon.colcon_core.verb:Building package 'rmitbot_firmware' with the following arguments: {'ament_cmake_args': None, 'build_base': '/home/terra/newtest/rmit_ros2_ws/build/rmitbot_firmware', 'catkin_cmake_args': None, 'catkin_skip_building_tests': False, 'cmake_args': None, 'cmake_clean_cache': False, 'cmake_clean_first': False, 'cmake_force_configure': False, 'cmake_target': None, 'cmake_target_skip_unavailable': False, 'install_base': '/home/terra/newtest/rmit_ros2_ws/install/rmitbot_firmware', 'merge_install': False, 'meson_args': [], 'path': '/home/terra/newtest/rmit_ros2_ws/src/rmitbot_firmware', 'symlink_install': False, 'test_result_base': None}
[0.663s] Level 5:colcon.colcon_core.verb:set package 'rmitbot_localization' build argument 'cmake_args' from command line to 'None'
[0.663s] Level 5:colcon.colcon_core.verb:set package 'rmitbot_localization' build argument 'cmake_target' from command line to 'None'
[0.663s] Level 5:colcon.colcon_core.verb:set package 'rmitbot_localization' build argument 'cmake_target_skip_unavailable' from command line to 'False'
[0.663s] Level 5:colcon.colcon_core.verb:set package 'rmitbot_localization' build argument 'cmake_clean_cache' from command line to 'False'
[0.663s] Level 5:colcon.colcon_core.verb:set package 'rmitbot_localization' build argument 'cmake_clean_first' from command line to 'False'
[0.663s] Level 5:colcon.colcon_core.verb:set package 'rmitbot_localization' build argument 'cmake_force_configure' from command line to 'False'
[0.663s] Level 5:colcon.colcon_core.verb:set package 'rmitbot_localization' build argument 'meson_args' from command line to '[]'
[0.663s] Level 5:colcon.colcon_core.verb:set package 'rmitbot_localization' build argument 'ament_cmake_args' from command line to 'None'
[0.663s] Level 5:colcon.colcon_core.verb:set package 'rmitbot_localization' build argument 'catkin_cmake_args' from command line to 'None'
[0.663s] Level 5:colcon.colcon_core.verb:set package 'rmitbot_localization' build argument 'catkin_skip_building_tests' from command line to 'False'
[0.663s] DEBUG:colcon.colcon_core.verb:Building package 'rmitbot_localization' with the following arguments: {'ament_cmake_args': None, 'build_base': '/home/terra/newtest/rmit_ros2_ws/build/rmitbot_localization', 'catkin_cmake_args': None, 'catkin_skip_building_tests': False, 'cmake_args': None, 'cmake_clean_cache': False, 'cmake_clean_first': False, 'cmake_force_configure': False, 'cmake_target': None, 'cmake_target_skip_unavailable': False, 'install_base': '/home/terra/newtest/rmit_ros2_ws/install/rmitbot_localization', 'merge_install': False, 'meson_args': [], 'path': '/home/terra/newtest/rmit_ros2_ws/src/rmitbot_localization', 'symlink_install': False, 'test_result_base': None}
[0.678s] Level 5:colcon.colcon_core.verb:set package 'rmitbot_mapping' build argument 'cmake_args' from command line to 'None'
[0.678s] Level 5:colcon.colcon_core.verb:set package 'rmitbot_mapping' build argument 'cmake_target' from command line to 'None'
[0.678s] Level 5:colcon.colcon_core.verb:set package 'rmitbot_mapping' build argument 'cmake_target_skip_unavailable' from command line to 'False'
[0.678s] Level 5:colcon.colcon_core.verb:set package 'rmitbot_mapping' build argument 'cmake_clean_cache' from command line to 'False'
[0.678s] Level 5:colcon.colcon_core.verb:set package 'rmitbot_mapping' build argument 'cmake_clean_first' from command line to 'False'
[0.678s] Level 5:colcon.colcon_core.verb:set package 'rmitbot_mapping' build argument 'cmake_force_configure' from command line to 'False'
[0.678s] Level 5:colcon.colcon_core.verb:set package 'rmitbot_mapping' build argument 'meson_args' from command line to '[]'
[0.678s] Level 5:colcon.colcon_core.verb:set package 'rmitbot_mapping' build argument 'ament_cmake_args' from command line to 'None'
[0.678s] Level 5:colcon.colcon_core.verb:set package 'rmitbot_mapping' build argument 'catkin_cmake_args' from command line to 'None'
[0.678s] Level 5:colcon.colcon_core.verb:set package 'rmitbot_mapping' build argument 'catkin_skip_building_tests' from command line to 'False'
[0.678s] DEBUG:colcon.colcon_core.verb:Building package 'rmitbot_mapping' with the following arguments: {'ament_cmake_args': None, 'build_base': '/home/terra/newtest/rmit_ros2_ws/build/rmitbot_mapping', 'catkin_cmake_args': None, 'catkin_skip_building_tests': False, 'cmake_args': None, 'cmake_clean_cache': False, 'cmake_clean_first': False, 'cmake_force_configure': False, 'cmake_target': None, 'cmake_target_skip_unavailable': False, 'install_base': '/home/terra/newtest/rmit_ros2_ws/install/rmitbot_mapping', 'merge_install': False, 'meson_args': [], 'path': '/home/terra/newtest/rmit_ros2_ws/src/rmitbot_mapping', 'symlink_install': False, 'test_result_base': None}
[0.691s] Level 5:colcon.colcon_core.verb:set package 'rmitbot_navigation' build argument 'cmake_args' from command line to 'None'
[0.691s] Level 5:colcon.colcon_core.verb:set package 'rmitbot_navigation' build argument 'cmake_target' from command line to 'None'
[0.691s] Level 5:colcon.colcon_core.verb:set package 'rmitbot_navigation' build argument 'cmake_target_skip_unavailable' from command line to 'False'
[0.691s] Level 5:colcon.colcon_core.verb:set package 'rmitbot_navigation' build argument 'cmake_clean_cache' from command line to 'False'
[0.691s] Level 5:colcon.colcon_core.verb:set package 'rmitbot_navigation' build argument 'cmake_clean_first' from command line to 'False'
[0.691s] Level 5:colcon.colcon_core.verb:set package 'rmitbot_navigation' build argument 'cmake_force_configure' from command line to 'False'
[0.691s] Level 5:colcon.colcon_core.verb:set package 'rmitbot_navigation' build argument 'meson_args' from command line to '[]'
[0.691s] Level 5:colcon.colcon_core.verb:set package 'rmitbot_navigation' build argument 'ament_cmake_args' from command line to 'None'
[0.691s] Level 5:colcon.colcon_core.verb:set package 'rmitbot_navigation' build argument 'catkin_cmake_args' from command line to 'None'
[0.691s] Level 5:colcon.colcon_core.verb:set package 'rmitbot_navigation' build argument 'catkin_skip_building_tests' from command line to 'False'
[0.691s] DEBUG:colcon.colcon_core.verb:Building package 'rmitbot_navigation' with the following arguments: {'ament_cmake_args': None, 'build_base': '/home/terra/newtest/rmit_ros2_ws/build/rmitbot_navigation', 'catkin_cmake_args': None, 'catkin_skip_building_tests': False, 'cmake_args': None, 'cmake_clean_cache': False, 'cmake_clean_first': False, 'cmake_force_configure': False, 'cmake_target': None, 'cmake_target_skip_unavailable': False, 'install_base': '/home/terra/newtest/rmit_ros2_ws/install/rmitbot_navigation', 'merge_install': False, 'meson_args': [], 'path': '/home/terra/newtest/rmit_ros2_ws/src/rmitbot_navigation', 'symlink_install': False, 'test_result_base': None}
[0.704s] Level 5:colcon.colcon_core.verb:set package 'rmitbot_vision' build argument 'cmake_args' from command line to 'None'
[0.704s] Level 5:colcon.colcon_core.verb:set package 'rmitbot_vision' build argument 'cmake_target' from command line to 'None'
[0.704s] Level 5:colcon.colcon_core.verb:set package 'rmitbot_vision' build argument 'cmake_target_skip_unavailable' from command line to 'False'
[0.704s] Level 5:colcon.colcon_core.verb:set package 'rmitbot_vision' build argument 'cmake_clean_cache' from command line to 'False'
[0.704s] Level 5:colcon.colcon_core.verb:set package 'rmitbot_vision' build argument 'cmake_clean_first' from command line to 'False'
[0.704s] Level 5:colcon.colcon_core.verb:set package 'rmitbot_vision' build argument 'cmake_force_configure' from command line to 'False'
[0.704s] Level 5:colcon.colcon_core.verb:set package 'rmitbot_vision' build argument 'meson_args' from command line to '[]'
[0.704s] Level 5:colcon.colcon_core.verb:set package 'rmitbot_vision' build argument 'ament_cmake_args' from command line to 'None'
[0.704s] Level 5:colcon.colcon_core.verb:set package 'rmitbot_vision' build argument 'catkin_cmake_args' from command line to 'None'
[0.704s] Level 5:colcon.colcon_core.verb:set package 'rmitbot_vision' build argument 'catkin_skip_building_tests' from command line to 'False'
[0.704s] DEBUG:colcon.colcon_core.verb:Building package 'rmitbot_vision' with the following arguments: {'ament_cmake_args': None, 'build_base': '/home/terra/newtest/rmit_ros2_ws/build/rmitbot_vision', 'catkin_cmake_args': None, 'catkin_skip_building_tests': False, 'cmake_args': None, 'cmake_clean_cache': False, 'cmake_clean_first': False, 'cmake_force_configure': False, 'cmake_target': None, 'cmake_target_skip_unavailable': False, 'install_base': '/home/terra/newtest/rmit_ros2_ws/install/rmitbot_vision', 'merge_install': False, 'meson_args': [], 'path': '/home/terra/newtest/rmit_ros2_ws/src/rmitbot_vision', 'symlink_install': False, 'test_result_base': None}
[0.704s] INFO:colcon.colcon_core.executor:Executing jobs using 'parallel' executor
[0.706s] DEBUG:colcon.colcon_parallel_executor.executor.parallel:run_until_complete
[0.706s] INFO:colcon.colcon_ros.task.ament_cmake.build:Building ROS package in '/home/terra/newtest/rmit_ros2_ws/src/rmitbot_bringup' with build type 'ament_cmake'
[0.706s] INFO:colcon.colcon_cmake.task.cmake.build:Building CMake package in '/home/terra/newtest/rmit_ros2_ws/src/rmitbot_bringup'
[0.709s] INFO:colcon.colcon_core.plugin_system:Skipping extension 'colcon_core.shell.bat': Not used on non-Windows systems
[0.709s] INFO:colcon.colcon_core.shell:Skip shell extension 'powershell' for command environment: Not usable outside of PowerShell
[0.709s] DEBUG:colcon.colcon_core.shell:Skip shell extension 'dsv' for command environment
[0.713s] INFO:colcon.colcon_ros.task.ament_cmake.build:Building ROS package in '/home/terra/newtest/rmit_ros2_ws/src/rmitbot_controller' with build type 'ament_cmake'
[0.713s] INFO:colcon.colcon_cmake.task.cmake.build:Building CMake package in '/home/terra/newtest/rmit_ros2_ws/src/rmitbot_controller'
[0.713s] INFO:colcon.colcon_core.shell:Skip shell extension 'powershell' for command environment: Not usable outside of PowerShell
[0.713s] DEBUG:colcon.colcon_core.shell:Skip shell extension 'dsv' for command environment
[0.717s] INFO:colcon.colcon_ros.task.ament_cmake.build:Building ROS package in '/home/terra/newtest/rmit_ros2_ws/src/rmitbot_description' with build type 'ament_cmake'
[0.717s] INFO:colcon.colcon_cmake.task.cmake.build:Building CMake package in '/home/terra/newtest/rmit_ros2_ws/src/rmitbot_description'
[0.718s] INFO:colcon.colcon_core.shell:Skip shell extension 'powershell' for command environment: Not usable outside of PowerShell
[0.718s] DEBUG:colcon.colcon_core.shell:Skip shell extension 'dsv' for command environment
[0.722s] INFO:colcon.colcon_ros.task.ament_cmake.build:Building ROS package in '/home/terra/newtest/rmit_ros2_ws/src/rmitbot_firmware' with build type 'ament_cmake'
[0.722s] INFO:colcon.colcon_cmake.task.cmake.build:Building CMake package in '/home/terra/newtest/rmit_ros2_ws/src/rmitbot_firmware'
[0.722s] INFO:colcon.colcon_core.shell:Skip shell extension 'powershell' for command environment: Not usable outside of PowerShell
[0.722s] DEBUG:colcon.colcon_core.shell:Skip shell extension 'dsv' for command environment
[0.731s] DEBUG:colcon.colcon_core.event_handler.log_command:Invoking command in '/home/terra/newtest/rmit_ros2_ws/build/rmitbot_bringup': CMAKE_PREFIX_PATH=${CMAKE_PREFIX_PATH}:/opt/ros/jazzy /usr/bin/cmake /home/terra/newtest/rmit_ros2_ws/src/rmitbot_bringup -DCMAKE_INSTALL_PREFIX=/home/terra/newtest/rmit_ros2_ws/install/rmitbot_bringup
[0.734s] DEBUG:colcon.colcon_core.event_handler.log_command:Invoking command in '/home/terra/newtest/rmit_ros2_ws/build/rmitbot_controller': CMAKE_PREFIX_PATH=${CMAKE_PREFIX_PATH}:/opt/ros/jazzy /usr/bin/cmake /home/terra/newtest/rmit_ros2_ws/src/rmitbot_controller -DCMAKE_INSTALL_PREFIX=/home/terra/newtest/rmit_ros2_ws/install/rmitbot_controller
[0.737s] DEBUG:colcon.colcon_core.event_handler.log_command:Invoking command in '/home/terra/newtest/rmit_ros2_ws/build/rmitbot_description': CMAKE_PREFIX_PATH=${CMAKE_PREFIX_PATH}:/opt/ros/jazzy /usr/bin/cmake /home/terra/newtest/rmit_ros2_ws/src/rmitbot_description -DCMAKE_INSTALL_PREFIX=/home/terra/newtest/rmit_ros2_ws/install/rmitbot_description
[0.752s] DEBUG:colcon.colcon_core.event_handler.log_command:Invoking command in '/home/terra/newtest/rmit_ros2_ws/build/rmitbot_firmware': CMAKE_PREFIX_PATH=${CMAKE_PREFIX_PATH}:/opt/ros/jazzy /usr/bin/cmake /home/terra/newtest/rmit_ros2_ws/src/rmitbot_firmware -DCMAKE_INSTALL_PREFIX=/home/terra/newtest/rmit_ros2_ws/install/rmitbot_firmware
[3.353s] DEBUG:colcon.colcon_core.event_handler.log_command:Invoked command in '/home/terra/newtest/rmit_ros2_ws/build/rmitbot_description' returned '0': CMAKE_PREFIX_PATH=${CMAKE_PREFIX_PATH}:/opt/ros/jazzy /usr/bin/cmake /home/terra/newtest/rmit_ros2_ws/src/rmitbot_description -DCMAKE_INSTALL_PREFIX=/home/terra/newtest/rmit_ros2_ws/install/rmitbot_description
[3.354s] DEBUG:colcon.colcon_core.event_handler.log_command:Invoking command in '/home/terra/newtest/rmit_ros2_ws/build/rmitbot_description': CMAKE_PREFIX_PATH=${CMAKE_PREFIX_PATH}:/opt/ros/jazzy /usr/bin/cmake --build /home/terra/newtest/rmit_ros2_ws/build/rmitbot_description -- -j4 -l4
[3.356s] DEBUG:colcon.colcon_core.event_handler.log_command:Invoked command in '/home/terra/newtest/rmit_ros2_ws/build/rmitbot_controller' returned '0': CMAKE_PREFIX_PATH=${CMAKE_PREFIX_PATH}:/opt/ros/jazzy /usr/bin/cmake /home/terra/newtest/rmit_ros2_ws/src/rmitbot_controller -DCMAKE_INSTALL_PREFIX=/home/terra/newtest/rmit_ros2_ws/install/rmitbot_controller
[3.358s] DEBUG:colcon.colcon_core.event_handler.log_command:Invoking command in '/home/terra/newtest/rmit_ros2_ws/build/rmitbot_controller': CMAKE_PREFIX_PATH=${CMAKE_PREFIX_PATH}:/opt/ros/jazzy /usr/bin/cmake --build /home/terra/newtest/rmit_ros2_ws/build/rmitbot_controller -- -j4 -l4
[3.359s] DEBUG:colcon.colcon_core.event_handler.log_command:Invoked command in '/home/terra/newtest/rmit_ros2_ws/build/rmitbot_bringup' returned '0': CMAKE_PREFIX_PATH=${CMAKE_PREFIX_PATH}:/opt/ros/jazzy /usr/bin/cmake /home/terra/newtest/rmit_ros2_ws/src/rmitbot_bringup -DCMAKE_INSTALL_PREFIX=/home/terra/newtest/rmit_ros2_ws/install/rmitbot_bringup
[3.360s] DEBUG:colcon.colcon_core.event_handler.log_command:Invoking command in '/home/terra/newtest/rmit_ros2_ws/build/rmitbot_bringup': CMAKE_PREFIX_PATH=${CMAKE_PREFIX_PATH}:/opt/ros/jazzy /usr/bin/cmake --build /home/terra/newtest/rmit_ros2_ws/build/rmitbot_bringup -- -j4 -l4
[3.437s] DEBUG:colcon.colcon_core.event_handler.log_command:Invoked command in '/home/terra/newtest/rmit_ros2_ws/build/rmitbot_controller' returned '0': CMAKE_PREFIX_PATH=${CMAKE_PREFIX_PATH}:/opt/ros/jazzy /usr/bin/cmake --build /home/terra/newtest/rmit_ros2_ws/build/rmitbot_controller -- -j4 -l4
[3.454s] DEBUG:colcon.colcon_core.event_handler.log_command:Invoking command in '/home/terra/newtest/rmit_ros2_ws/build/rmitbot_controller': CMAKE_PREFIX_PATH=${CMAKE_PREFIX_PATH}:/opt/ros/jazzy /usr/bin/cmake --install /home/terra/newtest/rmit_ros2_ws/build/rmitbot_controller
[3.455s] DEBUG:colcon.colcon_core.event_handler.log_command:Invoked command in '/home/terra/newtest/rmit_ros2_ws/build/rmitbot_description' returned '0': CMAKE_PREFIX_PATH=${CMAKE_PREFIX_PATH}:/opt/ros/jazzy /usr/bin/cmake --build /home/terra/newtest/rmit_ros2_ws/build/rmitbot_description -- -j4 -l4
[3.457s] DEBUG:colcon.colcon_core.event_handler.log_command:Invoking command in '/home/terra/newtest/rmit_ros2_ws/build/rmitbot_description': CMAKE_PREFIX_PATH=${CMAKE_PREFIX_PATH}:/opt/ros/jazzy /usr/bin/cmake --install /home/terra/newtest/rmit_ros2_ws/build/rmitbot_description
[3.461s] DEBUG:colcon.colcon_core.event_handler.log_command:Invoked command in '/home/terra/newtest/rmit_ros2_ws/build/rmitbot_bringup' returned '0': CMAKE_PREFIX_PATH=${CMAKE_PREFIX_PATH}:/opt/ros/jazzy /usr/bin/cmake --build /home/terra/newtest/rmit_ros2_ws/build/rmitbot_bringup -- -j4 -l4
[3.462s] DEBUG:colcon.colcon_core.event_handler.log_command:Invoking command in '/home/terra/newtest/rmit_ros2_ws/build/rmitbot_bringup': CMAKE_PREFIX_PATH=${CMAKE_PREFIX_PATH}:/opt/ros/jazzy /usr/bin/cmake --install /home/terra/newtest/rmit_ros2_ws/build/rmitbot_bringup
[3.491s] Level 1:colcon.colcon_core.environment:create_environment_scripts_only(rmitbot_bringup)
[3.494s] DEBUG:colcon.colcon_core.event_handler.log_command:Invoked command in '/home/terra/newtest/rmit_ros2_ws/build/rmitbot_bringup' returned '0': CMAKE_PREFIX_PATH=${CMAKE_PREFIX_PATH}:/opt/ros/jazzy /usr/bin/cmake --install /home/terra/newtest/rmit_ros2_ws/build/rmitbot_bringup
[3.497s] Level 1:colcon.colcon_core.environment:checking '/home/terra/newtest/rmit_ros2_ws/install/rmitbot_bringup' for CMake module files
[3.498s] Level 1:colcon.colcon_core.environment:checking '/home/terra/newtest/rmit_ros2_ws/install/rmitbot_bringup' for CMake config files
[3.499s] Level 1:colcon.colcon_core.shell:create_environment_hook('rmitbot_bringup', 'cmake_prefix_path')
[3.499s] INFO:colcon.colcon_core.shell:Creating environment hook '/home/terra/newtest/rmit_ros2_ws/install/rmitbot_bringup/share/rmitbot_bringup/hook/cmake_prefix_path.ps1'
[3.500s] INFO:colcon.colcon_core.shell:Creating environment descriptor '/home/terra/newtest/rmit_ros2_ws/install/rmitbot_bringup/share/rmitbot_bringup/hook/cmake_prefix_path.dsv'
[3.501s] INFO:colcon.colcon_core.shell:Creating environment hook '/home/terra/newtest/rmit_ros2_ws/install/rmitbot_bringup/share/rmitbot_bringup/hook/cmake_prefix_path.sh'
[3.503s] Level 1:colcon.colcon_core.environment:checking '/home/terra/newtest/rmit_ros2_ws/install/rmitbot_bringup/bin'
[3.503s] Level 1:colcon.colcon_core.environment:checking '/home/terra/newtest/rmit_ros2_ws/install/rmitbot_bringup/lib/pkgconfig/rmitbot_bringup.pc'
[3.503s] Level 1:colcon.colcon_core.environment:checking '/home/terra/newtest/rmit_ros2_ws/install/rmitbot_bringup/lib/python3.12/site-packages'
[3.504s] Level 1:colcon.colcon_core.environment:checking '/home/terra/newtest/rmit_ros2_ws/install/rmitbot_bringup/bin'
[3.505s] INFO:colcon.colcon_core.shell:Creating package script '/home/terra/newtest/rmit_ros2_ws/install/rmitbot_bringup/share/rmitbot_bringup/package.ps1'
[3.507s] INFO:colcon.colcon_core.shell:Creating package descriptor '/home/terra/newtest/rmit_ros2_ws/install/rmitbot_bringup/share/rmitbot_bringup/package.dsv'
[3.508s] INFO:colcon.colcon_core.shell:Creating package script '/home/terra/newtest/rmit_ros2_ws/install/rmitbot_bringup/share/rmitbot_bringup/package.sh'
[3.509s] INFO:colcon.colcon_core.shell:Creating package script '/home/terra/newtest/rmit_ros2_ws/install/rmitbot_bringup/share/rmitbot_bringup/package.bash'
[3.510s] INFO:colcon.colcon_core.shell:Creating package script '/home/terra/newtest/rmit_ros2_ws/install/rmitbot_bringup/share/rmitbot_bringup/package.zsh'
[3.512s] Level 1:colcon.colcon_core.environment:create_file_with_runtime_dependencies(/home/terra/newtest/rmit_ros2_ws/install/rmitbot_bringup/share/colcon-core/packages/rmitbot_bringup)
[3.515s] Level 1:colcon.colcon_core.environment:create_environment_scripts_only(rmitbot_bringup)
[3.515s] Level 1:colcon.colcon_core.environment:checking '/home/terra/newtest/rmit_ros2_ws/install/rmitbot_bringup' for CMake module files
[3.517s] Level 1:colcon.colcon_core.environment:checking '/home/terra/newtest/rmit_ros2_ws/install/rmitbot_bringup' for CMake config files
[3.519s] Level 1:colcon.colcon_core.shell:create_environment_hook('rmitbot_bringup', 'cmake_prefix_path')
[3.520s] INFO:colcon.colcon_core.shell:Creating environment hook '/home/terra/newtest/rmit_ros2_ws/install/rmitbot_bringup/share/rmitbot_bringup/hook/cmake_prefix_path.ps1'
[3.521s] INFO:colcon.colcon_core.shell:Creating environment descriptor '/home/terra/newtest/rmit_ros2_ws/install/rmitbot_bringup/share/rmitbot_bringup/hook/cmake_prefix_path.dsv'
[3.521s] INFO:colcon.colcon_core.shell:Creating environment hook '/home/terra/newtest/rmit_ros2_ws/install/rmitbot_bringup/share/rmitbot_bringup/hook/cmake_prefix_path.sh'
[3.522s] Level 1:colcon.colcon_core.environment:checking '/home/terra/newtest/rmit_ros2_ws/install/rmitbot_bringup/bin'
[3.522s] Level 1:colcon.colcon_core.environment:checking '/home/terra/newtest/rmit_ros2_ws/install/rmitbot_bringup/lib/pkgconfig/rmitbot_bringup.pc'
[3.522s] Level 1:colcon.colcon_core.environment:checking '/home/terra/newtest/rmit_ros2_ws/install/rmitbot_bringup/lib/python3.12/site-packages'
[3.523s] Level 1:colcon.colcon_core.environment:checking '/home/terra/newtest/rmit_ros2_ws/install/rmitbot_bringup/bin'
[3.523s] INFO:colcon.colcon_core.shell:Creating package script '/home/terra/newtest/rmit_ros2_ws/install/rmitbot_bringup/share/rmitbot_bringup/package.ps1'
[3.524s] INFO:colcon.colcon_core.shell:Creating package descriptor '/home/terra/newtest/rmit_ros2_ws/install/rmitbot_bringup/share/rmitbot_bringup/package.dsv'
[3.524s] INFO:colcon.colcon_core.shell:Creating package script '/home/terra/newtest/rmit_ros2_ws/install/rmitbot_bringup/share/rmitbot_bringup/package.sh'
[3.526s] INFO:colcon.colcon_core.shell:Creating package script '/home/terra/newtest/rmit_ros2_ws/install/rmitbot_bringup/share/rmitbot_bringup/package.bash'
[3.526s] INFO:colcon.colcon_core.shell:Creating package script '/home/terra/newtest/rmit_ros2_ws/install/rmitbot_bringup/share/rmitbot_bringup/package.zsh'
[3.527s] Level 1:colcon.colcon_core.environment:create_file_with_runtime_dependencies(/home/terra/newtest/rmit_ros2_ws/install/rmitbot_bringup/share/colcon-core/packages/rmitbot_bringup)
[3.528s] Level 1:colcon.colcon_core.environment:create_environment_scripts_only(rmitbot_controller)
[3.528s] Level 1:colcon.colcon_core.environment:checking '/home/terra/newtest/rmit_ros2_ws/install/rmitbot_controller' for CMake module files
[3.529s] DEBUG:colcon.colcon_core.event_handler.log_command:Invoked command in '/home/terra/newtest/rmit_ros2_ws/build/rmitbot_controller' returned '0': CMAKE_PREFIX_PATH=${CMAKE_PREFIX_PATH}:/opt/ros/jazzy /usr/bin/cmake --install /home/terra/newtest/rmit_ros2_ws/build/rmitbot_controller
[3.530s] Level 1:colcon.colcon_core.environment:checking '/home/terra/newtest/rmit_ros2_ws/install/rmitbot_controller' for CMake config files
[3.530s] Level 1:colcon.colcon_core.shell:create_environment_hook('rmitbot_controller', 'cmake_prefix_path')
[3.530s] INFO:colcon.colcon_core.shell:Creating environment hook '/home/terra/newtest/rmit_ros2_ws/install/rmitbot_controller/share/rmitbot_controller/hook/cmake_prefix_path.ps1'
[3.531s] INFO:colcon.colcon_core.shell:Creating environment descriptor '/home/terra/newtest/rmit_ros2_ws/install/rmitbot_controller/share/rmitbot_controller/hook/cmake_prefix_path.dsv'
[3.531s] INFO:colcon.colcon_core.shell:Creating environment hook '/home/terra/newtest/rmit_ros2_ws/install/rmitbot_controller/share/rmitbot_controller/hook/cmake_prefix_path.sh'
[3.532s] Level 1:colcon.colcon_core.environment:checking '/home/terra/newtest/rmit_ros2_ws/install/rmitbot_controller/bin'
[3.532s] Level 1:colcon.colcon_core.environment:checking '/home/terra/newtest/rmit_ros2_ws/install/rmitbot_controller/lib/pkgconfig/rmitbot_controller.pc'
[3.532s] Level 1:colcon.colcon_core.environment:checking '/home/terra/newtest/rmit_ros2_ws/install/rmitbot_controller/lib/python3.12/site-packages'
[3.533s] Level 1:colcon.colcon_core.environment:checking '/home/terra/newtest/rmit_ros2_ws/install/rmitbot_controller/bin'
[3.533s] INFO:colcon.colcon_core.shell:Creating package script '/home/terra/newtest/rmit_ros2_ws/install/rmitbot_controller/share/rmitbot_controller/package.ps1'
[3.534s] INFO:colcon.colcon_core.shell:Creating package descriptor '/home/terra/newtest/rmit_ros2_ws/install/rmitbot_controller/share/rmitbot_controller/package.dsv'
[3.534s] INFO:colcon.colcon_core.shell:Creating package script '/home/terra/newtest/rmit_ros2_ws/install/rmitbot_controller/share/rmitbot_controller/package.sh'
[3.535s] INFO:colcon.colcon_core.shell:Creating package script '/home/terra/newtest/rmit_ros2_ws/install/rmitbot_controller/share/rmitbot_controller/package.bash'
[3.536s] INFO:colcon.colcon_core.shell:Creating package script '/home/terra/newtest/rmit_ros2_ws/install/rmitbot_controller/share/rmitbot_controller/package.zsh'
[3.536s] Level 1:colcon.colcon_core.environment:create_file_with_runtime_dependencies(/home/terra/newtest/rmit_ros2_ws/install/rmitbot_controller/share/colcon-core/packages/rmitbot_controller)
[3.537s] Level 1:colcon.colcon_core.environment:create_environment_scripts_only(rmitbot_controller)
[3.537s] Level 1:colcon.colcon_core.environment:checking '/home/terra/newtest/rmit_ros2_ws/install/rmitbot_controller' for CMake module files
[3.538s] Level 1:colcon.colcon_core.environment:checking '/home/terra/newtest/rmit_ros2_ws/install/rmitbot_controller' for CMake config files
[3.538s] Level 1:colcon.colcon_core.shell:create_environment_hook('rmitbot_controller', 'cmake_prefix_path')
[3.538s] INFO:colcon.colcon_core.shell:Creating environment hook '/home/terra/newtest/rmit_ros2_ws/install/rmitbot_controller/share/rmitbot_controller/hook/cmake_prefix_path.ps1'
[3.539s] INFO:colcon.colcon_core.shell:Creating environment descriptor '/home/terra/newtest/rmit_ros2_ws/install/rmitbot_controller/share/rmitbot_controller/hook/cmake_prefix_path.dsv'
[3.540s] INFO:colcon.colcon_core.shell:Creating environment hook '/home/terra/newtest/rmit_ros2_ws/install/rmitbot_controller/share/rmitbot_controller/hook/cmake_prefix_path.sh'
[3.541s] Level 1:colcon.colcon_core.environment:checking '/home/terra/newtest/rmit_ros2_ws/install/rmitbot_controller/bin'
[3.541s] Level 1:colcon.colcon_core.environment:checking '/home/terra/newtest/rmit_ros2_ws/install/rmitbot_controller/lib/pkgconfig/rmitbot_controller.pc'
[3.541s] Level 1:colcon.colcon_core.environment:checking '/home/terra/newtest/rmit_ros2_ws/install/rmitbot_controller/lib/python3.12/site-packages'
[3.542s] Level 1:colcon.colcon_core.environment:checking '/home/terra/newtest/rmit_ros2_ws/install/rmitbot_controller/bin'
[3.542s] INFO:colcon.colcon_core.shell:Creating package script '/home/terra/newtest/rmit_ros2_ws/install/rmitbot_controller/share/rmitbot_controller/package.ps1'
[3.543s] INFO:colcon.colcon_core.shell:Creating package descriptor '/home/terra/newtest/rmit_ros2_ws/install/rmitbot_controller/share/rmitbot_controller/package.dsv'
[3.543s] INFO:colcon.colcon_core.shell:Creating package script '/home/terra/newtest/rmit_ros2_ws/install/rmitbot_controller/share/rmitbot_controller/package.sh'
[3.544s] INFO:colcon.colcon_core.shell:Creating package script '/home/terra/newtest/rmit_ros2_ws/install/rmitbot_controller/share/rmitbot_controller/package.bash'
[3.584s] INFO:colcon.colcon_core.shell:Creating package script '/home/terra/newtest/rmit_ros2_ws/install/rmitbot_controller/share/rmitbot_controller/package.zsh'
[3.584s] Level 1:colcon.colcon_core.environment:create_file_with_runtime_dependencies(/home/terra/newtest/rmit_ros2_ws/install/rmitbot_controller/share/colcon-core/packages/rmitbot_controller)
[3.586s] INFO:colcon.colcon_ros.task.ament_cmake.build:Building ROS package in '/home/terra/newtest/rmit_ros2_ws/src/rmitbot_localization' with build type 'ament_cmake'
[3.586s] INFO:colcon.colcon_cmake.task.cmake.build:Building CMake package in '/home/terra/newtest/rmit_ros2_ws/src/rmitbot_localization'
[3.586s] INFO:colcon.colcon_core.shell:Skip shell extension 'powershell' for command environment: Not usable outside of PowerShell
[3.586s] DEBUG:colcon.colcon_core.shell:Skip shell extension 'dsv' for command environment
[3.591s] INFO:colcon.colcon_ros.task.ament_cmake.build:Building ROS package in '/home/terra/newtest/rmit_ros2_ws/src/rmitbot_mapping' with build type 'ament_cmake'
[3.592s] INFO:colcon.colcon_cmake.task.cmake.build:Building CMake package in '/home/terra/newtest/rmit_ros2_ws/src/rmitbot_mapping'
[3.592s] INFO:colcon.colcon_core.shell:Skip shell extension 'powershell' for command environment: Not usable outside of PowerShell
[3.592s] DEBUG:colcon.colcon_core.shell:Skip shell extension 'dsv' for command environment
[3.598s] Level 1:colcon.colcon_core.environment:create_environment_scripts_only(rmitbot_description)
[3.598s] Level 1:colcon.colcon_core.environment:checking '/home/terra/newtest/rmit_ros2_ws/install/rmitbot_description' for CMake module files
[3.599s] DEBUG:colcon.colcon_core.event_handler.log_command:Invoked command in '/home/terra/newtest/rmit_ros2_ws/build/rmitbot_description' returned '0': CMAKE_PREFIX_PATH=${CMAKE_PREFIX_PATH}:/opt/ros/jazzy /usr/bin/cmake --install /home/terra/newtest/rmit_ros2_ws/build/rmitbot_description
[3.600s] Level 1:colcon.colcon_core.environment:checking '/home/terra/newtest/rmit_ros2_ws/install/rmitbot_description' for CMake config files
[3.600s] Level 1:colcon.colcon_core.shell:create_environment_hook('rmitbot_description', 'cmake_prefix_path')
[3.601s] INFO:colcon.colcon_core.shell:Creating environment hook '/home/terra/newtest/rmit_ros2_ws/install/rmitbot_description/share/rmitbot_description/hook/cmake_prefix_path.ps1'
[3.601s] INFO:colcon.colcon_core.shell:Creating environment descriptor '/home/terra/newtest/rmit_ros2_ws/install/rmitbot_description/share/rmitbot_description/hook/cmake_prefix_path.dsv'
[3.602s] INFO:colcon.colcon_core.shell:Creating environment hook '/home/terra/newtest/rmit_ros2_ws/install/rmitbot_description/share/rmitbot_description/hook/cmake_prefix_path.sh'
[3.602s] Level 1:colcon.colcon_core.environment:checking '/home/terra/newtest/rmit_ros2_ws/install/rmitbot_description/bin'
[3.602s] Level 1:colcon.colcon_core.environment:checking '/home/terra/newtest/rmit_ros2_ws/install/rmitbot_description/lib/pkgconfig/rmitbot_description.pc'
[3.603s] Level 1:colcon.colcon_core.environment:checking '/home/terra/newtest/rmit_ros2_ws/install/rmitbot_description/lib/python3.12/site-packages'
[3.603s] Level 1:colcon.colcon_core.environment:checking '/home/terra/newtest/rmit_ros2_ws/install/rmitbot_description/bin'
[3.603s] INFO:colcon.colcon_core.shell:Creating package script '/home/terra/newtest/rmit_ros2_ws/install/rmitbot_description/share/rmitbot_description/package.ps1'
[3.604s] INFO:colcon.colcon_core.shell:Creating package descriptor '/home/terra/newtest/rmit_ros2_ws/install/rmitbot_description/share/rmitbot_description/package.dsv'
[3.605s] INFO:colcon.colcon_core.shell:Creating package script '/home/terra/newtest/rmit_ros2_ws/install/rmitbot_description/share/rmitbot_description/package.sh'
[3.605s] INFO:colcon.colcon_core.shell:Creating package script '/home/terra/newtest/rmit_ros2_ws/install/rmitbot_description/share/rmitbot_description/package.bash'
[3.606s] INFO:colcon.colcon_core.shell:Creating package script '/home/terra/newtest/rmit_ros2_ws/install/rmitbot_description/share/rmitbot_description/package.zsh'
[3.606s] Level 1:colcon.colcon_core.environment:create_file_with_runtime_dependencies(/home/terra/newtest/rmit_ros2_ws/install/rmitbot_description/share/colcon-core/packages/rmitbot_description)
[3.607s] Level 1:colcon.colcon_core.environment:create_environment_scripts_only(rmitbot_description)
[3.607s] Level 1:colcon.colcon_core.environment:checking '/home/terra/newtest/rmit_ros2_ws/install/rmitbot_description' for CMake module files
[3.608s] Level 1:colcon.colcon_core.environment:checking '/home/terra/newtest/rmit_ros2_ws/install/rmitbot_description' for CMake config files
[3.608s] Level 1:colcon.colcon_core.shell:create_environment_hook('rmitbot_description', 'cmake_prefix_path')
[3.609s] INFO:colcon.colcon_core.shell:Creating environment hook '/home/terra/newtest/rmit_ros2_ws/install/rmitbot_description/share/rmitbot_description/hook/cmake_prefix_path.ps1'
[3.609s] INFO:colcon.colcon_core.shell:Creating environment descriptor '/home/terra/newtest/rmit_ros2_ws/install/rmitbot_description/share/rmitbot_description/hook/cmake_prefix_path.dsv'
[3.610s] INFO:colcon.colcon_core.shell:Creating environment hook '/home/terra/newtest/rmit_ros2_ws/install/rmitbot_description/share/rmitbot_description/hook/cmake_prefix_path.sh'
[3.611s] Level 1:colcon.colcon_core.environment:checking '/home/terra/newtest/rmit_ros2_ws/install/rmitbot_description/bin'
[3.611s] Level 1:colcon.colcon_core.environment:checking '/home/terra/newtest/rmit_ros2_ws/install/rmitbot_description/lib/pkgconfig/rmitbot_description.pc'
[3.611s] Level 1:colcon.colcon_core.environment:checking '/home/terra/newtest/rmit_ros2_ws/install/rmitbot_description/lib/python3.12/site-packages'
[3.612s] Level 1:colcon.colcon_core.environment:checking '/home/terra/newtest/rmit_ros2_ws/install/rmitbot_description/bin'
[3.612s] INFO:colcon.colcon_core.shell:Creating package script '/home/terra/newtest/rmit_ros2_ws/install/rmitbot_description/share/rmitbot_description/package.ps1'
[3.613s] INFO:colcon.colcon_core.shell:Creating package descriptor '/home/terra/newtest/rmit_ros2_ws/install/rmitbot_description/share/rmitbot_description/package.dsv'
[3.614s] INFO:colcon.colcon_core.shell:Creating package script '/home/terra/newtest/rmit_ros2_ws/install/rmitbot_description/share/rmitbot_description/package.sh'
[3.615s] INFO:colcon.colcon_core.shell:Creating package script '/home/terra/newtest/rmit_ros2_ws/install/rmitbot_description/share/rmitbot_description/package.bash'
[3.616s] INFO:colcon.colcon_core.shell:Creating package script '/home/terra/newtest/rmit_ros2_ws/install/rmitbot_description/share/rmitbot_description/package.zsh'
[3.618s] Level 1:colcon.colcon_core.environment:create_file_with_runtime_dependencies(/home/terra/newtest/rmit_ros2_ws/install/rmitbot_description/share/colcon-core/packages/rmitbot_description)
[3.620s] INFO:colcon.colcon_ros.task.ament_cmake.build:Building ROS package in '/home/terra/newtest/rmit_ros2_ws/src/rmitbot_navigation' with build type 'ament_cmake'
[3.620s] INFO:colcon.colcon_cmake.task.cmake.build:Building CMake package in '/home/terra/newtest/rmit_ros2_ws/src/rmitbot_navigation'
[3.620s] INFO:colcon.colcon_core.shell:Skip shell extension 'powershell' for command environment: Not usable outside of PowerShell
[3.620s] DEBUG:colcon.colcon_core.shell:Skip shell extension 'dsv' for command environment
[3.631s] DEBUG:colcon.colcon_core.event_handler.log_command:Invoking command in '/home/terra/newtest/rmit_ros2_ws/build/rmitbot_localization': CMAKE_PREFIX_PATH=${CMAKE_PREFIX_PATH}:/opt/ros/jazzy /usr/bin/cmake /home/terra/newtest/rmit_ros2_ws/src/rmitbot_localization -DCMAKE_INSTALL_PREFIX=/home/terra/newtest/rmit_ros2_ws/install/rmitbot_localization
[3.634s] DEBUG:colcon.colcon_core.event_handler.log_command:Invoking command in '/home/terra/newtest/rmit_ros2_ws/build/rmitbot_mapping': CMAKE_PREFIX_PATH=${CMAKE_PREFIX_PATH}:/opt/ros/jazzy /usr/bin/cmake /home/terra/newtest/rmit_ros2_ws/src/rmitbot_mapping -DCMAKE_INSTALL_PREFIX=/home/terra/newtest/rmit_ros2_ws/install/rmitbot_mapping
[3.639s] DEBUG:colcon.colcon_core.event_handler.log_command:Invoking command in '/home/terra/newtest/rmit_ros2_ws/build/rmitbot_navigation': CMAKE_PREFIX_PATH=${CMAKE_PREFIX_PATH}:/opt/ros/jazzy /usr/bin/cmake /home/terra/newtest/rmit_ros2_ws/src/rmitbot_navigation -DCMAKE_INSTALL_PREFIX=/home/terra/newtest/rmit_ros2_ws/install/rmitbot_navigation
[5.231s] DEBUG:colcon.colcon_core.event_handler.log_command:Invoked command in '/home/terra/newtest/rmit_ros2_ws/build/rmitbot_navigation' returned '0': CMAKE_PREFIX_PATH=${CMAKE_PREFIX_PATH}:/opt/ros/jazzy /usr/bin/cmake /home/terra/newtest/rmit_ros2_ws/src/rmitbot_navigation -DCMAKE_INSTALL_PREFIX=/home/terra/newtest/rmit_ros2_ws/install/rmitbot_navigation
[5.233s] DEBUG:colcon.colcon_core.event_handler.log_command:Invoking command in '/home/terra/newtest/rmit_ros2_ws/build/rmitbot_navigation': CMAKE_PREFIX_PATH=${CMAKE_PREFIX_PATH}:/opt/ros/jazzy /usr/bin/cmake --build /home/terra/newtest/rmit_ros2_ws/build/rmitbot_navigation -- -j4 -l4
[5.249s] DEBUG:colcon.colcon_core.event_handler.log_command:Invoked command in '/home/terra/newtest/rmit_ros2_ws/build/rmitbot_mapping' returned '0': CMAKE_PREFIX_PATH=${CMAKE_PREFIX_PATH}:/opt/ros/jazzy /usr/bin/cmake /home/terra/newtest/rmit_ros2_ws/src/rmitbot_mapping -DCMAKE_INSTALL_PREFIX=/home/terra/newtest/rmit_ros2_ws/install/rmitbot_mapping
[5.249s] DEBUG:colcon.colcon_core.event_handler.log_command:Invoking command in '/home/terra/newtest/rmit_ros2_ws/build/rmitbot_mapping': CMAKE_PREFIX_PATH=${CMAKE_PREFIX_PATH}:/opt/ros/jazzy /usr/bin/cmake --build /home/terra/newtest/rmit_ros2_ws/build/rmitbot_mapping -- -j4 -l4
[5.326s] DEBUG:colcon.colcon_core.event_handler.log_command:Invoked command in '/home/terra/newtest/rmit_ros2_ws/build/rmitbot_navigation' returned '0': CMAKE_PREFIX_PATH=${CMAKE_PREFIX_PATH}:/opt/ros/jazzy /usr/bin/cmake --build /home/terra/newtest/rmit_ros2_ws/build/rmitbot_navigation -- -j4 -l4
[5.327s] DEBUG:colcon.colcon_core.event_handler.log_command:Invoking command in '/home/terra/newtest/rmit_ros2_ws/build/rmitbot_navigation': CMAKE_PREFIX_PATH=${CMAKE_PREFIX_PATH}:/opt/ros/jazzy /usr/bin/cmake --install /home/terra/newtest/rmit_ros2_ws/build/rmitbot_navigation
[5.332s] DEBUG:colcon.colcon_core.event_handler.log_command:Invoked command in '/home/terra/newtest/rmit_ros2_ws/build/rmitbot_mapping' returned '0': CMAKE_PREFIX_PATH=${CMAKE_PREFIX_PATH}:/opt/ros/jazzy /usr/bin/cmake --build /home/terra/newtest/rmit_ros2_ws/build/rmitbot_mapping -- -j4 -l4
[5.334s] DEBUG:colcon.colcon_core.event_handler.log_command:Invoking command in '/home/terra/newtest/rmit_ros2_ws/build/rmitbot_mapping': CMAKE_PREFIX_PATH=${CMAKE_PREFIX_PATH}:/opt/ros/jazzy /usr/bin/cmake --install /home/terra/newtest/rmit_ros2_ws/build/rmitbot_mapping
[5.360s] Level 1:colcon.colcon_core.environment:create_environment_scripts_only(rmitbot_mapping)
[5.360s] Level 1:colcon.colcon_core.environment:checking '/home/terra/newtest/rmit_ros2_ws/install/rmitbot_mapping' for CMake module files
[5.363s] Level 1:colcon.colcon_core.environment:checking '/home/terra/newtest/rmit_ros2_ws/install/rmitbot_mapping' for CMake config files
[5.363s] Level 1:colcon.colcon_core.shell:create_environment_hook('rmitbot_mapping', 'cmake_prefix_path')
[5.364s] INFO:colcon.colcon_core.shell:Creating environment hook '/home/terra/newtest/rmit_ros2_ws/install/rmitbot_mapping/share/rmitbot_mapping/hook/cmake_prefix_path.ps1'
[5.365s] INFO:colcon.colcon_core.shell:Creating environment descriptor '/home/terra/newtest/rmit_ros2_ws/install/rmitbot_mapping/share/rmitbot_mapping/hook/cmake_prefix_path.dsv'
[5.367s] INFO:colcon.colcon_core.shell:Creating environment hook '/home/terra/newtest/rmit_ros2_ws/install/rmitbot_mapping/share/rmitbot_mapping/hook/cmake_prefix_path.sh'
[5.368s] DEBUG:colcon.colcon_core.event_handler.log_command:Invoked command in '/home/terra/newtest/rmit_ros2_ws/build/rmitbot_mapping' returned '0': CMAKE_PREFIX_PATH=${CMAKE_PREFIX_PATH}:/opt/ros/jazzy /usr/bin/cmake --install /home/terra/newtest/rmit_ros2_ws/build/rmitbot_mapping
[5.369s] Level 1:colcon.colcon_core.environment:checking '/home/terra/newtest/rmit_ros2_ws/install/rmitbot_mapping/bin'
[5.370s] Level 1:colcon.colcon_core.environment:checking '/home/terra/newtest/rmit_ros2_ws/install/rmitbot_mapping/lib/pkgconfig/rmitbot_mapping.pc'
[5.370s] Level 1:colcon.colcon_core.environment:checking '/home/terra/newtest/rmit_ros2_ws/install/rmitbot_mapping/lib/python3.12/site-packages'
[5.371s] Level 1:colcon.colcon_core.environment:checking '/home/terra/newtest/rmit_ros2_ws/install/rmitbot_mapping/bin'
[5.371s] INFO:colcon.colcon_core.shell:Creating package script '/home/terra/newtest/rmit_ros2_ws/install/rmitbot_mapping/share/rmitbot_mapping/package.ps1'
[5.372s] INFO:colcon.colcon_core.shell:Creating package descriptor '/home/terra/newtest/rmit_ros2_ws/install/rmitbot_mapping/share/rmitbot_mapping/package.dsv'
[5.373s] INFO:colcon.colcon_core.shell:Creating package script '/home/terra/newtest/rmit_ros2_ws/install/rmitbot_mapping/share/rmitbot_mapping/package.sh'
[5.373s] INFO:colcon.colcon_core.shell:Creating package script '/home/terra/newtest/rmit_ros2_ws/install/rmitbot_mapping/share/rmitbot_mapping/package.bash'
[5.374s] INFO:colcon.colcon_core.shell:Creating package script '/home/terra/newtest/rmit_ros2_ws/install/rmitbot_mapping/share/rmitbot_mapping/package.zsh'
[5.374s] Level 1:colcon.colcon_core.environment:create_file_with_runtime_dependencies(/home/terra/newtest/rmit_ros2_ws/install/rmitbot_mapping/share/colcon-core/packages/rmitbot_mapping)
[5.375s] Level 1:colcon.colcon_core.environment:create_environment_scripts_only(rmitbot_mapping)
[5.375s] Level 1:colcon.colcon_core.environment:checking '/home/terra/newtest/rmit_ros2_ws/install/rmitbot_mapping' for CMake module files
[5.376s] Level 1:colcon.colcon_core.environment:checking '/home/terra/newtest/rmit_ros2_ws/install/rmitbot_mapping' for CMake config files
[5.376s] Level 1:colcon.colcon_core.shell:create_environment_hook('rmitbot_mapping', 'cmake_prefix_path')
[5.377s] INFO:colcon.colcon_core.shell:Creating environment hook '/home/terra/newtest/rmit_ros2_ws/install/rmitbot_mapping/share/rmitbot_mapping/hook/cmake_prefix_path.ps1'
[5.377s] INFO:colcon.colcon_core.shell:Creating environment descriptor '/home/terra/newtest/rmit_ros2_ws/install/rmitbot_mapping/share/rmitbot_mapping/hook/cmake_prefix_path.dsv'
[5.378s] INFO:colcon.colcon_core.shell:Creating environment hook '/home/terra/newtest/rmit_ros2_ws/install/rmitbot_mapping/share/rmitbot_mapping/hook/cmake_prefix_path.sh'
[5.379s] Level 1:colcon.colcon_core.environment:checking '/home/terra/newtest/rmit_ros2_ws/install/rmitbot_mapping/bin'
[5.379s] Level 1:colcon.colcon_core.environment:checking '/home/terra/newtest/rmit_ros2_ws/install/rmitbot_mapping/lib/pkgconfig/rmitbot_mapping.pc'
[5.379s] Level 1:colcon.colcon_core.environment:checking '/home/terra/newtest/rmit_ros2_ws/install/rmitbot_mapping/lib/python3.12/site-packages'
[5.380s] Level 1:colcon.colcon_core.environment:checking '/home/terra/newtest/rmit_ros2_ws/install/rmitbot_mapping/bin'
[5.380s] INFO:colcon.colcon_core.shell:Creating package script '/home/terra/newtest/rmit_ros2_ws/install/rmitbot_mapping/share/rmitbot_mapping/package.ps1'
[5.381s] INFO:colcon.colcon_core.shell:Creating package descriptor '/home/terra/newtest/rmit_ros2_ws/install/rmitbot_mapping/share/rmitbot_mapping/package.dsv'
[5.385s] INFO:colcon.colcon_core.shell:Creating package script '/home/terra/newtest/rmit_ros2_ws/install/rmitbot_mapping/share/rmitbot_mapping/package.sh'
[5.385s] INFO:colcon.colcon_core.shell:Creating package script '/home/terra/newtest/rmit_ros2_ws/install/rmitbot_mapping/share/rmitbot_mapping/package.bash'
[5.386s] INFO:colcon.colcon_core.shell:Creating package script '/home/terra/newtest/rmit_ros2_ws/install/rmitbot_mapping/share/rmitbot_mapping/package.zsh'
[5.387s] Level 1:colcon.colcon_core.environment:create_file_with_runtime_dependencies(/home/terra/newtest/rmit_ros2_ws/install/rmitbot_mapping/share/colcon-core/packages/rmitbot_mapping)
[5.388s] INFO:colcon.colcon_ros.task.ament_cmake.build:Building ROS package in '/home/terra/newtest/rmit_ros2_ws/src/rmitbot_vision' with build type 'ament_cmake'
[5.389s] INFO:colcon.colcon_cmake.task.cmake.build:Building CMake package in '/home/terra/newtest/rmit_ros2_ws/src/rmitbot_vision'
[5.389s] INFO:colcon.colcon_core.shell:Skip shell extension 'powershell' for command environment: Not usable outside of PowerShell
[5.389s] DEBUG:colcon.colcon_core.shell:Skip shell extension 'dsv' for command environment
[5.394s] Level 1:colcon.colcon_core.environment:create_environment_scripts_only(rmitbot_navigation)
[5.394s] Level 1:colcon.colcon_core.environment:checking '/home/terra/newtest/rmit_ros2_ws/install/rmitbot_navigation' for CMake module files
[5.395s] Level 1:colcon.colcon_core.environment:checking '/home/terra/newtest/rmit_ros2_ws/install/rmitbot_navigation' for CMake config files
[5.396s] DEBUG:colcon.colcon_core.event_handler.log_command:Invoked command in '/home/terra/newtest/rmit_ros2_ws/build/rmitbot_navigation' returned '0': CMAKE_PREFIX_PATH=${CMAKE_PREFIX_PATH}:/opt/ros/jazzy /usr/bin/cmake --install /home/terra/newtest/rmit_ros2_ws/build/rmitbot_navigation
[5.396s] Level 1:colcon.colcon_core.shell:create_environment_hook('rmitbot_navigation', 'cmake_prefix_path')
[5.396s] INFO:colcon.colcon_core.shell:Creating environment hook '/home/terra/newtest/rmit_ros2_ws/install/rmitbot_navigation/share/rmitbot_navigation/hook/cmake_prefix_path.ps1'
[5.397s] INFO:colcon.colcon_core.shell:Creating environment descriptor '/home/terra/newtest/rmit_ros2_ws/install/rmitbot_navigation/share/rmitbot_navigation/hook/cmake_prefix_path.dsv'
[5.398s] INFO:colcon.colcon_core.shell:Creating environment hook '/home/terra/newtest/rmit_ros2_ws/install/rmitbot_navigation/share/rmitbot_navigation/hook/cmake_prefix_path.sh'
[5.398s] Level 1:colcon.colcon_core.environment:checking '/home/terra/newtest/rmit_ros2_ws/install/rmitbot_navigation/bin'
[5.398s] Level 1:colcon.colcon_core.environment:checking '/home/terra/newtest/rmit_ros2_ws/install/rmitbot_navigation/lib/pkgconfig/rmitbot_navigation.pc'
[5.399s] Level 1:colcon.colcon_core.environment:checking '/home/terra/newtest/rmit_ros2_ws/install/rmitbot_navigation/lib/python3.12/site-packages'
[5.399s] Level 1:colcon.colcon_core.environment:checking '/home/terra/newtest/rmit_ros2_ws/install/rmitbot_navigation/bin'
[5.400s] INFO:colcon.colcon_core.shell:Creating package script '/home/terra/newtest/rmit_ros2_ws/install/rmitbot_navigation/share/rmitbot_navigation/package.ps1'
[5.401s] INFO:colcon.colcon_core.shell:Creating package descriptor '/home/terra/newtest/rmit_ros2_ws/install/rmitbot_navigation/share/rmitbot_navigation/package.dsv'
[5.401s] INFO:colcon.colcon_core.shell:Creating package script '/home/terra/newtest/rmit_ros2_ws/install/rmitbot_navigation/share/rmitbot_navigation/package.sh'
[5.402s] INFO:colcon.colcon_core.shell:Creating package script '/home/terra/newtest/rmit_ros2_ws/install/rmitbot_navigation/share/rmitbot_navigation/package.bash'
[5.402s] INFO:colcon.colcon_core.shell:Creating package script '/home/terra/newtest/rmit_ros2_ws/install/rmitbot_navigation/share/rmitbot_navigation/package.zsh'
[5.403s] Level 1:colcon.colcon_core.environment:create_file_with_runtime_dependencies(/home/terra/newtest/rmit_ros2_ws/install/rmitbot_navigation/share/colcon-core/packages/rmitbot_navigation)
[5.404s] Level 1:colcon.colcon_core.environment:create_environment_scripts_only(rmitbot_navigation)
[5.404s] Level 1:colcon.colcon_core.environment:checking '/home/terra/newtest/rmit_ros2_ws/install/rmitbot_navigation' for CMake module files
[5.405s] Level 1:colcon.colcon_core.environment:checking '/home/terra/newtest/rmit_ros2_ws/install/rmitbot_navigation' for CMake config files
[5.405s] Level 1:colcon.colcon_core.shell:create_environment_hook('rmitbot_navigation', 'cmake_prefix_path')
[5.405s] INFO:colcon.colcon_core.shell:Creating environment hook '/home/terra/newtest/rmit_ros2_ws/install/rmitbot_navigation/share/rmitbot_navigation/hook/cmake_prefix_path.ps1'
[5.406s] INFO:colcon.colcon_core.shell:Creating environment descriptor '/home/terra/newtest/rmit_ros2_ws/install/rmitbot_navigation/share/rmitbot_navigation/hook/cmake_prefix_path.dsv'
[5.407s] INFO:colcon.colcon_core.shell:Creating environment hook '/home/terra/newtest/rmit_ros2_ws/install/rmitbot_navigation/share/rmitbot_navigation/hook/cmake_prefix_path.sh'
[5.408s] Level 1:colcon.colcon_core.environment:checking '/home/terra/newtest/rmit_ros2_ws/install/rmitbot_navigation/bin'
[5.408s] Level 1:colcon.colcon_core.environment:checking '/home/terra/newtest/rmit_ros2_ws/install/rmitbot_navigation/lib/pkgconfig/rmitbot_navigation.pc'
[5.408s] Level 1:colcon.colcon_core.environment:checking '/home/terra/newtest/rmit_ros2_ws/install/rmitbot_navigation/lib/python3.12/site-packages'
[5.409s] Level 1:colcon.colcon_core.environment:checking '/home/terra/newtest/rmit_ros2_ws/install/rmitbot_navigation/bin'
[5.409s] INFO:colcon.colcon_core.shell:Creating package script '/home/terra/newtest/rmit_ros2_ws/install/rmitbot_navigation/share/rmitbot_navigation/package.ps1'
[5.410s] INFO:colcon.colcon_core.shell:Creating package descriptor '/home/terra/newtest/rmit_ros2_ws/install/rmitbot_navigation/share/rmitbot_navigation/package.dsv'
[5.411s] INFO:colcon.colcon_core.shell:Creating package script '/home/terra/newtest/rmit_ros2_ws/install/rmitbot_navigation/share/rmitbot_navigation/package.sh'
[5.412s] INFO:colcon.colcon_core.shell:Creating package script '/home/terra/newtest/rmit_ros2_ws/install/rmitbot_navigation/share/rmitbot_navigation/package.bash'
[5.413s] INFO:colcon.colcon_core.shell:Creating package script '/home/terra/newtest/rmit_ros2_ws/install/rmitbot_navigation/share/rmitbot_navigation/package.zsh'
[5.413s] Level 1:colcon.colcon_core.environment:create_file_with_runtime_dependencies(/home/terra/newtest/rmit_ros2_ws/install/rmitbot_navigation/share/colcon-core/packages/rmitbot_navigation)
[5.418s] DEBUG:colcon.colcon_core.event_handler.log_command:Invoking command in '/home/terra/newtest/rmit_ros2_ws/build/rmitbot_vision': CMAKE_PREFIX_PATH=${CMAKE_PREFIX_PATH}:/opt/ros/jazzy /usr/bin/cmake /home/terra/newtest/rmit_ros2_ws/src/rmitbot_vision -DCMAKE_INSTALL_PREFIX=/home/terra/newtest/rmit_ros2_ws/install/rmitbot_vision
[5.666s] DEBUG:colcon.colcon_core.event_handler.log_command:Invoked command in '/home/terra/newtest/rmit_ros2_ws/build/rmitbot_firmware' returned '0': CMAKE_PREFIX_PATH=${CMAKE_PREFIX_PATH}:/opt/ros/jazzy /usr/bin/cmake /home/terra/newtest/rmit_ros2_ws/src/rmitbot_firmware -DCMAKE_INSTALL_PREFIX=/home/terra/newtest/rmit_ros2_ws/install/rmitbot_firmware
[5.669s] DEBUG:colcon.colcon_core.event_handler.log_command:Invoking command in '/home/terra/newtest/rmit_ros2_ws/build/rmitbot_firmware': CMAKE_PREFIX_PATH=${CMAKE_PREFIX_PATH}:/opt/ros/jazzy /usr/bin/cmake --build /home/terra/newtest/rmit_ros2_ws/build/rmitbot_firmware -- -j4 -l4
[5.790s] DEBUG:colcon.colcon_core.event_handler.log_command:Invoked command in '/home/terra/newtest/rmit_ros2_ws/build/rmitbot_localization' returned '0': CMAKE_PREFIX_PATH=${CMAKE_PREFIX_PATH}:/opt/ros/jazzy /usr/bin/cmake /home/terra/newtest/rmit_ros2_ws/src/rmitbot_localization -DCMAKE_INSTALL_PREFIX=/home/terra/newtest/rmit_ros2_ws/install/rmitbot_localization
[5.791s] DEBUG:colcon.colcon_core.event_handler.log_command:Invoking command in '/home/terra/newtest/rmit_ros2_ws/build/rmitbot_localization': CMAKE_PREFIX_PATH=${CMAKE_PREFIX_PATH}:/opt/ros/jazzy /usr/bin/cmake --build /home/terra/newtest/rmit_ros2_ws/build/rmitbot_localization -- -j4 -l4
[5.870s] DEBUG:colcon.colcon_core.event_handler.log_command:Invoked command in '/home/terra/newtest/rmit_ros2_ws/build/rmitbot_localization' returned '0': CMAKE_PREFIX_PATH=${CMAKE_PREFIX_PATH}:/opt/ros/jazzy /usr/bin/cmake --build /home/terra/newtest/rmit_ros2_ws/build/rmitbot_localization -- -j4 -l4
[5.872s] DEBUG:colcon.colcon_core.event_handler.log_command:Invoking command in '/home/terra/newtest/rmit_ros2_ws/build/rmitbot_localization': CMAKE_PREFIX_PATH=${CMAKE_PREFIX_PATH}:/opt/ros/jazzy /usr/bin/cmake --install /home/terra/newtest/rmit_ros2_ws/build/rmitbot_localization
[5.895s] Level 1:colcon.colcon_core.environment:create_environment_scripts_only(rmitbot_localization)
[5.895s] Level 1:colcon.colcon_core.environment:checking '/home/terra/newtest/rmit_ros2_ws/install/rmitbot_localization' for CMake module files
[5.896s] DEBUG:colcon.colcon_core.event_handler.log_command:Invoked command in '/home/terra/newtest/rmit_ros2_ws/build/rmitbot_localization' returned '0': CMAKE_PREFIX_PATH=${CMAKE_PREFIX_PATH}:/opt/ros/jazzy /usr/bin/cmake --install /home/terra/newtest/rmit_ros2_ws/build/rmitbot_localization
[5.896s] Level 1:colcon.colcon_core.environment:checking '/home/terra/newtest/rmit_ros2_ws/install/rmitbot_localization' for CMake config files
[5.896s] Level 1:colcon.colcon_core.shell:create_environment_hook('rmitbot_localization', 'cmake_prefix_path')
[5.897s] INFO:colcon.colcon_core.shell:Creating environment hook '/home/terra/newtest/rmit_ros2_ws/install/rmitbot_localization/share/rmitbot_localization/hook/cmake_prefix_path.ps1'
[5.897s] INFO:colcon.colcon_core.shell:Creating environment descriptor '/home/terra/newtest/rmit_ros2_ws/install/rmitbot_localization/share/rmitbot_localization/hook/cmake_prefix_path.dsv'
[5.898s] INFO:colcon.colcon_core.shell:Creating environment hook '/home/terra/newtest/rmit_ros2_ws/install/rmitbot_localization/share/rmitbot_localization/hook/cmake_prefix_path.sh'
[5.899s] Level 1:colcon.colcon_core.environment:checking '/home/terra/newtest/rmit_ros2_ws/install/rmitbot_localization/bin'
[5.899s] Level 1:colcon.colcon_core.environment:checking '/home/terra/newtest/rmit_ros2_ws/install/rmitbot_localization/lib/pkgconfig/rmitbot_localization.pc'
[5.899s] Level 1:colcon.colcon_core.environment:checking '/home/terra/newtest/rmit_ros2_ws/install/rmitbot_localization/lib/python3.12/site-packages'
[5.899s] Level 1:colcon.colcon_core.environment:checking '/home/terra/newtest/rmit_ros2_ws/install/rmitbot_localization/bin'
[5.900s] INFO:colcon.colcon_core.shell:Creating package script '/home/terra/newtest/rmit_ros2_ws/install/rmitbot_localization/share/rmitbot_localization/package.ps1'
[5.901s] INFO:colcon.colcon_core.shell:Creating package descriptor '/home/terra/newtest/rmit_ros2_ws/install/rmitbot_localization/share/rmitbot_localization/package.dsv'
[5.902s] INFO:colcon.colcon_core.shell:Creating package script '/home/terra/newtest/rmit_ros2_ws/install/rmitbot_localization/share/rmitbot_localization/package.sh'
[5.902s] INFO:colcon.colcon_core.shell:Creating package script '/home/terra/newtest/rmit_ros2_ws/install/rmitbot_localization/share/rmitbot_localization/package.bash'
[5.903s] INFO:colcon.colcon_core.shell:Creating package script '/home/terra/newtest/rmit_ros2_ws/install/rmitbot_localization/share/rmitbot_localization/package.zsh'
[5.903s] Level 1:colcon.colcon_core.environment:create_file_with_runtime_dependencies(/home/terra/newtest/rmit_ros2_ws/install/rmitbot_localization/share/colcon-core/packages/rmitbot_localization)
[5.904s] Level 1:colcon.colcon_core.environment:create_environment_scripts_only(rmitbot_localization)
[5.904s] Level 1:colcon.colcon_core.environment:checking '/home/terra/newtest/rmit_ros2_ws/install/rmitbot_localization' for CMake module files
[5.905s] Level 1:colcon.colcon_core.environment:checking '/home/terra/newtest/rmit_ros2_ws/install/rmitbot_localization' for CMake config files
[5.905s] Level 1:colcon.colcon_core.shell:create_environment_hook('rmitbot_localization', 'cmake_prefix_path')
[5.905s] INFO:colcon.colcon_core.shell:Creating environment hook '/home/terra/newtest/rmit_ros2_ws/install/rmitbot_localization/share/rmitbot_localization/hook/cmake_prefix_path.ps1'
[5.906s] INFO:colcon.colcon_core.shell:Creating environment descriptor '/home/terra/newtest/rmit_ros2_ws/install/rmitbot_localization/share/rmitbot_localization/hook/cmake_prefix_path.dsv'
[5.907s] INFO:colcon.colcon_core.shell:Creating environment hook '/home/terra/newtest/rmit_ros2_ws/install/rmitbot_localization/share/rmitbot_localization/hook/cmake_prefix_path.sh'
[5.907s] Level 1:colcon.colcon_core.environment:checking '/home/terra/newtest/rmit_ros2_ws/install/rmitbot_localization/bin'
[5.908s] Level 1:colcon.colcon_core.environment:checking '/home/terra/newtest/rmit_ros2_ws/install/rmitbot_localization/lib/pkgconfig/rmitbot_localization.pc'
[5.908s] Level 1:colcon.colcon_core.environment:checking '/home/terra/newtest/rmit_ros2_ws/install/rmitbot_localization/lib/python3.12/site-packages'
[5.908s] Level 1:colcon.colcon_core.environment:checking '/home/terra/newtest/rmit_ros2_ws/install/rmitbot_localization/bin'
[5.909s] INFO:colcon.colcon_core.shell:Creating package script '/home/terra/newtest/rmit_ros2_ws/install/rmitbot_localization/share/rmitbot_localization/package.ps1'
[5.910s] INFO:colcon.colcon_core.shell:Creating package descriptor '/home/terra/newtest/rmit_ros2_ws/install/rmitbot_localization/share/rmitbot_localization/package.dsv'
[5.911s] INFO:colcon.colcon_core.shell:Creating package script '/home/terra/newtest/rmit_ros2_ws/install/rmitbot_localization/share/rmitbot_localization/package.sh'
[5.911s] INFO:colcon.colcon_core.shell:Creating package script '/home/terra/newtest/rmit_ros2_ws/install/rmitbot_localization/share/rmitbot_localization/package.bash'
[5.912s] INFO:colcon.colcon_core.shell:Creating package script '/home/terra/newtest/rmit_ros2_ws/install/rmitbot_localization/share/rmitbot_localization/package.zsh'
[5.913s] Level 1:colcon.colcon_core.environment:create_file_with_runtime_dependencies(/home/terra/newtest/rmit_ros2_ws/install/rmitbot_localization/share/colcon-core/packages/rmitbot_localization)
[6.645s] DEBUG:colcon.colcon_core.event_handler.log_command:Invoked command in '/home/terra/newtest/rmit_ros2_ws/build/rmitbot_vision' returned '0': CMAKE_PREFIX_PATH=${CMAKE_PREFIX_PATH}:/opt/ros/jazzy /usr/bin/cmake /home/terra/newtest/rmit_ros2_ws/src/rmitbot_vision -DCMAKE_INSTALL_PREFIX=/home/terra/newtest/rmit_ros2_ws/install/rmitbot_vision
[6.647s] DEBUG:colcon.colcon_core.event_handler.log_command:Invoking command in '/home/terra/newtest/rmit_ros2_ws/build/rmitbot_vision': CMAKE_PREFIX_PATH=${CMAKE_PREFIX_PATH}:/opt/ros/jazzy /usr/bin/cmake --build /home/terra/newtest/rmit_ros2_ws/build/rmitbot_vision -- -j4 -l4
[6.716s] DEBUG:colcon.colcon_core.event_handler.log_command:Invoked command in '/home/terra/newtest/rmit_ros2_ws/build/rmitbot_vision' returned '0': CMAKE_PREFIX_PATH=${CMAKE_PREFIX_PATH}:/opt/ros/jazzy /usr/bin/cmake --build /home/terra/newtest/rmit_ros2_ws/build/rmitbot_vision -- -j4 -l4
[6.718s] DEBUG:colcon.colcon_core.event_handler.log_command:Invoking command in '/home/terra/newtest/rmit_ros2_ws/build/rmitbot_vision': CMAKE_PREFIX_PATH=${CMAKE_PREFIX_PATH}:/opt/ros/jazzy /usr/bin/cmake --install /home/terra/newtest/rmit_ros2_ws/build/rmitbot_vision
[6.765s] Level 1:colcon.colcon_core.environment:create_environment_scripts_only(rmitbot_vision)
[6.765s] Level 1:colcon.colcon_core.environment:checking '/home/terra/newtest/rmit_ros2_ws/install/rmitbot_vision' for CMake module files
[6.766s] DEBUG:colcon.colcon_core.event_handler.log_command:Invoked command in '/home/terra/newtest/rmit_ros2_ws/build/rmitbot_vision' returned '0': CMAKE_PREFIX_PATH=${CMAKE_PREFIX_PATH}:/opt/ros/jazzy /usr/bin/cmake --install /home/terra/newtest/rmit_ros2_ws/build/rmitbot_vision
[6.766s] Level 1:colcon.colcon_core.environment:checking '/home/terra/newtest/rmit_ros2_ws/install/rmitbot_vision' for CMake config files
[6.767s] Level 1:colcon.colcon_core.shell:create_environment_hook('rmitbot_vision', 'cmake_prefix_path')
[6.767s] INFO:colcon.colcon_core.shell:Creating environment hook '/home/terra/newtest/rmit_ros2_ws/install/rmitbot_vision/share/rmitbot_vision/hook/cmake_prefix_path.ps1'
[6.767s] INFO:colcon.colcon_core.shell:Creating environment descriptor '/home/terra/newtest/rmit_ros2_ws/install/rmitbot_vision/share/rmitbot_vision/hook/cmake_prefix_path.dsv'
[6.768s] INFO:colcon.colcon_core.shell:Creating environment hook '/home/terra/newtest/rmit_ros2_ws/install/rmitbot_vision/share/rmitbot_vision/hook/cmake_prefix_path.sh'
[6.769s] Level 1:colcon.colcon_core.environment:checking '/home/terra/newtest/rmit_ros2_ws/install/rmitbot_vision/bin'
[6.769s] Level 1:colcon.colcon_core.environment:checking '/home/terra/newtest/rmit_ros2_ws/install/rmitbot_vision/lib/pkgconfig/rmitbot_vision.pc'
[6.769s] Level 1:colcon.colcon_core.environment:checking '/home/terra/newtest/rmit_ros2_ws/install/rmitbot_vision/lib/python3.12/site-packages'
[6.769s] Level 1:colcon.colcon_core.environment:checking '/home/terra/newtest/rmit_ros2_ws/install/rmitbot_vision/bin'
[6.770s] INFO:colcon.colcon_core.shell:Creating package script '/home/terra/newtest/rmit_ros2_ws/install/rmitbot_vision/share/rmitbot_vision/package.ps1'
[6.770s] INFO:colcon.colcon_core.shell:Creating package descriptor '/home/terra/newtest/rmit_ros2_ws/install/rmitbot_vision/share/rmitbot_vision/package.dsv'
[6.771s] INFO:colcon.colcon_core.shell:Creating package script '/home/terra/newtest/rmit_ros2_ws/install/rmitbot_vision/share/rmitbot_vision/package.sh'
[6.771s] INFO:colcon.colcon_core.shell:Creating package script '/home/terra/newtest/rmit_ros2_ws/install/rmitbot_vision/share/rmitbot_vision/package.bash'
[6.772s] INFO:colcon.colcon_core.shell:Creating package script '/home/terra/newtest/rmit_ros2_ws/install/rmitbot_vision/share/rmitbot_vision/package.zsh'
[6.772s] Level 1:colcon.colcon_core.environment:create_file_with_runtime_dependencies(/home/terra/newtest/rmit_ros2_ws/install/rmitbot_vision/share/colcon-core/packages/rmitbot_vision)
[6.773s] Level 1:colcon.colcon_core.environment:create_environment_scripts_only(rmitbot_vision)
[6.773s] Level 1:colcon.colcon_core.environment:checking '/home/terra/newtest/rmit_ros2_ws/install/rmitbot_vision' for CMake module files
[6.774s] Level 1:colcon.colcon_core.environment:checking '/home/terra/newtest/rmit_ros2_ws/install/rmitbot_vision' for CMake config files
[6.774s] Level 1:colcon.colcon_core.shell:create_environment_hook('rmitbot_vision', 'cmake_prefix_path')
[6.774s] INFO:colcon.colcon_core.shell:Creating environment hook '/home/terra/newtest/rmit_ros2_ws/install/rmitbot_vision/share/rmitbot_vision/hook/cmake_prefix_path.ps1'
[6.775s] INFO:colcon.colcon_core.shell:Creating environment descriptor '/home/terra/newtest/rmit_ros2_ws/install/rmitbot_vision/share/rmitbot_vision/hook/cmake_prefix_path.dsv'
[6.775s] INFO:colcon.colcon_core.shell:Creating environment hook '/home/terra/newtest/rmit_ros2_ws/install/rmitbot_vision/share/rmitbot_vision/hook/cmake_prefix_path.sh'
[6.776s] Level 1:colcon.colcon_core.environment:checking '/home/terra/newtest/rmit_ros2_ws/install/rmitbot_vision/bin'
[6.776s] Level 1:colcon.colcon_core.environment:checking '/home/terra/newtest/rmit_ros2_ws/install/rmitbot_vision/lib/pkgconfig/rmitbot_vision.pc'
[6.777s] Level 1:colcon.colcon_core.environment:checking '/home/terra/newtest/rmit_ros2_ws/install/rmitbot_vision/lib/python3.12/site-packages'
[6.777s] Level 1:colcon.colcon_core.environment:checking '/home/terra/newtest/rmit_ros2_ws/install/rmitbot_vision/bin'
[6.778s] INFO:colcon.colcon_core.shell:Creating package script '/home/terra/newtest/rmit_ros2_ws/install/rmitbot_vision/share/rmitbot_vision/package.ps1'
[6.779s] INFO:colcon.colcon_core.shell:Creating package descriptor '/home/terra/newtest/rmit_ros2_ws/install/rmitbot_vision/share/rmitbot_vision/package.dsv'
[6.779s] INFO:colcon.colcon_core.shell:Creating package script '/home/terra/newtest/rmit_ros2_ws/install/rmitbot_vision/share/rmitbot_vision/package.sh'
[6.780s] INFO:colcon.colcon_core.shell:Creating package script '/home/terra/newtest/rmit_ros2_ws/install/rmitbot_vision/share/rmitbot_vision/package.bash'
[6.781s] INFO:colcon.colcon_core.shell:Creating package script '/home/terra/newtest/rmit_ros2_ws/install/rmitbot_vision/share/rmitbot_vision/package.zsh'
[6.782s] Level 1:colcon.colcon_core.environment:create_file_with_runtime_dependencies(/home/terra/newtest/rmit_ros2_ws/install/rmitbot_vision/share/colcon-core/packages/rmitbot_vision)
[13.941s] DEBUG:colcon.colcon_core.event_handler.log_command:Invoked command in '/home/terra/newtest/rmit_ros2_ws/build/rmitbot_firmware' returned '0': CMAKE_PREFIX_PATH=${CMAKE_PREFIX_PATH}:/opt/ros/jazzy /usr/bin/cmake --build /home/terra/newtest/rmit_ros2_ws/build/rmitbot_firmware -- -j4 -l4
[13.943s] DEBUG:colcon.colcon_core.event_handler.log_command:Invoking command in '/home/terra/newtest/rmit_ros2_ws/build/rmitbot_firmware': CMAKE_PREFIX_PATH=${CMAKE_PREFIX_PATH}:/opt/ros/jazzy /usr/bin/cmake --install /home/terra/newtest/rmit_ros2_ws/build/rmitbot_firmware
[13.966s] Level 1:colcon.colcon_core.environment:create_environment_scripts_only(rmitbot_firmware)
[13.966s] Level 1:colcon.colcon_core.environment:checking '/home/terra/newtest/rmit_ros2_ws/install/rmitbot_firmware' for CMake module files
[13.967s] DEBUG:colcon.colcon_core.event_handler.log_command:Invoked command in '/home/terra/newtest/rmit_ros2_ws/build/rmitbot_firmware' returned '0': CMAKE_PREFIX_PATH=${CMAKE_PREFIX_PATH}:/opt/ros/jazzy /usr/bin/cmake --install /home/terra/newtest/rmit_ros2_ws/build/rmitbot_firmware
[13.967s] Level 1:colcon.colcon_core.environment:checking '/home/terra/newtest/rmit_ros2_ws/install/rmitbot_firmware' for CMake config files
[13.968s] Level 1:colcon.colcon_core.shell:create_environment_hook('rmitbot_firmware', 'cmake_prefix_path')
[13.968s] INFO:colcon.colcon_core.shell:Creating environment hook '/home/terra/newtest/rmit_ros2_ws/install/rmitbot_firmware/share/rmitbot_firmware/hook/cmake_prefix_path.ps1'
[13.969s] INFO:colcon.colcon_core.shell:Creating environment descriptor '/home/terra/newtest/rmit_ros2_ws/install/rmitbot_firmware/share/rmitbot_firmware/hook/cmake_prefix_path.dsv'
[13.969s] INFO:colcon.colcon_core.shell:Creating environment hook '/home/terra/newtest/rmit_ros2_ws/install/rmitbot_firmware/share/rmitbot_firmware/hook/cmake_prefix_path.sh'
[13.970s] Level 1:colcon.colcon_core.environment:checking '/home/terra/newtest/rmit_ros2_ws/install/rmitbot_firmware/lib'
[13.970s] Level 1:colcon.colcon_core.shell:create_environment_hook('rmitbot_firmware', 'ld_library_path_lib')
[13.970s] INFO:colcon.colcon_core.shell:Creating environment hook '/home/terra/newtest/rmit_ros2_ws/install/rmitbot_firmware/share/rmitbot_firmware/hook/ld_library_path_lib.ps1'
[13.971s] INFO:colcon.colcon_core.shell:Creating environment descriptor '/home/terra/newtest/rmit_ros2_ws/install/rmitbot_firmware/share/rmitbot_firmware/hook/ld_library_path_lib.dsv'
[13.971s] INFO:colcon.colcon_core.shell:Creating environment hook '/home/terra/newtest/rmit_ros2_ws/install/rmitbot_firmware/share/rmitbot_firmware/hook/ld_library_path_lib.sh'
[13.971s] Level 1:colcon.colcon_core.environment:checking '/home/terra/newtest/rmit_ros2_ws/install/rmitbot_firmware/bin'
[13.971s] Level 1:colcon.colcon_core.environment:checking '/home/terra/newtest/rmit_ros2_ws/install/rmitbot_firmware/lib/pkgconfig/rmitbot_firmware.pc'
[13.972s] Level 1:colcon.colcon_core.environment:checking '/home/terra/newtest/rmit_ros2_ws/install/rmitbot_firmware/lib/python3.12/site-packages'
[13.972s] Level 1:colcon.colcon_core.environment:checking '/home/terra/newtest/rmit_ros2_ws/install/rmitbot_firmware/bin'
[13.973s] INFO:colcon.colcon_core.shell:Creating package script '/home/terra/newtest/rmit_ros2_ws/install/rmitbot_firmware/share/rmitbot_firmware/package.ps1'
[13.973s] INFO:colcon.colcon_core.shell:Creating package descriptor '/home/terra/newtest/rmit_ros2_ws/install/rmitbot_firmware/share/rmitbot_firmware/package.dsv'
[13.974s] INFO:colcon.colcon_core.shell:Creating package script '/home/terra/newtest/rmit_ros2_ws/install/rmitbot_firmware/share/rmitbot_firmware/package.sh'
[13.975s] INFO:colcon.colcon_core.shell:Creating package script '/home/terra/newtest/rmit_ros2_ws/install/rmitbot_firmware/share/rmitbot_firmware/package.bash'
[13.975s] INFO:colcon.colcon_core.shell:Creating package script '/home/terra/newtest/rmit_ros2_ws/install/rmitbot_firmware/share/rmitbot_firmware/package.zsh'
[13.975s] Level 1:colcon.colcon_core.environment:create_file_with_runtime_dependencies(/home/terra/newtest/rmit_ros2_ws/install/rmitbot_firmware/share/colcon-core/packages/rmitbot_firmware)
[13.976s] Level 1:colcon.colcon_core.environment:create_environment_scripts_only(rmitbot_firmware)
[13.976s] Level 1:colcon.colcon_core.environment:checking '/home/terra/newtest/rmit_ros2_ws/install/rmitbot_firmware' for CMake module files
[13.977s] Level 1:colcon.colcon_core.environment:checking '/home/terra/newtest/rmit_ros2_ws/install/rmitbot_firmware' for CMake config files
[13.978s] Level 1:colcon.colcon_core.shell:create_environment_hook('rmitbot_firmware', 'cmake_prefix_path')
[13.978s] INFO:colcon.colcon_core.shell:Creating environment hook '/home/terra/newtest/rmit_ros2_ws/install/rmitbot_firmware/share/rmitbot_firmware/hook/cmake_prefix_path.ps1'
[13.978s] INFO:colcon.colcon_core.shell:Creating environment descriptor '/home/terra/newtest/rmit_ros2_ws/install/rmitbot_firmware/share/rmitbot_firmware/hook/cmake_prefix_path.dsv'
[13.979s] INFO:colcon.colcon_core.shell:Creating environment hook '/home/terra/newtest/rmit_ros2_ws/install/rmitbot_firmware/share/rmitbot_firmware/hook/cmake_prefix_path.sh'
[13.980s] Level 1:colcon.colcon_core.environment:checking '/home/terra/newtest/rmit_ros2_ws/install/rmitbot_firmware/lib'
[13.980s] Level 1:colcon.colcon_core.shell:create_environment_hook('rmitbot_firmware', 'ld_library_path_lib')
[13.980s] INFO:colcon.colcon_core.shell:Creating environment hook '/home/terra/newtest/rmit_ros2_ws/install/rmitbot_firmware/share/rmitbot_firmware/hook/ld_library_path_lib.ps1'
[13.981s] INFO:colcon.colcon_core.shell:Creating environment descriptor '/home/terra/newtest/rmit_ros2_ws/install/rmitbot_firmware/share/rmitbot_firmware/hook/ld_library_path_lib.dsv'
[13.981s] INFO:colcon.colcon_core.shell:Creating environment hook '/home/terra/newtest/rmit_ros2_ws/install/rmitbot_firmware/share/rmitbot_firmware/hook/ld_library_path_lib.sh'
[13.982s] Level 1:colcon.colcon_core.environment:checking '/home/terra/newtest/rmit_ros2_ws/install/rmitbot_firmware/bin'
[13.982s] Level 1:colcon.colcon_core.environment:checking '/home/terra/newtest/rmit_ros2_ws/install/rmitbot_firmware/lib/pkgconfig/rmitbot_firmware.pc'
[13.983s] Level 1:colcon.colcon_core.environment:checking '/home/terra/newtest/rmit_ros2_ws/install/rmitbot_firmware/lib/python3.12/site-packages'
[13.983s] Level 1:colcon.colcon_core.environment:checking '/home/terra/newtest/rmit_ros2_ws/install/rmitbot_firmware/bin'
[13.983s] INFO:colcon.colcon_core.shell:Creating package script '/home/terra/newtest/rmit_ros2_ws/install/rmitbot_firmware/share/rmitbot_firmware/package.ps1'
[13.984s] INFO:colcon.colcon_core.shell:Creating package descriptor '/home/terra/newtest/rmit_ros2_ws/install/rmitbot_firmware/share/rmitbot_firmware/package.dsv'
[13.985s] INFO:colcon.colcon_core.shell:Creating package script '/home/terra/newtest/rmit_ros2_ws/install/rmitbot_firmware/share/rmitbot_firmware/package.sh'
[13.986s] INFO:colcon.colcon_core.shell:Creating package script '/home/terra/newtest/rmit_ros2_ws/install/rmitbot_firmware/share/rmitbot_firmware/package.bash'
[13.986s] INFO:colcon.colcon_core.shell:Creating package script '/home/terra/newtest/rmit_ros2_ws/install/rmitbot_firmware/share/rmitbot_firmware/package.zsh'
[13.987s] Level 1:colcon.colcon_core.environment:create_file_with_runtime_dependencies(/home/terra/newtest/rmit_ros2_ws/install/rmitbot_firmware/share/colcon-core/packages/rmitbot_firmware)
[13.990s] DEBUG:colcon.colcon_parallel_executor.executor.parallel:closing loop
[13.991s] DEBUG:colcon.colcon_parallel_executor.executor.parallel:loop closed
[13.991s] DEBUG:colcon.colcon_parallel_executor.executor.parallel:run_until_complete finished with '0'
[13.991s] DEBUG:colcon.colcon_core.event_reactor:joining thread
[13.992s] DEBUG:colcon.colcon_core.event_reactor:joined thread
[13.992s] INFO:colcon.colcon_core.shell:Creating prefix script '/home/terra/newtest/rmit_ros2_ws/install/local_setup.ps1'
[13.994s] INFO:colcon.colcon_core.shell:Creating prefix util module '/home/terra/newtest/rmit_ros2_ws/install/_local_setup_util_ps1.py'
[13.995s] INFO:colcon.colcon_core.shell:Creating prefix chain script '/home/terra/newtest/rmit_ros2_ws/install/setup.ps1'
[13.996s] INFO:colcon.colcon_core.shell:Creating prefix script '/home/terra/newtest/rmit_ros2_ws/install/local_setup.sh'
[13.997s] INFO:colcon.colcon_core.shell:Creating prefix util module '/home/terra/newtest/rmit_ros2_ws/install/_local_setup_util_sh.py'
[13.998s] INFO:colcon.colcon_core.shell:Creating prefix chain script '/home/terra/newtest/rmit_ros2_ws/install/setup.sh'
[13.999s] INFO:colcon.colcon_core.shell:Creating prefix script '/home/terra/newtest/rmit_ros2_ws/install/local_setup.bash'
[13.999s] INFO:colcon.colcon_core.shell:Creating prefix chain script '/home/terra/newtest/rmit_ros2_ws/install/setup.bash'
[14.000s] INFO:colcon.colcon_core.shell:Creating prefix script '/home/terra/newtest/rmit_ros2_ws/install/local_setup.zsh'
[14.001s] INFO:colcon.colcon_core.shell:Creating prefix chain script '/home/terra/newtest/rmit_ros2_ws/install/setup.zsh'
