[0.666s] DEBUG:colcon:Command line arguments: ['/usr/bin/colcon', 'build']
[0.666s] DEBUG:colcon:Parsed command line arguments: Namespace(log_base=None, log_level=None, verb_name='build', build_base='build', install_base='install', merge_install=False, symlink_install=False, test_result_base=None, continue_on_error=False, executor='parallel', parallel_workers=4, event_handlers=None, ignore_user_meta=False, metas=['./colcon.meta'], base_paths=['.'], packages_ignore=None, packages_ignore_regex=None, paths=None, packages_up_to=None, packages_up_to_regex=None, packages_above=None, packages_above_and_dependencies=None, packages_above_depth=None, packages_select_by_dep=None, packages_skip_by_dep=None, packages_skip_up_to=None, packages_select_build_failed=False, packages_skip_build_finished=False, packages_select_test_failures=False, packages_skip_test_passed=False, packages_select=None, packages_skip=None, packages_select_regex=None, packages_skip_regex=None, packages_start=None, packages_end=None, allow_overriding=[], cmake_args=None, cmake_target=None, cmake_target_skip_unavailable=False, cmake_clean_cache=False, cmake_clean_first=False, cmake_force_configure=False, meson_args=[], ament_cmake_args=None, catkin_cmake_args=None, catkin_skip_building_tests=False, mixin_files=None, mixin=None, verb_parser=<colcon_mixin.mixin.mixin_argument.MixinArgumentDecorator object at 0xffff879f5580>, verb_extension=<colcon_core.verb.build.BuildVerb object at 0xffff87b9de50>, main=<bound method BuildVerb.main of <colcon_core.verb.build.BuildVerb object at 0xffff87b9de50>>, mixin_verb=('build',))
[0.789s] Level 1:colcon.colcon_core.package_discovery:discover_packages(colcon_meta) check parameters
[0.789s] Level 1:colcon.colcon_core.package_discovery:discover_packages(recursive) check parameters
[0.789s] Level 1:colcon.colcon_core.package_discovery:discover_packages(ignore) check parameters
[0.789s] Level 1:colcon.colcon_core.package_discovery:discover_packages(path) check parameters
[0.789s] Level 1:colcon.colcon_core.package_discovery:discover_packages(colcon_meta) discover
[0.789s] Level 1:colcon.colcon_core.package_discovery:discover_packages(recursive) discover
[0.789s] INFO:colcon.colcon_core.package_discovery:Crawling recursively for packages in '/home/terra/newtest/rmit_ros2_ws'
[0.790s] Level 1:colcon.colcon_core.package_identification:_identify(.) by extensions ['ignore', 'ignore_ament_install']
[0.790s] Level 1:colcon.colcon_core.package_identification:_identify(.) by extension 'ignore'
[0.790s] Level 1:colcon.colcon_core.package_identification:_identify(.) by extension 'ignore_ament_install'
[0.790s] Level 1:colcon.colcon_core.package_identification:_identify(.) by extensions ['colcon_pkg']
[0.790s] Level 1:colcon.colcon_core.package_identification:_identify(.) by extension 'colcon_pkg'
[0.790s] Level 1:colcon.colcon_core.package_identification:_identify(.) by extensions ['colcon_meta']
[0.790s] Level 1:colcon.colcon_core.package_identification:_identify(.) by extension 'colcon_meta'
[0.790s] Level 1:colcon.colcon_core.package_identification:_identify(.) by extensions ['ros']
[0.790s] Level 1:colcon.colcon_core.package_identification:_identify(.) by extension 'ros'
[0.878s] Level 1:colcon.colcon_core.package_identification:_identify(.) by extensions ['cmake', 'meson', 'python']
[0.878s] Level 1:colcon.colcon_core.package_identification:_identify(.) by extension 'cmake'
[0.878s] Level 1:colcon.colcon_core.package_identification:_identify(.) by extension 'meson'
[0.880s] Level 1:colcon.colcon_core.package_identification:_identify(.) by extension 'python'
[0.880s] Level 1:colcon.colcon_core.package_identification:_identify(.) by extensions ['python_setup_py']
[0.880s] Level 1:colcon.colcon_core.package_identification:_identify(.) by extension 'python_setup_py'
[0.880s] Level 1:colcon.colcon_core.package_identification:_identify(build) by extensions ['ignore', 'ignore_ament_install']
[0.880s] Level 1:colcon.colcon_core.package_identification:_identify(build) by extension 'ignore'
[0.880s] Level 1:colcon.colcon_core.package_identification:_identify(build) ignored
[0.881s] Level 1:colcon.colcon_core.package_identification:_identify(install) by extensions ['ignore', 'ignore_ament_install']
[0.881s] Level 1:colcon.colcon_core.package_identification:_identify(install) by extension 'ignore'
[0.881s] Level 1:colcon.colcon_core.package_identification:_identify(install) ignored
[0.881s] Level 1:colcon.colcon_core.package_identification:_identify(log) by extensions ['ignore', 'ignore_ament_install']
[0.881s] Level 1:colcon.colcon_core.package_identification:_identify(log) by extension 'ignore'
[0.881s] Level 1:colcon.colcon_core.package_identification:_identify(log) ignored
[0.881s] Level 1:colcon.colcon_core.package_identification:_identify(src) by extensions ['ignore', 'ignore_ament_install']
[0.881s] Level 1:colcon.colcon_core.package_identification:_identify(src) by extension 'ignore'
[0.881s] Level 1:colcon.colcon_core.package_identification:_identify(src) by extension 'ignore_ament_install'
[0.881s] Level 1:colcon.colcon_core.package_identification:_identify(src) by extensions ['colcon_pkg']
[0.881s] Level 1:colcon.colcon_core.package_identification:_identify(src) by extension 'colcon_pkg'
[0.881s] Level 1:colcon.colcon_core.package_identification:_identify(src) by extensions ['colcon_meta']
[0.881s] Level 1:colcon.colcon_core.package_identification:_identify(src) by extension 'colcon_meta'
[0.881s] Level 1:colcon.colcon_core.package_identification:_identify(src) by extensions ['ros']
[0.881s] Level 1:colcon.colcon_core.package_identification:_identify(src) by extension 'ros'
[0.882s] Level 1:colcon.colcon_core.package_identification:_identify(src) by extensions ['cmake', 'meson', 'python']
[0.882s] Level 1:colcon.colcon_core.package_identification:_identify(src) by extension 'cmake'
[0.882s] Level 1:colcon.colcon_core.package_identification:_identify(src) by extension 'meson'
[0.883s] Level 1:colcon.colcon_core.package_identification:_identify(src) by extension 'python'
[0.883s] Level 1:colcon.colcon_core.package_identification:_identify(src) by extensions ['python_setup_py']
[0.883s] Level 1:colcon.colcon_core.package_identification:_identify(src) by extension 'python_setup_py'
[0.886s] Level 1:colcon.colcon_core.package_identification:_identify(src/rmitbot_bringup) by extensions ['ignore', 'ignore_ament_install']
[0.886s] Level 1:colcon.colcon_core.package_identification:_identify(src/rmitbot_bringup) by extension 'ignore'
[0.886s] Level 1:colcon.colcon_core.package_identification:_identify(src/rmitbot_bringup) by extension 'ignore_ament_install'
[0.886s] Level 1:colcon.colcon_core.package_identification:_identify(src/rmitbot_bringup) by extensions ['colcon_pkg']
[0.886s] Level 1:colcon.colcon_core.package_identification:_identify(src/rmitbot_bringup) by extension 'colcon_pkg'
[0.886s] Level 1:colcon.colcon_core.package_identification:_identify(src/rmitbot_bringup) by extensions ['colcon_meta']
[0.886s] Level 1:colcon.colcon_core.package_identification:_identify(src/rmitbot_bringup) by extension 'colcon_meta'
[0.886s] Level 1:colcon.colcon_core.package_identification:_identify(src/rmitbot_bringup) by extensions ['ros']
[0.886s] Level 1:colcon.colcon_core.package_identification:_identify(src/rmitbot_bringup) by extension 'ros'
[0.890s] DEBUG:colcon.colcon_core.package_identification:Package 'src/rmitbot_bringup' with type 'ros.ament_cmake' and name 'rmitbot_bringup'
[0.891s] Level 1:colcon.colcon_core.package_identification:_identify(src/rmitbot_controller) by extensions ['ignore', 'ignore_ament_install']
[0.891s] Level 1:colcon.colcon_core.package_identification:_identify(src/rmitbot_controller) by extension 'ignore'
[0.891s] Level 1:colcon.colcon_core.package_identification:_identify(src/rmitbot_controller) by extension 'ignore_ament_install'
[0.891s] Level 1:colcon.colcon_core.package_identification:_identify(src/rmitbot_controller) by extensions ['colcon_pkg']
[0.891s] Level 1:colcon.colcon_core.package_identification:_identify(src/rmitbot_controller) by extension 'colcon_pkg'
[0.891s] Level 1:colcon.colcon_core.package_identification:_identify(src/rmitbot_controller) by extensions ['colcon_meta']
[0.891s] Level 1:colcon.colcon_core.package_identification:_identify(src/rmitbot_controller) by extension 'colcon_meta'
[0.891s] Level 1:colcon.colcon_core.package_identification:_identify(src/rmitbot_controller) by extensions ['ros']
[0.891s] Level 1:colcon.colcon_core.package_identification:_identify(src/rmitbot_controller) by extension 'ros'
[0.892s] DEBUG:colcon.colcon_core.package_identification:Package 'src/rmitbot_controller' with type 'ros.ament_cmake' and name 'rmitbot_controller'
[0.893s] Level 1:colcon.colcon_core.package_identification:_identify(src/rmitbot_description) by extensions ['ignore', 'ignore_ament_install']
[0.893s] Level 1:colcon.colcon_core.package_identification:_identify(src/rmitbot_description) by extension 'ignore'
[0.893s] Level 1:colcon.colcon_core.package_identification:_identify(src/rmitbot_description) by extension 'ignore_ament_install'
[0.893s] Level 1:colcon.colcon_core.package_identification:_identify(src/rmitbot_description) by extensions ['colcon_pkg']
[0.893s] Level 1:colcon.colcon_core.package_identification:_identify(src/rmitbot_description) by extension 'colcon_pkg'
[0.893s] Level 1:colcon.colcon_core.package_identification:_identify(src/rmitbot_description) by extensions ['colcon_meta']
[0.893s] Level 1:colcon.colcon_core.package_identification:_identify(src/rmitbot_description) by extension 'colcon_meta'
[0.893s] Level 1:colcon.colcon_core.package_identification:_identify(src/rmitbot_description) by extensions ['ros']
[0.893s] Level 1:colcon.colcon_core.package_identification:_identify(src/rmitbot_description) by extension 'ros'
[0.894s] DEBUG:colcon.colcon_core.package_identification:Package 'src/rmitbot_description' with type 'ros.ament_cmake' and name 'rmitbot_description'
[0.895s] Level 1:colcon.colcon_core.package_identification:_identify(src/rmitbot_firmware) by extensions ['ignore', 'ignore_ament_install']
[0.895s] Level 1:colcon.colcon_core.package_identification:_identify(src/rmitbot_firmware) by extension 'ignore'
[0.895s] Level 1:colcon.colcon_core.package_identification:_identify(src/rmitbot_firmware) by extension 'ignore_ament_install'
[0.895s] Level 1:colcon.colcon_core.package_identification:_identify(src/rmitbot_firmware) by extensions ['colcon_pkg']
[0.895s] Level 1:colcon.colcon_core.package_identification:_identify(src/rmitbot_firmware) by extension 'colcon_pkg'
[0.895s] Level 1:colcon.colcon_core.package_identification:_identify(src/rmitbot_firmware) by extensions ['colcon_meta']
[0.895s] Level 1:colcon.colcon_core.package_identification:_identify(src/rmitbot_firmware) by extension 'colcon_meta'
[0.895s] Level 1:colcon.colcon_core.package_identification:_identify(src/rmitbot_firmware) by extensions ['ros']
[0.895s] Level 1:colcon.colcon_core.package_identification:_identify(src/rmitbot_firmware) by extension 'ros'
[0.896s] DEBUG:colcon.colcon_core.package_identification:Package 'src/rmitbot_firmware' with type 'ros.ament_cmake' and name 'rmitbot_firmware'
[0.897s] Level 1:colcon.colcon_core.package_identification:_identify(src/rmitbot_localization) by extensions ['ignore', 'ignore_ament_install']
[0.897s] Level 1:colcon.colcon_core.package_identification:_identify(src/rmitbot_localization) by extension 'ignore'
[0.897s] Level 1:colcon.colcon_core.package_identification:_identify(src/rmitbot_localization) by extension 'ignore_ament_install'
[0.897s] Level 1:colcon.colcon_core.package_identification:_identify(src/rmitbot_localization) by extensions ['colcon_pkg']
[0.897s] Level 1:colcon.colcon_core.package_identification:_identify(src/rmitbot_localization) by extension 'colcon_pkg'
[0.897s] Level 1:colcon.colcon_core.package_identification:_identify(src/rmitbot_localization) by extensions ['colcon_meta']
[0.897s] Level 1:colcon.colcon_core.package_identification:_identify(src/rmitbot_localization) by extension 'colcon_meta'
[0.897s] Level 1:colcon.colcon_core.package_identification:_identify(src/rmitbot_localization) by extensions ['ros']
[0.897s] Level 1:colcon.colcon_core.package_identification:_identify(src/rmitbot_localization) by extension 'ros'
[0.898s] DEBUG:colcon.colcon_core.package_identification:Package 'src/rmitbot_localization' with type 'ros.ament_cmake' and name 'rmitbot_localization'
[0.899s] Level 1:colcon.colcon_core.package_identification:_identify(src/rmitbot_mapping) by extensions ['ignore', 'ignore_ament_install']
[0.899s] Level 1:colcon.colcon_core.package_identification:_identify(src/rmitbot_mapping) by extension 'ignore'
[0.899s] Level 1:colcon.colcon_core.package_identification:_identify(src/rmitbot_mapping) by extension 'ignore_ament_install'
[0.899s] Level 1:colcon.colcon_core.package_identification:_identify(src/rmitbot_mapping) by extensions ['colcon_pkg']
[0.899s] Level 1:colcon.colcon_core.package_identification:_identify(src/rmitbot_mapping) by extension 'colcon_pkg'
[0.899s] Level 1:colcon.colcon_core.package_identification:_identify(src/rmitbot_mapping) by extensions ['colcon_meta']
[0.899s] Level 1:colcon.colcon_core.package_identification:_identify(src/rmitbot_mapping) by extension 'colcon_meta'
[0.899s] Level 1:colcon.colcon_core.package_identification:_identify(src/rmitbot_mapping) by extensions ['ros']
[0.899s] Level 1:colcon.colcon_core.package_identification:_identify(src/rmitbot_mapping) by extension 'ros'
[0.900s] DEBUG:colcon.colcon_core.package_identification:Package 'src/rmitbot_mapping' with type 'ros.ament_cmake' and name 'rmitbot_mapping'
[0.900s] Level 1:colcon.colcon_core.package_identification:_identify(src/rmitbot_navigation) by extensions ['ignore', 'ignore_ament_install']
[0.900s] Level 1:colcon.colcon_core.package_identification:_identify(src/rmitbot_navigation) by extension 'ignore'
[0.900s] Level 1:colcon.colcon_core.package_identification:_identify(src/rmitbot_navigation) by extension 'ignore_ament_install'
[0.901s] Level 1:colcon.colcon_core.package_identification:_identify(src/rmitbot_navigation) by extensions ['colcon_pkg']
[0.901s] Level 1:colcon.colcon_core.package_identification:_identify(src/rmitbot_navigation) by extension 'colcon_pkg'
[0.901s] Level 1:colcon.colcon_core.package_identification:_identify(src/rmitbot_navigation) by extensions ['colcon_meta']
[0.901s] Level 1:colcon.colcon_core.package_identification:_identify(src/rmitbot_navigation) by extension 'colcon_meta'
[0.901s] Level 1:colcon.colcon_core.package_identification:_identify(src/rmitbot_navigation) by extensions ['ros']
[0.901s] Level 1:colcon.colcon_core.package_identification:_identify(src/rmitbot_navigation) by extension 'ros'
[0.902s] DEBUG:colcon.colcon_core.package_identification:Package 'src/rmitbot_navigation' with type 'ros.ament_cmake' and name 'rmitbot_navigation'
[0.902s] Level 1:colcon.colcon_core.package_identification:_identify(src/rmitbot_vision) by extensions ['ignore', 'ignore_ament_install']
[0.902s] Level 1:colcon.colcon_core.package_identification:_identify(src/rmitbot_vision) by extension 'ignore'
[0.902s] Level 1:colcon.colcon_core.package_identification:_identify(src/rmitbot_vision) by extension 'ignore_ament_install'
[0.903s] Level 1:colcon.colcon_core.package_identification:_identify(src/rmitbot_vision) by extensions ['colcon_pkg']
[0.903s] Level 1:colcon.colcon_core.package_identification:_identify(src/rmitbot_vision) by extension 'colcon_pkg'
[0.903s] Level 1:colcon.colcon_core.package_identification:_identify(src/rmitbot_vision) by extensions ['colcon_meta']
[0.903s] Level 1:colcon.colcon_core.package_identification:_identify(src/rmitbot_vision) by extension 'colcon_meta'
[0.903s] Level 1:colcon.colcon_core.package_identification:_identify(src/rmitbot_vision) by extensions ['ros']
[0.903s] Level 1:colcon.colcon_core.package_identification:_identify(src/rmitbot_vision) by extension 'ros'
[0.904s] DEBUG:colcon.colcon_core.package_identification:Package 'src/rmitbot_vision' with type 'ros.ament_cmake' and name 'rmitbot_vision'
[0.904s] Level 1:colcon.colcon_core.package_discovery:discover_packages(recursive) using defaults
[0.904s] Level 1:colcon.colcon_core.package_discovery:discover_packages(ignore) discover
[0.904s] Level 1:colcon.colcon_core.package_discovery:discover_packages(ignore) using defaults
[0.904s] Level 1:colcon.colcon_core.package_discovery:discover_packages(path) discover
[0.904s] Level 1:colcon.colcon_core.package_discovery:discover_packages(path) using defaults
[0.945s] Level 1:colcon.colcon_core.package_discovery:discover_packages(prefix_path) check parameters
[0.945s] Level 1:colcon.colcon_core.package_discovery:discover_packages(prefix_path) discover
[0.951s] DEBUG:colcon.colcon_installed_package_information.package_discovery:Found 8 installed packages in /home/terra/newtest/rmit_ros2_ws/install
[0.954s] DEBUG:colcon.colcon_installed_package_information.package_discovery:Found 346 installed packages in /opt/ros/jazzy
[0.957s] Level 1:colcon.colcon_core.package_discovery:discover_packages(prefix_path) using defaults
[1.047s] Level 5:colcon.colcon_core.verb:set package 'rmitbot_bringup' build argument 'cmake_args' from command line to 'None'
[1.047s] Level 5:colcon.colcon_core.verb:set package 'rmitbot_bringup' build argument 'cmake_target' from command line to 'None'
[1.047s] Level 5:colcon.colcon_core.verb:set package 'rmitbot_bringup' build argument 'cmake_target_skip_unavailable' from command line to 'False'
[1.047s] Level 5:colcon.colcon_core.verb:set package 'rmitbot_bringup' build argument 'cmake_clean_cache' from command line to 'False'
[1.047s] Level 5:colcon.colcon_core.verb:set package 'rmitbot_bringup' build argument 'cmake_clean_first' from command line to 'False'
[1.047s] Level 5:colcon.colcon_core.verb:set package 'rmitbot_bringup' build argument 'cmake_force_configure' from command line to 'False'
[1.047s] Level 5:colcon.colcon_core.verb:set package 'rmitbot_bringup' build argument 'meson_args' from command line to '[]'
[1.047s] Level 5:colcon.colcon_core.verb:set package 'rmitbot_bringup' build argument 'ament_cmake_args' from command line to 'None'
[1.047s] Level 5:colcon.colcon_core.verb:set package 'rmitbot_bringup' build argument 'catkin_cmake_args' from command line to 'None'
[1.047s] Level 5:colcon.colcon_core.verb:set package 'rmitbot_bringup' build argument 'catkin_skip_building_tests' from command line to 'False'
[1.047s] DEBUG:colcon.colcon_core.verb:Building package 'rmitbot_bringup' with the following arguments: {'ament_cmake_args': None, 'build_base': '/home/terra/newtest/rmit_ros2_ws/build/rmitbot_bringup', 'catkin_cmake_args': None, 'catkin_skip_building_tests': False, 'cmake_args': None, 'cmake_clean_cache': False, 'cmake_clean_first': False, 'cmake_force_configure': False, 'cmake_target': None, 'cmake_target_skip_unavailable': False, 'install_base': '/home/terra/newtest/rmit_ros2_ws/install/rmitbot_bringup', 'merge_install': False, 'meson_args': [], 'path': '/home/terra/newtest/rmit_ros2_ws/src/rmitbot_bringup', 'symlink_install': False, 'test_result_base': None}
[1.060s] Level 5:colcon.colcon_core.verb:set package 'rmitbot_controller' build argument 'cmake_args' from command line to 'None'
[1.060s] Level 5:colcon.colcon_core.verb:set package 'rmitbot_controller' build argument 'cmake_target' from command line to 'None'
[1.060s] Level 5:colcon.colcon_core.verb:set package 'rmitbot_controller' build argument 'cmake_target_skip_unavailable' from command line to 'False'
[1.060s] Level 5:colcon.colcon_core.verb:set package 'rmitbot_controller' build argument 'cmake_clean_cache' from command line to 'False'
[1.060s] Level 5:colcon.colcon_core.verb:set package 'rmitbot_controller' build argument 'cmake_clean_first' from command line to 'False'
[1.060s] Level 5:colcon.colcon_core.verb:set package 'rmitbot_controller' build argument 'cmake_force_configure' from command line to 'False'
[1.060s] Level 5:colcon.colcon_core.verb:set package 'rmitbot_controller' build argument 'meson_args' from command line to '[]'
[1.060s] Level 5:colcon.colcon_core.verb:set package 'rmitbot_controller' build argument 'ament_cmake_args' from command line to 'None'
[1.060s] Level 5:colcon.colcon_core.verb:set package 'rmitbot_controller' build argument 'catkin_cmake_args' from command line to 'None'
[1.060s] Level 5:colcon.colcon_core.verb:set package 'rmitbot_controller' build argument 'catkin_skip_building_tests' from command line to 'False'
[1.060s] DEBUG:colcon.colcon_core.verb:Building package 'rmitbot_controller' with the following arguments: {'ament_cmake_args': None, 'build_base': '/home/terra/newtest/rmit_ros2_ws/build/rmitbot_controller', 'catkin_cmake_args': None, 'catkin_skip_building_tests': False, 'cmake_args': None, 'cmake_clean_cache': False, 'cmake_clean_first': False, 'cmake_force_configure': False, 'cmake_target': None, 'cmake_target_skip_unavailable': False, 'install_base': '/home/terra/newtest/rmit_ros2_ws/install/rmitbot_controller', 'merge_install': False, 'meson_args': [], 'path': '/home/terra/newtest/rmit_ros2_ws/src/rmitbot_controller', 'symlink_install': False, 'test_result_base': None}
[1.074s] Level 5:colcon.colcon_core.verb:set package 'rmitbot_description' build argument 'cmake_args' from command line to 'None'
[1.074s] Level 5:colcon.colcon_core.verb:set package 'rmitbot_description' build argument 'cmake_target' from command line to 'None'
[1.074s] Level 5:colcon.colcon_core.verb:set package 'rmitbot_description' build argument 'cmake_target_skip_unavailable' from command line to 'False'
[1.074s] Level 5:colcon.colcon_core.verb:set package 'rmitbot_description' build argument 'cmake_clean_cache' from command line to 'False'
[1.074s] Level 5:colcon.colcon_core.verb:set package 'rmitbot_description' build argument 'cmake_clean_first' from command line to 'False'
[1.074s] Level 5:colcon.colcon_core.verb:set package 'rmitbot_description' build argument 'cmake_force_configure' from command line to 'False'
[1.074s] Level 5:colcon.colcon_core.verb:set package 'rmitbot_description' build argument 'meson_args' from command line to '[]'
[1.074s] Level 5:colcon.colcon_core.verb:set package 'rmitbot_description' build argument 'ament_cmake_args' from command line to 'None'
[1.074s] Level 5:colcon.colcon_core.verb:set package 'rmitbot_description' build argument 'catkin_cmake_args' from command line to 'None'
[1.074s] Level 5:colcon.colcon_core.verb:set package 'rmitbot_description' build argument 'catkin_skip_building_tests' from command line to 'False'
[1.074s] DEBUG:colcon.colcon_core.verb:Building package 'rmitbot_description' with the following arguments: {'ament_cmake_args': None, 'build_base': '/home/terra/newtest/rmit_ros2_ws/build/rmitbot_description', 'catkin_cmake_args': None, 'catkin_skip_building_tests': False, 'cmake_args': None, 'cmake_clean_cache': False, 'cmake_clean_first': False, 'cmake_force_configure': False, 'cmake_target': None, 'cmake_target_skip_unavailable': False, 'install_base': '/home/terra/newtest/rmit_ros2_ws/install/rmitbot_description', 'merge_install': False, 'meson_args': [], 'path': '/home/terra/newtest/rmit_ros2_ws/src/rmitbot_description', 'symlink_install': False, 'test_result_base': None}
[1.087s] Level 5:colcon.colcon_core.verb:set package 'rmitbot_firmware' build argument 'cmake_args' from command line to 'None'
[1.087s] Level 5:colcon.colcon_core.verb:set package 'rmitbot_firmware' build argument 'cmake_target' from command line to 'None'
[1.087s] Level 5:colcon.colcon_core.verb:set package 'rmitbot_firmware' build argument 'cmake_target_skip_unavailable' from command line to 'False'
[1.087s] Level 5:colcon.colcon_core.verb:set package 'rmitbot_firmware' build argument 'cmake_clean_cache' from command line to 'False'
[1.087s] Level 5:colcon.colcon_core.verb:set package 'rmitbot_firmware' build argument 'cmake_clean_first' from command line to 'False'
[1.087s] Level 5:colcon.colcon_core.verb:set package 'rmitbot_firmware' build argument 'cmake_force_configure' from command line to 'False'
[1.087s] Level 5:colcon.colcon_core.verb:set package 'rmitbot_firmware' build argument 'meson_args' from command line to '[]'
[1.087s] Level 5:colcon.colcon_core.verb:set package 'rmitbot_firmware' build argument 'ament_cmake_args' from command line to 'None'
[1.087s] Level 5:colcon.colcon_core.verb:set package 'rmitbot_firmware' build argument 'catkin_cmake_args' from command line to 'None'
[1.087s] Level 5:colcon.colcon_core.verb:set package 'rmitbot_firmware' build argument 'catkin_skip_building_tests' from command line to 'False'
[1.087s] DEBUG:colcon.colcon_core.verb:Building package 'rmitbot_firmware' with the following arguments: {'ament_cmake_args': None, 'build_base': '/home/terra/newtest/rmit_ros2_ws/build/rmitbot_firmware', 'catkin_cmake_args': None, 'catkin_skip_building_tests': False, 'cmake_args': None, 'cmake_clean_cache': False, 'cmake_clean_first': False, 'cmake_force_configure': False, 'cmake_target': None, 'cmake_target_skip_unavailable': False, 'install_base': '/home/terra/newtest/rmit_ros2_ws/install/rmitbot_firmware', 'merge_install': False, 'meson_args': [], 'path': '/home/terra/newtest/rmit_ros2_ws/src/rmitbot_firmware', 'symlink_install': False, 'test_result_base': None}
[1.100s] Level 5:colcon.colcon_core.verb:set package 'rmitbot_localization' build argument 'cmake_args' from command line to 'None'
[1.100s] Level 5:colcon.colcon_core.verb:set package 'rmitbot_localization' build argument 'cmake_target' from command line to 'None'
[1.100s] Level 5:colcon.colcon_core.verb:set package 'rmitbot_localization' build argument 'cmake_target_skip_unavailable' from command line to 'False'
[1.100s] Level 5:colcon.colcon_core.verb:set package 'rmitbot_localization' build argument 'cmake_clean_cache' from command line to 'False'
[1.100s] Level 5:colcon.colcon_core.verb:set package 'rmitbot_localization' build argument 'cmake_clean_first' from command line to 'False'
[1.100s] Level 5:colcon.colcon_core.verb:set package 'rmitbot_localization' build argument 'cmake_force_configure' from command line to 'False'
[1.100s] Level 5:colcon.colcon_core.verb:set package 'rmitbot_localization' build argument 'meson_args' from command line to '[]'
[1.100s] Level 5:colcon.colcon_core.verb:set package 'rmitbot_localization' build argument 'ament_cmake_args' from command line to 'None'
[1.100s] Level 5:colcon.colcon_core.verb:set package 'rmitbot_localization' build argument 'catkin_cmake_args' from command line to 'None'
[1.100s] Level 5:colcon.colcon_core.verb:set package 'rmitbot_localization' build argument 'catkin_skip_building_tests' from command line to 'False'
[1.100s] DEBUG:colcon.colcon_core.verb:Building package 'rmitbot_localization' with the following arguments: {'ament_cmake_args': None, 'build_base': '/home/terra/newtest/rmit_ros2_ws/build/rmitbot_localization', 'catkin_cmake_args': None, 'catkin_skip_building_tests': False, 'cmake_args': None, 'cmake_clean_cache': False, 'cmake_clean_first': False, 'cmake_force_configure': False, 'cmake_target': None, 'cmake_target_skip_unavailable': False, 'install_base': '/home/terra/newtest/rmit_ros2_ws/install/rmitbot_localization', 'merge_install': False, 'meson_args': [], 'path': '/home/terra/newtest/rmit_ros2_ws/src/rmitbot_localization', 'symlink_install': False, 'test_result_base': None}
[1.113s] Level 5:colcon.colcon_core.verb:set package 'rmitbot_mapping' build argument 'cmake_args' from command line to 'None'
[1.113s] Level 5:colcon.colcon_core.verb:set package 'rmitbot_mapping' build argument 'cmake_target' from command line to 'None'
[1.113s] Level 5:colcon.colcon_core.verb:set package 'rmitbot_mapping' build argument 'cmake_target_skip_unavailable' from command line to 'False'
[1.113s] Level 5:colcon.colcon_core.verb:set package 'rmitbot_mapping' build argument 'cmake_clean_cache' from command line to 'False'
[1.113s] Level 5:colcon.colcon_core.verb:set package 'rmitbot_mapping' build argument 'cmake_clean_first' from command line to 'False'
[1.113s] Level 5:colcon.colcon_core.verb:set package 'rmitbot_mapping' build argument 'cmake_force_configure' from command line to 'False'
[1.113s] Level 5:colcon.colcon_core.verb:set package 'rmitbot_mapping' build argument 'meson_args' from command line to '[]'
[1.113s] Level 5:colcon.colcon_core.verb:set package 'rmitbot_mapping' build argument 'ament_cmake_args' from command line to 'None'
[1.113s] Level 5:colcon.colcon_core.verb:set package 'rmitbot_mapping' build argument 'catkin_cmake_args' from command line to 'None'
[1.113s] Level 5:colcon.colcon_core.verb:set package 'rmitbot_mapping' build argument 'catkin_skip_building_tests' from command line to 'False'
[1.113s] DEBUG:colcon.colcon_core.verb:Building package 'rmitbot_mapping' with the following arguments: {'ament_cmake_args': None, 'build_base': '/home/terra/newtest/rmit_ros2_ws/build/rmitbot_mapping', 'catkin_cmake_args': None, 'catkin_skip_building_tests': False, 'cmake_args': None, 'cmake_clean_cache': False, 'cmake_clean_first': False, 'cmake_force_configure': False, 'cmake_target': None, 'cmake_target_skip_unavailable': False, 'install_base': '/home/terra/newtest/rmit_ros2_ws/install/rmitbot_mapping', 'merge_install': False, 'meson_args': [], 'path': '/home/terra/newtest/rmit_ros2_ws/src/rmitbot_mapping', 'symlink_install': False, 'test_result_base': None}
[1.128s] Level 5:colcon.colcon_core.verb:set package 'rmitbot_navigation' build argument 'cmake_args' from command line to 'None'
[1.128s] Level 5:colcon.colcon_core.verb:set package 'rmitbot_navigation' build argument 'cmake_target' from command line to 'None'
[1.128s] Level 5:colcon.colcon_core.verb:set package 'rmitbot_navigation' build argument 'cmake_target_skip_unavailable' from command line to 'False'
[1.128s] Level 5:colcon.colcon_core.verb:set package 'rmitbot_navigation' build argument 'cmake_clean_cache' from command line to 'False'
[1.128s] Level 5:colcon.colcon_core.verb:set package 'rmitbot_navigation' build argument 'cmake_clean_first' from command line to 'False'
[1.128s] Level 5:colcon.colcon_core.verb:set package 'rmitbot_navigation' build argument 'cmake_force_configure' from command line to 'False'
[1.128s] Level 5:colcon.colcon_core.verb:set package 'rmitbot_navigation' build argument 'meson_args' from command line to '[]'
[1.128s] Level 5:colcon.colcon_core.verb:set package 'rmitbot_navigation' build argument 'ament_cmake_args' from command line to 'None'
[1.128s] Level 5:colcon.colcon_core.verb:set package 'rmitbot_navigation' build argument 'catkin_cmake_args' from command line to 'None'
[1.128s] Level 5:colcon.colcon_core.verb:set package 'rmitbot_navigation' build argument 'catkin_skip_building_tests' from command line to 'False'
[1.128s] DEBUG:colcon.colcon_core.verb:Building package 'rmitbot_navigation' with the following arguments: {'ament_cmake_args': None, 'build_base': '/home/terra/newtest/rmit_ros2_ws/build/rmitbot_navigation', 'catkin_cmake_args': None, 'catkin_skip_building_tests': False, 'cmake_args': None, 'cmake_clean_cache': False, 'cmake_clean_first': False, 'cmake_force_configure': False, 'cmake_target': None, 'cmake_target_skip_unavailable': False, 'install_base': '/home/terra/newtest/rmit_ros2_ws/install/rmitbot_navigation', 'merge_install': False, 'meson_args': [], 'path': '/home/terra/newtest/rmit_ros2_ws/src/rmitbot_navigation', 'symlink_install': False, 'test_result_base': None}
[1.141s] Level 5:colcon.colcon_core.verb:set package 'rmitbot_vision' build argument 'cmake_args' from command line to 'None'
[1.141s] Level 5:colcon.colcon_core.verb:set package 'rmitbot_vision' build argument 'cmake_target' from command line to 'None'
[1.141s] Level 5:colcon.colcon_core.verb:set package 'rmitbot_vision' build argument 'cmake_target_skip_unavailable' from command line to 'False'
[1.141s] Level 5:colcon.colcon_core.verb:set package 'rmitbot_vision' build argument 'cmake_clean_cache' from command line to 'False'
[1.141s] Level 5:colcon.colcon_core.verb:set package 'rmitbot_vision' build argument 'cmake_clean_first' from command line to 'False'
[1.141s] Level 5:colcon.colcon_core.verb:set package 'rmitbot_vision' build argument 'cmake_force_configure' from command line to 'False'
[1.141s] Level 5:colcon.colcon_core.verb:set package 'rmitbot_vision' build argument 'meson_args' from command line to '[]'
[1.141s] Level 5:colcon.colcon_core.verb:set package 'rmitbot_vision' build argument 'ament_cmake_args' from command line to 'None'
[1.141s] Level 5:colcon.colcon_core.verb:set package 'rmitbot_vision' build argument 'catkin_cmake_args' from command line to 'None'
[1.141s] Level 5:colcon.colcon_core.verb:set package 'rmitbot_vision' build argument 'catkin_skip_building_tests' from command line to 'False'
[1.141s] DEBUG:colcon.colcon_core.verb:Building package 'rmitbot_vision' with the following arguments: {'ament_cmake_args': None, 'build_base': '/home/terra/newtest/rmit_ros2_ws/build/rmitbot_vision', 'catkin_cmake_args': None, 'catkin_skip_building_tests': False, 'cmake_args': None, 'cmake_clean_cache': False, 'cmake_clean_first': False, 'cmake_force_configure': False, 'cmake_target': None, 'cmake_target_skip_unavailable': False, 'install_base': '/home/terra/newtest/rmit_ros2_ws/install/rmitbot_vision', 'merge_install': False, 'meson_args': [], 'path': '/home/terra/newtest/rmit_ros2_ws/src/rmitbot_vision', 'symlink_install': False, 'test_result_base': None}
[1.141s] INFO:colcon.colcon_core.executor:Executing jobs using 'parallel' executor
[1.143s] DEBUG:colcon.colcon_parallel_executor.executor.parallel:run_until_complete
[1.143s] INFO:colcon.colcon_ros.task.ament_cmake.build:Building ROS package in '/home/terra/newtest/rmit_ros2_ws/src/rmitbot_bringup' with build type 'ament_cmake'
[1.143s] INFO:colcon.colcon_cmake.task.cmake.build:Building CMake package in '/home/terra/newtest/rmit_ros2_ws/src/rmitbot_bringup'
[1.154s] INFO:colcon.colcon_core.plugin_system:Skipping extension 'colcon_core.shell.bat': Not used on non-Windows systems
[1.154s] INFO:colcon.colcon_core.shell:Skip shell extension 'powershell' for command environment: Not usable outside of PowerShell
[1.155s] DEBUG:colcon.colcon_core.shell:Skip shell extension 'dsv' for command environment
[1.165s] INFO:colcon.colcon_ros.task.ament_cmake.build:Building ROS package in '/home/terra/newtest/rmit_ros2_ws/src/rmitbot_controller' with build type 'ament_cmake'
[1.165s] INFO:colcon.colcon_cmake.task.cmake.build:Building CMake package in '/home/terra/newtest/rmit_ros2_ws/src/rmitbot_controller'
[1.165s] INFO:colcon.colcon_core.shell:Skip shell extension 'powershell' for command environment: Not usable outside of PowerShell
[1.166s] DEBUG:colcon.colcon_core.shell:Skip shell extension 'dsv' for command environment
[1.172s] INFO:colcon.colcon_ros.task.ament_cmake.build:Building ROS package in '/home/terra/newtest/rmit_ros2_ws/src/rmitbot_description' with build type 'ament_cmake'
[1.173s] INFO:colcon.colcon_cmake.task.cmake.build:Building CMake package in '/home/terra/newtest/rmit_ros2_ws/src/rmitbot_description'
[1.173s] INFO:colcon.colcon_core.shell:Skip shell extension 'powershell' for command environment: Not usable outside of PowerShell
[1.173s] DEBUG:colcon.colcon_core.shell:Skip shell extension 'dsv' for command environment
[1.179s] INFO:colcon.colcon_ros.task.ament_cmake.build:Building ROS package in '/home/terra/newtest/rmit_ros2_ws/src/rmitbot_firmware' with build type 'ament_cmake'
[1.180s] INFO:colcon.colcon_cmake.task.cmake.build:Building CMake package in '/home/terra/newtest/rmit_ros2_ws/src/rmitbot_firmware'
[1.180s] INFO:colcon.colcon_core.shell:Skip shell extension 'powershell' for command environment: Not usable outside of PowerShell
[1.180s] DEBUG:colcon.colcon_core.shell:Skip shell extension 'dsv' for command environment
[1.194s] DEBUG:colcon.colcon_core.event_handler.log_command:Invoking command in '/home/terra/newtest/rmit_ros2_ws/build/rmitbot_bringup': CMAKE_PREFIX_PATH=${CMAKE_PREFIX_PATH}:/opt/ros/jazzy /usr/bin/cmake --build /home/terra/newtest/rmit_ros2_ws/build/rmitbot_bringup -- -j4 -l4
[1.204s] DEBUG:colcon.colcon_core.event_handler.log_command:Invoking command in '/home/terra/newtest/rmit_ros2_ws/build/rmitbot_controller': CMAKE_PREFIX_PATH=${CMAKE_PREFIX_PATH}:/opt/ros/jazzy /usr/bin/cmake --build /home/terra/newtest/rmit_ros2_ws/build/rmitbot_controller -- -j4 -l4
[1.212s] DEBUG:colcon.colcon_core.event_handler.log_command:Invoking command in '/home/terra/newtest/rmit_ros2_ws/build/rmitbot_description': CMAKE_PREFIX_PATH=${CMAKE_PREFIX_PATH}:/opt/ros/jazzy /usr/bin/cmake --build /home/terra/newtest/rmit_ros2_ws/build/rmitbot_description -- -j4 -l4
[1.221s] DEBUG:colcon.colcon_core.event_handler.log_command:Invoking command in '/home/terra/newtest/rmit_ros2_ws/build/rmitbot_firmware': CMAKE_PREFIX_PATH=${CMAKE_PREFIX_PATH}:/opt/ros/jazzy /usr/bin/cmake --build /home/terra/newtest/rmit_ros2_ws/build/rmitbot_firmware -- -j4 -l4
[1.554s] DEBUG:colcon.colcon_core.event_handler.log_command:Invoked command in '/home/terra/newtest/rmit_ros2_ws/build/rmitbot_bringup' returned '0': CMAKE_PREFIX_PATH=${CMAKE_PREFIX_PATH}:/opt/ros/jazzy /usr/bin/cmake --build /home/terra/newtest/rmit_ros2_ws/build/rmitbot_bringup -- -j4 -l4
[1.581s] DEBUG:colcon.colcon_core.event_handler.log_command:Invoking command in '/home/terra/newtest/rmit_ros2_ws/build/rmitbot_bringup': CMAKE_PREFIX_PATH=${CMAKE_PREFIX_PATH}:/opt/ros/jazzy /usr/bin/cmake --install /home/terra/newtest/rmit_ros2_ws/build/rmitbot_bringup
[1.584s] DEBUG:colcon.colcon_core.event_handler.log_command:Invoked command in '/home/terra/newtest/rmit_ros2_ws/build/rmitbot_controller' returned '0': CMAKE_PREFIX_PATH=${CMAKE_PREFIX_PATH}:/opt/ros/jazzy /usr/bin/cmake --build /home/terra/newtest/rmit_ros2_ws/build/rmitbot_controller -- -j4 -l4
[1.591s] DEBUG:colcon.colcon_core.event_handler.log_command:Invoking command in '/home/terra/newtest/rmit_ros2_ws/build/rmitbot_controller': CMAKE_PREFIX_PATH=${CMAKE_PREFIX_PATH}:/opt/ros/jazzy /usr/bin/cmake --install /home/terra/newtest/rmit_ros2_ws/build/rmitbot_controller
[1.592s] DEBUG:colcon.colcon_core.event_handler.log_command:Invoked command in '/home/terra/newtest/rmit_ros2_ws/build/rmitbot_description' returned '0': CMAKE_PREFIX_PATH=${CMAKE_PREFIX_PATH}:/opt/ros/jazzy /usr/bin/cmake --build /home/terra/newtest/rmit_ros2_ws/build/rmitbot_description -- -j4 -l4
[1.605s] DEBUG:colcon.colcon_core.event_handler.log_command:Invoking command in '/home/terra/newtest/rmit_ros2_ws/build/rmitbot_description': CMAKE_PREFIX_PATH=${CMAKE_PREFIX_PATH}:/opt/ros/jazzy /usr/bin/cmake --install /home/terra/newtest/rmit_ros2_ws/build/rmitbot_description
[1.611s] Level 1:colcon.colcon_core.environment:create_environment_scripts_only(rmitbot_bringup)
[1.612s] DEBUG:colcon.colcon_core.event_handler.log_command:Invoked command in '/home/terra/newtest/rmit_ros2_ws/build/rmitbot_bringup' returned '0': CMAKE_PREFIX_PATH=${CMAKE_PREFIX_PATH}:/opt/ros/jazzy /usr/bin/cmake --install /home/terra/newtest/rmit_ros2_ws/build/rmitbot_bringup
[1.639s] Level 1:colcon.colcon_core.environment:checking '/home/terra/newtest/rmit_ros2_ws/install/rmitbot_bringup' for CMake module files
[1.640s] Level 1:colcon.colcon_core.environment:checking '/home/terra/newtest/rmit_ros2_ws/install/rmitbot_bringup' for CMake config files
[1.641s] Level 1:colcon.colcon_core.shell:create_environment_hook('rmitbot_bringup', 'cmake_prefix_path')
[1.641s] INFO:colcon.colcon_core.shell:Creating environment hook '/home/terra/newtest/rmit_ros2_ws/install/rmitbot_bringup/share/rmitbot_bringup/hook/cmake_prefix_path.ps1'
[1.643s] INFO:colcon.colcon_core.shell:Creating environment descriptor '/home/terra/newtest/rmit_ros2_ws/install/rmitbot_bringup/share/rmitbot_bringup/hook/cmake_prefix_path.dsv'
[1.645s] INFO:colcon.colcon_core.shell:Creating environment hook '/home/terra/newtest/rmit_ros2_ws/install/rmitbot_bringup/share/rmitbot_bringup/hook/cmake_prefix_path.sh'
[1.647s] Level 1:colcon.colcon_core.environment:checking '/home/terra/newtest/rmit_ros2_ws/install/rmitbot_bringup/bin'
[1.648s] Level 1:colcon.colcon_core.environment:checking '/home/terra/newtest/rmit_ros2_ws/install/rmitbot_bringup/lib/pkgconfig/rmitbot_bringup.pc'
[1.648s] Level 1:colcon.colcon_core.environment:checking '/home/terra/newtest/rmit_ros2_ws/install/rmitbot_bringup/lib/python3.12/site-packages'
[1.649s] Level 1:colcon.colcon_core.environment:checking '/home/terra/newtest/rmit_ros2_ws/install/rmitbot_bringup/bin'
[1.649s] INFO:colcon.colcon_core.shell:Creating package script '/home/terra/newtest/rmit_ros2_ws/install/rmitbot_bringup/share/rmitbot_bringup/package.ps1'
[1.651s] INFO:colcon.colcon_core.shell:Creating package descriptor '/home/terra/newtest/rmit_ros2_ws/install/rmitbot_bringup/share/rmitbot_bringup/package.dsv'
[1.653s] INFO:colcon.colcon_core.shell:Creating package script '/home/terra/newtest/rmit_ros2_ws/install/rmitbot_bringup/share/rmitbot_bringup/package.sh'
[1.655s] INFO:colcon.colcon_core.shell:Creating package script '/home/terra/newtest/rmit_ros2_ws/install/rmitbot_bringup/share/rmitbot_bringup/package.bash'
[1.658s] INFO:colcon.colcon_core.shell:Creating package script '/home/terra/newtest/rmit_ros2_ws/install/rmitbot_bringup/share/rmitbot_bringup/package.zsh'
[1.661s] Level 1:colcon.colcon_core.environment:create_file_with_runtime_dependencies(/home/terra/newtest/rmit_ros2_ws/install/rmitbot_bringup/share/colcon-core/packages/rmitbot_bringup)
[1.662s] Level 1:colcon.colcon_core.environment:create_environment_scripts_only(rmitbot_bringup)
[1.662s] Level 1:colcon.colcon_core.environment:checking '/home/terra/newtest/rmit_ros2_ws/install/rmitbot_bringup' for CMake module files
[1.663s] Level 1:colcon.colcon_core.environment:checking '/home/terra/newtest/rmit_ros2_ws/install/rmitbot_bringup' for CMake config files
[1.664s] Level 1:colcon.colcon_core.shell:create_environment_hook('rmitbot_bringup', 'cmake_prefix_path')
[1.664s] INFO:colcon.colcon_core.shell:Creating environment hook '/home/terra/newtest/rmit_ros2_ws/install/rmitbot_bringup/share/rmitbot_bringup/hook/cmake_prefix_path.ps1'
[1.664s] INFO:colcon.colcon_core.shell:Creating environment descriptor '/home/terra/newtest/rmit_ros2_ws/install/rmitbot_bringup/share/rmitbot_bringup/hook/cmake_prefix_path.dsv'
[1.666s] INFO:colcon.colcon_core.shell:Creating environment hook '/home/terra/newtest/rmit_ros2_ws/install/rmitbot_bringup/share/rmitbot_bringup/hook/cmake_prefix_path.sh'
[1.666s] Level 1:colcon.colcon_core.environment:checking '/home/terra/newtest/rmit_ros2_ws/install/rmitbot_bringup/bin'
[1.667s] Level 1:colcon.colcon_core.environment:checking '/home/terra/newtest/rmit_ros2_ws/install/rmitbot_bringup/lib/pkgconfig/rmitbot_bringup.pc'
[1.667s] Level 1:colcon.colcon_core.environment:checking '/home/terra/newtest/rmit_ros2_ws/install/rmitbot_bringup/lib/python3.12/site-packages'
[1.667s] Level 1:colcon.colcon_core.environment:checking '/home/terra/newtest/rmit_ros2_ws/install/rmitbot_bringup/bin'
[1.668s] INFO:colcon.colcon_core.shell:Creating package script '/home/terra/newtest/rmit_ros2_ws/install/rmitbot_bringup/share/rmitbot_bringup/package.ps1'
[1.669s] INFO:colcon.colcon_core.shell:Creating package descriptor '/home/terra/newtest/rmit_ros2_ws/install/rmitbot_bringup/share/rmitbot_bringup/package.dsv'
[1.670s] INFO:colcon.colcon_core.shell:Creating package script '/home/terra/newtest/rmit_ros2_ws/install/rmitbot_bringup/share/rmitbot_bringup/package.sh'
[1.671s] INFO:colcon.colcon_core.shell:Creating package script '/home/terra/newtest/rmit_ros2_ws/install/rmitbot_bringup/share/rmitbot_bringup/package.bash'
[1.671s] INFO:colcon.colcon_core.shell:Creating package script '/home/terra/newtest/rmit_ros2_ws/install/rmitbot_bringup/share/rmitbot_bringup/package.zsh'
[1.672s] Level 1:colcon.colcon_core.environment:create_file_with_runtime_dependencies(/home/terra/newtest/rmit_ros2_ws/install/rmitbot_bringup/share/colcon-core/packages/rmitbot_bringup)
[1.673s] INFO:colcon.colcon_ros.task.ament_cmake.build:Building ROS package in '/home/terra/newtest/rmit_ros2_ws/src/rmitbot_localization' with build type 'ament_cmake'
[1.673s] INFO:colcon.colcon_cmake.task.cmake.build:Building CMake package in '/home/terra/newtest/rmit_ros2_ws/src/rmitbot_localization'
[1.673s] INFO:colcon.colcon_core.shell:Skip shell extension 'powershell' for command environment: Not usable outside of PowerShell
[1.674s] DEBUG:colcon.colcon_core.shell:Skip shell extension 'dsv' for command environment
[1.682s] Level 1:colcon.colcon_core.environment:create_environment_scripts_only(rmitbot_controller)
[1.682s] Level 1:colcon.colcon_core.environment:checking '/home/terra/newtest/rmit_ros2_ws/install/rmitbot_controller' for CMake module files
[1.683s] DEBUG:colcon.colcon_core.event_handler.log_command:Invoked command in '/home/terra/newtest/rmit_ros2_ws/build/rmitbot_controller' returned '0': CMAKE_PREFIX_PATH=${CMAKE_PREFIX_PATH}:/opt/ros/jazzy /usr/bin/cmake --install /home/terra/newtest/rmit_ros2_ws/build/rmitbot_controller
[1.683s] Level 1:colcon.colcon_core.environment:checking '/home/terra/newtest/rmit_ros2_ws/install/rmitbot_controller' for CMake config files
[1.684s] Level 1:colcon.colcon_core.shell:create_environment_hook('rmitbot_controller', 'cmake_prefix_path')
[1.684s] INFO:colcon.colcon_core.shell:Creating environment hook '/home/terra/newtest/rmit_ros2_ws/install/rmitbot_controller/share/rmitbot_controller/hook/cmake_prefix_path.ps1'
[1.685s] INFO:colcon.colcon_core.shell:Creating environment descriptor '/home/terra/newtest/rmit_ros2_ws/install/rmitbot_controller/share/rmitbot_controller/hook/cmake_prefix_path.dsv'
[1.685s] INFO:colcon.colcon_core.shell:Creating environment hook '/home/terra/newtest/rmit_ros2_ws/install/rmitbot_controller/share/rmitbot_controller/hook/cmake_prefix_path.sh'
[1.687s] Level 1:colcon.colcon_core.environment:checking '/home/terra/newtest/rmit_ros2_ws/install/rmitbot_controller/bin'
[1.687s] Level 1:colcon.colcon_core.environment:checking '/home/terra/newtest/rmit_ros2_ws/install/rmitbot_controller/lib/pkgconfig/rmitbot_controller.pc'
[1.687s] Level 1:colcon.colcon_core.environment:checking '/home/terra/newtest/rmit_ros2_ws/install/rmitbot_controller/lib/python3.12/site-packages'
[1.688s] Level 1:colcon.colcon_core.environment:checking '/home/terra/newtest/rmit_ros2_ws/install/rmitbot_controller/bin'
[1.688s] INFO:colcon.colcon_core.shell:Creating package script '/home/terra/newtest/rmit_ros2_ws/install/rmitbot_controller/share/rmitbot_controller/package.ps1'
[1.689s] INFO:colcon.colcon_core.shell:Creating package descriptor '/home/terra/newtest/rmit_ros2_ws/install/rmitbot_controller/share/rmitbot_controller/package.dsv'
[1.690s] INFO:colcon.colcon_core.shell:Creating package script '/home/terra/newtest/rmit_ros2_ws/install/rmitbot_controller/share/rmitbot_controller/package.sh'
[1.690s] INFO:colcon.colcon_core.shell:Creating package script '/home/terra/newtest/rmit_ros2_ws/install/rmitbot_controller/share/rmitbot_controller/package.bash'
[1.691s] INFO:colcon.colcon_core.shell:Creating package script '/home/terra/newtest/rmit_ros2_ws/install/rmitbot_controller/share/rmitbot_controller/package.zsh'
[1.691s] Level 1:colcon.colcon_core.environment:create_file_with_runtime_dependencies(/home/terra/newtest/rmit_ros2_ws/install/rmitbot_controller/share/colcon-core/packages/rmitbot_controller)
[1.692s] Level 1:colcon.colcon_core.environment:create_environment_scripts_only(rmitbot_controller)
[1.692s] Level 1:colcon.colcon_core.environment:checking '/home/terra/newtest/rmit_ros2_ws/install/rmitbot_controller' for CMake module files
[1.692s] Level 1:colcon.colcon_core.environment:checking '/home/terra/newtest/rmit_ros2_ws/install/rmitbot_controller' for CMake config files
[1.693s] Level 1:colcon.colcon_core.shell:create_environment_hook('rmitbot_controller', 'cmake_prefix_path')
[1.693s] INFO:colcon.colcon_core.shell:Creating environment hook '/home/terra/newtest/rmit_ros2_ws/install/rmitbot_controller/share/rmitbot_controller/hook/cmake_prefix_path.ps1'
[1.693s] INFO:colcon.colcon_core.shell:Creating environment descriptor '/home/terra/newtest/rmit_ros2_ws/install/rmitbot_controller/share/rmitbot_controller/hook/cmake_prefix_path.dsv'
[1.695s] INFO:colcon.colcon_core.shell:Creating environment hook '/home/terra/newtest/rmit_ros2_ws/install/rmitbot_controller/share/rmitbot_controller/hook/cmake_prefix_path.sh'
[1.696s] Level 1:colcon.colcon_core.environment:checking '/home/terra/newtest/rmit_ros2_ws/install/rmitbot_controller/bin'
[1.696s] Level 1:colcon.colcon_core.environment:checking '/home/terra/newtest/rmit_ros2_ws/install/rmitbot_controller/lib/pkgconfig/rmitbot_controller.pc'
[1.696s] Level 1:colcon.colcon_core.environment:checking '/home/terra/newtest/rmit_ros2_ws/install/rmitbot_controller/lib/python3.12/site-packages'
[1.697s] Level 1:colcon.colcon_core.environment:checking '/home/terra/newtest/rmit_ros2_ws/install/rmitbot_controller/bin'
[1.697s] INFO:colcon.colcon_core.shell:Creating package script '/home/terra/newtest/rmit_ros2_ws/install/rmitbot_controller/share/rmitbot_controller/package.ps1'
[1.698s] INFO:colcon.colcon_core.shell:Creating package descriptor '/home/terra/newtest/rmit_ros2_ws/install/rmitbot_controller/share/rmitbot_controller/package.dsv'
[1.698s] INFO:colcon.colcon_core.shell:Creating package script '/home/terra/newtest/rmit_ros2_ws/install/rmitbot_controller/share/rmitbot_controller/package.sh'
[1.699s] INFO:colcon.colcon_core.shell:Creating package script '/home/terra/newtest/rmit_ros2_ws/install/rmitbot_controller/share/rmitbot_controller/package.bash'
[1.699s] INFO:colcon.colcon_core.shell:Creating package script '/home/terra/newtest/rmit_ros2_ws/install/rmitbot_controller/share/rmitbot_controller/package.zsh'
[1.700s] Level 1:colcon.colcon_core.environment:create_file_with_runtime_dependencies(/home/terra/newtest/rmit_ros2_ws/install/rmitbot_controller/share/colcon-core/packages/rmitbot_controller)
[1.701s] Level 1:colcon.colcon_core.environment:create_environment_scripts_only(rmitbot_description)
[1.701s] Level 1:colcon.colcon_core.environment:checking '/home/terra/newtest/rmit_ros2_ws/install/rmitbot_description' for CMake module files
[1.702s] DEBUG:colcon.colcon_core.event_handler.log_command:Invoked command in '/home/terra/newtest/rmit_ros2_ws/build/rmitbot_description' returned '0': CMAKE_PREFIX_PATH=${CMAKE_PREFIX_PATH}:/opt/ros/jazzy /usr/bin/cmake --install /home/terra/newtest/rmit_ros2_ws/build/rmitbot_description
[1.702s] Level 1:colcon.colcon_core.environment:checking '/home/terra/newtest/rmit_ros2_ws/install/rmitbot_description' for CMake config files
[1.703s] Level 1:colcon.colcon_core.shell:create_environment_hook('rmitbot_description', 'cmake_prefix_path')
[1.703s] INFO:colcon.colcon_core.shell:Creating environment hook '/home/terra/newtest/rmit_ros2_ws/install/rmitbot_description/share/rmitbot_description/hook/cmake_prefix_path.ps1'
[1.704s] INFO:colcon.colcon_core.shell:Creating environment descriptor '/home/terra/newtest/rmit_ros2_ws/install/rmitbot_description/share/rmitbot_description/hook/cmake_prefix_path.dsv'
[1.704s] INFO:colcon.colcon_core.shell:Creating environment hook '/home/terra/newtest/rmit_ros2_ws/install/rmitbot_description/share/rmitbot_description/hook/cmake_prefix_path.sh'
[1.705s] Level 1:colcon.colcon_core.environment:checking '/home/terra/newtest/rmit_ros2_ws/install/rmitbot_description/bin'
[1.705s] Level 1:colcon.colcon_core.environment:checking '/home/terra/newtest/rmit_ros2_ws/install/rmitbot_description/lib/pkgconfig/rmitbot_description.pc'
[1.705s] Level 1:colcon.colcon_core.environment:checking '/home/terra/newtest/rmit_ros2_ws/install/rmitbot_description/lib/python3.12/site-packages'
[1.706s] Level 1:colcon.colcon_core.environment:checking '/home/terra/newtest/rmit_ros2_ws/install/rmitbot_description/bin'
[1.706s] INFO:colcon.colcon_core.shell:Creating package script '/home/terra/newtest/rmit_ros2_ws/install/rmitbot_description/share/rmitbot_description/package.ps1'
[1.707s] INFO:colcon.colcon_core.shell:Creating package descriptor '/home/terra/newtest/rmit_ros2_ws/install/rmitbot_description/share/rmitbot_description/package.dsv'
[1.708s] INFO:colcon.colcon_core.shell:Creating package script '/home/terra/newtest/rmit_ros2_ws/install/rmitbot_description/share/rmitbot_description/package.sh'
[1.708s] INFO:colcon.colcon_core.shell:Creating package script '/home/terra/newtest/rmit_ros2_ws/install/rmitbot_description/share/rmitbot_description/package.bash'
[1.709s] INFO:colcon.colcon_core.shell:Creating package script '/home/terra/newtest/rmit_ros2_ws/install/rmitbot_description/share/rmitbot_description/package.zsh'
[1.709s] Level 1:colcon.colcon_core.environment:create_file_with_runtime_dependencies(/home/terra/newtest/rmit_ros2_ws/install/rmitbot_description/share/colcon-core/packages/rmitbot_description)
[1.710s] Level 1:colcon.colcon_core.environment:create_environment_scripts_only(rmitbot_description)
[1.710s] Level 1:colcon.colcon_core.environment:checking '/home/terra/newtest/rmit_ros2_ws/install/rmitbot_description' for CMake module files
[1.711s] Level 1:colcon.colcon_core.environment:checking '/home/terra/newtest/rmit_ros2_ws/install/rmitbot_description' for CMake config files
[1.711s] Level 1:colcon.colcon_core.shell:create_environment_hook('rmitbot_description', 'cmake_prefix_path')
[1.711s] INFO:colcon.colcon_core.shell:Creating environment hook '/home/terra/newtest/rmit_ros2_ws/install/rmitbot_description/share/rmitbot_description/hook/cmake_prefix_path.ps1'
[1.712s] INFO:colcon.colcon_core.shell:Creating environment descriptor '/home/terra/newtest/rmit_ros2_ws/install/rmitbot_description/share/rmitbot_description/hook/cmake_prefix_path.dsv'
[1.712s] INFO:colcon.colcon_core.shell:Creating environment hook '/home/terra/newtest/rmit_ros2_ws/install/rmitbot_description/share/rmitbot_description/hook/cmake_prefix_path.sh'
[1.713s] Level 1:colcon.colcon_core.environment:checking '/home/terra/newtest/rmit_ros2_ws/install/rmitbot_description/bin'
[1.713s] Level 1:colcon.colcon_core.environment:checking '/home/terra/newtest/rmit_ros2_ws/install/rmitbot_description/lib/pkgconfig/rmitbot_description.pc'
[1.713s] Level 1:colcon.colcon_core.environment:checking '/home/terra/newtest/rmit_ros2_ws/install/rmitbot_description/lib/python3.12/site-packages'
[1.714s] Level 1:colcon.colcon_core.environment:checking '/home/terra/newtest/rmit_ros2_ws/install/rmitbot_description/bin'
[1.714s] INFO:colcon.colcon_core.shell:Creating package script '/home/terra/newtest/rmit_ros2_ws/install/rmitbot_description/share/rmitbot_description/package.ps1'
[1.715s] INFO:colcon.colcon_core.shell:Creating package descriptor '/home/terra/newtest/rmit_ros2_ws/install/rmitbot_description/share/rmitbot_description/package.dsv'
[1.715s] INFO:colcon.colcon_core.shell:Creating package script '/home/terra/newtest/rmit_ros2_ws/install/rmitbot_description/share/rmitbot_description/package.sh'
[1.717s] INFO:colcon.colcon_core.shell:Creating package script '/home/terra/newtest/rmit_ros2_ws/install/rmitbot_description/share/rmitbot_description/package.bash'
[1.717s] INFO:colcon.colcon_core.shell:Creating package script '/home/terra/newtest/rmit_ros2_ws/install/rmitbot_description/share/rmitbot_description/package.zsh'
[1.718s] Level 1:colcon.colcon_core.environment:create_file_with_runtime_dependencies(/home/terra/newtest/rmit_ros2_ws/install/rmitbot_description/share/colcon-core/packages/rmitbot_description)
[1.719s] INFO:colcon.colcon_ros.task.ament_cmake.build:Building ROS package in '/home/terra/newtest/rmit_ros2_ws/src/rmitbot_mapping' with build type 'ament_cmake'
[1.719s] INFO:colcon.colcon_cmake.task.cmake.build:Building CMake package in '/home/terra/newtest/rmit_ros2_ws/src/rmitbot_mapping'
[1.719s] INFO:colcon.colcon_core.shell:Skip shell extension 'powershell' for command environment: Not usable outside of PowerShell
[1.719s] DEBUG:colcon.colcon_core.shell:Skip shell extension 'dsv' for command environment
[1.725s] INFO:colcon.colcon_ros.task.ament_cmake.build:Building ROS package in '/home/terra/newtest/rmit_ros2_ws/src/rmitbot_navigation' with build type 'ament_cmake'
[1.726s] INFO:colcon.colcon_cmake.task.cmake.build:Building CMake package in '/home/terra/newtest/rmit_ros2_ws/src/rmitbot_navigation'
[1.726s] INFO:colcon.colcon_core.shell:Skip shell extension 'powershell' for command environment: Not usable outside of PowerShell
[1.726s] DEBUG:colcon.colcon_core.shell:Skip shell extension 'dsv' for command environment
[1.746s] DEBUG:colcon.colcon_core.event_handler.log_command:Invoking command in '/home/terra/newtest/rmit_ros2_ws/build/rmitbot_localization': CMAKE_PREFIX_PATH=${CMAKE_PREFIX_PATH}:/opt/ros/jazzy /usr/bin/cmake --build /home/terra/newtest/rmit_ros2_ws/build/rmitbot_localization -- -j4 -l4
[1.754s] DEBUG:colcon.colcon_core.event_handler.log_command:Invoking command in '/home/terra/newtest/rmit_ros2_ws/build/rmitbot_mapping': CMAKE_PREFIX_PATH=${CMAKE_PREFIX_PATH}:/opt/ros/jazzy /usr/bin/cmake --build /home/terra/newtest/rmit_ros2_ws/build/rmitbot_mapping -- -j4 -l4
[1.761s] DEBUG:colcon.colcon_core.event_handler.log_command:Invoking command in '/home/terra/newtest/rmit_ros2_ws/build/rmitbot_navigation': CMAKE_PREFIX_PATH=${CMAKE_PREFIX_PATH}:/opt/ros/jazzy /usr/bin/cmake --build /home/terra/newtest/rmit_ros2_ws/build/rmitbot_navigation -- -j4 -l4
[1.849s] DEBUG:colcon.colcon_core.event_handler.log_command:Invoked command in '/home/terra/newtest/rmit_ros2_ws/build/rmitbot_localization' returned '0': CMAKE_PREFIX_PATH=${CMAKE_PREFIX_PATH}:/opt/ros/jazzy /usr/bin/cmake --build /home/terra/newtest/rmit_ros2_ws/build/rmitbot_localization -- -j4 -l4
[1.863s] DEBUG:colcon.colcon_core.event_handler.log_command:Invoking command in '/home/terra/newtest/rmit_ros2_ws/build/rmitbot_localization': CMAKE_PREFIX_PATH=${CMAKE_PREFIX_PATH}:/opt/ros/jazzy /usr/bin/cmake --install /home/terra/newtest/rmit_ros2_ws/build/rmitbot_localization
[1.872s] DEBUG:colcon.colcon_core.event_handler.log_command:Invoked command in '/home/terra/newtest/rmit_ros2_ws/build/rmitbot_mapping' returned '0': CMAKE_PREFIX_PATH=${CMAKE_PREFIX_PATH}:/opt/ros/jazzy /usr/bin/cmake --build /home/terra/newtest/rmit_ros2_ws/build/rmitbot_mapping -- -j4 -l4
[1.882s] DEBUG:colcon.colcon_core.event_handler.log_command:Invoking command in '/home/terra/newtest/rmit_ros2_ws/build/rmitbot_mapping': CMAKE_PREFIX_PATH=${CMAKE_PREFIX_PATH}:/opt/ros/jazzy /usr/bin/cmake --install /home/terra/newtest/rmit_ros2_ws/build/rmitbot_mapping
[1.886s] DEBUG:colcon.colcon_core.event_handler.log_command:Invoked command in '/home/terra/newtest/rmit_ros2_ws/build/rmitbot_navigation' returned '0': CMAKE_PREFIX_PATH=${CMAKE_PREFIX_PATH}:/opt/ros/jazzy /usr/bin/cmake --build /home/terra/newtest/rmit_ros2_ws/build/rmitbot_navigation -- -j4 -l4
[1.902s] DEBUG:colcon.colcon_core.event_handler.log_command:Invoking command in '/home/terra/newtest/rmit_ros2_ws/build/rmitbot_navigation': CMAKE_PREFIX_PATH=${CMAKE_PREFIX_PATH}:/opt/ros/jazzy /usr/bin/cmake --install /home/terra/newtest/rmit_ros2_ws/build/rmitbot_navigation
[1.902s] Level 1:colcon.colcon_core.environment:create_environment_scripts_only(rmitbot_localization)
[1.903s] Level 1:colcon.colcon_core.environment:checking '/home/terra/newtest/rmit_ros2_ws/install/rmitbot_localization' for CMake module files
[1.904s] DEBUG:colcon.colcon_core.event_handler.log_command:Invoked command in '/home/terra/newtest/rmit_ros2_ws/build/rmitbot_localization' returned '0': CMAKE_PREFIX_PATH=${CMAKE_PREFIX_PATH}:/opt/ros/jazzy /usr/bin/cmake --install /home/terra/newtest/rmit_ros2_ws/build/rmitbot_localization
[1.905s] Level 1:colcon.colcon_core.environment:checking '/home/terra/newtest/rmit_ros2_ws/install/rmitbot_localization' for CMake config files
[1.905s] Level 1:colcon.colcon_core.shell:create_environment_hook('rmitbot_localization', 'cmake_prefix_path')
[1.905s] INFO:colcon.colcon_core.shell:Creating environment hook '/home/terra/newtest/rmit_ros2_ws/install/rmitbot_localization/share/rmitbot_localization/hook/cmake_prefix_path.ps1'
[1.908s] INFO:colcon.colcon_core.shell:Creating environment descriptor '/home/terra/newtest/rmit_ros2_ws/install/rmitbot_localization/share/rmitbot_localization/hook/cmake_prefix_path.dsv'
[1.909s] INFO:colcon.colcon_core.shell:Creating environment hook '/home/terra/newtest/rmit_ros2_ws/install/rmitbot_localization/share/rmitbot_localization/hook/cmake_prefix_path.sh'
[1.910s] Level 1:colcon.colcon_core.environment:checking '/home/terra/newtest/rmit_ros2_ws/install/rmitbot_localization/bin'
[1.910s] Level 1:colcon.colcon_core.environment:checking '/home/terra/newtest/rmit_ros2_ws/install/rmitbot_localization/lib/pkgconfig/rmitbot_localization.pc'
[1.910s] Level 1:colcon.colcon_core.environment:checking '/home/terra/newtest/rmit_ros2_ws/install/rmitbot_localization/lib/python3.12/site-packages'
[1.911s] Level 1:colcon.colcon_core.environment:checking '/home/terra/newtest/rmit_ros2_ws/install/rmitbot_localization/bin'
[1.912s] INFO:colcon.colcon_core.shell:Creating package script '/home/terra/newtest/rmit_ros2_ws/install/rmitbot_localization/share/rmitbot_localization/package.ps1'
[1.914s] INFO:colcon.colcon_core.shell:Creating package descriptor '/home/terra/newtest/rmit_ros2_ws/install/rmitbot_localization/share/rmitbot_localization/package.dsv'
[1.914s] INFO:colcon.colcon_core.shell:Creating package script '/home/terra/newtest/rmit_ros2_ws/install/rmitbot_localization/share/rmitbot_localization/package.sh'
[1.915s] INFO:colcon.colcon_core.shell:Creating package script '/home/terra/newtest/rmit_ros2_ws/install/rmitbot_localization/share/rmitbot_localization/package.bash'
[1.916s] INFO:colcon.colcon_core.shell:Creating package script '/home/terra/newtest/rmit_ros2_ws/install/rmitbot_localization/share/rmitbot_localization/package.zsh'
[1.917s] Level 1:colcon.colcon_core.environment:create_file_with_runtime_dependencies(/home/terra/newtest/rmit_ros2_ws/install/rmitbot_localization/share/colcon-core/packages/rmitbot_localization)
[1.917s] Level 1:colcon.colcon_core.environment:create_environment_scripts_only(rmitbot_localization)
[1.918s] Level 1:colcon.colcon_core.environment:checking '/home/terra/newtest/rmit_ros2_ws/install/rmitbot_localization' for CMake module files
[1.918s] Level 1:colcon.colcon_core.environment:checking '/home/terra/newtest/rmit_ros2_ws/install/rmitbot_localization' for CMake config files
[1.919s] Level 1:colcon.colcon_core.shell:create_environment_hook('rmitbot_localization', 'cmake_prefix_path')
[1.919s] INFO:colcon.colcon_core.shell:Creating environment hook '/home/terra/newtest/rmit_ros2_ws/install/rmitbot_localization/share/rmitbot_localization/hook/cmake_prefix_path.ps1'
[1.919s] INFO:colcon.colcon_core.shell:Creating environment descriptor '/home/terra/newtest/rmit_ros2_ws/install/rmitbot_localization/share/rmitbot_localization/hook/cmake_prefix_path.dsv'
[1.920s] INFO:colcon.colcon_core.shell:Creating environment hook '/home/terra/newtest/rmit_ros2_ws/install/rmitbot_localization/share/rmitbot_localization/hook/cmake_prefix_path.sh'
[1.921s] Level 1:colcon.colcon_core.environment:checking '/home/terra/newtest/rmit_ros2_ws/install/rmitbot_localization/bin'
[1.921s] Level 1:colcon.colcon_core.environment:checking '/home/terra/newtest/rmit_ros2_ws/install/rmitbot_localization/lib/pkgconfig/rmitbot_localization.pc'
[1.921s] Level 1:colcon.colcon_core.environment:checking '/home/terra/newtest/rmit_ros2_ws/install/rmitbot_localization/lib/python3.12/site-packages'
[1.921s] Level 1:colcon.colcon_core.environment:checking '/home/terra/newtest/rmit_ros2_ws/install/rmitbot_localization/bin'
[1.922s] INFO:colcon.colcon_core.shell:Creating package script '/home/terra/newtest/rmit_ros2_ws/install/rmitbot_localization/share/rmitbot_localization/package.ps1'
[1.923s] INFO:colcon.colcon_core.shell:Creating package descriptor '/home/terra/newtest/rmit_ros2_ws/install/rmitbot_localization/share/rmitbot_localization/package.dsv'
[1.924s] INFO:colcon.colcon_core.shell:Creating package script '/home/terra/newtest/rmit_ros2_ws/install/rmitbot_localization/share/rmitbot_localization/package.sh'
[1.924s] INFO:colcon.colcon_core.shell:Creating package script '/home/terra/newtest/rmit_ros2_ws/install/rmitbot_localization/share/rmitbot_localization/package.bash'
[1.925s] INFO:colcon.colcon_core.shell:Creating package script '/home/terra/newtest/rmit_ros2_ws/install/rmitbot_localization/share/rmitbot_localization/package.zsh'
[1.925s] Level 1:colcon.colcon_core.environment:create_file_with_runtime_dependencies(/home/terra/newtest/rmit_ros2_ws/install/rmitbot_localization/share/colcon-core/packages/rmitbot_localization)
[1.926s] INFO:colcon.colcon_ros.task.ament_cmake.build:Building ROS package in '/home/terra/newtest/rmit_ros2_ws/src/rmitbot_vision' with build type 'ament_cmake'
[1.926s] INFO:colcon.colcon_cmake.task.cmake.build:Building CMake package in '/home/terra/newtest/rmit_ros2_ws/src/rmitbot_vision'
[1.927s] INFO:colcon.colcon_core.shell:Skip shell extension 'powershell' for command environment: Not usable outside of PowerShell
[1.927s] DEBUG:colcon.colcon_core.shell:Skip shell extension 'dsv' for command environment
[1.935s] Level 1:colcon.colcon_core.environment:create_environment_scripts_only(rmitbot_mapping)
[1.937s] Level 1:colcon.colcon_core.environment:checking '/home/terra/newtest/rmit_ros2_ws/install/rmitbot_mapping' for CMake module files
[1.938s] DEBUG:colcon.colcon_core.event_handler.log_command:Invoked command in '/home/terra/newtest/rmit_ros2_ws/build/rmitbot_mapping' returned '0': CMAKE_PREFIX_PATH=${CMAKE_PREFIX_PATH}:/opt/ros/jazzy /usr/bin/cmake --install /home/terra/newtest/rmit_ros2_ws/build/rmitbot_mapping
[1.940s] Level 1:colcon.colcon_core.environment:checking '/home/terra/newtest/rmit_ros2_ws/install/rmitbot_mapping' for CMake config files
[1.940s] Level 1:colcon.colcon_core.shell:create_environment_hook('rmitbot_mapping', 'cmake_prefix_path')
[1.940s] INFO:colcon.colcon_core.shell:Creating environment hook '/home/terra/newtest/rmit_ros2_ws/install/rmitbot_mapping/share/rmitbot_mapping/hook/cmake_prefix_path.ps1'
[1.941s] INFO:colcon.colcon_core.shell:Creating environment descriptor '/home/terra/newtest/rmit_ros2_ws/install/rmitbot_mapping/share/rmitbot_mapping/hook/cmake_prefix_path.dsv'
[1.942s] INFO:colcon.colcon_core.shell:Creating environment hook '/home/terra/newtest/rmit_ros2_ws/install/rmitbot_mapping/share/rmitbot_mapping/hook/cmake_prefix_path.sh'
[1.943s] Level 1:colcon.colcon_core.environment:checking '/home/terra/newtest/rmit_ros2_ws/install/rmitbot_mapping/bin'
[1.943s] Level 1:colcon.colcon_core.environment:checking '/home/terra/newtest/rmit_ros2_ws/install/rmitbot_mapping/lib/pkgconfig/rmitbot_mapping.pc'
[1.943s] Level 1:colcon.colcon_core.environment:checking '/home/terra/newtest/rmit_ros2_ws/install/rmitbot_mapping/lib/python3.12/site-packages'
[1.944s] Level 1:colcon.colcon_core.environment:checking '/home/terra/newtest/rmit_ros2_ws/install/rmitbot_mapping/bin'
[1.944s] INFO:colcon.colcon_core.shell:Creating package script '/home/terra/newtest/rmit_ros2_ws/install/rmitbot_mapping/share/rmitbot_mapping/package.ps1'
[1.945s] INFO:colcon.colcon_core.shell:Creating package descriptor '/home/terra/newtest/rmit_ros2_ws/install/rmitbot_mapping/share/rmitbot_mapping/package.dsv'
[1.946s] INFO:colcon.colcon_core.shell:Creating package script '/home/terra/newtest/rmit_ros2_ws/install/rmitbot_mapping/share/rmitbot_mapping/package.sh'
[1.946s] INFO:colcon.colcon_core.shell:Creating package script '/home/terra/newtest/rmit_ros2_ws/install/rmitbot_mapping/share/rmitbot_mapping/package.bash'
[1.947s] INFO:colcon.colcon_core.shell:Creating package script '/home/terra/newtest/rmit_ros2_ws/install/rmitbot_mapping/share/rmitbot_mapping/package.zsh'
[1.947s] Level 1:colcon.colcon_core.environment:create_file_with_runtime_dependencies(/home/terra/newtest/rmit_ros2_ws/install/rmitbot_mapping/share/colcon-core/packages/rmitbot_mapping)
[1.949s] Level 1:colcon.colcon_core.environment:create_environment_scripts_only(rmitbot_mapping)
[1.949s] Level 1:colcon.colcon_core.environment:checking '/home/terra/newtest/rmit_ros2_ws/install/rmitbot_mapping' for CMake module files
[1.950s] Level 1:colcon.colcon_core.environment:checking '/home/terra/newtest/rmit_ros2_ws/install/rmitbot_mapping' for CMake config files
[1.950s] Level 1:colcon.colcon_core.shell:create_environment_hook('rmitbot_mapping', 'cmake_prefix_path')
[1.950s] INFO:colcon.colcon_core.shell:Creating environment hook '/home/terra/newtest/rmit_ros2_ws/install/rmitbot_mapping/share/rmitbot_mapping/hook/cmake_prefix_path.ps1'
[1.951s] INFO:colcon.colcon_core.shell:Creating environment descriptor '/home/terra/newtest/rmit_ros2_ws/install/rmitbot_mapping/share/rmitbot_mapping/hook/cmake_prefix_path.dsv'
[1.952s] INFO:colcon.colcon_core.shell:Creating environment hook '/home/terra/newtest/rmit_ros2_ws/install/rmitbot_mapping/share/rmitbot_mapping/hook/cmake_prefix_path.sh'
[1.953s] Level 1:colcon.colcon_core.environment:checking '/home/terra/newtest/rmit_ros2_ws/install/rmitbot_mapping/bin'
[1.953s] Level 1:colcon.colcon_core.environment:checking '/home/terra/newtest/rmit_ros2_ws/install/rmitbot_mapping/lib/pkgconfig/rmitbot_mapping.pc'
[1.953s] Level 1:colcon.colcon_core.environment:checking '/home/terra/newtest/rmit_ros2_ws/install/rmitbot_mapping/lib/python3.12/site-packages'
[1.953s] Level 1:colcon.colcon_core.environment:checking '/home/terra/newtest/rmit_ros2_ws/install/rmitbot_mapping/bin'
[1.954s] INFO:colcon.colcon_core.shell:Creating package script '/home/terra/newtest/rmit_ros2_ws/install/rmitbot_mapping/share/rmitbot_mapping/package.ps1'
[1.955s] INFO:colcon.colcon_core.shell:Creating package descriptor '/home/terra/newtest/rmit_ros2_ws/install/rmitbot_mapping/share/rmitbot_mapping/package.dsv'
[1.955s] INFO:colcon.colcon_core.shell:Creating package script '/home/terra/newtest/rmit_ros2_ws/install/rmitbot_mapping/share/rmitbot_mapping/package.sh'
[1.956s] INFO:colcon.colcon_core.shell:Creating package script '/home/terra/newtest/rmit_ros2_ws/install/rmitbot_mapping/share/rmitbot_mapping/package.bash'
[1.956s] INFO:colcon.colcon_core.shell:Creating package script '/home/terra/newtest/rmit_ros2_ws/install/rmitbot_mapping/share/rmitbot_mapping/package.zsh'
[1.957s] Level 1:colcon.colcon_core.environment:create_file_with_runtime_dependencies(/home/terra/newtest/rmit_ros2_ws/install/rmitbot_mapping/share/colcon-core/packages/rmitbot_mapping)
[1.971s] Level 1:colcon.colcon_core.environment:create_environment_scripts_only(rmitbot_navigation)
[1.972s] Level 1:colcon.colcon_core.environment:checking '/home/terra/newtest/rmit_ros2_ws/install/rmitbot_navigation' for CMake module files
[1.972s] DEBUG:colcon.colcon_core.event_handler.log_command:Invoking command in '/home/terra/newtest/rmit_ros2_ws/build/rmitbot_vision': CMAKE_PREFIX_PATH=${CMAKE_PREFIX_PATH}:/opt/ros/jazzy /usr/bin/cmake --build /home/terra/newtest/rmit_ros2_ws/build/rmitbot_vision -- -j4 -l4
[1.973s] DEBUG:colcon.colcon_core.event_handler.log_command:Invoked command in '/home/terra/newtest/rmit_ros2_ws/build/rmitbot_navigation' returned '0': CMAKE_PREFIX_PATH=${CMAKE_PREFIX_PATH}:/opt/ros/jazzy /usr/bin/cmake --install /home/terra/newtest/rmit_ros2_ws/build/rmitbot_navigation
[1.974s] Level 1:colcon.colcon_core.environment:checking '/home/terra/newtest/rmit_ros2_ws/install/rmitbot_navigation' for CMake config files
[1.974s] Level 1:colcon.colcon_core.shell:create_environment_hook('rmitbot_navigation', 'cmake_prefix_path')
[1.974s] INFO:colcon.colcon_core.shell:Creating environment hook '/home/terra/newtest/rmit_ros2_ws/install/rmitbot_navigation/share/rmitbot_navigation/hook/cmake_prefix_path.ps1'
[1.977s] INFO:colcon.colcon_core.shell:Creating environment descriptor '/home/terra/newtest/rmit_ros2_ws/install/rmitbot_navigation/share/rmitbot_navigation/hook/cmake_prefix_path.dsv'
[1.977s] INFO:colcon.colcon_core.shell:Creating environment hook '/home/terra/newtest/rmit_ros2_ws/install/rmitbot_navigation/share/rmitbot_navigation/hook/cmake_prefix_path.sh'
[1.979s] Level 1:colcon.colcon_core.environment:checking '/home/terra/newtest/rmit_ros2_ws/install/rmitbot_navigation/bin'
[1.979s] Level 1:colcon.colcon_core.environment:checking '/home/terra/newtest/rmit_ros2_ws/install/rmitbot_navigation/lib/pkgconfig/rmitbot_navigation.pc'
[1.980s] Level 1:colcon.colcon_core.environment:checking '/home/terra/newtest/rmit_ros2_ws/install/rmitbot_navigation/lib/python3.12/site-packages'
[1.980s] Level 1:colcon.colcon_core.environment:checking '/home/terra/newtest/rmit_ros2_ws/install/rmitbot_navigation/bin'
[1.981s] INFO:colcon.colcon_core.shell:Creating package script '/home/terra/newtest/rmit_ros2_ws/install/rmitbot_navigation/share/rmitbot_navigation/package.ps1'
[1.983s] INFO:colcon.colcon_core.shell:Creating package descriptor '/home/terra/newtest/rmit_ros2_ws/install/rmitbot_navigation/share/rmitbot_navigation/package.dsv'
[1.984s] INFO:colcon.colcon_core.shell:Creating package script '/home/terra/newtest/rmit_ros2_ws/install/rmitbot_navigation/share/rmitbot_navigation/package.sh'
[1.985s] INFO:colcon.colcon_core.shell:Creating package script '/home/terra/newtest/rmit_ros2_ws/install/rmitbot_navigation/share/rmitbot_navigation/package.bash'
[1.985s] INFO:colcon.colcon_core.shell:Creating package script '/home/terra/newtest/rmit_ros2_ws/install/rmitbot_navigation/share/rmitbot_navigation/package.zsh'
[1.986s] Level 1:colcon.colcon_core.environment:create_file_with_runtime_dependencies(/home/terra/newtest/rmit_ros2_ws/install/rmitbot_navigation/share/colcon-core/packages/rmitbot_navigation)
[1.987s] Level 1:colcon.colcon_core.environment:create_environment_scripts_only(rmitbot_navigation)
[1.987s] Level 1:colcon.colcon_core.environment:checking '/home/terra/newtest/rmit_ros2_ws/install/rmitbot_navigation' for CMake module files
[1.988s] Level 1:colcon.colcon_core.environment:checking '/home/terra/newtest/rmit_ros2_ws/install/rmitbot_navigation' for CMake config files
[1.988s] Level 1:colcon.colcon_core.shell:create_environment_hook('rmitbot_navigation', 'cmake_prefix_path')
[1.988s] INFO:colcon.colcon_core.shell:Creating environment hook '/home/terra/newtest/rmit_ros2_ws/install/rmitbot_navigation/share/rmitbot_navigation/hook/cmake_prefix_path.ps1'
[1.990s] INFO:colcon.colcon_core.shell:Creating environment descriptor '/home/terra/newtest/rmit_ros2_ws/install/rmitbot_navigation/share/rmitbot_navigation/hook/cmake_prefix_path.dsv'
[1.991s] INFO:colcon.colcon_core.shell:Creating environment hook '/home/terra/newtest/rmit_ros2_ws/install/rmitbot_navigation/share/rmitbot_navigation/hook/cmake_prefix_path.sh'
[1.992s] Level 1:colcon.colcon_core.environment:checking '/home/terra/newtest/rmit_ros2_ws/install/rmitbot_navigation/bin'
[1.992s] Level 1:colcon.colcon_core.environment:checking '/home/terra/newtest/rmit_ros2_ws/install/rmitbot_navigation/lib/pkgconfig/rmitbot_navigation.pc'
[1.992s] Level 1:colcon.colcon_core.environment:checking '/home/terra/newtest/rmit_ros2_ws/install/rmitbot_navigation/lib/python3.12/site-packages'
[1.992s] Level 1:colcon.colcon_core.environment:checking '/home/terra/newtest/rmit_ros2_ws/install/rmitbot_navigation/bin'
[1.993s] INFO:colcon.colcon_core.shell:Creating package script '/home/terra/newtest/rmit_ros2_ws/install/rmitbot_navigation/share/rmitbot_navigation/package.ps1'
[1.994s] INFO:colcon.colcon_core.shell:Creating package descriptor '/home/terra/newtest/rmit_ros2_ws/install/rmitbot_navigation/share/rmitbot_navigation/package.dsv'
[1.995s] INFO:colcon.colcon_core.shell:Creating package script '/home/terra/newtest/rmit_ros2_ws/install/rmitbot_navigation/share/rmitbot_navigation/package.sh'
[1.995s] INFO:colcon.colcon_core.shell:Creating package script '/home/terra/newtest/rmit_ros2_ws/install/rmitbot_navigation/share/rmitbot_navigation/package.bash'
[1.996s] INFO:colcon.colcon_core.shell:Creating package script '/home/terra/newtest/rmit_ros2_ws/install/rmitbot_navigation/share/rmitbot_navigation/package.zsh'
[1.996s] Level 1:colcon.colcon_core.environment:create_file_with_runtime_dependencies(/home/terra/newtest/rmit_ros2_ws/install/rmitbot_navigation/share/colcon-core/packages/rmitbot_navigation)
[2.072s] DEBUG:colcon.colcon_core.event_handler.log_command:Invoked command in '/home/terra/newtest/rmit_ros2_ws/build/rmitbot_vision' returned '0': CMAKE_PREFIX_PATH=${CMAKE_PREFIX_PATH}:/opt/ros/jazzy /usr/bin/cmake --build /home/terra/newtest/rmit_ros2_ws/build/rmitbot_vision -- -j4 -l4
[2.076s] DEBUG:colcon.colcon_core.event_handler.log_command:Invoking command in '/home/terra/newtest/rmit_ros2_ws/build/rmitbot_vision': CMAKE_PREFIX_PATH=${CMAKE_PREFIX_PATH}:/opt/ros/jazzy /usr/bin/cmake --install /home/terra/newtest/rmit_ros2_ws/build/rmitbot_vision
[2.108s] Level 1:colcon.colcon_core.environment:create_environment_scripts_only(rmitbot_vision)
[2.109s] Level 1:colcon.colcon_core.environment:checking '/home/terra/newtest/rmit_ros2_ws/install/rmitbot_vision' for CMake module files
[2.109s] DEBUG:colcon.colcon_core.event_handler.log_command:Invoked command in '/home/terra/newtest/rmit_ros2_ws/build/rmitbot_vision' returned '0': CMAKE_PREFIX_PATH=${CMAKE_PREFIX_PATH}:/opt/ros/jazzy /usr/bin/cmake --install /home/terra/newtest/rmit_ros2_ws/build/rmitbot_vision
[2.110s] Level 1:colcon.colcon_core.environment:checking '/home/terra/newtest/rmit_ros2_ws/install/rmitbot_vision' for CMake config files
[2.111s] Level 1:colcon.colcon_core.shell:create_environment_hook('rmitbot_vision', 'cmake_prefix_path')
[2.111s] INFO:colcon.colcon_core.shell:Creating environment hook '/home/terra/newtest/rmit_ros2_ws/install/rmitbot_vision/share/rmitbot_vision/hook/cmake_prefix_path.ps1'
[2.112s] INFO:colcon.colcon_core.shell:Creating environment descriptor '/home/terra/newtest/rmit_ros2_ws/install/rmitbot_vision/share/rmitbot_vision/hook/cmake_prefix_path.dsv'
[2.112s] INFO:colcon.colcon_core.shell:Creating environment hook '/home/terra/newtest/rmit_ros2_ws/install/rmitbot_vision/share/rmitbot_vision/hook/cmake_prefix_path.sh'
[2.113s] Level 1:colcon.colcon_core.environment:checking '/home/terra/newtest/rmit_ros2_ws/install/rmitbot_vision/bin'
[2.113s] Level 1:colcon.colcon_core.environment:checking '/home/terra/newtest/rmit_ros2_ws/install/rmitbot_vision/lib/pkgconfig/rmitbot_vision.pc'
[2.114s] Level 1:colcon.colcon_core.environment:checking '/home/terra/newtest/rmit_ros2_ws/install/rmitbot_vision/lib/python3.12/site-packages'
[2.114s] Level 1:colcon.colcon_core.environment:checking '/home/terra/newtest/rmit_ros2_ws/install/rmitbot_vision/bin'
[2.115s] INFO:colcon.colcon_core.shell:Creating package script '/home/terra/newtest/rmit_ros2_ws/install/rmitbot_vision/share/rmitbot_vision/package.ps1'
[2.115s] INFO:colcon.colcon_core.shell:Creating package descriptor '/home/terra/newtest/rmit_ros2_ws/install/rmitbot_vision/share/rmitbot_vision/package.dsv'
[2.116s] INFO:colcon.colcon_core.shell:Creating package script '/home/terra/newtest/rmit_ros2_ws/install/rmitbot_vision/share/rmitbot_vision/package.sh'
[2.117s] INFO:colcon.colcon_core.shell:Creating package script '/home/terra/newtest/rmit_ros2_ws/install/rmitbot_vision/share/rmitbot_vision/package.bash'
[2.117s] INFO:colcon.colcon_core.shell:Creating package script '/home/terra/newtest/rmit_ros2_ws/install/rmitbot_vision/share/rmitbot_vision/package.zsh'
[2.118s] Level 1:colcon.colcon_core.environment:create_file_with_runtime_dependencies(/home/terra/newtest/rmit_ros2_ws/install/rmitbot_vision/share/colcon-core/packages/rmitbot_vision)
[2.118s] Level 1:colcon.colcon_core.environment:create_environment_scripts_only(rmitbot_vision)
[2.119s] Level 1:colcon.colcon_core.environment:checking '/home/terra/newtest/rmit_ros2_ws/install/rmitbot_vision' for CMake module files
[2.119s] Level 1:colcon.colcon_core.environment:checking '/home/terra/newtest/rmit_ros2_ws/install/rmitbot_vision' for CMake config files
[2.120s] Level 1:colcon.colcon_core.shell:create_environment_hook('rmitbot_vision', 'cmake_prefix_path')
[2.120s] INFO:colcon.colcon_core.shell:Creating environment hook '/home/terra/newtest/rmit_ros2_ws/install/rmitbot_vision/share/rmitbot_vision/hook/cmake_prefix_path.ps1'
[2.120s] INFO:colcon.colcon_core.shell:Creating environment descriptor '/home/terra/newtest/rmit_ros2_ws/install/rmitbot_vision/share/rmitbot_vision/hook/cmake_prefix_path.dsv'
[2.121s] INFO:colcon.colcon_core.shell:Creating environment hook '/home/terra/newtest/rmit_ros2_ws/install/rmitbot_vision/share/rmitbot_vision/hook/cmake_prefix_path.sh'
[2.122s] Level 1:colcon.colcon_core.environment:checking '/home/terra/newtest/rmit_ros2_ws/install/rmitbot_vision/bin'
[2.122s] Level 1:colcon.colcon_core.environment:checking '/home/terra/newtest/rmit_ros2_ws/install/rmitbot_vision/lib/pkgconfig/rmitbot_vision.pc'
[2.122s] Level 1:colcon.colcon_core.environment:checking '/home/terra/newtest/rmit_ros2_ws/install/rmitbot_vision/lib/python3.12/site-packages'
[2.123s] Level 1:colcon.colcon_core.environment:checking '/home/terra/newtest/rmit_ros2_ws/install/rmitbot_vision/bin'
[2.123s] INFO:colcon.colcon_core.shell:Creating package script '/home/terra/newtest/rmit_ros2_ws/install/rmitbot_vision/share/rmitbot_vision/package.ps1'
[2.124s] INFO:colcon.colcon_core.shell:Creating package descriptor '/home/terra/newtest/rmit_ros2_ws/install/rmitbot_vision/share/rmitbot_vision/package.dsv'
[2.124s] INFO:colcon.colcon_core.shell:Creating package script '/home/terra/newtest/rmit_ros2_ws/install/rmitbot_vision/share/rmitbot_vision/package.sh'
[2.125s] INFO:colcon.colcon_core.shell:Creating package script '/home/terra/newtest/rmit_ros2_ws/install/rmitbot_vision/share/rmitbot_vision/package.bash'
[2.126s] INFO:colcon.colcon_core.shell:Creating package script '/home/terra/newtest/rmit_ros2_ws/install/rmitbot_vision/share/rmitbot_vision/package.zsh'
[2.127s] Level 1:colcon.colcon_core.environment:create_file_with_runtime_dependencies(/home/terra/newtest/rmit_ros2_ws/install/rmitbot_vision/share/colcon-core/packages/rmitbot_vision)
[10.255s] DEBUG:colcon.colcon_core.event_handler.log_command:Invoked command in '/home/terra/newtest/rmit_ros2_ws/build/rmitbot_firmware' returned '0': CMAKE_PREFIX_PATH=${CMAKE_PREFIX_PATH}:/opt/ros/jazzy /usr/bin/cmake --build /home/terra/newtest/rmit_ros2_ws/build/rmitbot_firmware -- -j4 -l4
[10.262s] DEBUG:colcon.colcon_core.event_handler.log_command:Invoking command in '/home/terra/newtest/rmit_ros2_ws/build/rmitbot_firmware': CMAKE_PREFIX_PATH=${CMAKE_PREFIX_PATH}:/opt/ros/jazzy /usr/bin/cmake --install /home/terra/newtest/rmit_ros2_ws/build/rmitbot_firmware
[10.292s] Level 1:colcon.colcon_core.environment:create_environment_scripts_only(rmitbot_firmware)
[10.293s] Level 1:colcon.colcon_core.environment:checking '/home/terra/newtest/rmit_ros2_ws/install/rmitbot_firmware' for CMake module files
[10.293s] DEBUG:colcon.colcon_core.event_handler.log_command:Invoked command in '/home/terra/newtest/rmit_ros2_ws/build/rmitbot_firmware' returned '0': CMAKE_PREFIX_PATH=${CMAKE_PREFIX_PATH}:/opt/ros/jazzy /usr/bin/cmake --install /home/terra/newtest/rmit_ros2_ws/build/rmitbot_firmware
[10.294s] Level 1:colcon.colcon_core.environment:checking '/home/terra/newtest/rmit_ros2_ws/install/rmitbot_firmware' for CMake config files
[10.295s] Level 1:colcon.colcon_core.shell:create_environment_hook('rmitbot_firmware', 'cmake_prefix_path')
[10.295s] INFO:colcon.colcon_core.shell:Creating environment hook '/home/terra/newtest/rmit_ros2_ws/install/rmitbot_firmware/share/rmitbot_firmware/hook/cmake_prefix_path.ps1'
[10.296s] INFO:colcon.colcon_core.shell:Creating environment descriptor '/home/terra/newtest/rmit_ros2_ws/install/rmitbot_firmware/share/rmitbot_firmware/hook/cmake_prefix_path.dsv'
[10.297s] INFO:colcon.colcon_core.shell:Creating environment hook '/home/terra/newtest/rmit_ros2_ws/install/rmitbot_firmware/share/rmitbot_firmware/hook/cmake_prefix_path.sh'
[10.298s] Level 1:colcon.colcon_core.environment:checking '/home/terra/newtest/rmit_ros2_ws/install/rmitbot_firmware/lib'
[10.298s] Level 1:colcon.colcon_core.shell:create_environment_hook('rmitbot_firmware', 'ld_library_path_lib')
[10.298s] INFO:colcon.colcon_core.shell:Creating environment hook '/home/terra/newtest/rmit_ros2_ws/install/rmitbot_firmware/share/rmitbot_firmware/hook/ld_library_path_lib.ps1'
[10.299s] INFO:colcon.colcon_core.shell:Creating environment descriptor '/home/terra/newtest/rmit_ros2_ws/install/rmitbot_firmware/share/rmitbot_firmware/hook/ld_library_path_lib.dsv'
[10.300s] INFO:colcon.colcon_core.shell:Creating environment hook '/home/terra/newtest/rmit_ros2_ws/install/rmitbot_firmware/share/rmitbot_firmware/hook/ld_library_path_lib.sh'
[10.301s] Level 1:colcon.colcon_core.environment:checking '/home/terra/newtest/rmit_ros2_ws/install/rmitbot_firmware/bin'
[10.301s] Level 1:colcon.colcon_core.environment:checking '/home/terra/newtest/rmit_ros2_ws/install/rmitbot_firmware/lib/pkgconfig/rmitbot_firmware.pc'
[10.301s] Level 1:colcon.colcon_core.environment:checking '/home/terra/newtest/rmit_ros2_ws/install/rmitbot_firmware/lib/python3.12/site-packages'
[10.302s] Level 1:colcon.colcon_core.environment:checking '/home/terra/newtest/rmit_ros2_ws/install/rmitbot_firmware/bin'
[10.302s] INFO:colcon.colcon_core.shell:Creating package script '/home/terra/newtest/rmit_ros2_ws/install/rmitbot_firmware/share/rmitbot_firmware/package.ps1'
[10.303s] INFO:colcon.colcon_core.shell:Creating package descriptor '/home/terra/newtest/rmit_ros2_ws/install/rmitbot_firmware/share/rmitbot_firmware/package.dsv'
[10.304s] INFO:colcon.colcon_core.shell:Creating package script '/home/terra/newtest/rmit_ros2_ws/install/rmitbot_firmware/share/rmitbot_firmware/package.sh'
[10.304s] INFO:colcon.colcon_core.shell:Creating package script '/home/terra/newtest/rmit_ros2_ws/install/rmitbot_firmware/share/rmitbot_firmware/package.bash'
[10.305s] INFO:colcon.colcon_core.shell:Creating package script '/home/terra/newtest/rmit_ros2_ws/install/rmitbot_firmware/share/rmitbot_firmware/package.zsh'
[10.306s] Level 1:colcon.colcon_core.environment:create_file_with_runtime_dependencies(/home/terra/newtest/rmit_ros2_ws/install/rmitbot_firmware/share/colcon-core/packages/rmitbot_firmware)
[10.307s] Level 1:colcon.colcon_core.environment:create_environment_scripts_only(rmitbot_firmware)
[10.307s] Level 1:colcon.colcon_core.environment:checking '/home/terra/newtest/rmit_ros2_ws/install/rmitbot_firmware' for CMake module files
[10.308s] Level 1:colcon.colcon_core.environment:checking '/home/terra/newtest/rmit_ros2_ws/install/rmitbot_firmware' for CMake config files
[10.309s] Level 1:colcon.colcon_core.shell:create_environment_hook('rmitbot_firmware', 'cmake_prefix_path')
[10.309s] INFO:colcon.colcon_core.shell:Creating environment hook '/home/terra/newtest/rmit_ros2_ws/install/rmitbot_firmware/share/rmitbot_firmware/hook/cmake_prefix_path.ps1'
[10.309s] INFO:colcon.colcon_core.shell:Creating environment descriptor '/home/terra/newtest/rmit_ros2_ws/install/rmitbot_firmware/share/rmitbot_firmware/hook/cmake_prefix_path.dsv'
[10.313s] INFO:colcon.colcon_core.shell:Creating environment hook '/home/terra/newtest/rmit_ros2_ws/install/rmitbot_firmware/share/rmitbot_firmware/hook/cmake_prefix_path.sh'
[10.314s] Level 1:colcon.colcon_core.environment:checking '/home/terra/newtest/rmit_ros2_ws/install/rmitbot_firmware/lib'
[10.314s] Level 1:colcon.colcon_core.shell:create_environment_hook('rmitbot_firmware', 'ld_library_path_lib')
[10.314s] INFO:colcon.colcon_core.shell:Creating environment hook '/home/terra/newtest/rmit_ros2_ws/install/rmitbot_firmware/share/rmitbot_firmware/hook/ld_library_path_lib.ps1'
[10.315s] INFO:colcon.colcon_core.shell:Creating environment descriptor '/home/terra/newtest/rmit_ros2_ws/install/rmitbot_firmware/share/rmitbot_firmware/hook/ld_library_path_lib.dsv'
[10.315s] INFO:colcon.colcon_core.shell:Creating environment hook '/home/terra/newtest/rmit_ros2_ws/install/rmitbot_firmware/share/rmitbot_firmware/hook/ld_library_path_lib.sh'
[10.316s] Level 1:colcon.colcon_core.environment:checking '/home/terra/newtest/rmit_ros2_ws/install/rmitbot_firmware/bin'
[10.316s] Level 1:colcon.colcon_core.environment:checking '/home/terra/newtest/rmit_ros2_ws/install/rmitbot_firmware/lib/pkgconfig/rmitbot_firmware.pc'
[10.317s] Level 1:colcon.colcon_core.environment:checking '/home/terra/newtest/rmit_ros2_ws/install/rmitbot_firmware/lib/python3.12/site-packages'
[10.317s] Level 1:colcon.colcon_core.environment:checking '/home/terra/newtest/rmit_ros2_ws/install/rmitbot_firmware/bin'
[10.318s] INFO:colcon.colcon_core.shell:Creating package script '/home/terra/newtest/rmit_ros2_ws/install/rmitbot_firmware/share/rmitbot_firmware/package.ps1'
[10.318s] INFO:colcon.colcon_core.shell:Creating package descriptor '/home/terra/newtest/rmit_ros2_ws/install/rmitbot_firmware/share/rmitbot_firmware/package.dsv'
[10.319s] INFO:colcon.colcon_core.shell:Creating package script '/home/terra/newtest/rmit_ros2_ws/install/rmitbot_firmware/share/rmitbot_firmware/package.sh'
[10.320s] INFO:colcon.colcon_core.shell:Creating package script '/home/terra/newtest/rmit_ros2_ws/install/rmitbot_firmware/share/rmitbot_firmware/package.bash'
[10.321s] INFO:colcon.colcon_core.shell:Creating package script '/home/terra/newtest/rmit_ros2_ws/install/rmitbot_firmware/share/rmitbot_firmware/package.zsh'
[10.321s] Level 1:colcon.colcon_core.environment:create_file_with_runtime_dependencies(/home/terra/newtest/rmit_ros2_ws/install/rmitbot_firmware/share/colcon-core/packages/rmitbot_firmware)
[10.322s] DEBUG:colcon.colcon_parallel_executor.executor.parallel:closing loop
[10.323s] DEBUG:colcon.colcon_parallel_executor.executor.parallel:loop closed
[10.323s] DEBUG:colcon.colcon_parallel_executor.executor.parallel:run_until_complete finished with '0'
[10.323s] DEBUG:colcon.colcon_core.event_reactor:joining thread
[10.325s] DEBUG:colcon.colcon_core.event_reactor:joined thread
[10.325s] INFO:colcon.colcon_core.shell:Creating prefix script '/home/terra/newtest/rmit_ros2_ws/install/local_setup.ps1'
[10.327s] INFO:colcon.colcon_core.shell:Creating prefix util module '/home/terra/newtest/rmit_ros2_ws/install/_local_setup_util_ps1.py'
[10.330s] INFO:colcon.colcon_core.shell:Creating prefix chain script '/home/terra/newtest/rmit_ros2_ws/install/setup.ps1'
[10.332s] INFO:colcon.colcon_core.shell:Creating prefix script '/home/terra/newtest/rmit_ros2_ws/install/local_setup.sh'
[10.334s] INFO:colcon.colcon_core.shell:Creating prefix util module '/home/terra/newtest/rmit_ros2_ws/install/_local_setup_util_sh.py'
[10.335s] INFO:colcon.colcon_core.shell:Creating prefix chain script '/home/terra/newtest/rmit_ros2_ws/install/setup.sh'
[10.337s] INFO:colcon.colcon_core.shell:Creating prefix script '/home/terra/newtest/rmit_ros2_ws/install/local_setup.bash'
[10.341s] INFO:colcon.colcon_core.shell:Creating prefix chain script '/home/terra/newtest/rmit_ros2_ws/install/setup.bash'
[10.343s] INFO:colcon.colcon_core.shell:Creating prefix script '/home/terra/newtest/rmit_ros2_ws/install/local_setup.zsh'
[10.344s] INFO:colcon.colcon_core.shell:Creating prefix chain script '/home/terra/newtest/rmit_ros2_ws/install/setup.zsh'
