[0.070s] Invoking command in '/home/v120506/rmit_ros2_ws/build/rmitbot_description': CMAKE_PREFIX_PATH=${CMAKE_PREFIX_PATH}:/opt/ros/jazzy DEBUGINFOD_URLS=https://debuginfod.ubuntu.com /usr/bin/cmake --build /home/v120506/rmit_ros2_ws/build/rmitbot_description -- -j8 -l8
[0.193s] Invoked command in '/home/v120506/rmit_ros2_ws/build/rmitbot_description' returned '0': CMAKE_PREFIX_PATH=${CMAKE_PREFIX_PATH}:/opt/ros/jazzy DEBUGINFOD_URLS=https://debuginfod.ubuntu.com /usr/bin/cmake --build /home/v120506/rmit_ros2_ws/build/rmitbot_description -- -j8 -l8
[0.194s] Invoking command in '/home/v120506/rmit_ros2_ws/build/rmitbot_description': CMAKE_PREFIX_PATH=${CMAKE_PREFIX_PATH}:/opt/ros/jazzy DEBUGINFOD_URLS=https://debuginfod.ubuntu.com /usr/bin/cmake --install /home/v120506/rmit_ros2_ws/build/rmitbot_description
[0.215s] -- Install configuration: ""
[0.215s] -- Up-to-date: /home/v120506/rmit_ros2_ws/install/rmitbot_description/share/rmitbot_description/meshes
[0.215s] -- Up-to-date: /home/v120506/rmit_ros2_ws/install/rmitbot_description/share/rmitbot_description/meshes/base_link.STL
[0.215s] -- Up-to-date: /home/v120506/rmit_ros2_ws/install/rmitbot_description/share/rmitbot_description/meshes/caster_front_link.STL
[0.215s] -- Up-to-date: /home/v120506/rmit_ros2_ws/install/rmitbot_description/share/rmitbot_description/meshes/laser_link.STL
[0.215s] -- Up-to-date: /home/v120506/rmit_ros2_ws/install/rmitbot_description/share/rmitbot_description/meshes/wheel_left_link.STL
[0.216s] -- Up-to-date: /home/v120506/rmit_ros2_ws/install/rmitbot_description/share/rmitbot_description/meshes/wheel_right_link.STL
[0.216s] -- Up-to-date: /home/v120506/rmit_ros2_ws/install/rmitbot_description/share/rmitbot_description/meshes/caster_rear_link.STL
[0.216s] -- Up-to-date: /home/v120506/rmit_ros2_ws/install/rmitbot_description/share/rmitbot_description/meshes/imu_link.STL
[0.216s] -- Up-to-date: /home/v120506/rmit_ros2_ws/install/rmitbot_description/share/rmitbot_description/urdf
[0.216s] -- Up-to-date: /home/v120506/rmit_ros2_ws/install/rmitbot_description/share/rmitbot_description/urdf/rmitbot.urdf.xacro
[0.216s] -- Up-to-date: /home/v120506/rmit_ros2_ws/install/rmitbot_description/share/rmitbot_description/urdf/rmitbot_imu.xacro
[0.222s] -- Up-to-date: /home/v120506/rmit_ros2_ws/install/rmitbot_description/share/rmitbot_description/urdf/rmitbot_gazebo.xacro
[0.222s] -- Up-to-date: /home/v120506/rmit_ros2_ws/install/rmitbot_description/share/rmitbot_description/urdf/rmitbot_laser.xacro
[0.223s] -- Up-to-date: /home/v120506/rmit_ros2_ws/install/rmitbot_description/share/rmitbot_description/urdf/rmitbot_platform.xacro
[0.223s] -- Up-to-date: /home/v120506/rmit_ros2_ws/install/rmitbot_description/share/rmitbot_description/urdf/rmitbot_ros2_control.xacro
[0.223s] -- Up-to-date: /home/v120506/rmit_ros2_ws/install/rmitbot_description/share/rmitbot_description/launch
[0.223s] -- Up-to-date: /home/v120506/rmit_ros2_ws/install/rmitbot_description/share/rmitbot_description/launch/rsp.launch.py
[0.224s] -- Up-to-date: /home/v120506/rmit_ros2_ws/install/rmitbot_description/share/rmitbot_description/launch/gazebo.launch.py
[0.225s] -- Up-to-date: /home/v120506/rmit_ros2_ws/install/rmitbot_description/share/rmitbot_description/launch/display.launch.py
[0.226s] -- Up-to-date: /home/v120506/rmit_ros2_ws/install/rmitbot_description/share/rmitbot_description/rviz
[0.227s] -- Up-to-date: /home/v120506/rmit_ros2_ws/install/rmitbot_description/share/rmitbot_description/rviz/display.rviz
[0.227s] -- Up-to-date: /home/v120506/rmit_ros2_ws/install/rmitbot_description/share/ament_index/resource_index/package_run_dependencies/rmitbot_description
[0.227s] -- Up-to-date: /home/v120506/rmit_ros2_ws/install/rmitbot_description/share/ament_index/resource_index/parent_prefix_path/rmitbot_description
[0.228s] -- Up-to-date: /home/v120506/rmit_ros2_ws/install/rmitbot_description/share/rmitbot_description/environment/ament_prefix_path.sh
[0.228s] -- Up-to-date: /home/v120506/rmit_ros2_ws/install/rmitbot_description/share/rmitbot_description/environment/ament_prefix_path.dsv
[0.228s] -- Up-to-date: /home/v120506/rmit_ros2_ws/install/rmitbot_description/share/rmitbot_description/environment/path.sh
[0.228s] -- Up-to-date: /home/v120506/rmit_ros2_ws/install/rmitbot_description/share/rmitbot_description/environment/path.dsv
[0.228s] -- Up-to-date: /home/v120506/rmit_ros2_ws/install/rmitbot_description/share/rmitbot_description/local_setup.bash
[0.228s] -- Up-to-date: /home/v120506/rmit_ros2_ws/install/rmitbot_description/share/rmitbot_description/local_setup.sh
[0.229s] -- Up-to-date: /home/v120506/rmit_ros2_ws/install/rmitbot_description/share/rmitbot_description/local_setup.zsh
[0.229s] -- Up-to-date: /home/v120506/rmit_ros2_ws/install/rmitbot_description/share/rmitbot_description/local_setup.dsv
[0.229s] -- Installing: /home/v120506/rmit_ros2_ws/install/rmitbot_description/share/rmitbot_description/package.dsv
[0.229s] -- Up-to-date: /home/v120506/rmit_ros2_ws/install/rmitbot_description/share/ament_index/resource_index/packages/rmitbot_description
[0.229s] -- Up-to-date: /home/v120506/rmit_ros2_ws/install/rmitbot_description/share/rmitbot_description/cmake/rmitbot_descriptionConfig.cmake
[0.229s] -- Up-to-date: /home/v120506/rmit_ros2_ws/install/rmitbot_description/share/rmitbot_description/cmake/rmitbot_descriptionConfig-version.cmake
[0.229s] -- Up-to-date: /home/v120506/rmit_ros2_ws/install/rmitbot_description/share/rmitbot_description/package.xml
[0.313s] Invoked command in '/home/v120506/rmit_ros2_ws/build/rmitbot_description' returned '0': CMAKE_PREFIX_PATH=${CMAKE_PREFIX_PATH}:/opt/ros/jazzy DEBUGINFOD_URLS=https://debuginfod.ubuntu.com /usr/bin/cmake --install /home/v120506/rmit_ros2_ws/build/rmitbot_description
