[0.053s] Invoking command in '/home/v120506/rmit_ros2_ws/build/rmitbot_bringup': CMAKE_PREFIX_PATH=${CMAKE_PREFIX_PATH}:/opt/ros/jazzy DEBUGINFOD_URLS=https://debuginfod.ubuntu.com /usr/bin/cmake /home/v120506/rmit_ros2_ws/src/rmitbot_bringup -DCMAKE_INSTALL_PREFIX=/home/v120506/rmit_ros2_ws/install/rmitbot_bringup
[0.148s] -- The C compiler identification is GNU 13.3.0
[0.270s] -- The CXX compiler identification is GNU 13.3.0
[0.298s] -- Detecting C compiler ABI info
[0.458s] -- Detecting C compiler ABI info - done
[0.492s] -- Check for working C compiler: /usr/bin/cc - skipped
[0.492s] -- Detecting C compile features
[0.492s] -- Detecting C compile features - done
[0.503s] -- Detecting CXX compiler ABI info
[0.679s] -- Detecting CXX compiler ABI info - done
[0.704s] -- Check for working CXX compiler: /usr/bin/c++ - skipped
[0.704s] -- Detecting CXX compile features
[0.705s] -- Detecting CXX compile features - done
[0.717s] -- Found ament_cmake: 2.5.5 (/opt/ros/jazzy/share/ament_cmake/cmake)
[1.034s] -- Found Python3: /usr/bin/python3 (found version "3.12.3") found components: Interpreter 
[1.436s] -- Configuring done (1.4s)
[1.440s] -- Generating done (0.0s)
[1.447s] -- Build files have been written to: /home/v120506/rmit_ros2_ws/build/rmitbot_bringup
[1.456s] Invoked command in '/home/v120506/rmit_ros2_ws/build/rmitbot_bringup' returned '0': CMAKE_PREFIX_PATH=${CMAKE_PREFIX_PATH}:/opt/ros/jazzy DEBUGINFOD_URLS=https://debuginfod.ubuntu.com /usr/bin/cmake /home/v120506/rmit_ros2_ws/src/rmitbot_bringup -DCMAKE_INSTALL_PREFIX=/home/v120506/rmit_ros2_ws/install/rmitbot_bringup
[1.457s] Invoking command in '/home/v120506/rmit_ros2_ws/build/rmitbot_bringup': CMAKE_PREFIX_PATH=${CMAKE_PREFIX_PATH}:/opt/ros/jazzy DEBUGINFOD_URLS=https://debuginfod.ubuntu.com /usr/bin/cmake --build /home/v120506/rmit_ros2_ws/build/rmitbot_bringup -- -j8 -l8
[1.531s] Invoked command in '/home/v120506/rmit_ros2_ws/build/rmitbot_bringup' returned '0': CMAKE_PREFIX_PATH=${CMAKE_PREFIX_PATH}:/opt/ros/jazzy DEBUGINFOD_URLS=https://debuginfod.ubuntu.com /usr/bin/cmake --build /home/v120506/rmit_ros2_ws/build/rmitbot_bringup -- -j8 -l8
[1.544s] Invoking command in '/home/v120506/rmit_ros2_ws/build/rmitbot_bringup': CMAKE_PREFIX_PATH=${CMAKE_PREFIX_PATH}:/opt/ros/jazzy DEBUGINFOD_URLS=https://debuginfod.ubuntu.com /usr/bin/cmake --install /home/v120506/rmit_ros2_ws/build/rmitbot_bringup
[1.558s] -- Install configuration: ""
[1.559s] -- Installing: /home/v120506/rmit_ros2_ws/install/rmitbot_bringup/share/rmitbot_bringup/launch
[1.559s] -- Installing: /home/v120506/rmit_ros2_ws/install/rmitbot_bringup/share/rmitbot_bringup/launch/rmitbot.launch.py
[1.562s] -- Installing: /home/v120506/rmit_ros2_ws/install/rmitbot_bringup/share/ament_index/resource_index/package_run_dependencies/rmitbot_bringup
[1.562s] -- Installing: /home/v120506/rmit_ros2_ws/install/rmitbot_bringup/share/ament_index/resource_index/parent_prefix_path/rmitbot_bringup
[1.564s] -- Installing: /home/v120506/rmit_ros2_ws/install/rmitbot_bringup/share/rmitbot_bringup/environment/ament_prefix_path.sh
[1.564s] -- Installing: /home/v120506/rmit_ros2_ws/install/rmitbot_bringup/share/rmitbot_bringup/environment/ament_prefix_path.dsv
[1.564s] -- Installing: /home/v120506/rmit_ros2_ws/install/rmitbot_bringup/share/rmitbot_bringup/environment/path.sh
[1.564s] -- Installing: /home/v120506/rmit_ros2_ws/install/rmitbot_bringup/share/rmitbot_bringup/environment/path.dsv
[1.564s] -- Installing: /home/v120506/rmit_ros2_ws/install/rmitbot_bringup/share/rmitbot_bringup/local_setup.bash
[1.565s] -- Installing: /home/v120506/rmit_ros2_ws/install/rmitbot_bringup/share/rmitbot_bringup/local_setup.sh
[1.565s] -- Installing: /home/v120506/rmit_ros2_ws/install/rmitbot_bringup/share/rmitbot_bringup/local_setup.zsh
[1.565s] -- Installing: /home/v120506/rmit_ros2_ws/install/rmitbot_bringup/share/rmitbot_bringup/local_setup.dsv
[1.565s] -- Installing: /home/v120506/rmit_ros2_ws/install/rmitbot_bringup/share/rmitbot_bringup/package.dsv
[1.565s] -- Installing: /home/v120506/rmit_ros2_ws/install/rmitbot_bringup/share/ament_index/resource_index/packages/rmitbot_bringup
[1.565s] -- Installing: /home/v120506/rmit_ros2_ws/install/rmitbot_bringup/share/rmitbot_bringup/cmake/rmitbot_bringupConfig.cmake
[1.565s] -- Installing: /home/v120506/rmit_ros2_ws/install/rmitbot_bringup/share/rmitbot_bringup/cmake/rmitbot_bringupConfig-version.cmake
[1.565s] -- Installing: /home/v120506/rmit_ros2_ws/install/rmitbot_bringup/share/rmitbot_bringup/package.xml
[1.571s] Invoked command in '/home/v120506/rmit_ros2_ws/build/rmitbot_bringup' returned '0': CMAKE_PREFIX_PATH=${CMAKE_PREFIX_PATH}:/opt/ros/jazzy DEBUGINFOD_URLS=https://debuginfod.ubuntu.com /usr/bin/cmake --install /home/v120506/rmit_ros2_ws/build/rmitbot_bringup
