[0.047s] Invoking command in '/home/v120506/rmit_ros2_ws/build/rmitbot_localization': CMAKE_PREFIX_PATH=${CMAKE_PREFIX_PATH}:/opt/ros/jazzy DEBUGINFOD_URLS=https://debuginfod.ubuntu.com /usr/bin/cmake --build /home/v120506/rmit_ros2_ws/build/rmitbot_localization -- -j8 -l8
[0.212s] Invoked command in '/home/v120506/rmit_ros2_ws/build/rmitbot_localization' returned '0': CMAKE_PREFIX_PATH=${CMAKE_PREFIX_PATH}:/opt/ros/jazzy DEBUGINFOD_URLS=https://debuginfod.ubuntu.com /usr/bin/cmake --build /home/v120506/rmit_ros2_ws/build/rmitbot_localization -- -j8 -l8
[0.213s] Invoking command in '/home/v120506/rmit_ros2_ws/build/rmitbot_localization': CMAKE_PREFIX_PATH=${CMAKE_PREFIX_PATH}:/opt/ros/jazzy DEBUGINFOD_URLS=https://debuginfod.ubuntu.com /usr/bin/cmake --install /home/v120506/rmit_ros2_ws/build/rmitbot_localization
[0.238s] -- Install configuration: ""
[0.238s] -- Up-to-date: /home/v120506/rmit_ros2_ws/install/rmitbot_localization/share/rmitbot_localization/launch
[0.239s] -- Up-to-date: /home/v120506/rmit_ros2_ws/install/rmitbot_localization/share/rmitbot_localization/launch/localization.launch.py
[0.239s] -- Up-to-date: /home/v120506/rmit_ros2_ws/install/rmitbot_localization/share/rmitbot_localization/config
[0.239s] -- Up-to-date: /home/v120506/rmit_ros2_ws/install/rmitbot_localization/share/rmitbot_localization/config/ekf.yaml
[0.239s] -- Up-to-date: /home/v120506/rmit_ros2_ws/install/rmitbot_localization/share/ament_index/resource_index/package_run_dependencies/rmitbot_localization
[0.239s] -- Up-to-date: /home/v120506/rmit_ros2_ws/install/rmitbot_localization/share/ament_index/resource_index/parent_prefix_path/rmitbot_localization
[0.239s] -- Up-to-date: /home/v120506/rmit_ros2_ws/install/rmitbot_localization/share/rmitbot_localization/environment/ament_prefix_path.sh
[0.239s] -- Up-to-date: /home/v120506/rmit_ros2_ws/install/rmitbot_localization/share/rmitbot_localization/environment/ament_prefix_path.dsv
[0.239s] -- Up-to-date: /home/v120506/rmit_ros2_ws/install/rmitbot_localization/share/rmitbot_localization/environment/path.sh
[0.249s] -- Up-to-date: /home/v120506/rmit_ros2_ws/install/rmitbot_localization/share/rmitbot_localization/environment/path.dsv
[0.249s] -- Up-to-date: /home/v120506/rmit_ros2_ws/install/rmitbot_localization/share/rmitbot_localization/local_setup.bash
[0.249s] -- Up-to-date: /home/v120506/rmit_ros2_ws/install/rmitbot_localization/share/rmitbot_localization/local_setup.sh
[0.249s] -- Up-to-date: /home/v120506/rmit_ros2_ws/install/rmitbot_localization/share/rmitbot_localization/local_setup.zsh
[0.249s] -- Up-to-date: /home/v120506/rmit_ros2_ws/install/rmitbot_localization/share/rmitbot_localization/local_setup.dsv
[0.250s] -- Installing: /home/v120506/rmit_ros2_ws/install/rmitbot_localization/share/rmitbot_localization/package.dsv
[0.250s] -- Up-to-date: /home/v120506/rmit_ros2_ws/install/rmitbot_localization/share/ament_index/resource_index/packages/rmitbot_localization
[0.250s] -- Up-to-date: /home/v120506/rmit_ros2_ws/install/rmitbot_localization/share/rmitbot_localization/cmake/rmitbot_localizationConfig.cmake
[0.250s] -- Up-to-date: /home/v120506/rmit_ros2_ws/install/rmitbot_localization/share/rmitbot_localization/cmake/rmitbot_localizationConfig-version.cmake
[0.250s] -- Up-to-date: /home/v120506/rmit_ros2_ws/install/rmitbot_localization/share/rmitbot_localization/package.xml
[0.265s] Invoked command in '/home/v120506/rmit_ros2_ws/build/rmitbot_localization' returned '0': CMAKE_PREFIX_PATH=${CMAKE_PREFIX_PATH}:/opt/ros/jazzy DEBUGINFOD_URLS=https://debuginfod.ubuntu.com /usr/bin/cmake --install /home/v120506/rmit_ros2_ws/build/rmitbot_localization
